running develop
Removing /home/sebas/mbehu_restored_ws/install/serial_motor_demo/lib/python3.8/site-packages/serial-motor-demo.egg-link (link to .)
running egg_info
writing ../../../build/serial_motor_demo/serial_motor_demo.egg-info/PKG-INFO
writing dependency_links to ../../../build/serial_motor_demo/serial_motor_demo.egg-info/dependency_links.txt
writing entry points to ../../../build/serial_motor_demo/serial_motor_demo.egg-info/entry_points.txt
writing requirements to ../../../build/serial_motor_demo/serial_motor_demo.egg-info/requires.txt
writing top-level names to ../../../build/serial_motor_demo/serial_motor_demo.egg-info/top_level.txt
reading manifest file '../../../build/serial_motor_demo/serial_motor_demo.egg-info/SOURCES.txt'
writing manifest file '../../../build/serial_motor_demo/serial_motor_demo.egg-info/SOURCES.txt'
running build
running build_py
running install
running install_lib
creating /home/sebas/mbehu_restored_ws/install/serial_motor_demo/lib/python3.8/site-packages/serial_motor_demo
copying /home/sebas/mbehu_restored_ws/build/serial_motor_demo/build/lib/serial_motor_demo/__init__.py -> /home/sebas/mbehu_restored_ws/install/serial_motor_demo/lib/python3.8/site-packages/serial_motor_demo
copying /home/sebas/mbehu_restored_ws/build/serial_motor_demo/build/lib/serial_motor_demo/driver.py -> /home/sebas/mbehu_restored_ws/install/serial_motor_demo/lib/python3.8/site-packages/serial_motor_demo
copying /home/sebas/mbehu_restored_ws/build/serial_motor_demo/build/lib/serial_motor_demo/gui.py -> /home/sebas/mbehu_restored_ws/install/serial_motor_demo/lib/python3.8/site-packages/serial_motor_demo
byte-compiling /home/sebas/mbehu_restored_ws/install/serial_motor_demo/lib/python3.8/site-packages/serial_motor_demo/__init__.py to __init__.cpython-38.pyc
byte-compiling /home/sebas/mbehu_restored_ws/install/serial_motor_demo/lib/python3.8/site-packages/serial_motor_demo/driver.py to driver.cpython-38.pyc
byte-compiling /home/sebas/mbehu_restored_ws/install/serial_motor_demo/lib/python3.8/site-packages/serial_motor_demo/gui.py to gui.cpython-38.pyc
running install_data
running install_egg_info
Copying ../../../build/serial_motor_demo/serial_motor_demo.egg-info to /home/sebas/mbehu_restored_ws/install/serial_motor_demo/lib/python3.8/site-packages/serial_motor_demo-0.0.0-py3.8.egg-info
running install_scripts
Installing driver script to /home/sebas/mbehu_restored_ws/install/serial_motor_demo/lib/serial_motor_demo
Installing gui script to /home/sebas/mbehu_restored_ws/install/serial_motor_demo/lib/serial_motor_demo
writing list of installed files to '/home/sebas/mbehu_restored_ws/build/serial_motor_demo/install.log'
