[0.295s] Invoking command in '/home/sebas/mbehu_restored_ws/build/serial': CMAKE_PREFIX_PATH=${CMAKE_PREFIX_PATH}:/home/sebas/mbehu_ws/install/ultrasonico:/home/sebas/mbehu_ws/install/mpu6050_pkg:/home/sebas/mbehu_ws/install/mpu6050:/opt/ros/foxy /usr/bin/cmake --build /home/sebas/mbehu_restored_ws/build/serial -- -j4 -l4
[0.965s] [ 14%] Built target gtest
[1.032s] [ 42%] Built target serial
[1.048s] [ 57%] Built target gtest_main
[1.250s] [ 71%] Built target serial_example
[1.321s] [ 85%] Built target serial-test-timer
[1.378s] [100%] Built target serial-test
[1.475s] Invoked command in '/home/sebas/mbehu_restored_ws/build/serial' returned '0': CMAKE_PREFIX_PATH=${CMAKE_PREFIX_PATH}:/home/sebas/mbehu_ws/install/ultrasonico:/home/sebas/mbehu_ws/install/mpu6050_pkg:/home/sebas/mbehu_ws/install/mpu6050:/opt/ros/foxy /usr/bin/cmake --build /home/sebas/mbehu_restored_ws/build/serial -- -j4 -l4
[1.840s] Invoking command in '/home/sebas/mbehu_restored_ws/build/serial': CMAKE_PREFIX_PATH=${CMAKE_PREFIX_PATH}:/home/sebas/mbehu_ws/install/ultrasonico:/home/sebas/mbehu_ws/install/mpu6050_pkg:/home/sebas/mbehu_ws/install/mpu6050:/opt/ros/foxy /usr/bin/cmake --install /home/sebas/mbehu_restored_ws/build/serial
[1.929s] -- Install configuration: ""
[1.941s] -- Execute custom install script
[1.942s] -- Up-to-date symlink: /home/sebas/mbehu_restored_ws/install/serial/lib/libserial.a
[1.958s] -- Up-to-date symlink: /home/sebas/mbehu_restored_ws/install/serial/include/serial/serial.h
[1.978s] -- Up-to-date symlink: /home/sebas/mbehu_restored_ws/install/serial/include/serial/v8stdint.h
[1.986s] -- Up-to-date symlink: /home/sebas/mbehu_restored_ws/install/serial/share/serial/environment/library_path.sh
[1.987s] -- Up-to-date symlink: /home/sebas/mbehu_restored_ws/install/serial/share/serial/environment/library_path.dsv
[1.987s] -- Up-to-date symlink: /home/sebas/mbehu_restored_ws/install/serial/share/ament_index/resource_index/package_run_dependencies/serial
[1.988s] -- Up-to-date symlink: /home/sebas/mbehu_restored_ws/install/serial/share/ament_index/resource_index/parent_prefix_path/serial
[1.989s] -- Up-to-date symlink: /home/sebas/mbehu_restored_ws/install/serial/share/serial/environment/ament_prefix_path.sh
[1.999s] -- Up-to-date symlink: /home/sebas/mbehu_restored_ws/install/serial/share/serial/environment/ament_prefix_path.dsv
[2.004s] -- Up-to-date symlink: /home/sebas/mbehu_restored_ws/install/serial/share/serial/environment/path.sh
[2.009s] -- Up-to-date symlink: /home/sebas/mbehu_restored_ws/install/serial/share/serial/environment/path.dsv
[2.021s] -- Up-to-date symlink: /home/sebas/mbehu_restored_ws/install/serial/share/serial/local_setup.bash
[2.022s] -- Up-to-date symlink: /home/sebas/mbehu_restored_ws/install/serial/share/serial/local_setup.sh
[2.025s] -- Up-to-date symlink: /home/sebas/mbehu_restored_ws/install/serial/share/serial/local_setup.zsh
[2.030s] -- Up-to-date symlink: /home/sebas/mbehu_restored_ws/install/serial/share/serial/local_setup.dsv
[2.033s] -- Symlinking: /home/sebas/mbehu_restored_ws/install/serial/share/serial/package.dsv
[2.091s] -- Up-to-date symlink: /home/sebas/mbehu_restored_ws/install/serial/share/ament_index/resource_index/packages/serial
[2.097s] -- Up-to-date symlink: /home/sebas/mbehu_restored_ws/install/serial/share/serial/cmake/ament_cmake_export_include_directories-extras.cmake
[2.101s] -- Up-to-date symlink: /home/sebas/mbehu_restored_ws/install/serial/share/serial/cmake/ament_cmake_export_libraries-extras.cmake
[2.105s] -- Up-to-date symlink: /home/sebas/mbehu_restored_ws/install/serial/share/serial/cmake/serialConfig.cmake
[2.108s] -- Up-to-date symlink: /home/sebas/mbehu_restored_ws/install/serial/share/serial/cmake/serialConfig-version.cmake
[2.111s] -- Up-to-date symlink: /home/sebas/mbehu_restored_ws/install/serial/share/serial/package.xml
[2.147s] Invoked command in '/home/sebas/mbehu_restored_ws/build/serial' returned '0': CMAKE_PREFIX_PATH=${CMAKE_PREFIX_PATH}:/home/sebas/mbehu_ws/install/ultrasonico:/home/sebas/mbehu_ws/install/mpu6050_pkg:/home/sebas/mbehu_ws/install/mpu6050:/opt/ros/foxy /usr/bin/cmake --install /home/sebas/mbehu_restored_ws/build/serial
