-- The C compiler identification is GNU 9.4.0
-- The CXX compiler identification is GNU 9.4.0
-- Check for working C compiler: /usr/bin/cc
-- Check for working C compiler: /usr/bin/cc -- works
-- Detecting C compiler ABI info
-- Detecting C compiler ABI info - done
-- Detecting C compile features
-- Detecting C compile features - done
-- Check for working CXX compiler: /usr/bin/c++
-- Check for working CXX compiler: /usr/bin/c++ -- works
-- Detecting CXX compiler ABI info
-- Detecting CXX compiler ABI info - done
-- Detecting CXX compile features
-- Detecting CXX compile features - done
-- Found ament_cmake: 0.9.11 (/opt/ros/foxy/share/ament_cmake/cmake)
-- Found PythonInterp: /usr/bin/python3 (found suitable version "3.8.10", minimum required is "3") 
-- Using PYTHON_EXECUTABLE: /usr/bin/python3
-- Found rclcpp: 2.4.2 (/opt/ros/foxy/share/rclcpp/cmake)
-- Using all available rosidl_typesupport_c: rosidl_typesupport_fastrtps_c;rosidl_typesupport_introspection_c
-- Found rosidl_adapter: 1.3.0 (/opt/ros/foxy/share/rosidl_adapter/cmake)
-- Found OpenSSL: /usr/lib/aarch64-linux-gnu/libcrypto.so (found version "1.1.1f")  
-- Found FastRTPS: /opt/ros/foxy/include  
-- Using all available rosidl_typesupport_cpp: rosidl_typesupport_fastrtps_cpp;rosidl_typesupport_introspection_cpp
-- Found rmw_implementation_cmake: 1.0.3 (/opt/ros/foxy/share/rmw_implementation_cmake/cmake)
-- Using RMW implementation 'rmw_fastrtps_cpp' as default
-- Looking for pthread.h
-- Looking for pthread.h - found
-- Performing Test CMAKE_HAVE_LIBC_PTHREAD
-- Performing Test CMAKE_HAVE_LIBC_PTHREAD - Failed
-- Looking for pthread_create in pthreads
-- Looking for pthread_create in pthreads - not found
-- Looking for pthread_create in pthread
-- Looking for pthread_create in pthread - found
-- Found Threads: TRUE  
-- Found geometry_msgs: 2.0.5 (/opt/ros/foxy/share/geometry_msgs/cmake)
-- Found image_geometry: 3.0.7 (/opt/ros/foxy/share/image_geometry/cmake)
-- Found map_msgs: 2.0.2 (/opt/ros/foxy/share/map_msgs/cmake)
-- Found tf2_geometry_msgs: 0.13.13 (/opt/ros/foxy/share/tf2_geometry_msgs/cmake)
-- Found eigen3_cmake_module: 0.1.1 (/opt/ros/foxy/share/eigen3_cmake_module/cmake)
-- Found Eigen3: TRUE (found version "3.3.7") 
-- Found Boost: /usr/lib/aarch64-linux-gnu/cmake/Boost-1.71.0/BoostConfig.cmake (found version "1.71.0") found components: thread 
-- Found OpenCV: /usr (found version "4.2.0") 
-- Found ament_lint_auto: 0.9.7 (/opt/ros/foxy/share/ament_lint_auto/cmake)
-- Found ament_cmake_gtest: 0.9.11 (/opt/ros/foxy/share/ament_cmake_gtest/cmake)
--2023-01-15 17:55:26--  https://raw.githubusercontent.com/hrnr/m-explore-extra/master/map_merge/hector_maps/map00.pgm
Resolving raw.githubusercontent.com (raw.githubusercontent.com)... 185.199.109.133, 185.199.111.133, 185.199.108.133, ...
Connecting to raw.githubusercontent.com (raw.githubusercontent.com)|185.199.109.133|:443... connected.
HTTP request sent, awaiting response... 200 OK
Length: 4194362 (4.0M) [application/octet-stream]
Saving to: ‘/home/sebas/mbehu_restored_ws/build/multirobot_map_merge/map00.pgm’

     0K .......... .......... .......... .......... ..........  1%  972K 4s
    50K .......... .......... .......... .......... ..........  2% 1.17M 4s
   100K .......... .......... .......... .......... ..........  3% 3.40M 3s
   150K .......... .......... .......... .......... ..........  4% 2.57M 2s
   200K .......... .......... .......... .......... ..........  6% 2.34M 2s
   250K .......... .......... .......... .......... ..........  7% 3.30M 2s
   300K .......... .......... .......... .......... ..........  8% 3.24M 2s
   350K .......... .......... .......... .......... ..........  9% 3.57M 2s
   400K .......... .......... .......... .......... .......... 10% 3.12M 2s
   450K .......... .......... .......... .......... .......... 12% 3.48M 2s
   500K .......... .......... .......... .......... .......... 13% 3.87M 2s
   550K .......... .......... .......... .......... .......... 14% 5.48M 1s
   600K .......... .......... .......... .......... .......... 15% 6.03M 1s
   650K .......... .......... .......... .......... .......... 17% 6.12M 1s
   700K .......... .......... .......... .......... .......... 18% 5.31M 1s
   750K .......... .......... .......... .......... .......... 19% 4.05M 1s
   800K .......... .......... .......... .......... .......... 20% 4.20M 1s
   850K .......... .......... .......... .......... .......... 21% 4.33M 1s
   900K .......... .......... .......... .......... .......... 23% 3.77M 1s
   950K .......... .......... .......... .......... .......... 24% 4.05M 1s
  1000K .......... .......... .......... .......... .......... 25% 4.68M 1s
  1050K .......... .......... .......... .......... .......... 26% 6.42M 1s
  1100K .......... .......... .......... .......... .......... 28% 6.41M 1s
  1150K .......... .......... .......... .......... .......... 29% 5.56M 1s
  1200K .......... .......... .......... .......... .......... 30% 5.26M 1s
  1250K .......... .......... .......... .......... .......... 31% 7.19M 1s
  1300K .......... .......... .......... .......... .......... 32% 10.2M 1s
  1350K .......... .......... .......... .......... .......... 34% 10.9M 1s
  1400K .......... .......... .......... .......... .......... 35% 8.89M 1s
  1450K .......... .......... .......... .......... .......... 36% 10.5M 1s
  1500K .......... .......... .......... .......... .......... 37% 12.0M 1s
  1550K .......... .......... .......... .......... .......... 39% 11.2M 1s
  1600K .......... .......... .......... .......... .......... 40% 9.31M 1s
  1650K .......... .......... .......... .......... .......... 41% 10.3M 1s
  1700K .......... .......... .......... .......... .......... 42% 11.2M 1s
  1750K .......... .......... .......... .......... .......... 43% 12.4M 1s
  1800K .......... .......... .......... .......... .......... 45% 10.2M 1s
  1850K .......... .......... .......... .......... .......... 46% 10.6M 1s
  1900K .......... .......... .......... .......... .......... 47% 8.45M 0s
  1950K .......... .......... .......... .......... .......... 48% 9.60M 0s
  2000K .......... .......... .......... .......... .......... 50% 11.7M 0s
  2050K .......... .......... .......... .......... .......... 51% 13.1M 0s
  2100K .......... .......... .......... .......... .......... 52% 9.50M 0s
  2150K .......... .......... .......... .......... .......... 53% 12.3M 0s
  2200K .......... .......... .......... .......... .......... 54% 12.3M 0s
  2250K .......... .......... .......... .......... .......... 56% 11.3M 0s
  2300K .......... .......... .......... .......... .......... 57% 8.61M 0s
  2350K .......... .......... .......... .......... .......... 58% 9.26M 0s
  2400K .......... .......... .......... .......... .......... 59% 9.30M 0s
  2450K .......... .......... .......... .......... .......... 61% 9.92M 0s
  2500K .......... .......... .......... .......... .......... 62% 9.01M 0s
  2550K .......... .......... .......... .......... .......... 63% 9.77M 0s
  2600K .......... .......... .......... .......... .......... 64% 9.31M 0s
  2650K .......... .......... .......... .......... .......... 65% 10.0M 0s
  2700K .......... .......... .......... .......... .......... 67% 11.7M 0s
  2750K .......... .......... .......... .......... .......... 68% 10.0M 0s
  2800K .......... .......... .......... .......... .......... 69% 7.53M 0s
  2850K .......... .......... .......... .......... .......... 70% 8.17M 0s
  2900K .......... .......... .......... .......... .......... 72% 9.14M 0s
  2950K .......... .......... .......... .......... .......... 73% 10.4M 0s
  3000K .......... .......... .......... .......... .......... 74% 13.5M 0s
  3050K .......... .......... .......... .......... .......... 75% 8.29M 0s
  3100K .......... .......... .......... .......... .......... 76% 10.0M 0s
  3150K .......... .......... .......... .......... .......... 78% 10.3M 0s
  3200K .......... .......... .......... .......... .......... 79% 10.3M 0s
  3250K .......... .......... .......... .......... .......... 80% 9.26M 0s
  3300K .......... .......... .......... .......... .......... 81% 7.13M 0s
  3350K .......... .......... .......... .......... .......... 83% 8.94M 0s
  3400K .......... .......... .......... .......... .......... 84% 9.26M 0s
  3450K .......... .......... .......... .......... .......... 85% 7.97M 0s
  3500K .......... .......... .......... .......... .......... 86% 10.7M 0s
  3550K .......... .......... .......... .......... .......... 87% 9.08M 0s
  3600K .......... .......... .......... .......... .......... 89% 11.2M 0s
  3650K .......... .......... .......... .......... .......... 90% 9.56M 0s
  3700K .......... .......... .......... .......... .......... 91% 10.4M 0s
  3750K .......... .......... .......... .......... .......... 92% 9.57M 0s
  3800K .......... .......... .......... .......... .......... 93% 10.3M 0s
  3850K .......... .......... .......... .......... .......... 95% 11.4M 0s
  3900K .......... .......... .......... .......... .......... 96% 10.0M 0s
  3950K .......... .......... .......... .......... .......... 97% 10.4M 0s
  4000K .......... .......... .......... .......... .......... 98% 12.1M 0s
  4050K .......... .......... .......... .......... ......    100% 13.9M=0.7s

2023-01-15 17:55:28 (6.15 MB/s) - ‘/home/sebas/mbehu_restored_ws/build/multirobot_map_merge/map00.pgm’ saved [4194362/4194362]

Checking MD5 sum of /home/sebas/mbehu_restored_ws/build/multirobot_map_merge/map00.pgm
/home/sebas/mbehu_restored_ws/build/multirobot_map_merge/map00.pgm: OK
--2023-01-15 17:55:28--  https://raw.githubusercontent.com/hrnr/m-explore-extra/master/map_merge/hector_maps/map05.pgm
Resolving raw.githubusercontent.com (raw.githubusercontent.com)... 185.199.110.133, 185.199.108.133, 185.199.111.133, ...
Connecting to raw.githubusercontent.com (raw.githubusercontent.com)|185.199.110.133|:443... connected.
HTTP request sent, awaiting response... 200 OK
Length: 4194362 (4.0M) [application/octet-stream]
Saving to: ‘/home/sebas/mbehu_restored_ws/build/multirobot_map_merge/map05.pgm’

     0K .......... .......... .......... .......... ..........  1% 1.01M 4s
    50K .......... .......... .......... .......... ..........  2% 1.97M 3s
   100K .......... .......... .......... .......... ..........  3% 2.93M 2s
   150K .......... .......... .......... .......... ..........  4% 4.98M 2s
   200K .......... .......... .......... .......... ..........  6% 4.94M 2s
   250K .......... .......... .......... .......... ..........  7% 3.85M 2s
   300K .......... .......... .......... .......... ..........  8% 4.43M 1s
   350K .......... .......... .......... .......... ..........  9% 4.29M 1s
   400K .......... .......... .......... .......... .......... 10% 5.44M 1s
   450K .......... .......... .......... .......... .......... 12% 4.87M 1s
   500K .......... .......... .......... .......... .......... 13% 4.46M 1s
   550K .......... .......... .......... .......... .......... 14% 3.74M 1s
   600K .......... .......... .......... .......... .......... 15% 3.49M 1s
   650K .......... .......... .......... .......... .......... 17% 3.91M 1s
   700K .......... .......... .......... .......... .......... 18% 4.19M 1s
   750K .......... .......... .......... .......... .......... 19% 4.11M 1s
   800K .......... .......... .......... .......... .......... 20% 3.66M 1s
   850K .......... .......... .......... .......... .......... 21% 3.63M 1s
   900K .......... .......... .......... .......... .......... 23% 4.19M 1s
   950K .......... .......... .......... .......... .......... 24% 4.03M 1s
  1000K .......... .......... .......... .......... .......... 25% 4.42M 1s
  1050K .......... .......... .......... .......... .......... 26% 5.02M 1s
  1100K .......... .......... .......... .......... .......... 28% 5.54M 1s
  1150K .......... .......... .......... .......... .......... 29% 5.95M 1s
  1200K .......... .......... .......... .......... .......... 30% 5.28M 1s
  1250K .......... .......... .......... .......... .......... 31% 6.06M 1s
  1300K .......... .......... .......... .......... .......... 32% 9.31M 1s
  1350K .......... .......... .......... .......... .......... 34% 9.30M 1s
  1400K .......... .......... .......... .......... .......... 35% 11.2M 1s
  1450K .......... .......... .......... .......... .......... 36% 8.37M 1s
  1500K .......... .......... .......... .......... .......... 37% 8.38M 1s
  1550K .......... .......... .......... .......... .......... 39% 8.45M 1s
  1600K .......... .......... .......... .......... .......... 40% 11.6M 1s
  1650K .......... .......... .......... .......... .......... 41% 10.3M 1s
  1700K .......... .......... .......... .......... .......... 42% 7.69M 1s
  1750K .......... .......... .......... .......... .......... 43% 9.49M 1s
  1800K .......... .......... .......... .......... .......... 45% 9.26M 0s
  1850K .......... .......... .......... .......... .......... 46% 10.6M 0s
  1900K .......... .......... .......... .......... .......... 47% 10.7M 0s
  1950K .......... .......... .......... .......... .......... 48% 9.35M 0s
  2000K .......... .......... .......... .......... .......... 50% 10.0M 0s
  2050K .......... .......... .......... .......... .......... 51% 10.3M 0s
  2100K .......... .......... .......... .......... .......... 52% 10.6M 0s
  2150K .......... .......... .......... .......... .......... 53% 10.5M 0s
  2200K .......... .......... .......... .......... .......... 54% 11.0M 0s
  2250K .......... .......... .......... .......... .......... 56% 7.86M 0s
  2300K .......... .......... .......... .......... .......... 57% 8.54M 0s
  2350K .......... .......... .......... .......... .......... 58% 9.42M 0s
  2400K .......... .......... .......... .......... .......... 59% 9.68M 0s
  2450K .......... .......... .......... .......... .......... 61% 9.25M 0s
  2500K .......... .......... .......... .......... .......... 62% 8.88M 0s
  2550K .......... .......... .......... .......... .......... 63% 9.29M 0s
  2600K .......... .......... .......... .......... .......... 64% 9.85M 0s
  2650K .......... .......... .......... .......... .......... 65% 8.42M 0s
  2700K .......... .......... .......... .......... .......... 67% 10.5M 0s
  2750K .......... .......... .......... .......... .......... 68% 10.3M 0s
  2800K .......... .......... .......... .......... .......... 69% 9.28M 0s
  2850K .......... .......... .......... .......... .......... 70% 10.9M 0s
  2900K .......... .......... .......... .......... .......... 72% 11.6M 0s
  2950K .......... .......... .......... .......... .......... 73% 13.1M 0s
  3000K .......... .......... .......... .......... .......... 74% 13.5M 0s
  3050K .......... .......... .......... .......... .......... 75% 9.35M 0s
  3100K .......... .......... .......... .......... .......... 76% 12.2M 0s
  3150K .......... .......... .......... .......... .......... 78% 12.4M 0s
  3200K .......... .......... .......... .......... .......... 79% 8.50M 0s
  3250K .......... .......... .......... .......... .......... 80% 6.85M 0s
  3300K .......... .......... .......... .......... .......... 81% 7.69M 0s
  3350K .......... .......... .......... .......... .......... 83% 8.08M 0s
  3400K .......... .......... .......... .......... .......... 84% 8.28M 0s
  3450K .......... .......... .......... .......... .......... 85% 6.00M 0s
  3500K .......... .......... .......... .......... .......... 86% 7.07M 0s
  3550K .......... .......... .......... .......... .......... 87% 7.91M 0s
  3600K .......... .......... .......... .......... .......... 89% 7.90M 0s
  3650K .......... .......... .......... .......... .......... 90% 7.83M 0s
  3700K .......... .......... .......... .......... .......... 91% 7.48M 0s
  3750K .......... .......... .......... .......... .......... 92% 9.25M 0s
  3800K .......... .......... .......... .......... .......... 93% 8.34M 0s
  3850K .......... .......... .......... .......... .......... 95% 6.34M 0s
  3900K .......... .......... .......... .......... .......... 96% 6.49M 0s
  3950K .......... .......... .......... .......... .......... 97% 10.5M 0s
  4000K .......... .......... .......... .......... .......... 98% 7.54M 0s
  4050K .......... .......... .......... .......... ......    100% 6.90M=0.6s

2023-01-15 17:55:29 (6.18 MB/s) - ‘/home/sebas/mbehu_restored_ws/build/multirobot_map_merge/map05.pgm’ saved [4194362/4194362]

Checking MD5 sum of /home/sebas/mbehu_restored_ws/build/multirobot_map_merge/map05.pgm
/home/sebas/mbehu_restored_ws/build/multirobot_map_merge/map05.pgm: OK
--2023-01-15 17:55:29--  https://raw.githubusercontent.com/hrnr/m-explore-extra/master/map_merge/gmapping_maps/2011-08-09-12-22-52.pgm
Resolving raw.githubusercontent.com (raw.githubusercontent.com)... 185.199.110.133, 185.199.108.133, 185.199.111.133, ...
Connecting to raw.githubusercontent.com (raw.githubusercontent.com)|185.199.110.133|:443... connected.
HTTP request sent, awaiting response... 200 OK
Length: 16000058 (15M) [text/plain]
Saving to: ‘/home/sebas/mbehu_restored_ws/build/multirobot_map_merge/2011-08-09-12-22-52.pgm’

     0K .......... .......... .......... .......... ..........  0% 1002K 16s
    50K .......... .......... .......... .......... ..........  0% 1.37M 13s
   100K .......... .......... .......... .......... ..........  0% 1.90M 11s
   150K .......... .......... .......... .......... ..........  1% 1.23M 12s
   200K .......... .......... .......... .......... ..........  1% 7.86M 10s
   250K .......... .......... .......... .......... ..........  1% 12.0M 8s
   300K .......... .......... .......... .......... ..........  2% 1.45M 9s
   350K .......... .......... .......... .......... ..........  2% 8.39M 8s
   400K .......... .......... .......... .......... ..........  2% 6.20M 7s
   450K .......... .......... .......... .......... ..........  3% 8.51M 6s
   500K .......... .......... .......... .......... ..........  3% 9.65M 6s
   550K .......... .......... .......... .......... ..........  3% 11.7M 6s
   600K .......... .......... .......... .......... ..........  4% 8.05M 5s
   650K .......... .......... .......... .......... ..........  4% 8.21M 5s
   700K .......... .......... .......... .......... ..........  4% 8.78M 5s
   750K .......... .......... .......... .......... ..........  5% 9.25M 5s
   800K .......... .......... .......... .......... ..........  5% 7.99M 4s
   850K .......... .......... .......... .......... ..........  5% 10.0M 4s
   900K .......... .......... .......... .......... ..........  6% 10.7M 4s
   950K .......... .......... .......... .......... ..........  6% 10.7M 4s
  1000K .......... .......... .......... .......... ..........  6% 9.65M 4s
  1050K .......... .......... .......... .......... ..........  7% 11.2M 4s
  1100K .......... .......... .......... .......... ..........  7% 11.3M 4s
  1150K .......... .......... .......... .......... ..........  7% 10.6M 3s
  1200K .......... .......... .......... .......... ..........  7% 8.49M 3s
  1250K .......... .......... .......... .......... ..........  8% 10.5M 3s
  1300K .......... .......... .......... .......... ..........  8% 9.95M 3s
  1350K .......... .......... .......... .......... ..........  8% 10.3M 3s
  1400K .......... .......... .......... .......... ..........  9% 6.12M 3s
  1450K .......... .......... .......... .......... ..........  9% 6.01M 3s
  1500K .......... .......... .......... .......... ..........  9% 6.36M 3s
  1550K .......... .......... .......... .......... .......... 10% 5.51M 3s
  1600K .......... .......... .......... .......... .......... 10% 4.89M 3s
  1650K .......... .......... .......... .......... .......... 10% 7.23M 3s
  1700K .......... .......... .......... .......... .......... 11% 6.34M 3s
  1750K .......... .......... .......... .......... .......... 11% 5.43M 3s
  1800K .......... .......... .......... .......... .......... 11% 5.59M 3s
  1850K .......... .......... .......... .......... .......... 12% 5.78M 3s
  1900K .......... .......... .......... .......... .......... 12% 5.80M 3s
  1950K .......... .......... .......... .......... .......... 12% 5.05M 3s
  2000K .......... .......... .......... .......... .......... 13% 4.94M 3s
  2050K .......... .......... .......... .......... .......... 13% 5.66M 3s
  2100K .......... .......... .......... .......... .......... 13% 5.89M 3s
  2150K .......... .......... .......... .......... .......... 14% 5.30M 3s
  2200K .......... .......... .......... .......... .......... 14% 5.21M 3s
  2250K .......... .......... .......... .......... .......... 14% 5.71M 3s
  2300K .......... .......... .......... .......... .......... 15% 5.76M 3s
  2350K .......... .......... .......... .......... .......... 15% 5.63M 3s
  2400K .......... .......... .......... .......... .......... 15% 4.73M 3s
  2450K .......... .......... .......... .......... .......... 15% 5.77M 3s
  2500K .......... .......... .......... .......... .......... 16% 5.74M 3s
  2550K .......... .......... .......... .......... .......... 16% 5.72M 3s
  2600K .......... .......... .......... .......... .......... 16% 5.32M 3s
  2650K .......... .......... .......... .......... .......... 17% 5.96M 3s
  2700K .......... .......... .......... .......... .......... 17% 5.73M 3s
  2750K .......... .......... .......... .......... .......... 17% 5.36M 3s
  2800K .......... .......... .......... .......... .......... 18% 4.62M 3s
  2850K .......... .......... .......... .......... .......... 18% 5.76M 2s
  2900K .......... .......... .......... .......... .......... 18% 5.73M 2s
  2950K .......... .......... .......... .......... .......... 19% 5.40M 2s
  3000K .......... .......... .......... .......... .......... 19% 5.17M 2s
  3050K .......... .......... .......... .......... .......... 19% 5.60M 2s
  3100K .......... .......... .......... .......... .......... 20% 5.94M 2s
  3150K .......... .......... .......... .......... .......... 20% 5.52M 2s
  3200K .......... .......... .......... .......... .......... 20% 4.86M 2s
  3250K .......... .......... .......... .......... .......... 21% 5.79M 2s
  3300K .......... .......... .......... .......... .......... 21% 5.62M 2s
  3350K .......... .......... .......... .......... .......... 21% 5.88M 2s
  3400K .......... .......... .......... .......... .......... 22% 4.67M 2s
  3450K .......... .......... .......... .......... .......... 22% 5.88M 2s
  3500K .......... .......... .......... .......... .......... 22% 5.67M 2s
  3550K .......... .......... .......... .......... .......... 23% 5.68M 2s
  3600K .......... .......... .......... .......... .......... 23% 4.78M 2s
  3650K .......... .......... .......... .......... .......... 23% 6.23M 2s
  3700K .......... .......... .......... .......... .......... 23% 6.76M 2s
  3750K .......... .......... .......... .......... .......... 24% 5.99M 2s
  3800K .......... .......... .......... .......... .......... 24% 6.15M 2s
  3850K .......... .......... .......... .......... .......... 24% 5.64M 2s
  3900K .......... .......... .......... .......... .......... 25% 5.83M 2s
  3950K .......... .......... .......... .......... .......... 25% 5.80M 2s
  4000K .......... .......... .......... .......... .......... 25% 5.04M 2s
  4050K .......... .......... .......... .......... .......... 26% 6.07M 2s
  4100K .......... .......... .......... .......... .......... 26% 5.97M 2s
  4150K .......... .......... .......... .......... .......... 26% 5.82M 2s
  4200K .......... .......... .......... .......... .......... 27% 5.27M 2s
  4250K .......... .......... .......... .......... .......... 27% 5.67M 2s
  4300K .......... .......... .......... .......... .......... 27% 5.94M 2s
  4350K .......... .......... .......... .......... .......... 28% 5.76M 2s
  4400K .......... .......... .......... .......... .......... 28% 4.74M 2s
  4450K .......... .......... .......... .......... .......... 28% 5.75M 2s
  4500K .......... .......... .......... .......... .......... 29% 5.80M 2s
  4550K .......... .......... .......... .......... .......... 29% 5.54M 2s
  4600K .......... .......... .......... .......... .......... 29% 5.15M 2s
  4650K .......... .......... .......... .......... .......... 30% 5.67M 2s
  4700K .......... .......... .......... .......... .......... 30% 5.71M 2s
  4750K .......... .......... .......... .......... .......... 30% 5.78M 2s
  4800K .......... .......... .......... .......... .......... 31% 4.69M 2s
  4850K .......... .......... .......... .......... .......... 31% 6.33M 2s
  4900K .......... .......... .......... .......... .......... 31% 6.98M 2s
  4950K .......... .......... .......... .......... .......... 31% 5.81M 2s
  5000K .......... .......... .......... .......... .......... 32% 5.16M 2s
  5050K .......... .......... .......... .......... .......... 32% 5.90M 2s
  5100K .......... .......... .......... .......... .......... 32% 5.63M 2s
  5150K .......... .......... .......... .......... .......... 33% 6.21M 2s
  5200K .......... .......... .......... .......... .......... 33% 5.62M 2s
  5250K .......... .......... .......... .......... .......... 33% 7.26M 2s
  5300K .......... .......... .......... .......... .......... 34% 5.76M 2s
  5350K .......... .......... .......... .......... .......... 34% 5.89M 2s
  5400K .......... .......... .......... .......... .......... 34% 5.42M 2s
  5450K .......... .......... .......... .......... .......... 35% 6.00M 2s
  5500K .......... .......... .......... .......... .......... 35% 6.44M 2s
  5550K .......... .......... .......... .......... .......... 35% 7.20M 2s
  5600K .......... .......... .......... .......... .......... 36% 5.17M 2s
  5650K .......... .......... .......... .......... .......... 36% 5.68M 2s
  5700K .......... .......... .......... .......... .......... 36% 5.95M 2s
  5750K .......... .......... .......... .......... .......... 37% 5.82M 2s
  5800K .......... .......... .......... .......... .......... 37% 6.23M 2s
  5850K .......... .......... .......... .......... .......... 37% 6.28M 2s
  5900K .......... .......... .......... .......... .......... 38% 5.79M 2s
  5950K .......... .......... .......... .......... .......... 38% 6.04M 2s
  6000K .......... .......... .......... .......... .......... 38% 4.86M 2s
  6050K .......... .......... .......... .......... .......... 39% 6.23M 2s
  6100K .......... .......... .......... .......... .......... 39% 6.41M 2s
  6150K .......... .......... .......... .......... .......... 39% 5.71M 2s
  6200K .......... .......... .......... .......... .......... 39% 5.48M 2s
  6250K .......... .......... .......... .......... .......... 40% 5.96M 2s
  6300K .......... .......... .......... .......... .......... 40% 6.20M 2s
  6350K .......... .......... .......... .......... .......... 40% 6.17M 2s
  6400K .......... .......... .......... .......... .......... 41% 4.94M 2s
  6450K .......... .......... .......... .......... .......... 41% 5.85M 2s
  6500K .......... .......... .......... .......... .......... 41% 5.72M 2s
  6550K .......... .......... .......... .......... .......... 42% 6.40M 2s
  6600K .......... .......... .......... .......... .......... 42% 5.66M 2s
  6650K .......... .......... .......... .......... .......... 42% 5.86M 2s
  6700K .......... .......... .......... .......... .......... 43% 5.85M 2s
  6750K .......... .......... .......... .......... .......... 43% 6.57M 2s
  6800K .......... .......... .......... .......... .......... 43% 5.43M 2s
  6850K .......... .......... .......... .......... .......... 44% 5.79M 2s
  6900K .......... .......... .......... .......... .......... 44% 5.74M 2s
  6950K .......... .......... .......... .......... .......... 44% 5.93M 2s
  7000K .......... .......... .......... .......... .......... 45% 5.33M 2s
  7050K .......... .......... .......... .......... .......... 45% 7.32M 2s
  7100K .......... .......... .......... .......... .......... 45% 7.25M 2s
  7150K .......... .......... .......... .......... .......... 46% 6.58M 2s
  7200K .......... .......... .......... .......... .......... 46% 4.75M 2s
  7250K .......... .......... .......... .......... .......... 46% 5.73M 1s
  7300K .......... .......... .......... .......... .......... 47% 5.32M 1s
  7350K .......... .......... .......... .......... .......... 47% 4.37M 1s
  7400K .......... .......... .......... .......... .......... 47% 3.71M 1s
  7450K .......... .......... .......... .......... .......... 47% 3.89M 1s
  7500K .......... .......... .......... .......... .......... 48% 3.12M 1s
  7550K .......... .......... .......... .......... .......... 48% 5.54M 1s
  7600K .......... .......... .......... .......... .......... 48% 2.95M 1s
  7650K .......... .......... .......... .......... .......... 49% 4.30M 1s
  7700K .......... .......... .......... .......... .......... 49% 7.80M 1s
  7750K .......... .......... .......... .......... .......... 49% 9.36M 1s
  7800K .......... .......... .......... .......... .......... 50% 4.94M 1s
  7850K .......... .......... .......... .......... .......... 50% 6.53M 1s
  7900K .......... .......... .......... .......... .......... 50% 9.31M 1s
  7950K .......... .......... .......... .......... .......... 51% 7.33M 1s
  8000K .......... .......... .......... .......... .......... 51% 4.62M 1s
  8050K .......... .......... .......... .......... .......... 51% 8.60M 1s
  8100K .......... .......... .......... .......... .......... 52% 9.09M 1s
  8150K .......... .......... .......... .......... .......... 52% 9.75M 1s
  8200K .......... .......... .......... .......... .......... 52% 7.01M 1s
  8250K .......... .......... .......... .......... .......... 53% 12.2M 1s
  8300K .......... .......... .......... .......... .......... 53% 10.1M 1s
  8350K .......... .......... .......... .......... .......... 53% 6.54M 1s
  8400K .......... .......... .......... .......... .......... 54% 6.53M 1s
  8450K .......... .......... .......... .......... .......... 54% 11.6M 1s
  8500K .......... .......... .......... .......... .......... 54% 12.2M 1s
  8550K .......... .......... .......... .......... .......... 55% 12.7M 1s
  8600K .......... .......... .......... .......... .......... 55% 10.5M 1s
  8650K .......... .......... .......... .......... .......... 55% 10.3M 1s
  8700K .......... .......... .......... .......... .......... 55% 11.3M 1s
  8750K .......... .......... .......... .......... .......... 56% 11.7M 1s
  8800K .......... .......... .......... .......... .......... 56% 10.0M 1s
  8850K .......... .......... .......... .......... .......... 56% 10.6M 1s
  8900K .......... .......... .......... .......... .......... 57% 10.5M 1s
  8950K .......... .......... .......... .......... .......... 57% 10.8M 1s
  9000K .......... .......... .......... .......... .......... 57% 9.60M 1s
  9050K .......... .......... .......... .......... .......... 58% 11.5M 1s
  9100K .......... .......... .......... .......... .......... 58% 11.7M 1s
  9150K .......... .......... .......... .......... .......... 58% 10.9M 1s
  9200K .......... .......... .......... .......... .......... 59% 7.85M 1s
  9250K .......... .......... .......... .......... .......... 59% 11.3M 1s
  9300K .......... .......... .......... .......... .......... 59% 11.6M 1s
  9350K .......... .......... .......... .......... .......... 60% 9.24M 1s
  9400K .......... .......... .......... .......... .......... 60% 10.3M 1s
  9450K .......... .......... .......... .......... .......... 60% 11.1M 1s
  9500K .......... .......... .......... .......... .......... 61% 11.0M 1s
  9550K .......... .......... .......... .......... .......... 61% 9.66M 1s
  9600K .......... .......... .......... .......... .......... 61% 8.54M 1s
  9650K .......... .......... .......... .......... .......... 62% 10.6M 1s
  9700K .......... .......... .......... .......... .......... 62% 10.4M 1s
  9750K .......... .......... .......... .......... .......... 62% 9.74M 1s
  9800K .......... .......... .......... .......... .......... 63% 10.0M 1s
  9850K .......... .......... .......... .......... .......... 63% 10.4M 1s
  9900K .......... .......... .......... .......... .......... 63% 11.1M 1s
  9950K .......... .......... .......... .......... .......... 63% 10.2M 1s
 10000K .......... .......... .......... .......... .......... 64% 8.48M 1s
 10050K .......... .......... .......... .......... .......... 64% 12.1M 1s
 10100K .......... .......... .......... .......... .......... 64% 11.1M 1s
 10150K .......... .......... .......... .......... .......... 65% 7.06M 1s
 10200K .......... .......... .......... .......... .......... 65% 10.7M 1s
 10250K .......... .......... .......... .......... .......... 65% 9.43M 1s
 10300K .......... .......... .......... .......... .......... 66% 5.44M 1s
 10350K .......... .......... .......... .......... .......... 66% 3.92M 1s
 10400K .......... .......... .......... .......... .......... 66% 4.97M 1s
 10450K .......... .......... .......... .......... .......... 67% 5.95M 1s
 10500K .......... .......... .......... .......... .......... 67% 7.80M 1s
 10550K .......... .......... .......... .......... .......... 67% 11.1M 1s
 10600K .......... .......... .......... .......... .......... 68% 6.50M 1s
 10650K .......... .......... .......... .......... .......... 68% 5.17M 1s
 10700K .......... .......... .......... .......... .......... 68% 6.99M 1s
 10750K .......... .......... .......... .......... .......... 69% 7.54M 1s
 10800K .......... .......... .......... .......... .......... 69% 3.79M 1s
 10850K .......... .......... .......... .......... .......... 69% 6.88M 1s
 10900K .......... .......... .......... .......... .......... 70% 7.44M 1s
 10950K .......... .......... .......... .......... .......... 70% 8.79M 1s
 11000K .......... .......... .......... .......... .......... 70% 6.86M 1s
 11050K .......... .......... .......... .......... .......... 71% 7.63M 1s
 11100K .......... .......... .......... .......... .......... 71% 7.19M 1s
 11150K .......... .......... .......... .......... .......... 71% 7.05M 1s
 11200K .......... .......... .......... .......... .......... 71% 5.70M 1s
 11250K .......... .......... .......... .......... .......... 72% 7.25M 1s
 11300K .......... .......... .......... .......... .......... 72% 6.80M 1s
 11350K .......... .......... .......... .......... .......... 72% 6.35M 1s
 11400K .......... .......... .......... .......... .......... 73% 5.68M 1s
 11450K .......... .......... .......... .......... .......... 73% 6.29M 1s
 11500K .......... .......... .......... .......... .......... 73% 6.60M 1s
 11550K .......... .......... .......... .......... .......... 74% 11.7M 1s
 11600K .......... .......... .......... .......... .......... 74% 4.66M 1s
 11650K .......... .......... .......... .......... .......... 74% 4.58M 1s
 11700K .......... .......... .......... .......... .......... 75% 6.25M 1s
 11750K .......... .......... .......... .......... .......... 75% 6.81M 1s
 11800K .......... .......... .......... .......... .......... 75% 10.5M 1s
 11850K .......... .......... .......... .......... .......... 76% 12.7M 1s
 11900K .......... .......... .......... .......... .......... 76% 12.6M 1s
 11950K .......... .......... .......... .......... .......... 76% 11.9M 1s
 12000K .......... .......... .......... .......... .......... 77% 7.88M 1s
 12050K .......... .......... .......... .......... .......... 77% 10.9M 1s
 12100K .......... .......... .......... .......... .......... 77% 8.55M 1s
 12150K .......... .......... .......... .......... .......... 78% 7.61M 1s
 12200K .......... .......... .......... .......... .......... 78% 13.2M 1s
 12250K .......... .......... .......... .......... .......... 78% 13.1M 1s
 12300K .......... .......... .......... .......... .......... 79% 12.5M 1s
 12350K .......... .......... .......... .......... .......... 79% 11.5M 1s
 12400K .......... .......... .......... .......... .......... 79% 8.51M 1s
 12450K .......... .......... .......... .......... .......... 79% 11.3M 0s
 12500K .......... .......... .......... .......... .......... 80% 10.5M 0s
 12550K .......... .......... .......... .......... .......... 80% 8.30M 0s
 12600K .......... .......... .......... .......... .......... 80% 6.90M 0s
 12650K .......... .......... .......... .......... .......... 81% 10.9M 0s
 12700K .......... .......... .......... .......... .......... 81% 9.86M 0s
 12750K .......... .......... .......... .......... .......... 81% 10.8M 0s
 12800K .......... .......... .......... .......... .......... 82% 9.43M 0s
 12850K .......... .......... .......... .......... .......... 82% 12.0M 0s
 12900K .......... .......... .......... .......... .......... 82% 12.6M 0s
 12950K .......... .......... .......... .......... .......... 83% 10.7M 0s
 13000K .......... .......... .......... .......... .......... 83% 8.99M 0s
 13050K .......... .......... .......... .......... .......... 83% 10.4M 0s
 13100K .......... .......... .......... .......... .......... 84% 11.3M 0s
 13150K .......... .......... .......... .......... .......... 84% 11.0M 0s
 13200K .......... .......... .......... .......... .......... 84% 8.20M 0s
 13250K .......... .......... .......... .......... .......... 85% 11.0M 0s
 13300K .......... .......... .......... .......... .......... 85% 10.9M 0s
 13350K .......... .......... .......... .......... .......... 85% 10.5M 0s
 13400K .......... .......... .......... .......... .......... 86% 11.3M 0s
 13450K .......... .......... .......... .......... .......... 86% 11.0M 0s
 13500K .......... .......... .......... .......... .......... 86% 13.0M 0s
 13550K .......... .......... .......... .......... .......... 87% 10.6M 0s
 13600K .......... .......... .......... .......... .......... 87% 7.93M 0s
 13650K .......... .......... .......... .......... .......... 87% 10.5M 0s
 13700K .......... .......... .......... .......... .......... 87% 9.78M 0s
 13750K .......... .......... .......... .......... .......... 88% 10.1M 0s
 13800K .......... .......... .......... .......... .......... 88% 8.84M 0s
 13850K .......... .......... .......... .......... .......... 88% 10.1M 0s
 13900K .......... .......... .......... .......... .......... 89% 9.67M 0s
 13950K .......... .......... .......... .......... .......... 89% 10.4M 0s
 14000K .......... .......... .......... .......... .......... 89% 7.38M 0s
 14050K .......... .......... .......... .......... .......... 90% 10.3M 0s
 14100K .......... .......... .......... .......... .......... 90% 10.8M 0s
 14150K .......... .......... .......... .......... .......... 90% 14.2M 0s
 14200K .......... .......... .......... .......... .......... 91% 10.5M 0s
 14250K .......... .......... .......... .......... .......... 91% 11.3M 0s
 14300K .......... .......... .......... .......... .......... 91% 10.8M 0s
 14350K .......... .......... .......... .......... .......... 92% 11.3M 0s
 14400K .......... .......... .......... .......... .......... 92% 8.82M 0s
 14450K .......... .......... .......... .......... .......... 92% 9.98M 0s
 14500K .......... .......... .......... .......... .......... 93% 12.6M 0s
 14550K .......... .......... .......... .......... .......... 93% 10.3M 0s
 14600K .......... .......... .......... .......... .......... 93% 11.1M 0s
 14650K .......... .......... .......... .......... .......... 94% 10.4M 0s
 14700K .......... .......... .......... .......... .......... 94% 12.0M 0s
 14750K .......... .......... .......... .......... .......... 94% 9.23M 0s
 14800K .......... .......... .......... .......... .......... 95% 9.23M 0s
 14850K .......... .......... .......... .......... .......... 95% 11.9M 0s
 14900K .......... .......... .......... .......... .......... 95% 13.9M 0s
 14950K .......... .......... .......... .......... .......... 95% 14.2M 0s
 15000K .......... .......... .......... .......... .......... 96% 9.77M 0s
 15050K .......... .......... .......... .......... .......... 96% 11.8M 0s
 15100K .......... .......... .......... .......... .......... 96% 11.6M 0s
 15150K .......... .......... .......... .......... .......... 97% 10.0M 0s
 15200K .......... .......... .......... .......... .......... 97% 9.58M 0s
 15250K .......... .......... .......... .......... .......... 97% 12.0M 0s
 15300K .......... .......... .......... .......... .......... 98% 10.3M 0s
 15350K .......... .......... .......... .......... .......... 98% 10.9M 0s
 15400K .......... .......... .......... .......... .......... 98% 10.4M 0s
 15450K .......... .......... .......... .......... .......... 99% 14.0M 0s
 15500K .......... .......... .......... .......... .......... 99% 14.2M 0s
 15550K .......... .......... .......... .......... .......... 99% 9.54M 0s
 15600K .......... .......... .....                           100% 8.87M=2.3s

2023-01-15 17:55:33 (6.70 MB/s) - ‘/home/sebas/mbehu_restored_ws/build/multirobot_map_merge/2011-08-09-12-22-52.pgm’ saved [16000058/16000058]

Checking MD5 sum of /home/sebas/mbehu_restored_ws/build/multirobot_map_merge/2011-08-09-12-22-52.pgm
/home/sebas/mbehu_restored_ws/build/multirobot_map_merge/2011-08-09-12-22-52.pgm: OK
--2023-01-15 17:55:34--  https://raw.githubusercontent.com/hrnr/m-explore-extra/master/map_merge/gmapping_maps/2012-01-28-11-12-01.pgm
Resolving raw.githubusercontent.com (raw.githubusercontent.com)... 185.199.110.133, 185.199.108.133, 185.199.111.133, ...
Connecting to raw.githubusercontent.com (raw.githubusercontent.com)|185.199.110.133|:443... connected.
HTTP request sent, awaiting response... 200 OK
Length: 16000058 (15M) [text/plain]
Saving to: ‘/home/sebas/mbehu_restored_ws/build/multirobot_map_merge/2012-01-28-11-12-01.pgm’

     0K .......... .......... .......... .......... ..........  0% 1.03M 15s
    50K .......... .......... .......... .......... ..........  0% 1.36M 13s
   100K .......... .......... .......... .......... ..........  0% 5.41M 10s
   150K .......... .......... .......... .......... ..........  1% 4.91M 8s
   200K .......... .......... .......... .......... ..........  1% 3.03M 7s
   250K .......... .......... .......... .......... ..........  1% 8.31M 6s
   300K .......... .......... .......... .......... ..........  2% 8.42M 6s
   350K .......... .......... .......... .......... ..........  2% 6.80M 5s
   400K .......... .......... .......... .......... ..........  2% 9.58M 5s
   450K .......... .......... .......... .......... ..........  3% 10.2M 4s
   500K .......... .......... .......... .......... ..........  3% 4.50M 4s
   550K .......... .......... .......... .......... ..........  3% 6.93M 4s
   600K .......... .......... .......... .......... ..........  4% 8.64M 4s
   650K .......... .......... .......... .......... ..........  4% 9.67M 4s
   700K .......... .......... .......... .......... ..........  4% 8.76M 4s
   750K .......... .......... .......... .......... ..........  5% 7.34M 3s
   800K .......... .......... .......... .......... ..........  5% 9.27M 3s
   850K .......... .......... .......... .......... ..........  5% 8.79M 3s
   900K .......... .......... .......... .......... ..........  6% 8.11M 3s
   950K .......... .......... .......... .......... ..........  6% 9.68M 3s
  1000K .......... .......... .......... .......... ..........  6% 9.28M 3s
  1050K .......... .......... .......... .......... ..........  7% 9.75M 3s
  1100K .......... .......... .......... .......... ..........  7% 9.76M 3s
  1150K .......... .......... .......... .......... ..........  7% 7.79M 3s
  1200K .......... .......... .......... .......... ..........  7% 9.52M 3s
  1250K .......... .......... .......... .......... ..........  8% 9.70M 3s
  1300K .......... .......... .......... .......... ..........  8% 12.4M 3s
  1350K .......... .......... .......... .......... ..........  8% 3.53M 3s
  1400K .......... .......... .......... .......... ..........  9% 6.39M 3s
  1450K .......... .......... .......... .......... ..........  9% 8.73M 3s
  1500K .......... .......... .......... .......... ..........  9% 8.63M 3s
  1550K .......... .......... .......... .......... .......... 10% 6.96M 2s
  1600K .......... .......... .......... .......... .......... 10% 7.60M 2s
  1650K .......... .......... .......... .......... .......... 10% 8.59M 2s
  1700K .......... .......... .......... .......... .......... 11% 9.16M 2s
  1750K .......... .......... .......... .......... .......... 11% 8.56M 2s
  1800K .......... .......... .......... .......... .......... 11% 2.61M 2s
  1850K .......... .......... .......... .......... .......... 12% 8.85M 2s
  1900K .......... .......... .......... .......... .......... 12% 8.65M 2s
  1950K .......... .......... .......... .......... .......... 12% 7.50M 2s
  2000K .......... .......... .......... .......... .......... 13% 9.46M 2s
  2050K .......... .......... .......... .......... .......... 13% 7.38M 2s
  2100K .......... .......... .......... .......... .......... 13% 7.98M 2s
  2150K .......... .......... .......... .......... .......... 14% 7.87M 2s
  2200K .......... .......... .......... .......... .......... 14% 8.42M 2s
  2250K .......... .......... .......... .......... .......... 14% 9.03M 2s
  2300K .......... .......... .......... .......... .......... 15% 9.11M 2s
  2350K .......... .......... .......... .......... .......... 15% 6.93M 2s
  2400K .......... .......... .......... .......... .......... 15% 8.56M 2s
  2450K .......... .......... .......... .......... .......... 15% 8.15M 2s
  2500K .......... .......... .......... .......... .......... 16% 9.26M 2s
  2550K .......... .......... .......... .......... .......... 16% 8.77M 2s
  2600K .......... .......... .......... .......... .......... 16% 8.13M 2s
  2650K .......... .......... .......... .......... .......... 17% 8.96M 2s
  2700K .......... .......... .......... .......... .......... 17% 10.1M 2s
  2750K .......... .......... .......... .......... .......... 17% 10.6M 2s
  2800K .......... .......... .......... .......... .......... 18% 6.63M 2s
  2850K .......... .......... .......... .......... .......... 18% 9.57M 2s
  2900K .......... .......... .......... .......... .......... 18% 9.54M 2s
  2950K .......... .......... .......... .......... .......... 19% 11.2M 2s
  3000K .......... .......... .......... .......... .......... 19% 9.81M 2s
  3050K .......... .......... .......... .......... .......... 19% 9.72M 2s
  3100K .......... .......... .......... .......... .......... 20% 11.8M 2s
  3150K .......... .......... .......... .......... .......... 20% 9.39M 2s
  3200K .......... .......... .......... .......... .......... 20% 3.44M 2s
  3250K .......... .......... .......... .......... .......... 21% 5.83M 2s
  3300K .......... .......... .......... .......... .......... 21% 5.62M 2s
  3350K .......... .......... .......... .......... .......... 21% 5.79M 2s
  3400K .......... .......... .......... .......... .......... 22% 5.10M 2s
  3450K .......... .......... .......... .......... .......... 22% 6.06M 2s
  3500K .......... .......... .......... .......... .......... 22% 6.25M 2s
  3550K .......... .......... .......... .......... .......... 23% 6.23M 2s
  3600K .......... .......... .......... .......... .......... 23% 4.98M 2s
  3650K .......... .......... .......... .......... .......... 23% 6.20M 2s
  3700K .......... .......... .......... .......... .......... 23% 6.97M 2s
  3750K .......... .......... .......... .......... .......... 24% 6.08M 2s
  3800K .......... .......... .......... .......... .......... 24% 5.56M 2s
  3850K .......... .......... .......... .......... .......... 24% 6.28M 2s
  3900K .......... .......... .......... .......... .......... 25% 6.13M 2s
  3950K .......... .......... .......... .......... .......... 25% 5.23M 2s
  4000K .......... .......... .......... .......... .......... 25% 5.03M 2s
  4050K .......... .......... .......... .......... .......... 26% 5.82M 2s
  4100K .......... .......... .......... .......... .......... 26% 5.97M 2s
  4150K .......... .......... .......... .......... .......... 26% 5.91M 2s
  4200K .......... .......... .......... .......... .......... 27% 5.16M 2s
  4250K .......... .......... .......... .......... .......... 27% 6.28M 2s
  4300K .......... .......... .......... .......... .......... 27% 6.53M 2s
  4350K .......... .......... .......... .......... .......... 28% 7.15M 2s
  4400K .......... .......... .......... .......... .......... 28% 5.09M 2s
  4450K .......... .......... .......... .......... .......... 28% 6.25M 2s
  4500K .......... .......... .......... .......... .......... 29% 5.48M 2s
  4550K .......... .......... .......... .......... .......... 29% 5.79M 2s
  4600K .......... .......... .......... .......... .......... 29% 5.19M 2s
  4650K .......... .......... .......... .......... .......... 30% 5.38M 2s
  4700K .......... .......... .......... .......... .......... 30% 5.63M 2s
  4750K .......... .......... .......... .......... .......... 30% 5.46M 2s
  4800K .......... .......... .......... .......... .......... 31% 4.73M 2s
  4850K .......... .......... .......... .......... .......... 31% 4.96M 2s
  4900K .......... .......... .......... .......... .......... 31% 5.90M 2s
  4950K .......... .......... .......... .......... .......... 31% 5.68M 2s
  5000K .......... .......... .......... .......... .......... 32% 4.99M 2s
  5050K .......... .......... .......... .......... .......... 32% 5.80M 2s
  5100K .......... .......... .......... .......... .......... 32% 5.62M 2s
  5150K .......... .......... .......... .......... .......... 33% 5.88M 2s
  5200K .......... .......... .......... .......... .......... 33% 4.54M 2s
  5250K .......... .......... .......... .......... .......... 33% 5.65M 2s
  5300K .......... .......... .......... .......... .......... 34% 5.52M 2s
  5350K .......... .......... .......... .......... .......... 34% 5.89M 2s
  5400K .......... .......... .......... .......... .......... 34% 4.63M 2s
  5450K .......... .......... .......... .......... .......... 35% 5.92M 2s
  5500K .......... .......... .......... .......... .......... 35% 5.69M 2s
  5550K .......... .......... .......... .......... .......... 35% 5.31M 2s
  5600K .......... .......... .......... .......... .......... 36% 5.14M 2s
  5650K .......... .......... .......... .......... .......... 36% 6.53M 2s
  5700K .......... .......... .......... .......... .......... 36% 6.40M 2s
  5750K .......... .......... .......... .......... .......... 37% 6.63M 2s
  5800K .......... .......... .......... .......... .......... 37% 6.69M 2s
  5850K .......... .......... .......... .......... .......... 37% 7.20M 2s
  5900K .......... .......... .......... .......... .......... 38% 5.91M 2s
  5950K .......... .......... .......... .......... .......... 38% 5.80M 2s
  6000K .......... .......... .......... .......... .......... 38% 4.71M 2s
  6050K .......... .......... .......... .......... .......... 39% 6.14M 2s
  6100K .......... .......... .......... .......... .......... 39% 6.37M 2s
  6150K .......... .......... .......... .......... .......... 39% 6.29M 2s
  6200K .......... .......... .......... .......... .......... 39% 4.98M 2s
  6250K .......... .......... .......... .......... .......... 40% 5.99M 1s
  6300K .......... .......... .......... .......... .......... 40% 6.66M 1s
  6350K .......... .......... .......... .......... .......... 40% 5.64M 1s
  6400K .......... .......... .......... .......... .......... 41% 4.64M 1s
  6450K .......... .......... .......... .......... .......... 41% 6.43M 1s
  6500K .......... .......... .......... .......... .......... 41% 7.09M 1s
  6550K .......... .......... .......... .......... .......... 42% 6.61M 1s
  6600K .......... .......... .......... .......... .......... 42% 5.92M 1s
  6650K .......... .......... .......... .......... .......... 42% 4.68M 1s
  6700K .......... .......... .......... .......... .......... 43% 5.58M 1s
  6750K .......... .......... .......... .......... .......... 43% 6.38M 1s
  6800K .......... .......... .......... .......... .......... 43% 5.97M 1s
  6850K .......... .......... .......... .......... .......... 44% 5.30M 1s
  6900K .......... .......... .......... .......... .......... 44% 5.43M 1s
  6950K .......... .......... .......... .......... .......... 44% 5.40M 1s
  7000K .......... .......... .......... .......... .......... 45% 5.50M 1s
  7050K .......... .......... .......... .......... .......... 45% 5.95M 1s
  7100K .......... .......... .......... .......... .......... 45% 5.19M 1s
  7150K .......... .......... .......... .......... .......... 46% 5.78M 1s
  7200K .......... .......... .......... .......... .......... 46% 4.75M 1s
  7250K .......... .......... .......... .......... .......... 46% 5.64M 1s
  7300K .......... .......... .......... .......... .......... 47% 6.17M 1s
  7350K .......... .......... .......... .......... .......... 47% 5.58M 1s
  7400K .......... .......... .......... .......... .......... 47% 6.01M 1s
  7450K .......... .......... .......... .......... .......... 47% 5.78M 1s
  7500K .......... .......... .......... .......... .......... 48% 5.74M 1s
  7550K .......... .......... .......... .......... .......... 48% 5.76M 1s
  7600K .......... .......... .......... .......... .......... 48% 5.54M 1s
  7650K .......... .......... .......... .......... .......... 49% 5.65M 1s
  7700K .......... .......... .......... .......... .......... 49% 5.69M 1s
  7750K .......... .......... .......... .......... .......... 49% 6.46M 1s
  7800K .......... .......... .......... .......... .......... 50% 5.42M 1s
  7850K .......... .......... .......... .......... .......... 50% 8.18M 1s
  7900K .......... .......... .......... .......... .......... 50% 7.27M 1s
  7950K .......... .......... .......... .......... .......... 51% 6.67M 1s
  8000K .......... .......... .......... .......... .......... 51% 5.60M 1s
  8050K .......... .......... .......... .......... .......... 51% 6.00M 1s
  8100K .......... .......... .......... .......... .......... 52% 5.51M 1s
  8150K .......... .......... .......... .......... .......... 52% 6.33M 1s
  8200K .......... .......... .......... .......... .......... 52% 5.22M 1s
  8250K .......... .......... .......... .......... .......... 53% 6.33M 1s
  8300K .......... .......... .......... .......... .......... 53% 6.55M 1s
  8350K .......... .......... .......... .......... .......... 53% 5.81M 1s
  8400K .......... .......... .......... .......... .......... 54% 4.80M 1s
  8450K .......... .......... .......... .......... .......... 54% 6.05M 1s
  8500K .......... .......... .......... .......... .......... 54% 6.05M 1s
  8550K .......... .......... .......... .......... .......... 55% 6.19M 1s
  8600K .......... .......... .......... .......... .......... 55% 5.96M 1s
  8650K .......... .......... .......... .......... .......... 55% 6.40M 1s
  8700K .......... .......... .......... .......... .......... 55% 6.47M 1s
  8750K .......... .......... .......... .......... .......... 56% 6.55M 1s
  8800K .......... .......... .......... .......... .......... 56% 5.56M 1s
  8850K .......... .......... .......... .......... .......... 56% 6.32M 1s
  8900K .......... .......... .......... .......... .......... 57% 6.05M 1s
  8950K .......... .......... .......... .......... .......... 57% 6.05M 1s
  9000K .......... .......... .......... .......... .......... 57% 5.11M 1s
  9050K .......... .......... .......... .......... .......... 58% 6.05M 1s
  9100K .......... .......... .......... .......... .......... 58% 6.40M 1s
  9150K .......... .......... .......... .......... .......... 58% 7.14M 1s
  9200K .......... .......... .......... .......... .......... 59% 5.76M 1s
  9250K .......... .......... .......... .......... .......... 59% 7.10M 1s
  9300K .......... .......... .......... .......... .......... 59% 7.32M 1s
  9350K .......... .......... .......... .......... .......... 60% 6.76M 1s
  9400K .......... .......... .......... .......... .......... 60% 5.10M 1s
  9450K .......... .......... .......... .......... .......... 60% 6.04M 1s
  9500K .......... .......... .......... .......... .......... 61% 6.08M 1s
  9550K .......... .......... .......... .......... .......... 61% 6.46M 1s
  9600K .......... .......... .......... .......... .......... 61% 5.30M 1s
  9650K .......... .......... .......... .......... .......... 62% 6.94M 1s
  9700K .......... .......... .......... .......... .......... 62% 6.03M 1s
  9750K .......... .......... .......... .......... .......... 62% 6.48M 1s
  9800K .......... .......... .......... .......... .......... 63% 5.73M 1s
  9850K .......... .......... .......... .......... .......... 63% 6.38M 1s
  9900K .......... .......... .......... .......... .......... 63% 6.99M 1s
  9950K .......... .......... .......... .......... .......... 63% 6.89M 1s
 10000K .......... .......... .......... .......... .......... 64% 5.62M 1s
 10050K .......... .......... .......... .......... .......... 64% 6.37M 1s
 10100K .......... .......... .......... .......... .......... 64% 6.53M 1s
 10150K .......... .......... .......... .......... .......... 65% 5.76M 1s
 10200K .......... .......... .......... .......... .......... 65% 5.63M 1s
 10250K .......... .......... .......... .......... .......... 65% 7.01M 1s
 10300K .......... .......... .......... .......... .......... 66% 6.77M 1s
 10350K .......... .......... .......... .......... .......... 66% 7.08M 1s
 10400K .......... .......... .......... .......... .......... 66% 6.10M 1s
 10450K .......... .......... .......... .......... .......... 67% 9.09M 1s
 10500K .......... .......... .......... .......... .......... 67% 8.51M 1s
 10550K .......... .......... .......... .......... .......... 67% 7.20M 1s
 10600K .......... .......... .......... .......... .......... 68% 6.88M 1s
 10650K .......... .......... .......... .......... .......... 68% 8.32M 1s
 10700K .......... .......... .......... .......... .......... 68% 11.5M 1s
 10750K .......... .......... .......... .......... .......... 69% 9.80M 1s
 10800K .......... .......... .......... .......... .......... 69% 8.50M 1s
 10850K .......... .......... .......... .......... .......... 69% 10.4M 1s
 10900K .......... .......... .......... .......... .......... 70% 12.0M 1s
 10950K .......... .......... .......... .......... .......... 70% 12.1M 1s
 11000K .......... .......... .......... .......... .......... 70% 11.5M 1s
 11050K .......... .......... .......... .......... .......... 71% 12.6M 1s
 11100K .......... .......... .......... .......... .......... 71% 10.2M 1s
 11150K .......... .......... .......... .......... .......... 71% 10.5M 1s
 11200K .......... .......... .......... .......... .......... 71% 8.96M 1s
 11250K .......... .......... .......... .......... .......... 72% 12.7M 1s
 11300K .......... .......... .......... .......... .......... 72% 12.9M 1s
 11350K .......... .......... .......... .......... .......... 72% 12.9M 1s
 11400K .......... .......... .......... .......... .......... 73% 10.1M 1s
 11450K .......... .......... .......... .......... .......... 73% 10.2M 1s
 11500K .......... .......... .......... .......... .......... 73% 10.9M 1s
 11550K .......... .......... .......... .......... .......... 74% 12.5M 1s
 11600K .......... .......... .......... .......... .......... 74% 9.04M 1s
 11650K .......... .......... .......... .......... .......... 74% 10.1M 1s
 11700K .......... .......... .......... .......... .......... 75% 10.8M 1s
 11750K .......... .......... .......... .......... .......... 75% 12.7M 1s
 11800K .......... .......... .......... .......... .......... 75% 11.6M 1s
 11850K .......... .......... .......... .......... .......... 76% 8.85M 1s
 11900K .......... .......... .......... .......... .......... 76% 9.98M 1s
 11950K .......... .......... .......... .......... .......... 76% 9.65M 1s
 12000K .......... .......... .......... .......... .......... 77% 9.00M 1s
 12050K .......... .......... .......... .......... .......... 77% 10.3M 1s
 12100K .......... .......... .......... .......... .......... 77% 9.88M 1s
 12150K .......... .......... .......... .......... .......... 78% 10.6M 1s
 12200K .......... .......... .......... .......... .......... 78% 9.47M 1s
 12250K .......... .......... .......... .......... .......... 78% 11.1M 1s
 12300K .......... .......... .......... .......... .......... 79% 11.1M 0s
 12350K .......... .......... .......... .......... .......... 79% 12.4M 0s
 12400K .......... .......... .......... .......... .......... 79% 8.73M 0s
 12450K .......... .......... .......... .......... .......... 79% 10.7M 0s
 12500K .......... .......... .......... .......... .......... 80% 9.29M 0s
 12550K .......... .......... .......... .......... .......... 80% 8.54M 0s
 12600K .......... .......... .......... .......... .......... 80% 7.76M 0s
 12650K .......... .......... .......... .......... .......... 81% 9.59M 0s
 12700K .......... .......... .......... .......... .......... 81% 8.18M 0s
 12750K .......... .......... .......... .......... .......... 81% 5.83M 0s
 12800K .......... .......... .......... .......... .......... 82% 5.54M 0s
 12850K .......... .......... .......... .......... .......... 82% 4.99M 0s
 12900K .......... .......... .......... .......... .......... 82% 6.00M 0s
 12950K .......... .......... .......... .......... .......... 83% 7.20M 0s
 13000K .......... .......... .......... .......... .......... 83% 4.81M 0s
 13050K .......... .......... .......... .......... .......... 83% 5.97M 0s
 13100K .......... .......... .......... .......... .......... 84% 6.02M 0s
 13150K .......... .......... .......... .......... .......... 84% 6.05M 0s
 13200K .......... .......... .......... .......... .......... 84% 3.45M 0s
 13250K .......... .......... .......... .......... .......... 85% 6.18M 0s
 13300K .......... .......... .......... .......... .......... 85% 7.12M 0s
 13350K .......... .......... .......... .......... .......... 85% 7.57M 0s
 13400K .......... .......... .......... .......... .......... 86% 6.26M 0s
 13450K .......... .......... .......... .......... .......... 86% 7.44M 0s
 13500K .......... .......... .......... .......... .......... 86% 7.23M 0s
 13550K .......... .......... .......... .......... .......... 87% 7.42M 0s
 13600K .......... .......... .......... .......... .......... 87% 5.94M 0s
 13650K .......... .......... .......... .......... .......... 87% 6.90M 0s
 13700K .......... .......... .......... .......... .......... 87% 5.77M 0s
 13750K .......... .......... .......... .......... .......... 88% 5.75M 0s
 13800K .......... .......... .......... .......... .......... 88% 6.67M 0s
 13850K .......... .......... .......... .......... .......... 88% 7.46M 0s
 13900K .......... .......... .......... .......... .......... 89% 7.27M 0s
 13950K .......... .......... .......... .......... .......... 89% 7.06M 0s
 14000K .......... .......... .......... .......... .......... 89% 5.85M 0s
 14050K .......... .......... .......... .......... .......... 90% 7.02M 0s
 14100K .......... .......... .......... .......... .......... 90% 7.64M 0s
 14150K .......... .......... .......... .......... .......... 90% 11.6M 0s
 14200K .......... .......... .......... .......... .......... 91% 11.2M 0s
 14250K .......... .......... .......... .......... .......... 91% 11.9M 0s
 14300K .......... .......... .......... .......... .......... 91% 11.0M 0s
 14350K .......... .......... .......... .......... .......... 92% 11.5M 0s
 14400K .......... .......... .......... .......... .......... 92% 9.40M 0s
 14450K .......... .......... .......... .......... .......... 92% 11.6M 0s
 14500K .......... .......... .......... .......... .......... 93% 12.0M 0s
 14550K .......... .......... .......... .......... .......... 93% 10.8M 0s
 14600K .......... .......... .......... .......... .......... 93% 9.49M 0s
 14650K .......... .......... .......... .......... .......... 94% 11.5M 0s
 14700K .......... .......... .......... .......... .......... 94% 13.2M 0s
 14750K .......... .......... .......... .......... .......... 94% 12.7M 0s
 14800K .......... .......... .......... .......... .......... 95% 9.64M 0s
 14850K .......... .......... .......... .......... .......... 95% 11.2M 0s
 14900K .......... .......... .......... .......... .......... 95% 11.2M 0s
 14950K .......... .......... .......... .......... .......... 95% 12.0M 0s
 15000K .......... .......... .......... .......... .......... 96% 11.9M 0s
 15050K .......... .......... .......... .......... .......... 96% 11.5M 0s
 15100K .......... .......... .......... .......... .......... 96% 11.8M 0s
 15150K .......... .......... .......... .......... .......... 97% 13.3M 0s
 15200K .......... .......... .......... .......... .......... 97% 10.6M 0s
 15250K .......... .......... .......... .......... .......... 97% 10.4M 0s
 15300K .......... .......... .......... .......... .......... 98% 11.6M 0s
 15350K .......... .......... .......... .......... .......... 98% 10.1M 0s
 15400K .......... .......... .......... .......... .......... 98% 10.7M 0s
 15450K .......... .......... .......... .......... .......... 99% 11.7M 0s
 15500K .......... .......... .......... .......... .......... 99% 12.1M 0s
 15550K .......... .......... .......... .......... .......... 99% 13.8M 0s
 15600K .......... .......... .....                           100% 13.8M=2.3s

2023-01-15 17:55:37 (6.74 MB/s) - ‘/home/sebas/mbehu_restored_ws/build/multirobot_map_merge/2012-01-28-11-12-01.pgm’ saved [16000058/16000058]

Checking MD5 sum of /home/sebas/mbehu_restored_ws/build/multirobot_map_merge/2012-01-28-11-12-01.pgm
/home/sebas/mbehu_restored_ws/build/multirobot_map_merge/2012-01-28-11-12-01.pgm: OK
-- Found gtest sources under '/opt/ros/foxy/src/gtest_vendor': C++ tests using 'Google Test' will be built
-- Check if compiler accepts -pthread
-- Check if compiler accepts -pthread - yes
-- Added test 'cppcheck' to perform static code analysis on C / C++ code
-- Configured cppcheck include dirs: /home/sebas/mbehu_restored_ws/src/m-explore-ros2/map_merge/include;$<BUILD_INTERFACE:/home/sebas/mbehu_restored_ws/src/m-explore-ros2/map_merge/include>
-- Configured cppcheck exclude dirs and/or files: 
-- Added test 'flake8' to check Python code syntax and style conventions
-- Added test 'lint_cmake' to check CMake code style
-- Added test 'pep257' to check Python code against some of the style conventions in PEP 257
-- Added test 'uncrustify' to check C / C++ code style
-- Configured uncrustify additional arguments: 
-- Added test 'xmllint' to check XML markup files
-- Configuring done
-- Generating done
-- Build files have been written to: /home/sebas/mbehu_restored_ws/build/multirobot_map_merge
[35m[1mScanning dependencies of target combine_grids[0m
[  8%] [32mBuilding CXX object CMakeFiles/combine_grids.dir/src/combine_grids/grid_compositor.cpp.o[0m
[ 16%] [32mBuilding CXX object CMakeFiles/combine_grids.dir/src/combine_grids/grid_warper.cpp.o[0m
[ 25%] [32mBuilding CXX object CMakeFiles/combine_grids.dir/src/combine_grids/merging_pipeline.cpp.o[0m
[ 33%] [32m[1mLinking CXX static library libcombine_grids.a[0m
[ 33%] Built target combine_grids
[35m[1mScanning dependencies of target gtest_main[0m
[ 41%] [32mBuilding CXX object gtest/CMakeFiles/gtest_main.dir/src/gtest_main.cc.o[0m
[ 50%] [32m[1mLinking CXX static library libgtest_main.a[0m
[ 50%] Built target gtest_main
[35m[1mScanning dependencies of target map_merge[0m
[ 58%] [32mBuilding CXX object CMakeFiles/map_merge.dir/src/map_merge.cpp.o[0m
[ 66%] [32m[1mLinking CXX executable map_merge[0m
[ 66%] Built target map_merge
[35m[1mScanning dependencies of target gtest[0m
[ 75%] [32mBuilding CXX object gtest/CMakeFiles/gtest.dir/src/gtest-all.cc.o[0m
[ 83%] [32m[1mLinking CXX static library libgtest.a[0m
[ 83%] Built target gtest
[35m[1mScanning dependencies of target test_merging_pipeline[0m
[ 91%] [32mBuilding CXX object CMakeFiles/test_merging_pipeline.dir/test/test_merging_pipeline.cpp.o[0m
[100%] [32m[1mLinking CXX executable test_merging_pipeline[0m
[100%] Built target test_merging_pipeline
-- Install configuration: ""
-- Installing: /home/sebas/mbehu_restored_ws/install/multirobot_map_merge/include/map_merge/
-- Installing: /home/sebas/mbehu_restored_ws/install/multirobot_map_merge/include/map_merge//map_merge.h
-- Installing: /home/sebas/mbehu_restored_ws/install/multirobot_map_merge/include/map_merge//ros1_names.hpp
-- Installing: /home/sebas/mbehu_restored_ws/install/multirobot_map_merge/share/multirobot_map_merge/launch
-- Installing: /home/sebas/mbehu_restored_ws/install/multirobot_map_merge/share/multirobot_map_merge/launch/tb3_simulation
-- Installing: /home/sebas/mbehu_restored_ws/install/multirobot_map_merge/share/multirobot_map_merge/launch/tb3_simulation/multi_tb3_simulation_launch.py
-- Installing: /home/sebas/mbehu_restored_ws/install/multirobot_map_merge/share/multirobot_map_merge/launch/tb3_simulation/bringup_launch.py
-- Installing: /home/sebas/mbehu_restored_ws/install/multirobot_map_merge/share/multirobot_map_merge/launch/tb3_simulation/tb3_simulation_launch.py
-- Installing: /home/sebas/mbehu_restored_ws/install/multirobot_map_merge/share/multirobot_map_merge/launch/tb3_simulation/worlds
-- Installing: /home/sebas/mbehu_restored_ws/install/multirobot_map_merge/share/multirobot_map_merge/launch/tb3_simulation/worlds/world_only.model
-- Installing: /home/sebas/mbehu_restored_ws/install/multirobot_map_merge/share/multirobot_map_merge/launch/tb3_simulation/slam_toolbox.py
-- Installing: /home/sebas/mbehu_restored_ws/install/multirobot_map_merge/share/multirobot_map_merge/launch/tb3_simulation/config
-- Installing: /home/sebas/mbehu_restored_ws/install/multirobot_map_merge/share/multirobot_map_merge/launch/tb3_simulation/config/nav2_multirobot_params_1.yaml
-- Installing: /home/sebas/mbehu_restored_ws/install/multirobot_map_merge/share/multirobot_map_merge/launch/tb3_simulation/config/nav2_multirobot_params_2.yaml
-- Installing: /home/sebas/mbehu_restored_ws/install/multirobot_map_merge/share/multirobot_map_merge/launch/from_map_server.launch.py
-- Installing: /home/sebas/mbehu_restored_ws/install/multirobot_map_merge/share/multirobot_map_merge/launch/map_merge.launch.py
-- Installing: /home/sebas/mbehu_restored_ws/install/multirobot_map_merge/share/multirobot_map_merge/launch/map_merge.rviz
-- Installing: /home/sebas/mbehu_restored_ws/install/multirobot_map_merge/share/multirobot_map_merge/config
-- Installing: /home/sebas/mbehu_restored_ws/install/multirobot_map_merge/share/multirobot_map_merge/config/params.yaml
-- Installing: /home/sebas/mbehu_restored_ws/install/multirobot_map_merge/lib/libcombine_grids.a
-- Installing: /home/sebas/mbehu_restored_ws/install/multirobot_map_merge/lib/multirobot_map_merge/map_merge
-- Set runtime path of "/home/sebas/mbehu_restored_ws/install/multirobot_map_merge/lib/multirobot_map_merge/map_merge" to ""
-- Installing: /home/sebas/mbehu_restored_ws/install/multirobot_map_merge/share/multirobot_map_merge/environment/library_path.sh
-- Installing: /home/sebas/mbehu_restored_ws/install/multirobot_map_merge/share/multirobot_map_merge/environment/library_path.dsv
-- Installing: /home/sebas/mbehu_restored_ws/install/multirobot_map_merge/share/ament_index/resource_index/package_run_dependencies/multirobot_map_merge
-- Installing: /home/sebas/mbehu_restored_ws/install/multirobot_map_merge/share/ament_index/resource_index/parent_prefix_path/multirobot_map_merge
-- Installing: /home/sebas/mbehu_restored_ws/install/multirobot_map_merge/share/multirobot_map_merge/environment/ament_prefix_path.sh
-- Installing: /home/sebas/mbehu_restored_ws/install/multirobot_map_merge/share/multirobot_map_merge/environment/ament_prefix_path.dsv
-- Installing: /home/sebas/mbehu_restored_ws/install/multirobot_map_merge/share/multirobot_map_merge/environment/path.sh
-- Installing: /home/sebas/mbehu_restored_ws/install/multirobot_map_merge/share/multirobot_map_merge/environment/path.dsv
-- Installing: /home/sebas/mbehu_restored_ws/install/multirobot_map_merge/share/multirobot_map_merge/local_setup.bash
-- Installing: /home/sebas/mbehu_restored_ws/install/multirobot_map_merge/share/multirobot_map_merge/local_setup.sh
-- Installing: /home/sebas/mbehu_restored_ws/install/multirobot_map_merge/share/multirobot_map_merge/local_setup.zsh
-- Installing: /home/sebas/mbehu_restored_ws/install/multirobot_map_merge/share/multirobot_map_merge/local_setup.dsv
-- Installing: /home/sebas/mbehu_restored_ws/install/multirobot_map_merge/share/multirobot_map_merge/package.dsv
-- Installing: /home/sebas/mbehu_restored_ws/install/multirobot_map_merge/share/ament_index/resource_index/packages/multirobot_map_merge
-- Installing: /home/sebas/mbehu_restored_ws/install/multirobot_map_merge/share/multirobot_map_merge/cmake/ament_cmake_export_include_directories-extras.cmake
-- Installing: /home/sebas/mbehu_restored_ws/install/multirobot_map_merge/share/multirobot_map_merge/cmake/ament_cmake_export_libraries-extras.cmake
-- Installing: /home/sebas/mbehu_restored_ws/install/multirobot_map_merge/share/multirobot_map_merge/cmake/multirobot_map_mergeConfig.cmake
-- Installing: /home/sebas/mbehu_restored_ws/install/multirobot_map_merge/share/multirobot_map_merge/cmake/multirobot_map_mergeConfig-version.cmake
-- Installing: /home/sebas/mbehu_restored_ws/install/multirobot_map_merge/share/multirobot_map_merge/package.xml
