[0.100s] Invoking command in '/home/sebas/mbehu_restored_ws/build/multirobot_map_merge': CMAKE_PREFIX_PATH=${CMAKE_PREFIX_PATH}:/home/sebas/mbehu_restored_ws/install/serial_motor_demo:/home/sebas/mbehu_ws/install/ultrasonico:/home/sebas/mbehu_ws/install/mpu6050_pkg:/home/sebas/mbehu_ws/install/mpu6050:/opt/ros/foxy /usr/bin/cmake /home/sebas/mbehu_restored_ws/src/m-explore-ros2/map_merge -DCMAKE_INSTALL_PREFIX=/home/sebas/mbehu_restored_ws/install/multirobot_map_merge
[0.744s] -- The C compiler identification is GNU 9.4.0
[1.257s] -- The CXX compiler identification is GNU 9.4.0
[1.300s] -- Check for working C compiler: /usr/bin/cc
[1.994s] -- Check for working C compiler: /usr/bin/cc -- works
[2.002s] -- Detecting C compiler ABI info
[2.687s] -- Detecting C compiler ABI info - done
[2.767s] -- Detecting C compile features
[2.769s] -- Detecting C compile features - done
[2.787s] -- Check for working CXX compiler: /usr/bin/c++
[3.396s] -- Check for working CXX compiler: /usr/bin/c++ -- works
[3.400s] -- Detecting CXX compiler ABI info
[3.914s] -- Detecting CXX compiler ABI info - done
[4.033s] -- Detecting CXX compile features
[4.035s] -- Detecting CXX compile features - done
[4.120s] -- Found ament_cmake: 0.9.11 (/opt/ros/foxy/share/ament_cmake/cmake)
[4.491s] -- Found PythonInterp: /usr/bin/python3 (found suitable version "3.8.10", minimum required is "3") 
[4.493s] -- Using PYTHON_EXECUTABLE: /usr/bin/python3
[6.689s] -- Found rclcpp: 2.4.2 (/opt/ros/foxy/share/rclcpp/cmake)
[7.368s] -- Using all available rosidl_typesupport_c: rosidl_typesupport_fastrtps_c;rosidl_typesupport_introspection_c
[7.495s] -- Found rosidl_adapter: 1.3.0 (/opt/ros/foxy/share/rosidl_adapter/cmake)
[8.772s] -- Found OpenSSL: /usr/lib/aarch64-linux-gnu/libcrypto.so (found version "1.1.1f")  
[9.278s] -- Found FastRTPS: /opt/ros/foxy/include  
[10.492s] -- Using all available rosidl_typesupport_cpp: rosidl_typesupport_fastrtps_cpp;rosidl_typesupport_introspection_cpp
[11.061s] -- Found rmw_implementation_cmake: 1.0.3 (/opt/ros/foxy/share/rmw_implementation_cmake/cmake)
[11.072s] -- Using RMW implementation 'rmw_fastrtps_cpp' as default
[11.081s] -- Looking for pthread.h
[11.867s] -- Looking for pthread.h - found
[11.870s] -- Performing Test CMAKE_HAVE_LIBC_PTHREAD
[12.689s] -- Performing Test CMAKE_HAVE_LIBC_PTHREAD - Failed
[12.693s] -- Looking for pthread_create in pthreads
[13.172s] -- Looking for pthread_create in pthreads - not found
[13.174s] -- Looking for pthread_create in pthread
[14.001s] -- Looking for pthread_create in pthread - found
[14.007s] -- Found Threads: TRUE  
[15.393s] -- Found geometry_msgs: 2.0.5 (/opt/ros/foxy/share/geometry_msgs/cmake)
[15.752s] -- Found image_geometry: 3.0.7 (/opt/ros/foxy/share/image_geometry/cmake)
[15.964s] -- Found map_msgs: 2.0.2 (/opt/ros/foxy/share/map_msgs/cmake)
[18.017s] -- Found tf2_geometry_msgs: 0.13.13 (/opt/ros/foxy/share/tf2_geometry_msgs/cmake)
[18.147s] -- Found eigen3_cmake_module: 0.1.1 (/opt/ros/foxy/share/eigen3_cmake_module/cmake)
[18.207s] -- Found Eigen3: TRUE (found version "3.3.7") 
[21.016s] -- Found Boost: /usr/lib/aarch64-linux-gnu/cmake/Boost-1.71.0/BoostConfig.cmake (found version "1.71.0") found components: thread 
[21.047s] -- Found OpenCV: /usr (found version "4.2.0") 
[21.198s] -- Found ament_lint_auto: 0.9.7 (/opt/ros/foxy/share/ament_lint_auto/cmake)
[21.888s] -- Found ament_cmake_gtest: 0.9.11 (/opt/ros/foxy/share/ament_cmake_gtest/cmake)
[21.912s] --2023-01-15 17:55:26--  https://raw.githubusercontent.com/hrnr/m-explore-extra/master/map_merge/hector_maps/map00.pgm
[21.943s] Resolving raw.githubusercontent.com (raw.githubusercontent.com)... 185.199.109.133, 185.199.111.133, 185.199.108.133, ...
[21.978s] Connecting to raw.githubusercontent.com (raw.githubusercontent.com)|185.199.109.133|:443... connected.
[23.306s] HTTP request sent, awaiting response... 200 OK
[23.309s] Length: 4194362 (4.0M) [application/octet-stream]
[23.310s] Saving to: ‘/home/sebas/mbehu_restored_ws/build/multirobot_map_merge/map00.pgm’
[23.334s] 
[23.360s]      0K .......... .......... .......... .......... ..........  1%  972K 4s
[23.402s]     50K .......... .......... .......... .......... ..........  2% 1.17M 4s
[23.418s]    100K .......... .......... .......... .......... ..........  3% 3.40M 3s
[23.437s]    150K .......... .......... .......... .......... ..........  4% 2.57M 2s
[23.457s]    200K .......... .......... .......... .......... ..........  6% 2.34M 2s
[23.473s]    250K .......... .......... .......... .......... ..........  7% 3.30M 2s
[23.487s]    300K .......... .......... .......... .......... ..........  8% 3.24M 2s
[23.500s]    350K .......... .......... .......... .......... ..........  9% 3.57M 2s
[23.517s]    400K .......... .......... .......... .......... .......... 10% 3.12M 2s
[23.530s]    450K .......... .......... .......... .......... .......... 12% 3.48M 2s
[23.541s]    500K .......... .......... .......... .......... .......... 13% 3.87M 2s
[23.548s]    550K .......... .......... .......... .......... .......... 14% 5.48M 1s
[23.558s]    600K .......... .......... .......... .......... .......... 15% 6.03M 1s
[23.569s]    650K .......... .......... .......... .......... .......... 17% 6.12M 1s
[23.576s]    700K .......... .......... .......... .......... .......... 18% 5.31M 1s
[23.587s]    750K .......... .......... .......... .......... .......... 19% 4.05M 1s
[23.599s]    800K .......... .......... .......... .......... .......... 20% 4.20M 1s
[23.610s]    850K .......... .......... .......... .......... .......... 21% 4.33M 1s
[23.625s]    900K .......... .......... .......... .......... .......... 23% 3.77M 1s
[23.638s]    950K .......... .......... .......... .......... .......... 24% 4.05M 1s
[23.647s]   1000K .......... .......... .......... .......... .......... 25% 4.68M 1s
[23.653s]   1050K .......... .......... .......... .......... .......... 26% 6.42M 1s
[23.661s]   1100K .......... .......... .......... .......... .......... 28% 6.41M 1s
[23.673s]   1150K .......... .......... .......... .......... .......... 29% 5.56M 1s
[23.680s]   1200K .......... .......... .......... .......... .......... 30% 5.26M 1s
[23.685s]   1250K .......... .......... .......... .......... .......... 31% 7.19M 1s
[23.689s]   1300K .......... .......... .......... .......... .......... 32% 10.2M 1s
[23.695s]   1350K .......... .......... .......... .......... .......... 34% 10.9M 1s
[23.699s]   1400K .......... .......... .......... .......... .......... 35% 8.89M 1s
[23.704s]   1450K .......... .......... .......... .......... .......... 36% 10.5M 1s
[23.708s]   1500K .......... .......... .......... .......... .......... 37% 12.0M 1s
[23.713s]   1550K .......... .......... .......... .......... .......... 39% 11.2M 1s
[23.719s]   1600K .......... .......... .......... .......... .......... 40% 9.31M 1s
[23.729s]   1650K .......... .......... .......... .......... .......... 41% 10.3M 1s
[23.736s]   1700K .......... .......... .......... .......... .......... 42% 11.2M 1s
[23.737s]   1750K .......... .......... .......... .......... .......... 43% 12.4M 1s
[23.738s]   1800K .......... .......... .......... .......... .......... 45% 10.2M 1s
[23.742s]   1850K .......... .......... .......... .......... .......... 46% 10.6M 1s
[23.746s]   1900K .......... .......... .......... .......... .......... 47% 8.45M 0s
[23.752s]   1950K .......... .......... .......... .......... .......... 48% 9.60M 0s
[23.761s]   2000K .......... .......... .......... .......... .......... 50% 11.7M 0s
[23.764s]   2050K .......... .......... .......... .......... .......... 51% 13.1M 0s
[23.773s]   2100K .......... .......... .......... .......... .......... 52% 9.50M 0s
[23.777s]   2150K .......... .......... .......... .......... .......... 53% 12.3M 0s
[23.779s]   2200K .......... .......... .......... .......... .......... 54% 12.3M 0s
[23.779s]   2250K .......... .......... .......... .......... .......... 56% 11.3M 0s
[23.782s]   2300K .......... .......... .......... .......... .......... 57% 8.61M 0s
[23.788s]   2350K .......... .......... .......... .......... .......... 58% 9.26M 0s
[23.794s]   2400K .......... .......... .......... .......... .......... 59% 9.30M 0s
[23.800s]   2450K .......... .......... .......... .......... .......... 61% 9.92M 0s
[23.804s]   2500K .......... .......... .......... .......... .......... 62% 9.01M 0s
[23.809s]   2550K .......... .......... .......... .......... .......... 63% 9.77M 0s
[23.814s]   2600K .......... .......... .......... .......... .......... 64% 9.31M 0s
[23.819s]   2650K .......... .......... .......... .......... .......... 65% 10.0M 0s
[23.824s]   2700K .......... .......... .......... .......... .......... 67% 11.7M 0s
[23.828s]   2750K .......... .......... .......... .......... .......... 68% 10.0M 0s
[23.834s]   2800K .......... .......... .......... .......... .......... 69% 7.53M 0s
[23.840s]   2850K .......... .......... .......... .......... .......... 70% 8.17M 0s
[23.846s]   2900K .......... .......... .......... .......... .......... 72% 9.14M 0s
[23.855s]   2950K .......... .......... .......... .......... .......... 73% 10.4M 0s
[23.856s]   3000K .......... .......... .......... .......... .......... 74% 13.5M 0s
[23.860s]   3050K .......... .......... .......... .......... .......... 75% 8.29M 0s
[23.863s]   3100K .......... .......... .......... .......... .......... 76% 10.0M 0s
[23.868s]   3150K .......... .......... .......... .......... .......... 78% 10.3M 0s
[23.874s]   3200K .......... .......... .......... .......... .......... 79% 10.3M 0s
[23.880s]   3250K .......... .......... .......... .......... .......... 80% 9.26M 0s
[23.885s]   3300K .......... .......... .......... .......... .......... 81% 7.13M 0s
[23.891s]   3350K .......... .......... .......... .......... .......... 83% 8.94M 0s
[23.896s]   3400K .......... .......... .......... .......... .......... 84% 9.26M 0s
[23.902s]   3450K .......... .......... .......... .......... .......... 85% 7.97M 0s
[23.908s]   3500K .......... .......... .......... .......... .......... 86% 10.7M 0s
[23.912s]   3550K .......... .......... .......... .......... .......... 87% 9.08M 0s
[23.916s]   3600K .......... .......... .......... .......... .......... 89% 11.2M 0s
[23.923s]   3650K .......... .......... .......... .......... .......... 90% 9.56M 0s
[23.927s]   3700K .......... .......... .......... .......... .......... 91% 10.4M 0s
[23.931s]   3750K .......... .......... .......... .......... .......... 92% 9.57M 0s
[23.936s]   3800K .......... .......... .......... .......... .......... 93% 10.3M 0s
[23.940s]   3850K .......... .......... .......... .......... .......... 95% 11.4M 0s
[23.946s]   3900K .......... .......... .......... .......... .......... 96% 10.0M 0s
[23.950s]   3950K .......... .......... .......... .......... .......... 97% 10.4M 0s
[23.955s]   4000K .......... .......... .......... .......... .......... 98% 12.1M 0s
[23.958s]   4050K .......... .......... .......... .......... ......    100% 13.9M=0.7s
[23.959s] 
[23.961s] 2023-01-15 17:55:28 (6.15 MB/s) - ‘/home/sebas/mbehu_restored_ws/build/multirobot_map_merge/map00.pgm’ saved [4194362/4194362]
[23.961s] 
[23.962s] Checking MD5 sum of /home/sebas/mbehu_restored_ws/build/multirobot_map_merge/map00.pgm
[23.997s] /home/sebas/mbehu_restored_ws/build/multirobot_map_merge/map00.pgm: OK
[24.020s] --2023-01-15 17:55:28--  https://raw.githubusercontent.com/hrnr/m-explore-extra/master/map_merge/hector_maps/map05.pgm
[24.028s] Resolving raw.githubusercontent.com (raw.githubusercontent.com)... 185.199.110.133, 185.199.108.133, 185.199.111.133, ...
[24.067s] Connecting to raw.githubusercontent.com (raw.githubusercontent.com)|185.199.110.133|:443... connected.
[24.812s] HTTP request sent, awaiting response... 200 OK
[24.813s] Length: 4194362 (4.0M) [application/octet-stream]
[24.813s] Saving to: ‘/home/sebas/mbehu_restored_ws/build/multirobot_map_merge/map05.pgm’
[24.815s] 
[24.861s]      0K .......... .......... .......... .......... ..........  1% 1.01M 4s
[24.885s]     50K .......... .......... .......... .......... ..........  2% 1.97M 3s
[24.903s]    100K .......... .......... .......... .......... ..........  3% 2.93M 2s
[24.913s]    150K .......... .......... .......... .......... ..........  4% 4.98M 2s
[24.923s]    200K .......... .......... .......... .......... ..........  6% 4.94M 2s
[24.935s]    250K .......... .......... .......... .......... ..........  7% 3.85M 2s
[24.946s]    300K .......... .......... .......... .......... ..........  8% 4.43M 1s
[24.959s]    350K .......... .......... .......... .......... ..........  9% 4.29M 1s
[24.968s]    400K .......... .......... .......... .......... .......... 10% 5.44M 1s
[24.976s]    450K .......... .......... .......... .......... .......... 12% 4.87M 1s
[24.988s]    500K .......... .......... .......... .......... .......... 13% 4.46M 1s
[25.003s]    550K .......... .......... .......... .......... .......... 14% 3.74M 1s
[25.021s]    600K .......... .......... .......... .......... .......... 15% 3.49M 1s
[25.036s]    650K .......... .......... .......... .......... .......... 17% 3.91M 1s
[25.045s]    700K .......... .......... .......... .......... .......... 18% 4.19M 1s
[25.058s]    750K .......... .......... .......... .......... .......... 19% 4.11M 1s
[25.070s]    800K .......... .......... .......... .......... .......... 20% 3.66M 1s
[25.080s]    850K .......... .......... .......... .......... .......... 21% 3.63M 1s
[25.093s]    900K .......... .......... .......... .......... .......... 23% 4.19M 1s
[25.109s]    950K .......... .......... .......... .......... .......... 24% 4.03M 1s
[25.117s]   1000K .......... .......... .......... .......... .......... 25% 4.42M 1s
[25.126s]   1050K .......... .......... .......... .......... .......... 26% 5.02M 1s
[25.129s]   1100K .......... .......... .......... .......... .......... 28% 5.54M 1s
[25.138s]   1150K .......... .......... .......... .......... .......... 29% 5.95M 1s
[25.148s]   1200K .......... .......... .......... .......... .......... 30% 5.28M 1s
[25.155s]   1250K .......... .......... .......... .......... .......... 31% 6.06M 1s
[25.160s]   1300K .......... .......... .......... .......... .......... 32% 9.31M 1s
[25.165s]   1350K .......... .......... .......... .......... .......... 34% 9.30M 1s
[25.172s]   1400K .......... .......... .......... .......... .......... 35% 11.2M 1s
[25.175s]   1450K .......... .......... .......... .......... .......... 36% 8.37M 1s
[25.181s]   1500K .......... .......... .......... .......... .......... 37% 8.38M 1s
[25.187s]   1550K .......... .......... .......... .......... .......... 39% 8.45M 1s
[25.192s]   1600K .......... .......... .......... .......... .......... 40% 11.6M 1s
[25.198s]   1650K .......... .......... .......... .......... .......... 41% 10.3M 1s
[25.203s]   1700K .......... .......... .......... .......... .......... 42% 7.69M 1s
[25.208s]   1750K .......... .......... .......... .......... .......... 43% 9.49M 1s
[25.213s]   1800K .......... .......... .......... .......... .......... 45% 9.26M 0s
[25.217s]   1850K .......... .......... .......... .......... .......... 46% 10.6M 0s
[25.222s]   1900K .......... .......... .......... .......... .......... 47% 10.7M 0s
[25.227s]   1950K .......... .......... .......... .......... .......... 48% 9.35M 0s
[25.232s]   2000K .......... .......... .......... .......... .......... 50% 10.0M 0s
[25.236s]   2050K .......... .......... .......... .......... .......... 51% 10.3M 0s
[25.241s]   2100K .......... .......... .......... .......... .......... 52% 10.6M 0s
[25.246s]   2150K .......... .......... .......... .......... .......... 53% 10.5M 0s
[25.252s]   2200K .......... .......... .......... .......... .......... 54% 11.0M 0s
[25.257s]   2250K .......... .......... .......... .......... .......... 56% 7.86M 0s
[25.263s]   2300K .......... .......... .......... .......... .......... 57% 8.54M 0s
[25.268s]   2350K .......... .......... .......... .......... .......... 58% 9.42M 0s
[25.274s]   2400K .......... .......... .......... .......... .......... 59% 9.68M 0s
[25.279s]   2450K .......... .......... .......... .......... .......... 61% 9.25M 0s
[25.284s]   2500K .......... .......... .......... .......... .......... 62% 8.88M 0s
[25.289s]   2550K .......... .......... .......... .......... .......... 63% 9.29M 0s
[25.295s]   2600K .......... .......... .......... .......... .......... 64% 9.85M 0s
[25.300s]   2650K .......... .......... .......... .......... .......... 65% 8.42M 0s
[25.305s]   2700K .......... .......... .......... .......... .......... 67% 10.5M 0s
[25.309s]   2750K .......... .......... .......... .......... .......... 68% 10.3M 0s
[25.314s]   2800K .......... .......... .......... .......... .......... 69% 9.28M 0s
[25.319s]   2850K .......... .......... .......... .......... .......... 70% 10.9M 0s
[25.323s]   2900K .......... .......... .......... .......... .......... 72% 11.6M 0s
[25.327s]   2950K .......... .......... .......... .......... .......... 73% 13.1M 0s
[25.331s]   3000K .......... .......... .......... .......... .......... 74% 13.5M 0s
[25.335s]   3050K .......... .......... .......... .......... .......... 75% 9.35M 0s
[25.339s]   3100K .......... .......... .......... .......... .......... 76% 12.2M 0s
[25.344s]   3150K .......... .......... .......... .......... .......... 78% 12.4M 0s
[25.354s]   3200K .......... .......... .......... .......... .......... 79% 8.50M 0s
[25.359s]   3250K .......... .......... .......... .......... .......... 80% 6.85M 0s
[25.364s]   3300K .......... .......... .......... .......... .......... 81% 7.69M 0s
[25.376s]   3350K .......... .......... .......... .......... .......... 83% 8.08M 0s
[25.379s]   3400K .......... .......... .......... .......... .......... 84% 8.28M 0s
[25.385s]   3450K .......... .......... .......... .......... .......... 85% 6.00M 0s
[25.392s]   3500K .......... .......... .......... .......... .......... 86% 7.07M 0s
[25.402s]   3550K .......... .......... .......... .......... .......... 87% 7.91M 0s
[25.405s]   3600K .......... .......... .......... .......... .......... 89% 7.90M 0s
[25.411s]   3650K .......... .......... .......... .......... .......... 90% 7.83M 0s
[25.418s]   3700K .......... .......... .......... .......... .......... 91% 7.48M 0s
[25.422s]   3750K .......... .......... .......... .......... .......... 92% 9.25M 0s
[25.427s]   3800K .......... .......... .......... .......... .......... 93% 8.34M 0s
[25.437s]   3850K .......... .......... .......... .......... .......... 95% 6.34M 0s
[25.441s]   3900K .......... .......... .......... .......... .......... 96% 6.49M 0s
[25.446s]   3950K .......... .......... .......... .......... .......... 97% 10.5M 0s
[25.458s]   4000K .......... .......... .......... .......... .......... 98% 7.54M 0s
[25.460s]   4050K .......... .......... .......... .......... ......    100% 6.90M=0.6s
[25.461s] 
[25.462s] 2023-01-15 17:55:29 (6.18 MB/s) - ‘/home/sebas/mbehu_restored_ws/build/multirobot_map_merge/map05.pgm’ saved [4194362/4194362]
[25.463s] 
[25.463s] Checking MD5 sum of /home/sebas/mbehu_restored_ws/build/multirobot_map_merge/map05.pgm
[25.495s] /home/sebas/mbehu_restored_ws/build/multirobot_map_merge/map05.pgm: OK
[25.520s] --2023-01-15 17:55:29--  https://raw.githubusercontent.com/hrnr/m-explore-extra/master/map_merge/gmapping_maps/2011-08-09-12-22-52.pgm
[25.533s] Resolving raw.githubusercontent.com (raw.githubusercontent.com)... 185.199.110.133, 185.199.108.133, 185.199.111.133, ...
[25.573s] Connecting to raw.githubusercontent.com (raw.githubusercontent.com)|185.199.110.133|:443... connected.
[27.193s] HTTP request sent, awaiting response... 200 OK
[27.194s] Length: 16000058 (15M) [text/plain]
[27.195s] Saving to: ‘/home/sebas/mbehu_restored_ws/build/multirobot_map_merge/2011-08-09-12-22-52.pgm’
[27.197s] 
[27.243s]      0K .......... .......... .......... .......... ..........  0% 1002K 16s
[27.280s]     50K .......... .......... .......... .......... ..........  0% 1.37M 13s
[27.306s]    100K .......... .......... .......... .......... ..........  0% 1.90M 11s
[27.345s]    150K .......... .......... .......... .......... ..........  1% 1.23M 12s
[27.355s]    200K .......... .......... .......... .......... ..........  1% 7.86M 10s
[27.356s]    250K .......... .......... .......... .......... ..........  1% 12.0M 8s
[27.389s]    300K .......... .......... .......... .......... ..........  2% 1.45M 9s
[27.396s]    350K .......... .......... .......... .......... ..........  2% 8.39M 8s
[27.404s]    400K .......... .......... .......... .......... ..........  2% 6.20M 7s
[27.409s]    450K .......... .......... .......... .......... ..........  3% 8.51M 6s
[27.413s]    500K .......... .......... .......... .......... ..........  3% 9.65M 6s
[27.421s]    550K .......... .......... .......... .......... ..........  3% 11.7M 6s
[27.423s]    600K .......... .......... .......... .......... ..........  4% 8.05M 5s
[27.430s]    650K .......... .......... .......... .......... ..........  4% 8.21M 5s
[27.435s]    700K .......... .......... .......... .......... ..........  4% 8.78M 5s
[27.444s]    750K .......... .......... .......... .......... ..........  5% 9.25M 5s
[27.450s]    800K .......... .......... .......... .......... ..........  5% 7.99M 4s
[27.455s]    850K .......... .......... .......... .......... ..........  5% 10.0M 4s
[27.462s]    900K .......... .......... .......... .......... ..........  6% 10.7M 4s
[27.465s]    950K .......... .......... .......... .......... ..........  6% 10.7M 4s
[27.472s]   1000K .......... .......... .......... .......... ..........  6% 9.65M 4s
[27.477s]   1050K .......... .......... .......... .......... ..........  7% 11.2M 4s
[27.481s]   1100K .......... .......... .......... .......... ..........  7% 11.3M 4s
[27.487s]   1150K .......... .......... .......... .......... ..........  7% 10.6M 3s
[27.490s]   1200K .......... .......... .......... .......... ..........  7% 8.49M 3s
[27.494s]   1250K .......... .......... .......... .......... ..........  8% 10.5M 3s
[27.497s]   1300K .......... .......... .......... .......... ..........  8% 9.95M 3s
[27.501s]   1350K .......... .......... .......... .......... ..........  8% 10.3M 3s
[27.515s]   1400K .......... .......... .......... .......... ..........  9% 6.12M 3s
[27.519s]   1450K .......... .......... .......... .......... ..........  9% 6.01M 3s
[27.525s]   1500K .......... .......... .......... .......... ..........  9% 6.36M 3s
[27.536s]   1550K .......... .......... .......... .......... .......... 10% 5.51M 3s
[27.543s]   1600K .......... .......... .......... .......... .......... 10% 4.89M 3s
[27.549s]   1650K .......... .......... .......... .......... .......... 10% 7.23M 3s
[27.560s]   1700K .......... .......... .......... .......... .......... 11% 6.34M 3s
[27.568s]   1750K .......... .......... .......... .......... .......... 11% 5.43M 3s
[27.576s]   1800K .......... .......... .......... .......... .......... 11% 5.59M 3s
[27.584s]   1850K .......... .......... .......... .......... .......... 12% 5.78M 3s
[27.593s]   1900K .......... .......... .......... .......... .......... 12% 5.80M 3s
[27.605s]   1950K .......... .......... .......... .......... .......... 12% 5.05M 3s
[27.613s]   2000K .......... .......... .......... .......... .......... 13% 4.94M 3s
[27.623s]   2050K .......... .......... .......... .......... .......... 13% 5.66M 3s
[27.633s]   2100K .......... .......... .......... .......... .......... 13% 5.89M 3s
[27.640s]   2150K .......... .......... .......... .......... .......... 14% 5.30M 3s
[27.648s]   2200K .......... .......... .......... .......... .......... 14% 5.21M 3s
[27.657s]   2250K .......... .......... .......... .......... .......... 14% 5.71M 3s
[27.665s]   2300K .......... .......... .......... .......... .......... 15% 5.76M 3s
[27.677s]   2350K .......... .......... .......... .......... .......... 15% 5.63M 3s
[27.685s]   2400K .......... .......... .......... .......... .......... 15% 4.73M 3s
[27.694s]   2450K .......... .......... .......... .......... .......... 15% 5.77M 3s
[27.702s]   2500K .......... .......... .......... .......... .......... 16% 5.74M 3s
[27.711s]   2550K .......... .......... .......... .......... .......... 16% 5.72M 3s
[27.719s]   2600K .......... .......... .......... .......... .......... 16% 5.32M 3s
[27.727s]   2650K .......... .......... .......... .......... .......... 17% 5.96M 3s
[27.736s]   2700K .......... .......... .......... .......... .......... 17% 5.73M 3s
[27.748s]   2750K .......... .......... .......... .......... .......... 17% 5.36M 3s
[27.756s]   2800K .......... .......... .......... .......... .......... 18% 4.62M 3s
[27.764s]   2850K .......... .......... .......... .......... .......... 18% 5.76M 2s
[27.774s]   2900K .......... .......... .......... .......... .......... 18% 5.73M 2s
[27.783s]   2950K .......... .......... .......... .......... .......... 19% 5.40M 2s
[27.791s]   3000K .......... .......... .......... .......... .......... 19% 5.17M 2s
[27.799s]   3050K .......... .......... .......... .......... .......... 19% 5.60M 2s
[27.808s]   3100K .......... .......... .......... .......... .......... 20% 5.94M 2s
[27.818s]   3150K .......... .......... .......... .......... .......... 20% 5.52M 2s
[27.827s]   3200K .......... .......... .......... .......... .......... 20% 4.86M 2s
[27.836s]   3250K .......... .......... .......... .......... .......... 21% 5.79M 2s
[27.844s]   3300K .......... .......... .......... .......... .......... 21% 5.62M 2s
[27.854s]   3350K .......... .......... .......... .......... .......... 21% 5.88M 2s
[27.863s]   3400K .......... .......... .......... .......... .......... 22% 4.67M 2s
[27.871s]   3450K .......... .......... .......... .......... .......... 22% 5.88M 2s
[27.884s]   3500K .......... .......... .......... .......... .......... 22% 5.67M 2s
[27.891s]   3550K .......... .......... .......... .......... .......... 23% 5.68M 2s
[27.899s]   3600K .......... .......... .......... .......... .......... 23% 4.78M 2s
[27.905s]   3650K .......... .......... .......... .......... .......... 23% 6.23M 2s
[27.914s]   3700K .......... .......... .......... .......... .......... 23% 6.76M 2s
[27.921s]   3750K .......... .......... .......... .......... .......... 24% 5.99M 2s
[27.929s]   3800K .......... .......... .......... .......... .......... 24% 6.15M 2s
[27.938s]   3850K .......... .......... .......... .......... .......... 24% 5.64M 2s
[27.946s]   3900K .......... .......... .......... .......... .......... 25% 5.83M 2s
[27.956s]   3950K .......... .......... .......... .......... .......... 25% 5.80M 2s
[27.965s]   4000K .......... .......... .......... .......... .......... 25% 5.04M 2s
[27.972s]   4050K .......... .......... .......... .......... .......... 26% 6.07M 2s
[27.984s]   4100K .......... .......... .......... .......... .......... 26% 5.97M 2s
[27.990s]   4150K .......... .......... .......... .......... .......... 26% 5.82M 2s
[27.999s]   4200K .......... .......... .......... .......... .......... 27% 5.27M 2s
[28.007s]   4250K .......... .......... .......... .......... .......... 27% 5.67M 2s
[28.015s]   4300K .......... .......... .......... .......... .......... 27% 5.94M 2s
[28.026s]   4350K .......... .......... .......... .......... .......... 28% 5.76M 2s
[28.033s]   4400K .......... .......... .......... .......... .......... 28% 4.74M 2s
[28.043s]   4450K .......... .......... .......... .......... .......... 28% 5.75M 2s
[28.052s]   4500K .......... .......... .......... .......... .......... 29% 5.80M 2s
[28.061s]   4550K .......... .......... .......... .......... .......... 29% 5.54M 2s
[28.069s]   4600K .......... .......... .......... .......... .......... 29% 5.15M 2s
[28.078s]   4650K .......... .......... .......... .......... .......... 30% 5.67M 2s
[28.092s]   4700K .......... .......... .......... .......... .......... 30% 5.71M 2s
[28.097s]   4750K .......... .......... .......... .......... .......... 30% 5.78M 2s
[28.106s]   4800K .......... .......... .......... .......... .......... 31% 4.69M 2s
[28.112s]   4850K .......... .......... .......... .......... .......... 31% 6.33M 2s
[28.120s]   4900K .......... .......... .......... .......... .......... 31% 6.98M 2s
[28.129s]   4950K .......... .......... .......... .......... .......... 31% 5.81M 2s
[28.138s]   5000K .......... .......... .......... .......... .......... 32% 5.16M 2s
[28.146s]   5050K .......... .......... .......... .......... .......... 32% 5.90M 2s
[28.155s]   5100K .......... .......... .......... .......... .......... 32% 5.63M 2s
[28.163s]   5150K .......... .......... .......... .......... .......... 33% 6.21M 2s
[28.170s]   5200K .......... .......... .......... .......... .......... 33% 5.62M 2s
[28.179s]   5250K .......... .......... .......... .......... .......... 33% 7.26M 2s
[28.187s]   5300K .......... .......... .......... .......... .......... 34% 5.76M 2s
[28.196s]   5350K .......... .......... .......... .......... .......... 34% 5.89M 2s
[28.205s]   5400K .......... .......... .......... .......... .......... 34% 5.42M 2s
[28.212s]   5450K .......... .......... .......... .......... .......... 35% 6.00M 2s
[28.219s]   5500K .......... .......... .......... .......... .......... 35% 6.44M 2s
[28.227s]   5550K .......... .......... .......... .......... .......... 35% 7.20M 2s
[28.237s]   5600K .......... .......... .......... .......... .......... 36% 5.17M 2s
[28.245s]   5650K .......... .......... .......... .......... .......... 36% 5.68M 2s
[28.254s]   5700K .......... .......... .......... .......... .......... 36% 5.95M 2s
[28.261s]   5750K .......... .......... .......... .......... .......... 37% 5.82M 2s
[28.268s]   5800K .......... .......... .......... .......... .......... 37% 6.23M 2s
[28.277s]   5850K .......... .......... .......... .......... .......... 37% 6.28M 2s
[28.288s]   5900K .......... .......... .......... .......... .......... 38% 5.79M 2s
[28.295s]   5950K .......... .......... .......... .......... .......... 38% 6.04M 2s
[28.302s]   6000K .......... .......... .......... .......... .......... 38% 4.86M 2s
[28.311s]   6050K .......... .......... .......... .......... .......... 39% 6.23M 2s
[28.319s]   6100K .......... .......... .......... .......... .......... 39% 6.41M 2s
[28.328s]   6150K .......... .......... .......... .......... .......... 39% 5.71M 2s
[28.336s]   6200K .......... .......... .......... .......... .......... 39% 5.48M 2s
[28.344s]   6250K .......... .......... .......... .......... .......... 40% 5.96M 2s
[28.352s]   6300K .......... .......... .......... .......... .......... 40% 6.20M 2s
[28.362s]   6350K .......... .......... .......... .......... .......... 40% 6.17M 2s
[28.371s]   6400K .......... .......... .......... .......... .......... 41% 4.94M 2s
[28.379s]   6450K .......... .......... .......... .......... .......... 41% 5.85M 2s
[28.387s]   6500K .......... .......... .......... .......... .......... 41% 5.72M 2s
[28.396s]   6550K .......... .......... .......... .......... .......... 42% 6.40M 2s
[28.402s]   6600K .......... .......... .......... .......... .......... 42% 5.66M 2s
[28.412s]   6650K .......... .......... .......... .......... .......... 42% 5.86M 2s
[28.419s]   6700K .......... .......... .......... .......... .......... 43% 5.85M 2s
[28.429s]   6750K .......... .......... .......... .......... .......... 43% 6.57M 2s
[28.437s]   6800K .......... .......... .......... .......... .......... 43% 5.43M 2s
[28.446s]   6850K .......... .......... .......... .......... .......... 44% 5.79M 2s
[28.454s]   6900K .......... .......... .......... .......... .......... 44% 5.74M 2s
[28.463s]   6950K .......... .......... .......... .......... .......... 44% 5.93M 2s
[28.471s]   7000K .......... .......... .......... .......... .......... 45% 5.33M 2s
[28.477s]   7050K .......... .......... .......... .......... .......... 45% 7.32M 2s
[28.483s]   7100K .......... .......... .......... .......... .......... 45% 7.25M 2s
[28.495s]   7150K .......... .......... .......... .......... .......... 46% 6.58M 2s
[28.503s]   7200K .......... .......... .......... .......... .......... 46% 4.75M 2s
[28.511s]   7250K .......... .......... .......... .......... .......... 46% 5.73M 1s
[28.525s]   7300K .......... .......... .......... .......... .......... 47% 5.32M 1s
[28.534s]   7350K .......... .......... .......... .......... .......... 47% 4.37M 1s
[28.548s]   7400K .......... .......... .......... .......... .......... 47% 3.71M 1s
[28.558s]   7450K .......... .......... .......... .......... .......... 47% 3.89M 1s
[28.574s]   7500K .......... .......... .......... .......... .......... 48% 3.12M 1s
[28.584s]   7550K .......... .......... .......... .......... .......... 48% 5.54M 1s
[28.597s]   7600K .......... .......... .......... .......... .......... 48% 2.95M 1s
[28.607s]   7650K .......... .......... .......... .......... .......... 49% 4.30M 1s
[28.612s]   7700K .......... .......... .......... .......... .......... 49% 7.80M 1s
[28.619s]   7750K .......... .......... .......... .......... .......... 49% 9.36M 1s
[28.629s]   7800K .......... .......... .......... .......... .......... 50% 4.94M 1s
[28.635s]   7850K .......... .......... .......... .......... .......... 50% 6.53M 1s
[28.640s]   7900K .......... .......... .......... .......... .......... 50% 9.31M 1s
[28.650s]   7950K .......... .......... .......... .......... .......... 51% 7.33M 1s
[28.657s]   8000K .......... .......... .......... .......... .......... 51% 4.62M 1s
[28.664s]   8050K .......... .......... .......... .......... .......... 51% 8.60M 1s
[28.668s]   8100K .......... .......... .......... .......... .......... 52% 9.09M 1s
[28.675s]   8150K .......... .......... .......... .......... .......... 52% 9.75M 1s
[28.680s]   8200K .......... .......... .......... .......... .......... 52% 7.01M 1s
[28.685s]   8250K .......... .......... .......... .......... .......... 53% 12.2M 1s
[28.696s]   8300K .......... .......... .......... .......... .......... 53% 10.1M 1s
[28.698s]   8350K .......... .......... .......... .......... .......... 53% 6.54M 1s
[28.704s]   8400K .......... .......... .......... .......... .......... 54% 6.53M 1s
[28.708s]   8450K .......... .......... .......... .......... .......... 54% 11.6M 1s
[28.712s]   8500K .......... .......... .......... .......... .......... 54% 12.2M 1s
[28.716s]   8550K .......... .......... .......... .......... .......... 55% 12.7M 1s
[28.720s]   8600K .......... .......... .......... .......... .......... 55% 10.5M 1s
[28.725s]   8650K .......... .......... .......... .......... .......... 55% 10.3M 1s
[28.729s]   8700K .......... .......... .......... .......... .......... 55% 11.3M 1s
[28.735s]   8750K .......... .......... .......... .......... .......... 56% 11.7M 1s
[28.738s]   8800K .......... .......... .......... .......... .......... 56% 10.0M 1s
[28.743s]   8850K .......... .......... .......... .......... .......... 56% 10.6M 1s
[28.748s]   8900K .......... .......... .......... .......... .......... 57% 10.5M 1s
[28.753s]   8950K .......... .......... .......... .......... .......... 57% 10.8M 1s
[28.757s]   9000K .......... .......... .......... .......... .......... 57% 9.60M 1s
[28.761s]   9050K .......... .......... .......... .......... .......... 58% 11.5M 1s
[28.766s]   9100K .......... .......... .......... .......... .......... 58% 11.7M 1s
[28.772s]   9150K .......... .......... .......... .......... .......... 58% 10.9M 1s
[28.777s]   9200K .......... .......... .......... .......... .......... 59% 7.85M 1s
[28.781s]   9250K .......... .......... .......... .......... .......... 59% 11.3M 1s
[28.786s]   9300K .......... .......... .......... .......... .......... 59% 11.6M 1s
[28.791s]   9350K .......... .......... .......... .......... .......... 60% 9.24M 1s
[28.795s]   9400K .......... .......... .......... .......... .......... 60% 10.3M 1s
[28.799s]   9450K .......... .......... .......... .......... .......... 60% 11.1M 1s
[28.804s]   9500K .......... .......... .......... .......... .......... 61% 11.0M 1s
[28.810s]   9550K .......... .......... .......... .......... .......... 61% 9.66M 1s
[28.816s]   9600K .......... .......... .......... .......... .......... 61% 8.54M 1s
[28.819s]   9650K .......... .......... .......... .......... .......... 62% 10.6M 1s
[28.824s]   9700K .......... .......... .......... .......... .......... 62% 10.4M 1s
[28.829s]   9750K .......... .......... .......... .......... .......... 62% 9.74M 1s
[28.834s]   9800K .......... .......... .......... .......... .......... 63% 10.0M 1s
[28.838s]   9850K .......... .......... .......... .......... .......... 63% 10.4M 1s
[28.844s]   9900K .......... .......... .......... .......... .......... 63% 11.1M 1s
[28.866s]   9950K .......... .......... .......... .......... .......... 63% 10.2M 1s
[28.879s]  10000K .......... .......... .......... .......... .......... 64% 8.48M 1s
[28.885s]  10050K .......... .......... .......... .......... .......... 64% 12.1M 1s
[28.889s]  10100K .......... .......... .......... .......... .......... 64% 11.1M 1s
[28.896s]  10150K .......... .......... .......... .......... .......... 65% 7.06M 1s
[28.903s]  10200K .......... .......... .......... .......... .......... 65% 10.7M 1s
[28.908s]  10250K .......... .......... .......... .......... .......... 65% 9.43M 1s
[28.915s]  10300K .......... .......... .......... .......... .......... 66% 5.44M 1s
[28.929s]  10350K .......... .......... .......... .......... .......... 66% 3.92M 1s
[28.937s]  10400K .......... .......... .......... .......... .......... 66% 4.97M 1s
[28.941s]  10450K .......... .......... .......... .......... .......... 67% 5.95M 1s
[28.943s]  10500K .......... .......... .......... .......... .......... 67% 7.80M 1s
[28.946s]  10550K .......... .......... .......... .......... .......... 67% 11.1M 1s
[28.947s]  10600K .......... .......... .......... .......... .......... 68% 6.50M 1s
[28.948s]  10650K .......... .......... .......... .......... .......... 68% 5.17M 1s
[28.955s]  10700K .......... .......... .......... .......... .......... 68% 6.99M 1s
[28.968s]  10750K .......... .......... .......... .......... .......... 69% 7.54M 1s
[28.976s]  10800K .......... .......... .......... .......... .......... 69% 3.79M 1s
[28.981s]  10850K .......... .......... .......... .......... .......... 69% 6.88M 1s
[28.988s]  10900K .......... .......... .......... .......... .......... 70% 7.44M 1s
[28.994s]  10950K .......... .......... .......... .......... .......... 70% 8.79M 1s
[29.000s]  11000K .......... .......... .......... .......... .......... 70% 6.86M 1s
[29.008s]  11050K .......... .......... .......... .......... .......... 71% 7.63M 1s
[29.015s]  11100K .......... .......... .......... .......... .......... 71% 7.19M 1s
[29.024s]  11150K .......... .......... .......... .......... .......... 71% 7.05M 1s
[29.029s]  11200K .......... .......... .......... .......... .......... 71% 5.70M 1s
[29.039s]  11250K .......... .......... .......... .......... .......... 72% 7.25M 1s
[29.050s]  11300K .......... .......... .......... .......... .......... 72% 6.80M 1s
[29.062s]  11350K .......... .......... .......... .......... .......... 72% 6.35M 1s
[29.067s]  11400K .......... .......... .......... .......... .......... 73% 5.68M 1s
[29.070s]  11450K .......... .......... .......... .......... .......... 73% 6.29M 1s
[29.078s]  11500K .......... .......... .......... .......... .......... 73% 6.60M 1s
[29.079s]  11550K .......... .......... .......... .......... .......... 74% 11.7M 1s
[29.089s]  11600K .......... .......... .......... .......... .......... 74% 4.66M 1s
[29.098s]  11650K .......... .......... .......... .......... .......... 74% 4.58M 1s
[29.106s]  11700K .......... .......... .......... .......... .......... 75% 6.25M 1s
[29.113s]  11750K .......... .......... .......... .......... .......... 75% 6.81M 1s
[29.118s]  11800K .......... .......... .......... .......... .......... 75% 10.5M 1s
[29.121s]  11850K .......... .......... .......... .......... .......... 76% 12.7M 1s
[29.127s]  11900K .......... .......... .......... .......... .......... 76% 12.6M 1s
[29.132s]  11950K .......... .......... .......... .......... .......... 76% 11.9M 1s
[29.137s]  12000K .......... .......... .......... .......... .......... 77% 7.88M 1s
[29.143s]  12050K .......... .......... .......... .......... .......... 77% 10.9M 1s
[29.150s]  12100K .......... .......... .......... .......... .......... 77% 8.55M 1s
[29.152s]  12150K .......... .......... .......... .......... .......... 78% 7.61M 1s
[29.156s]  12200K .......... .......... .......... .......... .......... 78% 13.2M 1s
[29.160s]  12250K .......... .......... .......... .......... .......... 78% 13.1M 1s
[29.164s]  12300K .......... .......... .......... .......... .......... 79% 12.5M 1s
[29.168s]  12350K .......... .......... .......... .......... .......... 79% 11.5M 1s
[29.174s]  12400K .......... .......... .......... .......... .......... 79% 8.51M 1s
[29.181s]  12450K .......... .......... .......... .......... .......... 79% 11.3M 0s
[29.184s]  12500K .......... .......... .......... .......... .......... 80% 10.5M 0s
[29.192s]  12550K .......... .......... .......... .......... .......... 80% 8.30M 0s
[29.195s]  12600K .......... .......... .......... .......... .......... 80% 6.90M 0s
[29.200s]  12650K .......... .......... .......... .......... .......... 81% 10.9M 0s
[29.205s]  12700K .......... .......... .......... .......... .......... 81% 9.86M 0s
[29.210s]  12750K .......... .......... .......... .......... .......... 81% 10.8M 0s
[29.214s]  12800K .......... .......... .......... .......... .......... 82% 9.43M 0s
[29.218s]  12850K .......... .......... .......... .......... .......... 82% 12.0M 0s
[29.223s]  12900K .......... .......... .......... .......... .......... 82% 12.6M 0s
[29.227s]  12950K .......... .......... .......... .......... .......... 83% 10.7M 0s
[29.232s]  13000K .......... .......... .......... .......... .......... 83% 8.99M 0s
[29.237s]  13050K .......... .......... .......... .......... .......... 83% 10.4M 0s
[29.241s]  13100K .......... .......... .......... .......... .......... 84% 11.3M 0s
[29.247s]  13150K .......... .......... .......... .......... .......... 84% 11.0M 0s
[29.252s]  13200K .......... .......... .......... .......... .......... 84% 8.20M 0s
[29.256s]  13250K .......... .......... .......... .......... .......... 85% 11.0M 0s
[29.261s]  13300K .......... .......... .......... .......... .......... 85% 10.9M 0s
[29.265s]  13350K .......... .......... .......... .......... .......... 85% 10.5M 0s
[29.269s]  13400K .......... .......... .......... .......... .......... 86% 11.3M 0s
[29.282s]  13450K .......... .......... .......... .......... .......... 86% 11.0M 0s
[29.283s]  13500K .......... .......... .......... .......... .......... 86% 13.0M 0s
[29.284s]  13550K .......... .......... .......... .......... .......... 87% 10.6M 0s
[29.289s]  13600K .......... .......... .......... .......... .......... 87% 7.93M 0s
[29.293s]  13650K .......... .......... .......... .......... .......... 87% 10.5M 0s
[29.299s]  13700K .......... .......... .......... .......... .......... 87% 9.78M 0s
[29.304s]  13750K .......... .......... .......... .......... .......... 88% 10.1M 0s
[29.309s]  13800K .......... .......... .......... .......... .......... 88% 8.84M 0s
[29.314s]  13850K .......... .......... .......... .......... .......... 88% 10.1M 0s
[29.319s]  13900K .......... .......... .......... .......... .......... 89% 9.67M 0s
[29.325s]  13950K .......... .......... .......... .......... .......... 89% 10.4M 0s
[29.330s]  14000K .......... .......... .......... .......... .......... 89% 7.38M 0s
[29.335s]  14050K .......... .......... .......... .......... .......... 90% 10.3M 0s
[29.343s]  14100K .......... .......... .......... .......... .......... 90% 10.8M 0s
[29.344s]  14150K .......... .......... .......... .......... .......... 90% 14.2M 0s
[29.347s]  14200K .......... .......... .......... .......... .......... 91% 10.5M 0s
[29.351s]  14250K .......... .......... .......... .......... .......... 91% 11.3M 0s
[29.356s]  14300K .......... .......... .......... .......... .......... 91% 10.8M 0s
[29.362s]  14350K .......... .......... .......... .......... .......... 92% 11.3M 0s
[29.366s]  14400K .......... .......... .......... .......... .......... 92% 8.82M 0s
[29.371s]  14450K .......... .......... .......... .......... .......... 92% 9.98M 0s
[29.375s]  14500K .......... .......... .......... .......... .......... 93% 12.6M 0s
[29.379s]  14550K .......... .......... .......... .......... .......... 93% 10.3M 0s
[29.384s]  14600K .......... .......... .......... .......... .......... 93% 11.1M 0s
[29.388s]  14650K .......... .......... .......... .......... .......... 94% 10.4M 0s
[29.394s]  14700K .......... .......... .......... .......... .......... 94% 12.0M 0s
[29.399s]  14750K .......... .......... .......... .......... .......... 94% 9.23M 0s
[29.404s]  14800K .......... .......... .......... .......... .......... 95% 9.23M 0s
[29.415s]  14850K .......... .......... .......... .......... .......... 95% 11.9M 0s
[29.417s]  14900K .......... .......... .......... .......... .......... 95% 13.9M 0s
[29.418s]  14950K .......... .......... .......... .......... .......... 95% 14.2M 0s
[29.420s]  15000K .......... .......... .......... .......... .......... 96% 9.77M 0s
[29.423s]  15050K .......... .......... .......... .......... .......... 96% 11.8M 0s
[29.428s]  15100K .......... .......... .......... .......... .......... 96% 11.6M 0s
[29.434s]  15150K .......... .......... .......... .......... .......... 97% 10.0M 0s
[29.437s]  15200K .......... .......... .......... .......... .......... 97% 9.58M 0s
[29.442s]  15250K .......... .......... .......... .......... .......... 97% 12.0M 0s
[29.446s]  15300K .......... .......... .......... .......... .......... 98% 10.3M 0s
[29.451s]  15350K .......... .......... .......... .......... .......... 98% 10.9M 0s
[29.455s]  15400K .......... .......... .......... .......... .......... 98% 10.4M 0s
[29.464s]  15450K .......... .......... .......... .......... .......... 99% 14.0M 0s
[29.465s]  15500K .......... .......... .......... .......... .......... 99% 14.2M 0s
[29.469s]  15550K .......... .......... .......... .......... .......... 99% 9.54M 0s
[29.470s]  15600K .......... .......... .....                           100% 8.87M=2.3s
[29.472s] 
[29.473s] 2023-01-15 17:55:33 (6.70 MB/s) - ‘/home/sebas/mbehu_restored_ws/build/multirobot_map_merge/2011-08-09-12-22-52.pgm’ saved [16000058/16000058]
[29.474s] 
[29.476s] Checking MD5 sum of /home/sebas/mbehu_restored_ws/build/multirobot_map_merge/2011-08-09-12-22-52.pgm
[29.562s] /home/sebas/mbehu_restored_ws/build/multirobot_map_merge/2011-08-09-12-22-52.pgm: OK
[29.588s] --2023-01-15 17:55:34--  https://raw.githubusercontent.com/hrnr/m-explore-extra/master/map_merge/gmapping_maps/2012-01-28-11-12-01.pgm
[29.598s] Resolving raw.githubusercontent.com (raw.githubusercontent.com)... 185.199.110.133, 185.199.108.133, 185.199.111.133, ...
[29.632s] Connecting to raw.githubusercontent.com (raw.githubusercontent.com)|185.199.110.133|:443... connected.
[30.712s] HTTP request sent, awaiting response... 200 OK
[30.712s] Length: 16000058 (15M) [text/plain]
[30.713s] Saving to: ‘/home/sebas/mbehu_restored_ws/build/multirobot_map_merge/2012-01-28-11-12-01.pgm’
[30.715s] 
[30.760s]      0K .......... .......... .......... .......... ..........  0% 1.03M 15s
[30.795s]     50K .......... .......... .......... .......... ..........  0% 1.36M 13s
[30.804s]    100K .......... .......... .......... .......... ..........  0% 5.41M 10s
[30.813s]    150K .......... .......... .......... .......... ..........  1% 4.91M 8s
[30.830s]    200K .......... .......... .......... .......... ..........  1% 3.03M 7s
[30.837s]    250K .......... .......... .......... .......... ..........  1% 8.31M 6s
[30.846s]    300K .......... .......... .......... .......... ..........  2% 8.42M 6s
[30.852s]    350K .......... .......... .......... .......... ..........  2% 6.80M 5s
[30.857s]    400K .......... .......... .......... .......... ..........  2% 9.58M 5s
[30.859s]    450K .......... .......... .......... .......... ..........  3% 10.2M 4s
[30.872s]    500K .......... .......... .......... .......... ..........  3% 4.50M 4s
[30.878s]    550K .......... .......... .......... .......... ..........  3% 6.93M 4s
[30.883s]    600K .......... .......... .......... .......... ..........  4% 8.64M 4s
[30.887s]    650K .......... .......... .......... .......... ..........  4% 9.67M 4s
[30.893s]    700K .......... .......... .......... .......... ..........  4% 8.76M 4s
[30.900s]    750K .......... .......... .......... .......... ..........  5% 7.34M 3s
[30.905s]    800K .......... .......... .......... .......... ..........  5% 9.27M 3s
[30.911s]    850K .......... .......... .......... .......... ..........  5% 8.79M 3s
[30.916s]    900K .......... .......... .......... .......... ..........  6% 8.11M 3s
[30.923s]    950K .......... .......... .......... .......... ..........  6% 9.68M 3s
[30.928s]   1000K .......... .......... .......... .......... ..........  6% 9.28M 3s
[30.932s]   1050K .......... .......... .......... .......... ..........  7% 9.75M 3s
[30.938s]   1100K .......... .......... .......... .......... ..........  7% 9.76M 3s
[30.943s]   1150K .......... .......... .......... .......... ..........  7% 7.79M 3s
[30.948s]   1200K .......... .......... .......... .......... ..........  7% 9.52M 3s
[30.953s]   1250K .......... .......... .......... .......... ..........  8% 9.70M 3s
[30.957s]   1300K .......... .......... .......... .......... ..........  8% 12.4M 3s
[30.971s]   1350K .......... .......... .......... .......... ..........  8% 3.53M 3s
[30.979s]   1400K .......... .......... .......... .......... ..........  9% 6.39M 3s
[30.984s]   1450K .......... .......... .......... .......... ..........  9% 8.73M 3s
[30.989s]   1500K .......... .......... .......... .......... ..........  9% 8.63M 3s
[30.996s]   1550K .......... .......... .......... .......... .......... 10% 6.96M 2s
[31.005s]   1600K .......... .......... .......... .......... .......... 10% 7.60M 2s
[31.009s]   1650K .......... .......... .......... .......... .......... 10% 8.59M 2s
[31.015s]   1700K .......... .......... .......... .......... .......... 11% 9.16M 2s
[31.022s]   1750K .......... .......... .......... .......... .......... 11% 8.56M 2s
[31.041s]   1800K .......... .......... .......... .......... .......... 11% 2.61M 2s
[31.044s]   1850K .......... .......... .......... .......... .......... 12% 8.85M 2s
[31.049s]   1900K .......... .......... .......... .......... .......... 12% 8.65M 2s
[31.057s]   1950K .......... .......... .......... .......... .......... 12% 7.50M 2s
[31.062s]   2000K .......... .......... .......... .......... .......... 13% 9.46M 2s
[31.069s]   2050K .......... .......... .......... .......... .......... 13% 7.38M 2s
[31.075s]   2100K .......... .......... .......... .......... .......... 13% 7.98M 2s
[31.080s]   2150K .......... .......... .......... .......... .......... 14% 7.87M 2s
[31.086s]   2200K .......... .......... .......... .......... .......... 14% 8.42M 2s
[31.091s]   2250K .......... .......... .......... .......... .......... 14% 9.03M 2s
[31.097s]   2300K .......... .......... .......... .......... .......... 15% 9.11M 2s
[31.104s]   2350K .......... .......... .......... .......... .......... 15% 6.93M 2s
[31.110s]   2400K .......... .......... .......... .......... .......... 15% 8.56M 2s
[31.115s]   2450K .......... .......... .......... .......... .......... 15% 8.15M 2s
[31.121s]   2500K .......... .......... .......... .......... .......... 16% 9.26M 2s
[31.127s]   2550K .......... .......... .......... .......... .......... 16% 8.77M 2s
[31.134s]   2600K .......... .......... .......... .......... .......... 16% 8.13M 2s
[31.140s]   2650K .......... .......... .......... .......... .......... 17% 8.96M 2s
[31.144s]   2700K .......... .......... .......... .......... .......... 17% 10.1M 2s
[31.148s]   2750K .......... .......... .......... .......... .......... 17% 10.6M 2s
[31.157s]   2800K .......... .......... .......... .......... .......... 18% 6.63M 2s
[31.160s]   2850K .......... .......... .......... .......... .......... 18% 9.57M 2s
[31.169s]   2900K .......... .......... .......... .......... .......... 18% 9.54M 2s
[31.172s]   2950K .......... .......... .......... .......... .......... 19% 11.2M 2s
[31.175s]   3000K .......... .......... .......... .......... .......... 19% 9.81M 2s
[31.188s]   3050K .......... .......... .......... .......... .......... 19% 9.72M 2s
[31.189s]   3100K .......... .......... .......... .......... .......... 20% 11.8M 2s
[31.190s]   3150K .......... .......... .......... .......... .......... 20% 9.39M 2s
[31.203s]   3200K .......... .......... .......... .......... .......... 20% 3.44M 2s
[31.213s]   3250K .......... .......... .......... .......... .......... 21% 5.83M 2s
[31.222s]   3300K .......... .......... .......... .......... .......... 21% 5.62M 2s
[31.230s]   3350K .......... .......... .......... .......... .......... 21% 5.79M 2s
[31.239s]   3400K .......... .......... .......... .......... .......... 22% 5.10M 2s
[31.248s]   3450K .......... .......... .......... .......... .......... 22% 6.06M 2s
[31.256s]   3500K .......... .......... .......... .......... .......... 22% 6.25M 2s
[31.263s]   3550K .......... .......... .......... .......... .......... 23% 6.23M 2s
[31.273s]   3600K .......... .......... .......... .......... .......... 23% 4.98M 2s
[31.280s]   3650K .......... .......... .......... .......... .......... 23% 6.20M 2s
[31.288s]   3700K .......... .......... .......... .......... .......... 23% 6.97M 2s
[31.296s]   3750K .......... .......... .......... .......... .......... 24% 6.08M 2s
[31.304s]   3800K .......... .......... .......... .......... .......... 24% 5.56M 2s
[31.312s]   3850K .......... .......... .......... .......... .......... 24% 6.28M 2s
[31.322s]   3900K .......... .......... .......... .......... .......... 25% 6.13M 2s
[31.330s]   3950K .......... .......... .......... .......... .......... 25% 5.23M 2s
[31.339s]   4000K .......... .......... .......... .......... .......... 25% 5.03M 2s
[31.348s]   4050K .......... .......... .......... .......... .......... 26% 5.82M 2s
[31.357s]   4100K .......... .......... .......... .......... .......... 26% 5.97M 2s
[31.365s]   4150K .......... .......... .......... .......... .......... 26% 5.91M 2s
[31.374s]   4200K .......... .......... .......... .......... .......... 27% 5.16M 2s
[31.382s]   4250K .......... .......... .......... .......... .......... 27% 6.28M 2s
[31.388s]   4300K .......... .......... .......... .......... .......... 27% 6.53M 2s
[31.397s]   4350K .......... .......... .......... .......... .......... 28% 7.15M 2s
[31.406s]   4400K .......... .......... .......... .......... .......... 28% 5.09M 2s
[31.415s]   4450K .......... .......... .......... .......... .......... 28% 6.25M 2s
[31.424s]   4500K .......... .......... .......... .......... .......... 29% 5.48M 2s
[31.433s]   4550K .......... .......... .......... .......... .......... 29% 5.79M 2s
[31.441s]   4600K .......... .......... .......... .......... .......... 29% 5.19M 2s
[31.451s]   4650K .......... .......... .......... .......... .......... 30% 5.38M 2s
[31.459s]   4700K .......... .......... .......... .......... .......... 30% 5.63M 2s
[31.468s]   4750K .......... .......... .......... .......... .......... 30% 5.46M 2s
[31.481s]   4800K .......... .......... .......... .......... .......... 31% 4.73M 2s
[31.489s]   4850K .......... .......... .......... .......... .......... 31% 4.96M 2s
[31.497s]   4900K .......... .......... .......... .......... .......... 31% 5.90M 2s
[31.506s]   4950K .......... .......... .......... .......... .......... 31% 5.68M 2s
[31.515s]   5000K .......... .......... .......... .......... .......... 32% 4.99M 2s
[31.524s]   5050K .......... .......... .......... .......... .......... 32% 5.80M 2s
[31.532s]   5100K .......... .......... .......... .......... .......... 32% 5.62M 2s
[31.540s]   5150K .......... .......... .......... .......... .......... 33% 5.88M 2s
[31.552s]   5200K .......... .......... .......... .......... .......... 33% 4.54M 2s
[31.561s]   5250K .......... .......... .......... .......... .......... 33% 5.65M 2s
[31.570s]   5300K .......... .......... .......... .......... .......... 34% 5.52M 2s
[31.578s]   5350K .......... .......... .......... .......... .......... 34% 5.89M 2s
[31.587s]   5400K .......... .......... .......... .......... .......... 34% 4.63M 2s
[31.596s]   5450K .......... .......... .......... .......... .......... 35% 5.92M 2s
[31.602s]   5500K .......... .......... .......... .......... .......... 35% 5.69M 2s
[31.611s]   5550K .......... .......... .......... .......... .......... 35% 5.31M 2s
[31.621s]   5600K .......... .......... .......... .......... .......... 36% 5.14M 2s
[31.628s]   5650K .......... .......... .......... .......... .......... 36% 6.53M 2s
[31.636s]   5700K .......... .......... .......... .......... .......... 36% 6.40M 2s
[31.644s]   5750K .......... .......... .......... .......... .......... 37% 6.63M 2s
[31.651s]   5800K .......... .......... .......... .......... .......... 37% 6.69M 2s
[31.658s]   5850K .......... .......... .......... .......... .......... 37% 7.20M 2s
[31.667s]   5900K .......... .......... .......... .......... .......... 38% 5.91M 2s
[31.675s]   5950K .......... .......... .......... .......... .......... 38% 5.80M 2s
[31.685s]   6000K .......... .......... .......... .......... .......... 38% 4.71M 2s
[31.694s]   6050K .......... .......... .......... .......... .......... 39% 6.14M 2s
[31.700s]   6100K .......... .......... .......... .......... .......... 39% 6.37M 2s
[31.710s]   6150K .......... .......... .......... .......... .......... 39% 6.29M 2s
[31.719s]   6200K .......... .......... .......... .......... .......... 39% 4.98M 2s
[31.727s]   6250K .......... .......... .......... .......... .......... 40% 5.99M 1s
[31.734s]   6300K .......... .......... .......... .......... .......... 40% 6.66M 1s
[31.744s]   6350K .......... .......... .......... .......... .......... 40% 5.64M 1s
[31.755s]   6400K .......... .......... .......... .......... .......... 41% 4.64M 1s
[31.761s]   6450K .......... .......... .......... .......... .......... 41% 6.43M 1s
[31.767s]   6500K .......... .......... .......... .......... .......... 41% 7.09M 1s
[31.775s]   6550K .......... .......... .......... .......... .......... 42% 6.61M 1s
[31.785s]   6600K .......... .......... .......... .......... .......... 42% 5.92M 1s
[31.795s]   6650K .......... .......... .......... .......... .......... 42% 4.68M 1s
[31.804s]   6700K .......... .......... .......... .......... .......... 43% 5.58M 1s
[31.810s]   6750K .......... .......... .......... .......... .......... 43% 6.38M 1s
[31.821s]   6800K .......... .......... .......... .......... .......... 43% 5.97M 1s
[31.831s]   6850K .......... .......... .......... .......... .......... 44% 5.30M 1s
[31.839s]   6900K .......... .......... .......... .......... .......... 44% 5.43M 1s
[31.848s]   6950K .......... .......... .......... .......... .......... 44% 5.40M 1s
[31.855s]   7000K .......... .......... .......... .......... .......... 45% 5.50M 1s
[31.865s]   7050K .......... .......... .......... .......... .......... 45% 5.95M 1s
[31.874s]   7100K .......... .......... .......... .......... .......... 45% 5.19M 1s
[31.884s]   7150K .......... .......... .......... .......... .......... 46% 5.78M 1s
[31.893s]   7200K .......... .......... .......... .......... .......... 46% 4.75M 1s
[31.899s]   7250K .......... .......... .......... .......... .......... 46% 5.64M 1s
[31.909s]   7300K .......... .......... .......... .......... .......... 47% 6.17M 1s
[31.917s]   7350K .......... .......... .......... .......... .......... 47% 5.58M 1s
[31.929s]   7400K .......... .......... .......... .......... .......... 47% 6.01M 1s
[31.934s]   7450K .......... .......... .......... .......... .......... 47% 5.78M 1s
[31.942s]   7500K .......... .......... .......... .......... .......... 48% 5.74M 1s
[31.950s]   7550K .......... .......... .......... .......... .......... 48% 5.76M 1s
[31.959s]   7600K .......... .......... .......... .......... .......... 48% 5.54M 1s
[31.969s]   7650K .......... .......... .......... .......... .......... 49% 5.65M 1s
[31.976s]   7700K .......... .......... .......... .......... .......... 49% 5.69M 1s
[31.985s]   7750K .......... .......... .......... .......... .......... 49% 6.46M 1s
[31.991s]   7800K .......... .......... .......... .......... .......... 50% 5.42M 1s
[31.997s]   7850K .......... .......... .......... .......... .......... 50% 8.18M 1s
[32.004s]   7900K .......... .......... .......... .......... .......... 50% 7.27M 1s
[32.011s]   7950K .......... .......... .......... .......... .......... 51% 6.67M 1s
[32.029s]   8000K .......... .......... .......... .......... .......... 51% 5.60M 1s
[32.034s]   8050K .......... .......... .......... .......... .......... 51% 6.00M 1s
[32.037s]   8100K .......... .......... .......... .......... .......... 52% 5.51M 1s
[32.047s]   8150K .......... .......... .......... .......... .......... 52% 6.33M 1s
[32.055s]   8200K .......... .......... .......... .......... .......... 52% 5.22M 1s
[32.062s]   8250K .......... .......... .......... .......... .......... 53% 6.33M 1s
[32.069s]   8300K .......... .......... .......... .......... .......... 53% 6.55M 1s
[32.079s]   8350K .......... .......... .......... .......... .......... 53% 5.81M 1s
[32.089s]   8400K .......... .......... .......... .......... .......... 54% 4.80M 1s
[32.096s]   8450K .......... .......... .......... .......... .......... 54% 6.05M 1s
[32.105s]   8500K .......... .......... .......... .......... .......... 54% 6.05M 1s
[32.113s]   8550K .......... .......... .......... .......... .......... 55% 6.19M 1s
[32.121s]   8600K .......... .......... .......... .......... .......... 55% 5.96M 1s
[32.128s]   8650K .......... .......... .......... .......... .......... 55% 6.40M 1s
[32.136s]   8700K .......... .......... .......... .......... .......... 55% 6.47M 1s
[32.143s]   8750K .......... .......... .......... .......... .......... 56% 6.55M 1s
[32.152s]   8800K .......... .......... .......... .......... .......... 56% 5.56M 1s
[32.161s]   8850K .......... .......... .......... .......... .......... 56% 6.32M 1s
[32.168s]   8900K .......... .......... .......... .......... .......... 57% 6.05M 1s
[32.178s]   8950K .......... .......... .......... .......... .......... 57% 6.05M 1s
[32.187s]   9000K .......... .......... .......... .......... .......... 57% 5.11M 1s
[32.195s]   9050K .......... .......... .......... .......... .......... 58% 6.05M 1s
[32.204s]   9100K .......... .......... .......... .......... .......... 58% 6.40M 1s
[32.209s]   9150K .......... .......... .......... .......... .......... 58% 7.14M 1s
[32.218s]   9200K .......... .......... .......... .......... .......... 59% 5.76M 1s
[32.224s]   9250K .......... .......... .......... .......... .......... 59% 7.10M 1s
[32.231s]   9300K .......... .......... .......... .......... .......... 59% 7.32M 1s
[32.249s]   9350K .......... .......... .......... .......... .......... 60% 6.76M 1s
[32.256s]   9400K .......... .......... .......... .......... .......... 60% 5.10M 1s
[32.261s]   9450K .......... .......... .......... .......... .......... 60% 6.04M 1s
[32.266s]   9500K .......... .......... .......... .......... .......... 61% 6.08M 1s
[32.273s]   9550K .......... .......... .......... .......... .......... 61% 6.46M 1s
[32.285s]   9600K .......... .......... .......... .......... .......... 61% 5.30M 1s
[32.290s]   9650K .......... .......... .......... .......... .......... 62% 6.94M 1s
[32.299s]   9700K .......... .......... .......... .......... .......... 62% 6.03M 1s
[32.307s]   9750K .......... .......... .......... .......... .......... 62% 6.48M 1s
[32.314s]   9800K .......... .......... .......... .......... .......... 63% 5.73M 1s
[32.322s]   9850K .......... .......... .......... .......... .......... 63% 6.38M 1s
[32.328s]   9900K .......... .......... .......... .......... .......... 63% 6.99M 1s
[32.335s]   9950K .......... .......... .......... .......... .......... 63% 6.89M 1s
[32.349s]  10000K .......... .......... .......... .......... .......... 64% 5.62M 1s
[32.357s]  10050K .......... .......... .......... .......... .......... 64% 6.37M 1s
[32.368s]  10100K .......... .......... .......... .......... .......... 64% 6.53M 1s
[32.374s]  10150K .......... .......... .......... .......... .......... 65% 5.76M 1s
[32.382s]  10200K .......... .......... .......... .......... .......... 65% 5.63M 1s
[32.389s]  10250K .......... .......... .......... .......... .......... 65% 7.01M 1s
[32.391s]  10300K .......... .......... .......... .......... .......... 66% 6.77M 1s
[32.395s]  10350K .......... .......... .......... .......... .......... 66% 7.08M 1s
[32.402s]  10400K .......... .......... .......... .......... .......... 66% 6.10M 1s
[32.408s]  10450K .......... .......... .......... .......... .......... 67% 9.09M 1s
[32.413s]  10500K .......... .......... .......... .......... .......... 67% 8.51M 1s
[32.420s]  10550K .......... .......... .......... .......... .......... 67% 7.20M 1s
[32.428s]  10600K .......... .......... .......... .......... .......... 68% 6.88M 1s
[32.433s]  10650K .......... .......... .......... .......... .......... 68% 8.32M 1s
[32.436s]  10700K .......... .......... .......... .......... .......... 68% 11.5M 1s
[32.441s]  10750K .......... .......... .......... .......... .......... 69% 9.80M 1s
[32.447s]  10800K .......... .......... .......... .......... .......... 69% 8.50M 1s
[32.452s]  10850K .......... .......... .......... .......... .......... 69% 10.4M 1s
[32.456s]  10900K .......... .......... .......... .......... .......... 70% 12.0M 1s
[32.460s]  10950K .......... .......... .......... .......... .......... 70% 12.1M 1s
[32.464s]  11000K .......... .......... .......... .......... .......... 70% 11.5M 1s
[32.468s]  11050K .......... .......... .......... .......... .......... 71% 12.6M 1s
[32.473s]  11100K .......... .......... .......... .......... .......... 71% 10.2M 1s
[32.477s]  11150K .......... .......... .......... .......... .......... 71% 10.5M 1s
[32.483s]  11200K .......... .......... .......... .......... .......... 71% 8.96M 1s
[32.487s]  11250K .......... .......... .......... .......... .......... 72% 12.7M 1s
[32.492s]  11300K .......... .......... .......... .......... .......... 72% 12.9M 1s
[32.495s]  11350K .......... .......... .......... .......... .......... 72% 12.9M 1s
[32.500s]  11400K .......... .......... .......... .......... .......... 73% 10.1M 1s
[32.504s]  11450K .......... .......... .......... .......... .......... 73% 10.2M 1s
[32.508s]  11500K .......... .......... .......... .......... .......... 73% 10.9M 1s
[32.512s]  11550K .......... .......... .......... .......... .......... 74% 12.5M 1s
[32.518s]  11600K .......... .......... .......... .......... .......... 74% 9.04M 1s
[32.523s]  11650K .......... .......... .......... .......... .......... 74% 10.1M 1s
[32.527s]  11700K .......... .......... .......... .......... .......... 75% 10.8M 1s
[32.535s]  11750K .......... .......... .......... .......... .......... 75% 12.7M 1s
[32.536s]  11800K .......... .......... .......... .......... .......... 75% 11.6M 1s
[32.541s]  11850K .......... .......... .......... .......... .......... 76% 8.85M 1s
[32.545s]  11900K .......... .......... .......... .......... .......... 76% 9.98M 1s
[32.550s]  11950K .......... .......... .......... .......... .......... 76% 9.65M 1s
[32.557s]  12000K .......... .......... .......... .......... .......... 77% 9.00M 1s
[32.562s]  12050K .......... .......... .......... .......... .......... 77% 10.3M 1s
[32.567s]  12100K .......... .......... .......... .......... .......... 77% 9.88M 1s
[32.571s]  12150K .......... .......... .......... .......... .......... 78% 10.6M 1s
[32.575s]  12200K .......... .......... .......... .......... .......... 78% 9.47M 1s
[32.579s]  12250K .......... .......... .......... .......... .......... 78% 11.1M 1s
[32.587s]  12300K .......... .......... .......... .......... .......... 79% 11.1M 0s
[32.592s]  12350K .......... .......... .......... .......... .......... 79% 12.4M 0s
[32.594s]  12400K .......... .......... .......... .......... .......... 79% 8.73M 0s
[32.612s]  12450K .......... .......... .......... .......... .......... 79% 10.7M 0s
[32.614s]  12500K .......... .......... .......... .......... .......... 80% 9.29M 0s
[32.615s]  12550K .......... .......... .......... .......... .......... 80% 8.54M 0s
[32.617s]  12600K .......... .......... .......... .......... .......... 80% 7.76M 0s
[32.621s]  12650K .......... .......... .......... .......... .......... 81% 9.59M 0s
[32.628s]  12700K .......... .......... .......... .......... .......... 81% 8.18M 0s
[32.637s]  12750K .......... .......... .......... .......... .......... 81% 5.83M 0s
[32.650s]  12800K .......... .......... .......... .......... .......... 82% 5.54M 0s
[32.658s]  12850K .......... .......... .......... .......... .......... 82% 4.99M 0s
[32.667s]  12900K .......... .......... .......... .......... .......... 82% 6.00M 0s
[32.674s]  12950K .......... .......... .......... .......... .......... 83% 7.20M 0s
[32.682s]  13000K .......... .......... .......... .......... .......... 83% 4.81M 0s
[32.690s]  13050K .......... .......... .......... .......... .......... 83% 5.97M 0s
[32.696s]  13100K .......... .......... .......... .......... .......... 84% 6.02M 0s
[32.710s]  13150K .......... .......... .......... .......... .......... 84% 6.05M 0s
[32.720s]  13200K .......... .......... .......... .......... .......... 84% 3.45M 0s
[32.727s]  13250K .......... .......... .......... .......... .......... 85% 6.18M 0s
[32.735s]  13300K .......... .......... .......... .......... .......... 85% 7.12M 0s
[32.740s]  13350K .......... .......... .......... .......... .......... 85% 7.57M 0s
[32.747s]  13400K .......... .......... .......... .......... .......... 86% 6.26M 0s
[32.754s]  13450K .......... .......... .......... .......... .......... 86% 7.44M 0s
[32.761s]  13500K .......... .......... .......... .......... .......... 86% 7.23M 0s
[32.768s]  13550K .......... .......... .......... .......... .......... 87% 7.42M 0s
[32.775s]  13600K .......... .......... .......... .......... .......... 87% 5.94M 0s
[32.785s]  13650K .......... .......... .......... .......... .......... 87% 6.90M 0s
[32.796s]  13700K .......... .......... .......... .......... .......... 87% 5.77M 0s
[32.800s]  13750K .......... .......... .......... .......... .......... 88% 5.75M 0s
[32.806s]  13800K .......... .......... .......... .......... .......... 88% 6.67M 0s
[32.814s]  13850K .......... .......... .......... .......... .......... 88% 7.46M 0s
[32.820s]  13900K .......... .......... .......... .......... .......... 89% 7.27M 0s
[32.828s]  13950K .......... .......... .......... .......... .......... 89% 7.06M 0s
[32.837s]  14000K .......... .......... .......... .......... .......... 89% 5.85M 0s
[32.844s]  14050K .......... .......... .......... .......... .......... 90% 7.02M 0s
[32.848s]  14100K .......... .......... .......... .......... .......... 90% 7.64M 0s
[32.852s]  14150K .......... .......... .......... .......... .......... 90% 11.6M 0s
[32.856s]  14200K .......... .......... .......... .......... .......... 91% 11.2M 0s
[32.860s]  14250K .......... .......... .......... .......... .......... 91% 11.9M 0s
[32.864s]  14300K .......... .......... .......... .......... .......... 91% 11.0M 0s
[32.869s]  14350K .......... .......... .......... .......... .......... 92% 11.5M 0s
[32.875s]  14400K .......... .......... .......... .......... .......... 92% 9.40M 0s
[32.879s]  14450K .......... .......... .......... .......... .......... 92% 11.6M 0s
[32.884s]  14500K .......... .......... .......... .......... .......... 93% 12.0M 0s
[32.890s]  14550K .......... .......... .......... .......... .......... 93% 10.8M 0s
[32.893s]  14600K .......... .......... .......... .......... .......... 93% 9.49M 0s
[32.897s]  14650K .......... .......... .......... .......... .......... 94% 11.5M 0s
[32.901s]  14700K .......... .......... .......... .......... .......... 94% 13.2M 0s
[32.909s]  14750K .......... .......... .......... .......... .......... 94% 12.7M 0s
[32.911s]  14800K .......... .......... .......... .......... .......... 95% 9.64M 0s
[32.914s]  14850K .......... .......... .......... .......... .......... 95% 11.2M 0s
[32.919s]  14900K .......... .......... .......... .......... .......... 95% 11.2M 0s
[32.922s]  14950K .......... .......... .......... .......... .......... 95% 12.0M 0s
[32.926s]  15000K .......... .......... .......... .......... .......... 96% 11.9M 0s
[32.930s]  15050K .......... .......... .......... .......... .......... 96% 11.5M 0s
[32.939s]  15100K .......... .......... .......... .......... .......... 96% 11.8M 0s
[32.940s]  15150K .......... .......... .......... .......... .......... 97% 13.3M 0s
[32.944s]  15200K .......... .......... .......... .......... .......... 97% 10.6M 0s
[32.948s]  15250K .......... .......... .......... .......... .......... 97% 10.4M 0s
[32.953s]  15300K .......... .......... .......... .......... .......... 98% 11.6M 0s
[32.957s]  15350K .......... .......... .......... .......... .......... 98% 10.1M 0s
[32.962s]  15400K .......... .......... .......... .......... .......... 98% 10.7M 0s
[32.966s]  15450K .......... .......... .......... .......... .......... 99% 11.7M 0s
[32.976s]  15500K .......... .......... .......... .......... .......... 99% 12.1M 0s
[32.977s]  15550K .......... .......... .......... .......... .......... 99% 13.8M 0s
[32.978s]  15600K .......... .......... .....                           100% 13.8M=2.3s
[32.979s] 
[32.980s] 2023-01-15 17:55:37 (6.74 MB/s) - ‘/home/sebas/mbehu_restored_ws/build/multirobot_map_merge/2012-01-28-11-12-01.pgm’ saved [16000058/16000058]
[32.981s] 
[32.982s] Checking MD5 sum of /home/sebas/mbehu_restored_ws/build/multirobot_map_merge/2012-01-28-11-12-01.pgm
[33.068s] /home/sebas/mbehu_restored_ws/build/multirobot_map_merge/2012-01-28-11-12-01.pgm: OK
[33.106s] -- Found gtest sources under '/opt/ros/foxy/src/gtest_vendor': C++ tests using 'Google Test' will be built
[33.119s] -- Check if compiler accepts -pthread
[33.544s] -- Check if compiler accepts -pthread - yes
[33.607s] -- Added test 'cppcheck' to perform static code analysis on C / C++ code
[33.609s] -- Configured cppcheck include dirs: /home/sebas/mbehu_restored_ws/src/m-explore-ros2/map_merge/include;$<BUILD_INTERFACE:/home/sebas/mbehu_restored_ws/src/m-explore-ros2/map_merge/include>
[33.610s] -- Configured cppcheck exclude dirs and/or files: 
[33.618s] -- Added test 'flake8' to check Python code syntax and style conventions
[33.628s] -- Added test 'lint_cmake' to check CMake code style
[33.635s] -- Added test 'pep257' to check Python code against some of the style conventions in PEP 257
[33.663s] -- Added test 'uncrustify' to check C / C++ code style
[33.665s] -- Configured uncrustify additional arguments: 
[33.670s] -- Added test 'xmllint' to check XML markup files
[33.717s] -- Configuring done
[34.237s] -- Generating done
[34.259s] -- Build files have been written to: /home/sebas/mbehu_restored_ws/build/multirobot_map_merge
[34.355s] Invoked command in '/home/sebas/mbehu_restored_ws/build/multirobot_map_merge' returned '0': CMAKE_PREFIX_PATH=${CMAKE_PREFIX_PATH}:/home/sebas/mbehu_restored_ws/install/serial_motor_demo:/home/sebas/mbehu_ws/install/ultrasonico:/home/sebas/mbehu_ws/install/mpu6050_pkg:/home/sebas/mbehu_ws/install/mpu6050:/opt/ros/foxy /usr/bin/cmake /home/sebas/mbehu_restored_ws/src/m-explore-ros2/map_merge -DCMAKE_INSTALL_PREFIX=/home/sebas/mbehu_restored_ws/install/multirobot_map_merge
[34.362s] Invoking command in '/home/sebas/mbehu_restored_ws/build/multirobot_map_merge': CMAKE_PREFIX_PATH=${CMAKE_PREFIX_PATH}:/home/sebas/mbehu_restored_ws/install/serial_motor_demo:/home/sebas/mbehu_ws/install/ultrasonico:/home/sebas/mbehu_ws/install/mpu6050_pkg:/home/sebas/mbehu_ws/install/mpu6050:/opt/ros/foxy /usr/bin/cmake --build /home/sebas/mbehu_restored_ws/build/multirobot_map_merge -- -j4 -l4
[34.616s] [35m[1mScanning dependencies of target combine_grids[0m
[35.378s] [  8%] [32mBuilding CXX object CMakeFiles/combine_grids.dir/src/combine_grids/grid_compositor.cpp.o[0m
[44.028s] [ 16%] [32mBuilding CXX object CMakeFiles/combine_grids.dir/src/combine_grids/grid_warper.cpp.o[0m
[52.372s] [ 25%] [32mBuilding CXX object CMakeFiles/combine_grids.dir/src/combine_grids/merging_pipeline.cpp.o[0m
[70.776s] [ 33%] [32m[1mLinking CXX static library libcombine_grids.a[0m
[71.036s] [ 33%] Built target combine_grids
[71.103s] [35m[1mScanning dependencies of target gtest_main[0m
[71.193s] [ 41%] [32mBuilding CXX object gtest/CMakeFiles/gtest_main.dir/src/gtest_main.cc.o[0m
[78.462s] [ 50%] [32m[1mLinking CXX static library libgtest_main.a[0m
[78.642s] [ 50%] Built target gtest_main
[78.708s] [35m[1mScanning dependencies of target map_merge[0m
[79.088s] [ 58%] [32mBuilding CXX object CMakeFiles/map_merge.dir/src/map_merge.cpp.o[0m
[132.240s] [ 66%] [32m[1mLinking CXX executable map_merge[0m
[138.160s] [ 66%] Built target map_merge
[138.219s] [35m[1mScanning dependencies of target gtest[0m
[138.314s] [ 75%] [32mBuilding CXX object gtest/CMakeFiles/gtest.dir/src/gtest-all.cc.o[0m
[161.762s] [ 83%] [32m[1mLinking CXX static library libgtest.a[0m
[162.669s] [ 83%] Built target gtest
[162.744s] [35m[1mScanning dependencies of target test_merging_pipeline[0m
[163.140s] [ 91%] [32mBuilding CXX object CMakeFiles/test_merging_pipeline.dir/test/test_merging_pipeline.cpp.o[0m
[185.660s] [100%] [32m[1mLinking CXX executable test_merging_pipeline[0m
[189.394s] [100%] Built target test_merging_pipeline
[189.452s] Invoked command in '/home/sebas/mbehu_restored_ws/build/multirobot_map_merge' returned '0': CMAKE_PREFIX_PATH=${CMAKE_PREFIX_PATH}:/home/sebas/mbehu_restored_ws/install/serial_motor_demo:/home/sebas/mbehu_ws/install/ultrasonico:/home/sebas/mbehu_ws/install/mpu6050_pkg:/home/sebas/mbehu_ws/install/mpu6050:/opt/ros/foxy /usr/bin/cmake --build /home/sebas/mbehu_restored_ws/build/multirobot_map_merge -- -j4 -l4
[189.693s] Invoking command in '/home/sebas/mbehu_restored_ws/build/multirobot_map_merge': CMAKE_PREFIX_PATH=${CMAKE_PREFIX_PATH}:/home/sebas/mbehu_restored_ws/install/serial_motor_demo:/home/sebas/mbehu_ws/install/ultrasonico:/home/sebas/mbehu_ws/install/mpu6050_pkg:/home/sebas/mbehu_ws/install/mpu6050:/opt/ros/foxy /usr/bin/cmake --install /home/sebas/mbehu_restored_ws/build/multirobot_map_merge
[189.740s] -- Install configuration: ""
[189.741s] -- Installing: /home/sebas/mbehu_restored_ws/install/multirobot_map_merge/include/map_merge/
[189.741s] -- Installing: /home/sebas/mbehu_restored_ws/install/multirobot_map_merge/include/map_merge//map_merge.h
[189.742s] -- Installing: /home/sebas/mbehu_restored_ws/install/multirobot_map_merge/include/map_merge//ros1_names.hpp
[189.743s] -- Installing: /home/sebas/mbehu_restored_ws/install/multirobot_map_merge/share/multirobot_map_merge/launch
[189.744s] -- Installing: /home/sebas/mbehu_restored_ws/install/multirobot_map_merge/share/multirobot_map_merge/launch/tb3_simulation
[189.745s] -- Installing: /home/sebas/mbehu_restored_ws/install/multirobot_map_merge/share/multirobot_map_merge/launch/tb3_simulation/multi_tb3_simulation_launch.py
[189.746s] -- Installing: /home/sebas/mbehu_restored_ws/install/multirobot_map_merge/share/multirobot_map_merge/launch/tb3_simulation/bringup_launch.py
[189.747s] -- Installing: /home/sebas/mbehu_restored_ws/install/multirobot_map_merge/share/multirobot_map_merge/launch/tb3_simulation/tb3_simulation_launch.py
[189.748s] -- Installing: /home/sebas/mbehu_restored_ws/install/multirobot_map_merge/share/multirobot_map_merge/launch/tb3_simulation/worlds
[189.749s] -- Installing: /home/sebas/mbehu_restored_ws/install/multirobot_map_merge/share/multirobot_map_merge/launch/tb3_simulation/worlds/world_only.model
[189.750s] -- Installing: /home/sebas/mbehu_restored_ws/install/multirobot_map_merge/share/multirobot_map_merge/launch/tb3_simulation/slam_toolbox.py
[189.751s] -- Installing: /home/sebas/mbehu_restored_ws/install/multirobot_map_merge/share/multirobot_map_merge/launch/tb3_simulation/config
[189.753s] -- Installing: /home/sebas/mbehu_restored_ws/install/multirobot_map_merge/share/multirobot_map_merge/launch/tb3_simulation/config/nav2_multirobot_params_1.yaml
[189.754s] -- Installing: /home/sebas/mbehu_restored_ws/install/multirobot_map_merge/share/multirobot_map_merge/launch/tb3_simulation/config/nav2_multirobot_params_2.yaml
[189.755s] -- Installing: /home/sebas/mbehu_restored_ws/install/multirobot_map_merge/share/multirobot_map_merge/launch/from_map_server.launch.py
[189.756s] -- Installing: /home/sebas/mbehu_restored_ws/install/multirobot_map_merge/share/multirobot_map_merge/launch/map_merge.launch.py
[189.757s] -- Installing: /home/sebas/mbehu_restored_ws/install/multirobot_map_merge/share/multirobot_map_merge/launch/map_merge.rviz
[189.758s] -- Installing: /home/sebas/mbehu_restored_ws/install/multirobot_map_merge/share/multirobot_map_merge/config
[189.759s] -- Installing: /home/sebas/mbehu_restored_ws/install/multirobot_map_merge/share/multirobot_map_merge/config/params.yaml
[189.761s] -- Installing: /home/sebas/mbehu_restored_ws/install/multirobot_map_merge/lib/libcombine_grids.a
[189.770s] -- Installing: /home/sebas/mbehu_restored_ws/install/multirobot_map_merge/lib/multirobot_map_merge/map_merge
[189.796s] -- Set runtime path of "/home/sebas/mbehu_restored_ws/install/multirobot_map_merge/lib/multirobot_map_merge/map_merge" to ""
[189.797s] -- Installing: /home/sebas/mbehu_restored_ws/install/multirobot_map_merge/share/multirobot_map_merge/environment/library_path.sh
[189.799s] -- Installing: /home/sebas/mbehu_restored_ws/install/multirobot_map_merge/share/multirobot_map_merge/environment/library_path.dsv
[189.801s] -- Installing: /home/sebas/mbehu_restored_ws/install/multirobot_map_merge/share/ament_index/resource_index/package_run_dependencies/multirobot_map_merge
[189.803s] -- Installing: /home/sebas/mbehu_restored_ws/install/multirobot_map_merge/share/ament_index/resource_index/parent_prefix_path/multirobot_map_merge
[189.804s] -- Installing: /home/sebas/mbehu_restored_ws/install/multirobot_map_merge/share/multirobot_map_merge/environment/ament_prefix_path.sh
[189.805s] -- Installing: /home/sebas/mbehu_restored_ws/install/multirobot_map_merge/share/multirobot_map_merge/environment/ament_prefix_path.dsv
[189.807s] -- Installing: /home/sebas/mbehu_restored_ws/install/multirobot_map_merge/share/multirobot_map_merge/environment/path.sh
[189.808s] -- Installing: /home/sebas/mbehu_restored_ws/install/multirobot_map_merge/share/multirobot_map_merge/environment/path.dsv
[189.809s] -- Installing: /home/sebas/mbehu_restored_ws/install/multirobot_map_merge/share/multirobot_map_merge/local_setup.bash
[189.811s] -- Installing: /home/sebas/mbehu_restored_ws/install/multirobot_map_merge/share/multirobot_map_merge/local_setup.sh
[189.812s] -- Installing: /home/sebas/mbehu_restored_ws/install/multirobot_map_merge/share/multirobot_map_merge/local_setup.zsh
[189.814s] -- Installing: /home/sebas/mbehu_restored_ws/install/multirobot_map_merge/share/multirobot_map_merge/local_setup.dsv
[189.815s] -- Installing: /home/sebas/mbehu_restored_ws/install/multirobot_map_merge/share/multirobot_map_merge/package.dsv
[189.817s] -- Installing: /home/sebas/mbehu_restored_ws/install/multirobot_map_merge/share/ament_index/resource_index/packages/multirobot_map_merge
[189.818s] -- Installing: /home/sebas/mbehu_restored_ws/install/multirobot_map_merge/share/multirobot_map_merge/cmake/ament_cmake_export_include_directories-extras.cmake
[189.820s] -- Installing: /home/sebas/mbehu_restored_ws/install/multirobot_map_merge/share/multirobot_map_merge/cmake/ament_cmake_export_libraries-extras.cmake
[189.821s] -- Installing: /home/sebas/mbehu_restored_ws/install/multirobot_map_merge/share/multirobot_map_merge/cmake/multirobot_map_mergeConfig.cmake
[189.823s] -- Installing: /home/sebas/mbehu_restored_ws/install/multirobot_map_merge/share/multirobot_map_merge/cmake/multirobot_map_mergeConfig-version.cmake
[189.824s] -- Installing: /home/sebas/mbehu_restored_ws/install/multirobot_map_merge/share/multirobot_map_merge/package.xml
[189.842s] Invoked command in '/home/sebas/mbehu_restored_ws/build/multirobot_map_merge' returned '0': CMAKE_PREFIX_PATH=${CMAKE_PREFIX_PATH}:/home/sebas/mbehu_restored_ws/install/serial_motor_demo:/home/sebas/mbehu_ws/install/ultrasonico:/home/sebas/mbehu_ws/install/mpu6050_pkg:/home/sebas/mbehu_ws/install/mpu6050:/opt/ros/foxy /usr/bin/cmake --install /home/sebas/mbehu_restored_ws/build/multirobot_map_merge
