[0.213s] Invoking command in '/home/sebas/mbehu_restored_ws/build/explore_lite': CMAKE_PREFIX_PATH=${CMAKE_PREFIX_PATH}:/home/sebas/mbehu_restored_ws/install/serial_motor_demo:/home/sebas/mbehu_ws/install/ultrasonico:/home/sebas/mbehu_ws/install/mpu6050_pkg:/home/sebas/mbehu_ws/install/mpu6050:/opt/ros/foxy /usr/bin/cmake --build /home/sebas/mbehu_restored_ws/build/explore_lite -- -j4 -l4
[1.000s] [ 20%] Built target gtest_main
[1.025s] [ 40%] Built target gtest
[1.462s] [ 80%] Built target explore
[1.523s] [100%] Built target test_explore
[1.613s] Invoked command in '/home/sebas/mbehu_restored_ws/build/explore_lite' returned '0': CMAKE_PREFIX_PATH=${CMAKE_PREFIX_PATH}:/home/sebas/mbehu_restored_ws/install/serial_motor_demo:/home/sebas/mbehu_ws/install/ultrasonico:/home/sebas/mbehu_ws/install/mpu6050_pkg:/home/sebas/mbehu_ws/install/mpu6050:/opt/ros/foxy /usr/bin/cmake --build /home/sebas/mbehu_restored_ws/build/explore_lite -- -j4 -l4
[2.019s] Invoking command in '/home/sebas/mbehu_restored_ws/build/explore_lite': CMAKE_PREFIX_PATH=${CMAKE_PREFIX_PATH}:/home/sebas/mbehu_restored_ws/install/serial_motor_demo:/home/sebas/mbehu_ws/install/ultrasonico:/home/sebas/mbehu_ws/install/mpu6050_pkg:/home/sebas/mbehu_ws/install/mpu6050:/opt/ros/foxy /usr/bin/cmake --install /home/sebas/mbehu_restored_ws/build/explore_lite
[2.120s] -- Install configuration: ""
[2.126s] -- Execute custom install script
[2.136s] -- Up-to-date symlink: /home/sebas/mbehu_restored_ws/install/explore_lite/include/explore//costmap_client.h
[2.138s] -- Up-to-date symlink: /home/sebas/mbehu_restored_ws/install/explore_lite/include/explore//costmap_tools.h
[2.140s] -- Up-to-date symlink: /home/sebas/mbehu_restored_ws/install/explore_lite/include/explore//explore.h
[2.142s] -- Up-to-date symlink: /home/sebas/mbehu_restored_ws/install/explore_lite/include/explore//frontier_search.h
[2.144s] -- Up-to-date symlink: /home/sebas/mbehu_restored_ws/install/explore_lite/share/explore_lite/config/params.yaml
[2.146s] -- Up-to-date symlink: /home/sebas/mbehu_restored_ws/install/explore_lite/share/explore_lite/config/params_costmap.yaml
[2.150s] -- Up-to-date symlink: /home/sebas/mbehu_restored_ws/install/explore_lite/share/explore_lite/launch/explore.launch.py
[2.154s] -- Up-to-date symlink: /home/sebas/mbehu_restored_ws/install/explore_lite/lib/explore_lite/explore
[2.156s] -- Up-to-date symlink: /home/sebas/mbehu_restored_ws/install/explore_lite/share/ament_index/resource_index/package_run_dependencies/explore_lite
[2.158s] -- Up-to-date symlink: /home/sebas/mbehu_restored_ws/install/explore_lite/share/ament_index/resource_index/parent_prefix_path/explore_lite
[2.162s] -- Up-to-date symlink: /home/sebas/mbehu_restored_ws/install/explore_lite/share/explore_lite/environment/ament_prefix_path.sh
[2.164s] -- Up-to-date symlink: /home/sebas/mbehu_restored_ws/install/explore_lite/share/explore_lite/environment/ament_prefix_path.dsv
[2.169s] -- Up-to-date symlink: /home/sebas/mbehu_restored_ws/install/explore_lite/share/explore_lite/environment/path.sh
[2.170s] -- Up-to-date symlink: /home/sebas/mbehu_restored_ws/install/explore_lite/share/explore_lite/environment/path.dsv
[2.173s] -- Up-to-date symlink: /home/sebas/mbehu_restored_ws/install/explore_lite/share/explore_lite/local_setup.bash
[2.177s] -- Up-to-date symlink: /home/sebas/mbehu_restored_ws/install/explore_lite/share/explore_lite/local_setup.sh
[2.177s] -- Up-to-date symlink: /home/sebas/mbehu_restored_ws/install/explore_lite/share/explore_lite/local_setup.zsh
[2.178s] -- Up-to-date symlink: /home/sebas/mbehu_restored_ws/install/explore_lite/share/explore_lite/local_setup.dsv
[2.179s] -- Symlinking: /home/sebas/mbehu_restored_ws/install/explore_lite/share/explore_lite/package.dsv
[2.281s] -- Up-to-date symlink: /home/sebas/mbehu_restored_ws/install/explore_lite/share/ament_index/resource_index/packages/explore_lite
[2.284s] -- Up-to-date symlink: /home/sebas/mbehu_restored_ws/install/explore_lite/share/explore_lite/cmake/ament_cmake_export_include_directories-extras.cmake
[2.289s] -- Up-to-date symlink: /home/sebas/mbehu_restored_ws/install/explore_lite/share/explore_lite/cmake/explore_liteConfig.cmake
[2.303s] -- Up-to-date symlink: /home/sebas/mbehu_restored_ws/install/explore_lite/share/explore_lite/cmake/explore_liteConfig-version.cmake
[2.306s] -- Up-to-date symlink: /home/sebas/mbehu_restored_ws/install/explore_lite/share/explore_lite/package.xml
[2.382s] Invoked command in '/home/sebas/mbehu_restored_ws/build/explore_lite' returned '0': CMAKE_PREFIX_PATH=${CMAKE_PREFIX_PATH}:/home/sebas/mbehu_restored_ws/install/serial_motor_demo:/home/sebas/mbehu_ws/install/ultrasonico:/home/sebas/mbehu_ws/install/mpu6050_pkg:/home/sebas/mbehu_ws/install/mpu6050:/opt/ros/foxy /usr/bin/cmake --install /home/sebas/mbehu_restored_ws/build/explore_lite
