[1.394s] DEBUG:colcon:Command line arguments: ['/usr/bin/colcon', 'build']
[1.395s] DEBUG:colcon:Parsed command line arguments: Namespace(allow_overriding=[], ament_cmake_args=None, base_paths=['.'], build_base='build', catkin_cmake_args=None, catkin_skip_building_tests=False, cmake_args=None, cmake_clean_cache=False, cmake_clean_first=False, cmake_force_configure=False, cmake_target=None, cmake_target_skip_unavailable=False, continue_on_error=False, event_handlers=None, executor='parallel', ignore_user_meta=False, install_base='install', log_base=None, log_level=None, main=<bound method BuildVerb.main of <colcon_core.verb.build.BuildVerb object at 0xffffbd92bc40>>, merge_install=False, metas=['./colcon.meta'], packages_above=None, packages_above_and_dependencies=None, packages_above_depth=None, packages_end=None, packages_ignore=None, packages_ignore_regex=None, packages_select=None, packages_select_build_failed=False, packages_select_by_dep=None, packages_select_regex=None, packages_select_test_failures=False, packages_skip=None, packages_skip_build_finished=False, packages_skip_by_dep=None, packages_skip_regex=None, packages_skip_test_passed=False, packages_skip_up_to=None, packages_start=None, packages_up_to=None, packages_up_to_regex=None, parallel_workers=4, paths=None, symlink_install=False, test_result_base=None, verb_extension=<colcon_core.verb.build.BuildVerb object at 0xffffbd92bc40>, verb_name='build', verb_parser=<colcon_defaults.argument_parser.defaults.DefaultArgumentsDecorator object at 0xffffbd9331f0>)
[1.712s] Level 1:colcon.colcon_core.package_discovery:discover_packages(colcon_meta) check parameters
[1.713s] Level 1:colcon.colcon_core.package_discovery:discover_packages(recursive) check parameters
[1.714s] Level 1:colcon.colcon_core.package_discovery:discover_packages(ignore) check parameters
[1.714s] Level 1:colcon.colcon_core.package_discovery:discover_packages(path) check parameters
[1.714s] Level 1:colcon.colcon_core.package_discovery:discover_packages(colcon_meta) discover
[1.715s] Level 1:colcon.colcon_core.package_discovery:discover_packages(recursive) discover
[1.715s] INFO:colcon.colcon_core.package_discovery:Crawling recursively for packages in '/home/sebas/mbehu_restored_ws'
[1.717s] Level 1:colcon.colcon_core.package_identification:_identify(.) by extensions ['ignore', 'ignore_ament_install']
[1.718s] Level 1:colcon.colcon_core.package_identification:_identify(.) by extension 'ignore'
[1.718s] Level 1:colcon.colcon_core.package_identification:_identify(.) by extension 'ignore_ament_install'
[1.719s] Level 1:colcon.colcon_core.package_identification:_identify(.) by extensions ['colcon_pkg']
[1.719s] Level 1:colcon.colcon_core.package_identification:_identify(.) by extension 'colcon_pkg'
[1.720s] Level 1:colcon.colcon_core.package_identification:_identify(.) by extensions ['colcon_meta']
[1.721s] Level 1:colcon.colcon_core.package_identification:_identify(.) by extension 'colcon_meta'
[1.721s] Level 1:colcon.colcon_core.package_identification:_identify(.) by extensions ['ros']
[1.722s] Level 1:colcon.colcon_core.package_identification:_identify(.) by extension 'ros'
[1.832s] Level 1:colcon.colcon_core.package_identification:_identify(.) by extensions ['cmake', 'python']
[1.833s] Level 1:colcon.colcon_core.package_identification:_identify(.) by extension 'cmake'
[1.834s] Level 1:colcon.colcon_core.package_identification:_identify(.) by extension 'python'
[1.835s] Level 1:colcon.colcon_core.package_identification:_identify(.) by extensions ['python_setup_py']
[1.836s] Level 1:colcon.colcon_core.package_identification:_identify(.) by extension 'python_setup_py'
[1.838s] Level 1:colcon.colcon_core.package_identification:_identify(build) by extensions ['ignore', 'ignore_ament_install']
[1.839s] Level 1:colcon.colcon_core.package_identification:_identify(build) by extension 'ignore'
[1.840s] Level 1:colcon.colcon_core.package_identification:_identify(build) ignored
[1.842s] Level 1:colcon.colcon_core.package_identification:_identify(install) by extensions ['ignore', 'ignore_ament_install']
[1.843s] Level 1:colcon.colcon_core.package_identification:_identify(install) by extension 'ignore'
[1.844s] Level 1:colcon.colcon_core.package_identification:_identify(install) ignored
[1.845s] Level 1:colcon.colcon_core.package_identification:_identify(log) by extensions ['ignore', 'ignore_ament_install']
[1.847s] Level 1:colcon.colcon_core.package_identification:_identify(log) by extension 'ignore'
[1.847s] Level 1:colcon.colcon_core.package_identification:_identify(log) ignored
[1.848s] Level 1:colcon.colcon_core.package_identification:_identify(src) by extensions ['ignore', 'ignore_ament_install']
[1.849s] Level 1:colcon.colcon_core.package_identification:_identify(src) by extension 'ignore'
[1.850s] Level 1:colcon.colcon_core.package_identification:_identify(src) by extension 'ignore_ament_install'
[1.851s] Level 1:colcon.colcon_core.package_identification:_identify(src) by extensions ['colcon_pkg']
[1.851s] Level 1:colcon.colcon_core.package_identification:_identify(src) by extension 'colcon_pkg'
[1.852s] Level 1:colcon.colcon_core.package_identification:_identify(src) by extensions ['colcon_meta']
[1.853s] Level 1:colcon.colcon_core.package_identification:_identify(src) by extension 'colcon_meta'
[1.853s] Level 1:colcon.colcon_core.package_identification:_identify(src) by extensions ['ros']
[1.854s] Level 1:colcon.colcon_core.package_identification:_identify(src) by extension 'ros'
[1.855s] Level 1:colcon.colcon_core.package_identification:_identify(src) by extensions ['cmake', 'python']
[1.855s] Level 1:colcon.colcon_core.package_identification:_identify(src) by extension 'cmake'
[1.856s] Level 1:colcon.colcon_core.package_identification:_identify(src) by extension 'python'
[1.857s] Level 1:colcon.colcon_core.package_identification:_identify(src) by extensions ['python_setup_py']
[1.857s] Level 1:colcon.colcon_core.package_identification:_identify(src) by extension 'python_setup_py'
[1.859s] Level 1:colcon.colcon_core.package_identification:_identify(src/diffdrive_arduino) by extensions ['ignore', 'ignore_ament_install']
[1.861s] Level 1:colcon.colcon_core.package_identification:_identify(src/diffdrive_arduino) by extension 'ignore'
[1.862s] Level 1:colcon.colcon_core.package_identification:_identify(src/diffdrive_arduino) by extension 'ignore_ament_install'
[1.863s] Level 1:colcon.colcon_core.package_identification:_identify(src/diffdrive_arduino) by extensions ['colcon_pkg']
[1.864s] Level 1:colcon.colcon_core.package_identification:_identify(src/diffdrive_arduino) by extension 'colcon_pkg'
[1.865s] Level 1:colcon.colcon_core.package_identification:_identify(src/diffdrive_arduino) by extensions ['colcon_meta']
[1.866s] Level 1:colcon.colcon_core.package_identification:_identify(src/diffdrive_arduino) by extension 'colcon_meta'
[1.867s] Level 1:colcon.colcon_core.package_identification:_identify(src/diffdrive_arduino) by extensions ['ros']
[1.867s] Level 1:colcon.colcon_core.package_identification:_identify(src/diffdrive_arduino) by extension 'ros'
[1.894s] DEBUG:colcon.colcon_core.package_identification:Package 'src/diffdrive_arduino' with type 'ros.ament_cmake' and name 'diffdrive_arduino'
[1.896s] Level 1:colcon.colcon_core.package_identification:_identify(src/ldlidar_sl_ros2) by extensions ['ignore', 'ignore_ament_install']
[1.897s] Level 1:colcon.colcon_core.package_identification:_identify(src/ldlidar_sl_ros2) by extension 'ignore'
[1.898s] Level 1:colcon.colcon_core.package_identification:_identify(src/ldlidar_sl_ros2) by extension 'ignore_ament_install'
[1.899s] Level 1:colcon.colcon_core.package_identification:_identify(src/ldlidar_sl_ros2) by extensions ['colcon_pkg']
[1.899s] Level 1:colcon.colcon_core.package_identification:_identify(src/ldlidar_sl_ros2) by extension 'colcon_pkg'
[1.900s] Level 1:colcon.colcon_core.package_identification:_identify(src/ldlidar_sl_ros2) by extensions ['colcon_meta']
[1.900s] Level 1:colcon.colcon_core.package_identification:_identify(src/ldlidar_sl_ros2) by extension 'colcon_meta'
[1.901s] Level 1:colcon.colcon_core.package_identification:_identify(src/ldlidar_sl_ros2) by extensions ['ros']
[1.902s] Level 1:colcon.colcon_core.package_identification:_identify(src/ldlidar_sl_ros2) by extension 'ros'
[1.910s] DEBUG:colcon.colcon_core.package_identification:Package 'src/ldlidar_sl_ros2' with type 'ros.ament_cmake' and name 'ldlidar_sl_ros2'
[1.912s] Level 1:colcon.colcon_core.package_identification:_identify(src/mbehu_bot) by extensions ['ignore', 'ignore_ament_install']
[1.913s] Level 1:colcon.colcon_core.package_identification:_identify(src/mbehu_bot) by extension 'ignore'
[1.914s] Level 1:colcon.colcon_core.package_identification:_identify(src/mbehu_bot) by extension 'ignore_ament_install'
[1.915s] Level 1:colcon.colcon_core.package_identification:_identify(src/mbehu_bot) by extensions ['colcon_pkg']
[1.916s] Level 1:colcon.colcon_core.package_identification:_identify(src/mbehu_bot) by extension 'colcon_pkg'
[1.916s] Level 1:colcon.colcon_core.package_identification:_identify(src/mbehu_bot) by extensions ['colcon_meta']
[1.917s] Level 1:colcon.colcon_core.package_identification:_identify(src/mbehu_bot) by extension 'colcon_meta'
[1.917s] Level 1:colcon.colcon_core.package_identification:_identify(src/mbehu_bot) by extensions ['ros']
[1.918s] Level 1:colcon.colcon_core.package_identification:_identify(src/mbehu_bot) by extension 'ros'
[1.923s] DEBUG:colcon.colcon_core.package_identification:Package 'src/mbehu_bot' with type 'ros.ament_cmake' and name 'mbehu_bot'
[1.924s] Level 1:colcon.colcon_core.package_identification:_identify(src/serial) by extensions ['ignore', 'ignore_ament_install']
[1.925s] Level 1:colcon.colcon_core.package_identification:_identify(src/serial) by extension 'ignore'
[1.926s] Level 1:colcon.colcon_core.package_identification:_identify(src/serial) by extension 'ignore_ament_install'
[1.927s] Level 1:colcon.colcon_core.package_identification:_identify(src/serial) by extensions ['colcon_pkg']
[1.928s] Level 1:colcon.colcon_core.package_identification:_identify(src/serial) by extension 'colcon_pkg'
[1.928s] Level 1:colcon.colcon_core.package_identification:_identify(src/serial) by extensions ['colcon_meta']
[1.929s] Level 1:colcon.colcon_core.package_identification:_identify(src/serial) by extension 'colcon_meta'
[1.930s] Level 1:colcon.colcon_core.package_identification:_identify(src/serial) by extensions ['ros']
[1.930s] Level 1:colcon.colcon_core.package_identification:_identify(src/serial) by extension 'ros'
[1.936s] DEBUG:colcon.colcon_core.package_identification:Package 'src/serial' with type 'ros.ament_cmake' and name 'serial'
[1.936s] Level 1:colcon.colcon_core.package_discovery:discover_packages(recursive) using defaults
[1.937s] Level 1:colcon.colcon_core.package_discovery:discover_packages(ignore) discover
[1.937s] Level 1:colcon.colcon_core.package_discovery:discover_packages(ignore) using defaults
[1.938s] Level 1:colcon.colcon_core.package_discovery:discover_packages(path) discover
[1.938s] Level 1:colcon.colcon_core.package_discovery:discover_packages(path) using defaults
[2.164s] Level 1:colcon.colcon_core.package_discovery:discover_packages(prefix_path) check parameters
[2.164s] Level 1:colcon.colcon_core.package_discovery:discover_packages(prefix_path) discover
[2.205s] DEBUG:colcon.colcon_installed_package_information.package_discovery:Found 4 installed packages in /home/sebas/mbehu_restored_ws/install
[2.221s] DEBUG:colcon.colcon_installed_package_information.package_discovery:Found 8 installed packages in /home/sebas/mbehu_ws/install
[2.259s] DEBUG:colcon.colcon_installed_package_information.package_discovery:Found 339 installed packages in /opt/ros/foxy
[2.284s] Level 1:colcon.colcon_core.package_discovery:discover_packages(prefix_path) using defaults
[3.346s] Level 5:colcon.colcon_core.verb:set package 'ldlidar_sl_ros2' build argument 'cmake_args' from command line to 'None'
[3.347s] Level 5:colcon.colcon_core.verb:set package 'ldlidar_sl_ros2' build argument 'cmake_target' from command line to 'None'
[3.347s] Level 5:colcon.colcon_core.verb:set package 'ldlidar_sl_ros2' build argument 'cmake_target_skip_unavailable' from command line to 'False'
[3.348s] Level 5:colcon.colcon_core.verb:set package 'ldlidar_sl_ros2' build argument 'cmake_clean_cache' from command line to 'False'
[3.348s] Level 5:colcon.colcon_core.verb:set package 'ldlidar_sl_ros2' build argument 'cmake_clean_first' from command line to 'False'
[3.348s] Level 5:colcon.colcon_core.verb:set package 'ldlidar_sl_ros2' build argument 'cmake_force_configure' from command line to 'False'
[3.349s] Level 5:colcon.colcon_core.verb:set package 'ldlidar_sl_ros2' build argument 'ament_cmake_args' from command line to 'None'
[3.349s] Level 5:colcon.colcon_core.verb:set package 'ldlidar_sl_ros2' build argument 'catkin_cmake_args' from command line to 'None'
[3.349s] Level 5:colcon.colcon_core.verb:set package 'ldlidar_sl_ros2' build argument 'catkin_skip_building_tests' from command line to 'False'
[3.350s] DEBUG:colcon.colcon_core.verb:Building package 'ldlidar_sl_ros2' with the following arguments: {'ament_cmake_args': None, 'build_base': '/home/sebas/mbehu_restored_ws/build/ldlidar_sl_ros2', 'catkin_cmake_args': None, 'catkin_skip_building_tests': False, 'cmake_args': None, 'cmake_clean_cache': False, 'cmake_clean_first': False, 'cmake_force_configure': False, 'cmake_target': None, 'cmake_target_skip_unavailable': False, 'install_base': '/home/sebas/mbehu_restored_ws/install/ldlidar_sl_ros2', 'merge_install': False, 'path': '/home/sebas/mbehu_restored_ws/src/ldlidar_sl_ros2', 'symlink_install': False, 'test_result_base': None}
[3.361s] Level 5:colcon.colcon_core.verb:set package 'mbehu_bot' build argument 'cmake_args' from command line to 'None'
[3.362s] Level 5:colcon.colcon_core.verb:set package 'mbehu_bot' build argument 'cmake_target' from command line to 'None'
[3.362s] Level 5:colcon.colcon_core.verb:set package 'mbehu_bot' build argument 'cmake_target_skip_unavailable' from command line to 'False'
[3.363s] Level 5:colcon.colcon_core.verb:set package 'mbehu_bot' build argument 'cmake_clean_cache' from command line to 'False'
[3.363s] Level 5:colcon.colcon_core.verb:set package 'mbehu_bot' build argument 'cmake_clean_first' from command line to 'False'
[3.363s] Level 5:colcon.colcon_core.verb:set package 'mbehu_bot' build argument 'cmake_force_configure' from command line to 'False'
[3.364s] Level 5:colcon.colcon_core.verb:set package 'mbehu_bot' build argument 'ament_cmake_args' from command line to 'None'
[3.364s] Level 5:colcon.colcon_core.verb:set package 'mbehu_bot' build argument 'catkin_cmake_args' from command line to 'None'
[3.364s] Level 5:colcon.colcon_core.verb:set package 'mbehu_bot' build argument 'catkin_skip_building_tests' from command line to 'False'
[3.365s] DEBUG:colcon.colcon_core.verb:Building package 'mbehu_bot' with the following arguments: {'ament_cmake_args': None, 'build_base': '/home/sebas/mbehu_restored_ws/build/mbehu_bot', 'catkin_cmake_args': None, 'catkin_skip_building_tests': False, 'cmake_args': None, 'cmake_clean_cache': False, 'cmake_clean_first': False, 'cmake_force_configure': False, 'cmake_target': None, 'cmake_target_skip_unavailable': False, 'install_base': '/home/sebas/mbehu_restored_ws/install/mbehu_bot', 'merge_install': False, 'path': '/home/sebas/mbehu_restored_ws/src/mbehu_bot', 'symlink_install': False, 'test_result_base': None}
[3.376s] Level 5:colcon.colcon_core.verb:set package 'serial' build argument 'cmake_args' from command line to 'None'
[3.377s] Level 5:colcon.colcon_core.verb:set package 'serial' build argument 'cmake_target' from command line to 'None'
[3.377s] Level 5:colcon.colcon_core.verb:set package 'serial' build argument 'cmake_target_skip_unavailable' from command line to 'False'
[3.378s] Level 5:colcon.colcon_core.verb:set package 'serial' build argument 'cmake_clean_cache' from command line to 'False'
[3.378s] Level 5:colcon.colcon_core.verb:set package 'serial' build argument 'cmake_clean_first' from command line to 'False'
[3.378s] Level 5:colcon.colcon_core.verb:set package 'serial' build argument 'cmake_force_configure' from command line to 'False'
[3.379s] Level 5:colcon.colcon_core.verb:set package 'serial' build argument 'ament_cmake_args' from command line to 'None'
[3.379s] Level 5:colcon.colcon_core.verb:set package 'serial' build argument 'catkin_cmake_args' from command line to 'None'
[3.379s] Level 5:colcon.colcon_core.verb:set package 'serial' build argument 'catkin_skip_building_tests' from command line to 'False'
[3.380s] DEBUG:colcon.colcon_core.verb:Building package 'serial' with the following arguments: {'ament_cmake_args': None, 'build_base': '/home/sebas/mbehu_restored_ws/build/serial', 'catkin_cmake_args': None, 'catkin_skip_building_tests': False, 'cmake_args': None, 'cmake_clean_cache': False, 'cmake_clean_first': False, 'cmake_force_configure': False, 'cmake_target': None, 'cmake_target_skip_unavailable': False, 'install_base': '/home/sebas/mbehu_restored_ws/install/serial', 'merge_install': False, 'path': '/home/sebas/mbehu_restored_ws/src/serial', 'symlink_install': False, 'test_result_base': None}
[3.391s] Level 5:colcon.colcon_core.verb:set package 'diffdrive_arduino' build argument 'cmake_args' from command line to 'None'
[3.392s] Level 5:colcon.colcon_core.verb:set package 'diffdrive_arduino' build argument 'cmake_target' from command line to 'None'
[3.392s] Level 5:colcon.colcon_core.verb:set package 'diffdrive_arduino' build argument 'cmake_target_skip_unavailable' from command line to 'False'
[3.393s] Level 5:colcon.colcon_core.verb:set package 'diffdrive_arduino' build argument 'cmake_clean_cache' from command line to 'False'
[3.393s] Level 5:colcon.colcon_core.verb:set package 'diffdrive_arduino' build argument 'cmake_clean_first' from command line to 'False'
[3.393s] Level 5:colcon.colcon_core.verb:set package 'diffdrive_arduino' build argument 'cmake_force_configure' from command line to 'False'
[3.394s] Level 5:colcon.colcon_core.verb:set package 'diffdrive_arduino' build argument 'ament_cmake_args' from command line to 'None'
[3.394s] Level 5:colcon.colcon_core.verb:set package 'diffdrive_arduino' build argument 'catkin_cmake_args' from command line to 'None'
[3.394s] Level 5:colcon.colcon_core.verb:set package 'diffdrive_arduino' build argument 'catkin_skip_building_tests' from command line to 'False'
[3.395s] DEBUG:colcon.colcon_core.verb:Building package 'diffdrive_arduino' with the following arguments: {'ament_cmake_args': None, 'build_base': '/home/sebas/mbehu_restored_ws/build/diffdrive_arduino', 'catkin_cmake_args': None, 'catkin_skip_building_tests': False, 'cmake_args': None, 'cmake_clean_cache': False, 'cmake_clean_first': False, 'cmake_force_configure': False, 'cmake_target': None, 'cmake_target_skip_unavailable': False, 'install_base': '/home/sebas/mbehu_restored_ws/install/diffdrive_arduino', 'merge_install': False, 'path': '/home/sebas/mbehu_restored_ws/src/diffdrive_arduino', 'symlink_install': False, 'test_result_base': None}
[3.403s] INFO:colcon.colcon_core.executor:Executing jobs using 'parallel' executor
[3.449s] DEBUG:colcon.colcon_parallel_executor.executor.parallel:run_until_complete
[3.451s] INFO:colcon.colcon_ros.task.ament_cmake.build:Building ROS package in '/home/sebas/mbehu_restored_ws/src/serial' with build type 'ament_cmake'
[3.453s] INFO:colcon.colcon_cmake.task.cmake.build:Building CMake package in '/home/sebas/mbehu_restored_ws/src/serial'
[3.482s] INFO:colcon.colcon_core.plugin_system:Skipping extension 'colcon_core.shell.bat': Not used on non-Windows systems
[3.483s] INFO:colcon.colcon_core.shell:Skip shell extension 'powershell' for command environment: Not usable outside of PowerShell
[3.483s] DEBUG:colcon.colcon_core.shell:Skip shell extension 'dsv' for command environment
[3.525s] INFO:colcon.colcon_ros.task.ament_cmake.build:Building ROS package in '/home/sebas/mbehu_restored_ws/src/ldlidar_sl_ros2' with build type 'ament_cmake'
[3.527s] INFO:colcon.colcon_cmake.task.cmake.build:Building CMake package in '/home/sebas/mbehu_restored_ws/src/ldlidar_sl_ros2'
[3.537s] INFO:colcon.colcon_core.shell:Skip shell extension 'powershell' for command environment: Not usable outside of PowerShell
[3.537s] DEBUG:colcon.colcon_core.shell:Skip shell extension 'dsv' for command environment
[3.582s] INFO:colcon.colcon_ros.task.ament_cmake.build:Building ROS package in '/home/sebas/mbehu_restored_ws/src/mbehu_bot' with build type 'ament_cmake'
[3.583s] INFO:colcon.colcon_cmake.task.cmake.build:Building CMake package in '/home/sebas/mbehu_restored_ws/src/mbehu_bot'
[3.592s] INFO:colcon.colcon_core.shell:Skip shell extension 'powershell' for command environment: Not usable outside of PowerShell
[3.593s] DEBUG:colcon.colcon_core.shell:Skip shell extension 'dsv' for command environment
[3.661s] DEBUG:colcon.colcon_core.event_handler.log_command:Invoking command in '/home/sebas/mbehu_restored_ws/build/serial': CMAKE_PREFIX_PATH=${CMAKE_PREFIX_PATH}:/home/sebas/mbehu_ws/install/ultrasonico:/home/sebas/mbehu_ws/install/mpu6050_pkg:/home/sebas/mbehu_ws/install/mpu6050:/opt/ros/foxy /usr/bin/cmake --build /home/sebas/mbehu_restored_ws/build/serial -- -j4 -l4
[3.700s] DEBUG:colcon.colcon_core.event_handler.log_command:Invoking command in '/home/sebas/mbehu_restored_ws/build/ldlidar_sl_ros2': CMAKE_PREFIX_PATH=${CMAKE_PREFIX_PATH}:/home/sebas/mbehu_ws/install/ultrasonico:/home/sebas/mbehu_ws/install/mpu6050_pkg:/home/sebas/mbehu_ws/install/mpu6050:/opt/ros/foxy /usr/bin/cmake --build /home/sebas/mbehu_restored_ws/build/ldlidar_sl_ros2 -- -j4 -l4
[3.782s] DEBUG:colcon.colcon_core.event_handler.log_command:Invoking command in '/home/sebas/mbehu_restored_ws/build/mbehu_bot': CMAKE_PREFIX_PATH=${CMAKE_PREFIX_PATH}:/home/sebas/mbehu_ws/install/ultrasonico:/home/sebas/mbehu_ws/install/mpu6050_pkg:/home/sebas/mbehu_ws/install/mpu6050:/opt/ros/foxy /usr/bin/cmake --build /home/sebas/mbehu_restored_ws/build/mbehu_bot -- -j4 -l4
[4.568s] DEBUG:colcon.colcon_core.event_handler.log_command:Invoked command in '/home/sebas/mbehu_restored_ws/build/mbehu_bot' returned '0': CMAKE_PREFIX_PATH=${CMAKE_PREFIX_PATH}:/home/sebas/mbehu_ws/install/ultrasonico:/home/sebas/mbehu_ws/install/mpu6050_pkg:/home/sebas/mbehu_ws/install/mpu6050:/opt/ros/foxy /usr/bin/cmake --build /home/sebas/mbehu_restored_ws/build/mbehu_bot -- -j4 -l4
[5.499s] DEBUG:colcon.colcon_core.event_handler.log_command:Invoking command in '/home/sebas/mbehu_restored_ws/build/mbehu_bot': CMAKE_PREFIX_PATH=${CMAKE_PREFIX_PATH}:/home/sebas/mbehu_ws/install/ultrasonico:/home/sebas/mbehu_ws/install/mpu6050_pkg:/home/sebas/mbehu_ws/install/mpu6050:/opt/ros/foxy /usr/bin/cmake --install /home/sebas/mbehu_restored_ws/build/mbehu_bot
[5.562s] DEBUG:colcon.colcon_core.event_handler.log_command:Invoked command in '/home/sebas/mbehu_restored_ws/build/ldlidar_sl_ros2' returned '0': CMAKE_PREFIX_PATH=${CMAKE_PREFIX_PATH}:/home/sebas/mbehu_ws/install/ultrasonico:/home/sebas/mbehu_ws/install/mpu6050_pkg:/home/sebas/mbehu_ws/install/mpu6050:/opt/ros/foxy /usr/bin/cmake --build /home/sebas/mbehu_restored_ws/build/ldlidar_sl_ros2 -- -j4 -l4
[5.617s] DEBUG:colcon.colcon_core.event_handler.log_command:Invoked command in '/home/sebas/mbehu_restored_ws/build/serial' returned '0': CMAKE_PREFIX_PATH=${CMAKE_PREFIX_PATH}:/home/sebas/mbehu_ws/install/ultrasonico:/home/sebas/mbehu_ws/install/mpu6050_pkg:/home/sebas/mbehu_ws/install/mpu6050:/opt/ros/foxy /usr/bin/cmake --build /home/sebas/mbehu_restored_ws/build/serial -- -j4 -l4
[5.716s] Level 1:colcon.colcon_core.environment:create_environment_scripts_only(mbehu_bot)
[5.769s] DEBUG:colcon.colcon_core.event_handler.log_command:Invoked command in '/home/sebas/mbehu_restored_ws/build/mbehu_bot' returned '0': CMAKE_PREFIX_PATH=${CMAKE_PREFIX_PATH}:/home/sebas/mbehu_ws/install/ultrasonico:/home/sebas/mbehu_ws/install/mpu6050_pkg:/home/sebas/mbehu_ws/install/mpu6050:/opt/ros/foxy /usr/bin/cmake --install /home/sebas/mbehu_restored_ws/build/mbehu_bot
[5.811s] Level 1:colcon.colcon_core.environment:checking '/home/sebas/mbehu_restored_ws/install/mbehu_bot' for CMake module files
[5.819s] Level 1:colcon.colcon_core.environment:checking '/home/sebas/mbehu_restored_ws/install/mbehu_bot' for CMake config files
[5.823s] Level 1:colcon.colcon_core.shell:create_environment_hook('mbehu_bot', 'cmake_prefix_path')
[5.842s] INFO:colcon.colcon_core.shell:Creating environment hook '/home/sebas/mbehu_restored_ws/install/mbehu_bot/share/mbehu_bot/hook/cmake_prefix_path.ps1'
[5.849s] INFO:colcon.colcon_core.shell:Creating environment descriptor '/home/sebas/mbehu_restored_ws/install/mbehu_bot/share/mbehu_bot/hook/cmake_prefix_path.dsv'
[5.855s] INFO:colcon.colcon_core.shell:Creating environment hook '/home/sebas/mbehu_restored_ws/install/mbehu_bot/share/mbehu_bot/hook/cmake_prefix_path.sh'
[5.866s] Level 1:colcon.colcon_core.environment:checking '/home/sebas/mbehu_restored_ws/install/mbehu_bot/bin'
[5.867s] Level 1:colcon.colcon_core.environment:checking '/home/sebas/mbehu_restored_ws/install/mbehu_bot/lib/pkgconfig/mbehu_bot.pc'
[5.869s] Level 1:colcon.colcon_core.environment:checking '/home/sebas/mbehu_restored_ws/install/mbehu_bot/lib/python3.8/site-packages'
[5.871s] Level 1:colcon.colcon_core.environment:checking '/home/sebas/mbehu_restored_ws/install/mbehu_bot/bin'
[5.900s] INFO:colcon.colcon_core.shell:Creating package script '/home/sebas/mbehu_restored_ws/install/mbehu_bot/share/mbehu_bot/package.ps1'
[5.909s] INFO:colcon.colcon_core.shell:Creating package descriptor '/home/sebas/mbehu_restored_ws/install/mbehu_bot/share/mbehu_bot/package.dsv'
[5.915s] INFO:colcon.colcon_core.shell:Creating package script '/home/sebas/mbehu_restored_ws/install/mbehu_bot/share/mbehu_bot/package.sh'
[5.924s] INFO:colcon.colcon_core.shell:Creating package script '/home/sebas/mbehu_restored_ws/install/mbehu_bot/share/mbehu_bot/package.bash'
[5.938s] INFO:colcon.colcon_core.shell:Creating package script '/home/sebas/mbehu_restored_ws/install/mbehu_bot/share/mbehu_bot/package.zsh'
[5.953s] Level 1:colcon.colcon_core.environment:create_file_with_runtime_dependencies(/home/sebas/mbehu_restored_ws/install/mbehu_bot/share/colcon-core/packages/mbehu_bot)
[6.294s] DEBUG:colcon.colcon_core.event_handler.log_command:Invoking command in '/home/sebas/mbehu_restored_ws/build/serial': CMAKE_PREFIX_PATH=${CMAKE_PREFIX_PATH}:/home/sebas/mbehu_ws/install/ultrasonico:/home/sebas/mbehu_ws/install/mpu6050_pkg:/home/sebas/mbehu_ws/install/mpu6050:/opt/ros/foxy /usr/bin/cmake --install /home/sebas/mbehu_restored_ws/build/serial
[6.389s] DEBUG:colcon.colcon_core.event_handler.log_command:Invoking command in '/home/sebas/mbehu_restored_ws/build/ldlidar_sl_ros2': CMAKE_PREFIX_PATH=${CMAKE_PREFIX_PATH}:/home/sebas/mbehu_ws/install/ultrasonico:/home/sebas/mbehu_ws/install/mpu6050_pkg:/home/sebas/mbehu_ws/install/mpu6050:/opt/ros/foxy /usr/bin/cmake --install /home/sebas/mbehu_restored_ws/build/ldlidar_sl_ros2
[6.517s] Level 1:colcon.colcon_core.environment:create_environment_scripts_only(serial)
[6.554s] Level 1:colcon.colcon_core.environment:checking '/home/sebas/mbehu_restored_ws/install/serial' for CMake module files
[6.580s] Level 1:colcon.colcon_core.environment:checking '/home/sebas/mbehu_restored_ws/install/serial' for CMake config files
[6.594s] DEBUG:colcon.colcon_core.event_handler.log_command:Invoked command in '/home/sebas/mbehu_restored_ws/build/serial' returned '0': CMAKE_PREFIX_PATH=${CMAKE_PREFIX_PATH}:/home/sebas/mbehu_ws/install/ultrasonico:/home/sebas/mbehu_ws/install/mpu6050_pkg:/home/sebas/mbehu_ws/install/mpu6050:/opt/ros/foxy /usr/bin/cmake --install /home/sebas/mbehu_restored_ws/build/serial
[6.598s] Level 1:colcon.colcon_core.shell:create_environment_hook('serial', 'cmake_prefix_path')
[6.616s] INFO:colcon.colcon_core.shell:Creating environment hook '/home/sebas/mbehu_restored_ws/install/serial/share/serial/hook/cmake_prefix_path.ps1'
[6.625s] INFO:colcon.colcon_core.shell:Creating environment descriptor '/home/sebas/mbehu_restored_ws/install/serial/share/serial/hook/cmake_prefix_path.dsv'
[6.633s] INFO:colcon.colcon_core.shell:Creating environment hook '/home/sebas/mbehu_restored_ws/install/serial/share/serial/hook/cmake_prefix_path.sh'
[6.644s] Level 1:colcon.colcon_core.environment:checking '/home/sebas/mbehu_restored_ws/install/serial/lib'
[6.646s] Level 1:colcon.colcon_core.environment:checking '/home/sebas/mbehu_restored_ws/install/serial/bin'
[6.647s] Level 1:colcon.colcon_core.environment:checking '/home/sebas/mbehu_restored_ws/install/serial/lib/pkgconfig/serial.pc'
[6.649s] Level 1:colcon.colcon_core.environment:checking '/home/sebas/mbehu_restored_ws/install/serial/lib/python3.8/site-packages'
[6.650s] Level 1:colcon.colcon_core.environment:checking '/home/sebas/mbehu_restored_ws/install/serial/bin'
[6.659s] INFO:colcon.colcon_core.shell:Creating package script '/home/sebas/mbehu_restored_ws/install/serial/share/serial/package.ps1'
[6.663s] INFO:colcon.colcon_core.shell:Creating package descriptor '/home/sebas/mbehu_restored_ws/install/serial/share/serial/package.dsv'
[6.667s] INFO:colcon.colcon_core.shell:Creating package script '/home/sebas/mbehu_restored_ws/install/serial/share/serial/package.sh'
[6.671s] INFO:colcon.colcon_core.shell:Creating package script '/home/sebas/mbehu_restored_ws/install/serial/share/serial/package.bash'
[6.674s] INFO:colcon.colcon_core.shell:Creating package script '/home/sebas/mbehu_restored_ws/install/serial/share/serial/package.zsh'
[6.676s] Level 1:colcon.colcon_core.environment:create_file_with_runtime_dependencies(/home/sebas/mbehu_restored_ws/install/serial/share/colcon-core/packages/serial)
[6.697s] Level 1:colcon.colcon_core.environment:create_environment_scripts_only(mbehu_bot)
[6.709s] Level 1:colcon.colcon_core.environment:checking '/home/sebas/mbehu_restored_ws/install/mbehu_bot' for CMake module files
[6.713s] Level 1:colcon.colcon_core.environment:checking '/home/sebas/mbehu_restored_ws/install/mbehu_bot' for CMake config files
[6.715s] Level 1:colcon.colcon_core.shell:create_environment_hook('mbehu_bot', 'cmake_prefix_path')
[6.724s] INFO:colcon.colcon_core.shell:Creating environment hook '/home/sebas/mbehu_restored_ws/install/mbehu_bot/share/mbehu_bot/hook/cmake_prefix_path.ps1'
[6.727s] INFO:colcon.colcon_core.shell:Creating environment descriptor '/home/sebas/mbehu_restored_ws/install/mbehu_bot/share/mbehu_bot/hook/cmake_prefix_path.dsv'
[6.730s] INFO:colcon.colcon_core.shell:Creating environment hook '/home/sebas/mbehu_restored_ws/install/mbehu_bot/share/mbehu_bot/hook/cmake_prefix_path.sh'
[6.733s] Level 1:colcon.colcon_core.environment:checking '/home/sebas/mbehu_restored_ws/install/mbehu_bot/bin'
[6.734s] Level 1:colcon.colcon_core.environment:checking '/home/sebas/mbehu_restored_ws/install/mbehu_bot/lib/pkgconfig/mbehu_bot.pc'
[6.735s] Level 1:colcon.colcon_core.environment:checking '/home/sebas/mbehu_restored_ws/install/mbehu_bot/lib/python3.8/site-packages'
[6.736s] Level 1:colcon.colcon_core.environment:checking '/home/sebas/mbehu_restored_ws/install/mbehu_bot/bin'
[6.744s] INFO:colcon.colcon_core.shell:Creating package script '/home/sebas/mbehu_restored_ws/install/mbehu_bot/share/mbehu_bot/package.ps1'
[6.747s] INFO:colcon.colcon_core.shell:Creating package descriptor '/home/sebas/mbehu_restored_ws/install/mbehu_bot/share/mbehu_bot/package.dsv'
[6.750s] INFO:colcon.colcon_core.shell:Creating package script '/home/sebas/mbehu_restored_ws/install/mbehu_bot/share/mbehu_bot/package.sh'
[6.753s] INFO:colcon.colcon_core.shell:Creating package script '/home/sebas/mbehu_restored_ws/install/mbehu_bot/share/mbehu_bot/package.bash'
[6.755s] INFO:colcon.colcon_core.shell:Creating package script '/home/sebas/mbehu_restored_ws/install/mbehu_bot/share/mbehu_bot/package.zsh'
[6.758s] Level 1:colcon.colcon_core.environment:create_file_with_runtime_dependencies(/home/sebas/mbehu_restored_ws/install/mbehu_bot/share/colcon-core/packages/mbehu_bot)
[6.765s] Level 1:colcon.colcon_core.environment:create_environment_scripts_only(ldlidar_sl_ros2)
[6.778s] Level 1:colcon.colcon_core.environment:checking '/home/sebas/mbehu_restored_ws/install/ldlidar_sl_ros2' for CMake module files
[6.779s] DEBUG:colcon.colcon_core.event_handler.log_command:Invoked command in '/home/sebas/mbehu_restored_ws/build/ldlidar_sl_ros2' returned '0': CMAKE_PREFIX_PATH=${CMAKE_PREFIX_PATH}:/home/sebas/mbehu_ws/install/ultrasonico:/home/sebas/mbehu_ws/install/mpu6050_pkg:/home/sebas/mbehu_ws/install/mpu6050:/opt/ros/foxy /usr/bin/cmake --install /home/sebas/mbehu_restored_ws/build/ldlidar_sl_ros2
[6.784s] Level 1:colcon.colcon_core.environment:checking '/home/sebas/mbehu_restored_ws/install/ldlidar_sl_ros2' for CMake config files
[6.785s] Level 1:colcon.colcon_core.shell:create_environment_hook('ldlidar_sl_ros2', 'cmake_prefix_path')
[6.793s] INFO:colcon.colcon_core.shell:Creating environment hook '/home/sebas/mbehu_restored_ws/install/ldlidar_sl_ros2/share/ldlidar_sl_ros2/hook/cmake_prefix_path.ps1'
[6.795s] INFO:colcon.colcon_core.shell:Creating environment descriptor '/home/sebas/mbehu_restored_ws/install/ldlidar_sl_ros2/share/ldlidar_sl_ros2/hook/cmake_prefix_path.dsv'
[6.798s] INFO:colcon.colcon_core.shell:Creating environment hook '/home/sebas/mbehu_restored_ws/install/ldlidar_sl_ros2/share/ldlidar_sl_ros2/hook/cmake_prefix_path.sh'
[6.801s] Level 1:colcon.colcon_core.environment:checking '/home/sebas/mbehu_restored_ws/install/ldlidar_sl_ros2/lib'
[6.802s] Level 1:colcon.colcon_core.environment:checking '/home/sebas/mbehu_restored_ws/install/ldlidar_sl_ros2/bin'
[6.802s] Level 1:colcon.colcon_core.environment:checking '/home/sebas/mbehu_restored_ws/install/ldlidar_sl_ros2/lib/pkgconfig/ldlidar_sl_ros2.pc'
[6.803s] Level 1:colcon.colcon_core.environment:checking '/home/sebas/mbehu_restored_ws/install/ldlidar_sl_ros2/lib/python3.8/site-packages'
[6.805s] Level 1:colcon.colcon_core.environment:checking '/home/sebas/mbehu_restored_ws/install/ldlidar_sl_ros2/bin'
[6.812s] INFO:colcon.colcon_core.shell:Creating package script '/home/sebas/mbehu_restored_ws/install/ldlidar_sl_ros2/share/ldlidar_sl_ros2/package.ps1'
[6.815s] INFO:colcon.colcon_core.shell:Creating package descriptor '/home/sebas/mbehu_restored_ws/install/ldlidar_sl_ros2/share/ldlidar_sl_ros2/package.dsv'
[6.818s] INFO:colcon.colcon_core.shell:Creating package script '/home/sebas/mbehu_restored_ws/install/ldlidar_sl_ros2/share/ldlidar_sl_ros2/package.sh'
[6.820s] INFO:colcon.colcon_core.shell:Creating package script '/home/sebas/mbehu_restored_ws/install/ldlidar_sl_ros2/share/ldlidar_sl_ros2/package.bash'
[6.823s] INFO:colcon.colcon_core.shell:Creating package script '/home/sebas/mbehu_restored_ws/install/ldlidar_sl_ros2/share/ldlidar_sl_ros2/package.zsh'
[6.825s] Level 1:colcon.colcon_core.environment:create_file_with_runtime_dependencies(/home/sebas/mbehu_restored_ws/install/ldlidar_sl_ros2/share/colcon-core/packages/ldlidar_sl_ros2)
[6.927s] Level 1:colcon.colcon_core.environment:create_environment_scripts_only(serial)
[6.954s] Level 1:colcon.colcon_core.environment:checking '/home/sebas/mbehu_restored_ws/install/serial' for CMake module files
[6.961s] Level 1:colcon.colcon_core.environment:checking '/home/sebas/mbehu_restored_ws/install/serial' for CMake config files
[6.967s] Level 1:colcon.colcon_core.shell:create_environment_hook('serial', 'cmake_prefix_path')
[6.983s] INFO:colcon.colcon_core.shell:Creating environment hook '/home/sebas/mbehu_restored_ws/install/serial/share/serial/hook/cmake_prefix_path.ps1'
[6.992s] INFO:colcon.colcon_core.shell:Creating environment descriptor '/home/sebas/mbehu_restored_ws/install/serial/share/serial/hook/cmake_prefix_path.dsv'
[6.997s] INFO:colcon.colcon_core.shell:Creating environment hook '/home/sebas/mbehu_restored_ws/install/serial/share/serial/hook/cmake_prefix_path.sh'
[7.006s] Level 1:colcon.colcon_core.environment:checking '/home/sebas/mbehu_restored_ws/install/serial/lib'
[7.008s] Level 1:colcon.colcon_core.environment:checking '/home/sebas/mbehu_restored_ws/install/serial/bin'
[7.010s] Level 1:colcon.colcon_core.environment:checking '/home/sebas/mbehu_restored_ws/install/serial/lib/pkgconfig/serial.pc'
[7.013s] Level 1:colcon.colcon_core.environment:checking '/home/sebas/mbehu_restored_ws/install/serial/lib/python3.8/site-packages'
[7.016s] Level 1:colcon.colcon_core.environment:checking '/home/sebas/mbehu_restored_ws/install/serial/bin'
[7.035s] INFO:colcon.colcon_core.shell:Creating package script '/home/sebas/mbehu_restored_ws/install/serial/share/serial/package.ps1'
[7.043s] INFO:colcon.colcon_core.shell:Creating package descriptor '/home/sebas/mbehu_restored_ws/install/serial/share/serial/package.dsv'
[7.050s] INFO:colcon.colcon_core.shell:Creating package script '/home/sebas/mbehu_restored_ws/install/serial/share/serial/package.sh'
[7.057s] INFO:colcon.colcon_core.shell:Creating package script '/home/sebas/mbehu_restored_ws/install/serial/share/serial/package.bash'
[7.063s] INFO:colcon.colcon_core.shell:Creating package script '/home/sebas/mbehu_restored_ws/install/serial/share/serial/package.zsh'
[7.069s] Level 1:colcon.colcon_core.environment:create_file_with_runtime_dependencies(/home/sebas/mbehu_restored_ws/install/serial/share/colcon-core/packages/serial)
[7.075s] INFO:colcon.colcon_ros.task.ament_cmake.build:Building ROS package in '/home/sebas/mbehu_restored_ws/src/diffdrive_arduino' with build type 'ament_cmake'
[7.077s] INFO:colcon.colcon_cmake.task.cmake.build:Building CMake package in '/home/sebas/mbehu_restored_ws/src/diffdrive_arduino'
[7.102s] INFO:colcon.colcon_core.shell:Skip shell extension 'powershell' for command environment: Not usable outside of PowerShell
[7.103s] DEBUG:colcon.colcon_core.shell:Skip shell extension 'dsv' for command environment
[7.315s] DEBUG:colcon.colcon_core.event_handler.log_command:Invoking command in '/home/sebas/mbehu_restored_ws/build/diffdrive_arduino': CMAKE_PREFIX_PATH=/home/sebas/mbehu_restored_ws/install/serial:/home/sebas/mbehu_restored_ws/install/diffdrive_arduino:/home/sebas/mbehu_restored_ws/install/mbehu_bot:/home/sebas/mbehu_restored_ws/install/ldlidar_sl_ros2:/home/sebas/mbehu_ws/install/diffdrive_arduino:/home/sebas/mbehu_ws/install/serial:/home/sebas/mbehu_ws/install/mbehu_bot:/home/sebas/mbehu_ws/install/ldlidar_sl_ros2:/home/sebas/mbehu_ws/install/imu_driver:/home/sebas/mbehu_ws/install/ultrasonico:/home/sebas/mbehu_ws/install/mpu6050_pkg:/home/sebas/mbehu_ws/install/mpu6050:/opt/ros/foxy /usr/bin/cmake --build /home/sebas/mbehu_restored_ws/build/diffdrive_arduino -- -j4 -l4
[7.472s] Level 1:colcon.colcon_core.environment:create_environment_scripts_only(ldlidar_sl_ros2)
[7.505s] Level 1:colcon.colcon_core.environment:checking '/home/sebas/mbehu_restored_ws/install/ldlidar_sl_ros2' for CMake module files
[7.515s] Level 1:colcon.colcon_core.environment:checking '/home/sebas/mbehu_restored_ws/install/ldlidar_sl_ros2' for CMake config files
[7.519s] Level 1:colcon.colcon_core.shell:create_environment_hook('ldlidar_sl_ros2', 'cmake_prefix_path')
[7.549s] INFO:colcon.colcon_core.shell:Creating environment hook '/home/sebas/mbehu_restored_ws/install/ldlidar_sl_ros2/share/ldlidar_sl_ros2/hook/cmake_prefix_path.ps1'
[7.556s] INFO:colcon.colcon_core.shell:Creating environment descriptor '/home/sebas/mbehu_restored_ws/install/ldlidar_sl_ros2/share/ldlidar_sl_ros2/hook/cmake_prefix_path.dsv'
[7.561s] INFO:colcon.colcon_core.shell:Creating environment hook '/home/sebas/mbehu_restored_ws/install/ldlidar_sl_ros2/share/ldlidar_sl_ros2/hook/cmake_prefix_path.sh'
[7.570s] Level 1:colcon.colcon_core.environment:checking '/home/sebas/mbehu_restored_ws/install/ldlidar_sl_ros2/lib'
[7.572s] Level 1:colcon.colcon_core.environment:checking '/home/sebas/mbehu_restored_ws/install/ldlidar_sl_ros2/bin'
[7.573s] Level 1:colcon.colcon_core.environment:checking '/home/sebas/mbehu_restored_ws/install/ldlidar_sl_ros2/lib/pkgconfig/ldlidar_sl_ros2.pc'
[7.575s] Level 1:colcon.colcon_core.environment:checking '/home/sebas/mbehu_restored_ws/install/ldlidar_sl_ros2/lib/python3.8/site-packages'
[7.578s] Level 1:colcon.colcon_core.environment:checking '/home/sebas/mbehu_restored_ws/install/ldlidar_sl_ros2/bin'
[7.597s] INFO:colcon.colcon_core.shell:Creating package script '/home/sebas/mbehu_restored_ws/install/ldlidar_sl_ros2/share/ldlidar_sl_ros2/package.ps1'
[7.603s] INFO:colcon.colcon_core.shell:Creating package descriptor '/home/sebas/mbehu_restored_ws/install/ldlidar_sl_ros2/share/ldlidar_sl_ros2/package.dsv'
[7.610s] INFO:colcon.colcon_core.shell:Creating package script '/home/sebas/mbehu_restored_ws/install/ldlidar_sl_ros2/share/ldlidar_sl_ros2/package.sh'
[7.616s] INFO:colcon.colcon_core.shell:Creating package script '/home/sebas/mbehu_restored_ws/install/ldlidar_sl_ros2/share/ldlidar_sl_ros2/package.bash'
[7.622s] INFO:colcon.colcon_core.shell:Creating package script '/home/sebas/mbehu_restored_ws/install/ldlidar_sl_ros2/share/ldlidar_sl_ros2/package.zsh'
[7.627s] Level 1:colcon.colcon_core.environment:create_file_with_runtime_dependencies(/home/sebas/mbehu_restored_ws/install/ldlidar_sl_ros2/share/colcon-core/packages/ldlidar_sl_ros2)
[8.429s] DEBUG:colcon.colcon_core.event_handler.log_command:Invoked command in '/home/sebas/mbehu_restored_ws/build/diffdrive_arduino' returned '0': CMAKE_PREFIX_PATH=/home/sebas/mbehu_restored_ws/install/serial:/home/sebas/mbehu_restored_ws/install/diffdrive_arduino:/home/sebas/mbehu_restored_ws/install/mbehu_bot:/home/sebas/mbehu_restored_ws/install/ldlidar_sl_ros2:/home/sebas/mbehu_ws/install/diffdrive_arduino:/home/sebas/mbehu_ws/install/serial:/home/sebas/mbehu_ws/install/mbehu_bot:/home/sebas/mbehu_ws/install/ldlidar_sl_ros2:/home/sebas/mbehu_ws/install/imu_driver:/home/sebas/mbehu_ws/install/ultrasonico:/home/sebas/mbehu_ws/install/mpu6050_pkg:/home/sebas/mbehu_ws/install/mpu6050:/opt/ros/foxy /usr/bin/cmake --build /home/sebas/mbehu_restored_ws/build/diffdrive_arduino -- -j4 -l4
[8.958s] DEBUG:colcon.colcon_core.event_handler.log_command:Invoking command in '/home/sebas/mbehu_restored_ws/build/diffdrive_arduino': CMAKE_PREFIX_PATH=/home/sebas/mbehu_restored_ws/install/serial:/home/sebas/mbehu_restored_ws/install/diffdrive_arduino:/home/sebas/mbehu_restored_ws/install/mbehu_bot:/home/sebas/mbehu_restored_ws/install/ldlidar_sl_ros2:/home/sebas/mbehu_ws/install/diffdrive_arduino:/home/sebas/mbehu_ws/install/serial:/home/sebas/mbehu_ws/install/mbehu_bot:/home/sebas/mbehu_ws/install/ldlidar_sl_ros2:/home/sebas/mbehu_ws/install/imu_driver:/home/sebas/mbehu_ws/install/ultrasonico:/home/sebas/mbehu_ws/install/mpu6050_pkg:/home/sebas/mbehu_ws/install/mpu6050:/opt/ros/foxy /usr/bin/cmake --install /home/sebas/mbehu_restored_ws/build/diffdrive_arduino
[9.141s] Level 1:colcon.colcon_core.environment:create_environment_scripts_only(diffdrive_arduino)
[9.174s] Level 1:colcon.colcon_core.environment:checking '/home/sebas/mbehu_restored_ws/install/diffdrive_arduino' for CMake module files
[9.185s] DEBUG:colcon.colcon_core.event_handler.log_command:Invoked command in '/home/sebas/mbehu_restored_ws/build/diffdrive_arduino' returned '0': CMAKE_PREFIX_PATH=/home/sebas/mbehu_restored_ws/install/serial:/home/sebas/mbehu_restored_ws/install/diffdrive_arduino:/home/sebas/mbehu_restored_ws/install/mbehu_bot:/home/sebas/mbehu_restored_ws/install/ldlidar_sl_ros2:/home/sebas/mbehu_ws/install/diffdrive_arduino:/home/sebas/mbehu_ws/install/serial:/home/sebas/mbehu_ws/install/mbehu_bot:/home/sebas/mbehu_ws/install/ldlidar_sl_ros2:/home/sebas/mbehu_ws/install/imu_driver:/home/sebas/mbehu_ws/install/ultrasonico:/home/sebas/mbehu_ws/install/mpu6050_pkg:/home/sebas/mbehu_ws/install/mpu6050:/opt/ros/foxy /usr/bin/cmake --install /home/sebas/mbehu_restored_ws/build/diffdrive_arduino
[9.192s] Level 1:colcon.colcon_core.environment:checking '/home/sebas/mbehu_restored_ws/install/diffdrive_arduino' for CMake config files
[9.197s] Level 1:colcon.colcon_core.shell:create_environment_hook('diffdrive_arduino', 'cmake_prefix_path')
[9.216s] INFO:colcon.colcon_core.shell:Creating environment hook '/home/sebas/mbehu_restored_ws/install/diffdrive_arduino/share/diffdrive_arduino/hook/cmake_prefix_path.ps1'
[9.221s] INFO:colcon.colcon_core.shell:Creating environment descriptor '/home/sebas/mbehu_restored_ws/install/diffdrive_arduino/share/diffdrive_arduino/hook/cmake_prefix_path.dsv'
[9.227s] INFO:colcon.colcon_core.shell:Creating environment hook '/home/sebas/mbehu_restored_ws/install/diffdrive_arduino/share/diffdrive_arduino/hook/cmake_prefix_path.sh'
[9.233s] Level 1:colcon.colcon_core.environment:checking '/home/sebas/mbehu_restored_ws/install/diffdrive_arduino/lib'
[9.235s] Level 1:colcon.colcon_core.shell:create_environment_hook('diffdrive_arduino', 'ld_library_path_lib')
[9.253s] INFO:colcon.colcon_core.shell:Creating environment hook '/home/sebas/mbehu_restored_ws/install/diffdrive_arduino/share/diffdrive_arduino/hook/ld_library_path_lib.ps1'
[9.257s] INFO:colcon.colcon_core.shell:Creating environment descriptor '/home/sebas/mbehu_restored_ws/install/diffdrive_arduino/share/diffdrive_arduino/hook/ld_library_path_lib.dsv'
[9.262s] INFO:colcon.colcon_core.shell:Creating environment hook '/home/sebas/mbehu_restored_ws/install/diffdrive_arduino/share/diffdrive_arduino/hook/ld_library_path_lib.sh'
[9.266s] Level 1:colcon.colcon_core.environment:checking '/home/sebas/mbehu_restored_ws/install/diffdrive_arduino/bin'
[9.267s] Level 1:colcon.colcon_core.environment:checking '/home/sebas/mbehu_restored_ws/install/diffdrive_arduino/lib/pkgconfig/diffdrive_arduino.pc'
[9.270s] Level 1:colcon.colcon_core.environment:checking '/home/sebas/mbehu_restored_ws/install/diffdrive_arduino/lib/python3.8/site-packages'
[9.273s] Level 1:colcon.colcon_core.environment:checking '/home/sebas/mbehu_restored_ws/install/diffdrive_arduino/bin'
[9.292s] INFO:colcon.colcon_core.shell:Creating package script '/home/sebas/mbehu_restored_ws/install/diffdrive_arduino/share/diffdrive_arduino/package.ps1'
[9.298s] INFO:colcon.colcon_core.shell:Creating package descriptor '/home/sebas/mbehu_restored_ws/install/diffdrive_arduino/share/diffdrive_arduino/package.dsv'
[9.304s] INFO:colcon.colcon_core.shell:Creating package script '/home/sebas/mbehu_restored_ws/install/diffdrive_arduino/share/diffdrive_arduino/package.sh'
[9.309s] INFO:colcon.colcon_core.shell:Creating package script '/home/sebas/mbehu_restored_ws/install/diffdrive_arduino/share/diffdrive_arduino/package.bash'
[9.314s] INFO:colcon.colcon_core.shell:Creating package script '/home/sebas/mbehu_restored_ws/install/diffdrive_arduino/share/diffdrive_arduino/package.zsh'
[9.318s] Level 1:colcon.colcon_core.environment:create_file_with_runtime_dependencies(/home/sebas/mbehu_restored_ws/install/diffdrive_arduino/share/colcon-core/packages/diffdrive_arduino)
[9.666s] Level 1:colcon.colcon_core.environment:create_environment_scripts_only(diffdrive_arduino)
[9.677s] Level 1:colcon.colcon_core.environment:checking '/home/sebas/mbehu_restored_ws/install/diffdrive_arduino' for CMake module files
[9.681s] Level 1:colcon.colcon_core.environment:checking '/home/sebas/mbehu_restored_ws/install/diffdrive_arduino' for CMake config files
[9.683s] Level 1:colcon.colcon_core.shell:create_environment_hook('diffdrive_arduino', 'cmake_prefix_path')
[9.689s] INFO:colcon.colcon_core.shell:Creating environment hook '/home/sebas/mbehu_restored_ws/install/diffdrive_arduino/share/diffdrive_arduino/hook/cmake_prefix_path.ps1'
[9.692s] INFO:colcon.colcon_core.shell:Creating environment descriptor '/home/sebas/mbehu_restored_ws/install/diffdrive_arduino/share/diffdrive_arduino/hook/cmake_prefix_path.dsv'
[9.694s] INFO:colcon.colcon_core.shell:Creating environment hook '/home/sebas/mbehu_restored_ws/install/diffdrive_arduino/share/diffdrive_arduino/hook/cmake_prefix_path.sh'
[9.696s] Level 1:colcon.colcon_core.environment:checking '/home/sebas/mbehu_restored_ws/install/diffdrive_arduino/lib'
[9.697s] Level 1:colcon.colcon_core.shell:create_environment_hook('diffdrive_arduino', 'ld_library_path_lib')
[9.703s] INFO:colcon.colcon_core.shell:Creating environment hook '/home/sebas/mbehu_restored_ws/install/diffdrive_arduino/share/diffdrive_arduino/hook/ld_library_path_lib.ps1'
[9.705s] INFO:colcon.colcon_core.shell:Creating environment descriptor '/home/sebas/mbehu_restored_ws/install/diffdrive_arduino/share/diffdrive_arduino/hook/ld_library_path_lib.dsv'
[9.707s] INFO:colcon.colcon_core.shell:Creating environment hook '/home/sebas/mbehu_restored_ws/install/diffdrive_arduino/share/diffdrive_arduino/hook/ld_library_path_lib.sh'
[9.709s] Level 1:colcon.colcon_core.environment:checking '/home/sebas/mbehu_restored_ws/install/diffdrive_arduino/bin'
[9.710s] Level 1:colcon.colcon_core.environment:checking '/home/sebas/mbehu_restored_ws/install/diffdrive_arduino/lib/pkgconfig/diffdrive_arduino.pc'
[9.711s] Level 1:colcon.colcon_core.environment:checking '/home/sebas/mbehu_restored_ws/install/diffdrive_arduino/lib/python3.8/site-packages'
[9.711s] Level 1:colcon.colcon_core.environment:checking '/home/sebas/mbehu_restored_ws/install/diffdrive_arduino/bin'
[9.718s] INFO:colcon.colcon_core.shell:Creating package script '/home/sebas/mbehu_restored_ws/install/diffdrive_arduino/share/diffdrive_arduino/package.ps1'
[9.721s] INFO:colcon.colcon_core.shell:Creating package descriptor '/home/sebas/mbehu_restored_ws/install/diffdrive_arduino/share/diffdrive_arduino/package.dsv'
[9.724s] INFO:colcon.colcon_core.shell:Creating package script '/home/sebas/mbehu_restored_ws/install/diffdrive_arduino/share/diffdrive_arduino/package.sh'
[9.726s] INFO:colcon.colcon_core.shell:Creating package script '/home/sebas/mbehu_restored_ws/install/diffdrive_arduino/share/diffdrive_arduino/package.bash'
[9.728s] INFO:colcon.colcon_core.shell:Creating package script '/home/sebas/mbehu_restored_ws/install/diffdrive_arduino/share/diffdrive_arduino/package.zsh'
[9.730s] Level 1:colcon.colcon_core.environment:create_file_with_runtime_dependencies(/home/sebas/mbehu_restored_ws/install/diffdrive_arduino/share/colcon-core/packages/diffdrive_arduino)
[9.732s] DEBUG:colcon.colcon_parallel_executor.executor.parallel:closing loop
[9.734s] DEBUG:colcon.colcon_parallel_executor.executor.parallel:loop closed
[9.734s] DEBUG:colcon.colcon_parallel_executor.executor.parallel:run_until_complete finished with '0'
[9.735s] DEBUG:colcon.colcon_core.event_reactor:joining thread
[9.774s] INFO:colcon.colcon_core.plugin_system:Skipping extension 'colcon_notification.desktop_notification.terminal_notifier': Not used on non-Darwin systems
[9.774s] INFO:colcon.colcon_core.plugin_system:Skipping extension 'colcon_notification.desktop_notification.win32': Not used on non-Windows systems
[9.774s] INFO:colcon.colcon_notification.desktop_notification:Sending desktop notification using 'notify2'
[9.828s] DEBUG:colcon.colcon_notification.desktop_notification.notify2:Failed to initialize notify2: org.freedesktop.DBus.Error.Spawn.ChildExited: Process org.freedesktop.Notifications exited with status 1
[9.829s] DEBUG:colcon.colcon_core.event_reactor:joined thread
[9.836s] INFO:colcon.colcon_core.shell:Creating prefix script '/home/sebas/mbehu_restored_ws/install/local_setup.ps1'
[9.840s] INFO:colcon.colcon_core.shell:Creating prefix util module '/home/sebas/mbehu_restored_ws/install/_local_setup_util_ps1.py'
[9.850s] INFO:colcon.colcon_core.shell:Creating prefix chain script '/home/sebas/mbehu_restored_ws/install/setup.ps1'
[9.877s] INFO:colcon.colcon_core.shell:Creating prefix script '/home/sebas/mbehu_restored_ws/install/local_setup.sh'
[9.883s] INFO:colcon.colcon_core.shell:Creating prefix util module '/home/sebas/mbehu_restored_ws/install/_local_setup_util_sh.py'
[9.888s] INFO:colcon.colcon_core.shell:Creating prefix chain script '/home/sebas/mbehu_restored_ws/install/setup.sh'
[9.912s] INFO:colcon.colcon_core.shell:Creating prefix script '/home/sebas/mbehu_restored_ws/install/local_setup.bash'
[9.918s] INFO:colcon.colcon_core.shell:Creating prefix chain script '/home/sebas/mbehu_restored_ws/install/setup.bash'
[9.941s] INFO:colcon.colcon_core.shell:Creating prefix script '/home/sebas/mbehu_restored_ws/install/local_setup.zsh'
[9.947s] INFO:colcon.colcon_core.shell:Creating prefix chain script '/home/sebas/mbehu_restored_ws/install/setup.zsh'
