[0.117s] Invoking command in '/home/sebas/mbehu_restored_ws/build/multirobot_map_merge': CMAKE_PREFIX_PATH=${CMAKE_PREFIX_PATH}:/home/sebas/mbehu_restored_ws/install/serial_motor_demo:/home/sebas/mbehu_ws/install/ultrasonico:/home/sebas/mbehu_ws/install/mpu6050_pkg:/home/sebas/mbehu_ws/install/mpu6050:/opt/ros/foxy /usr/bin/cmake --build /home/sebas/mbehu_restored_ws/build/multirobot_map_merge -- -j4 -l4
[0.790s] [ 16%] Built target gtest
[0.900s] [ 33%] Built target gtest_main
[0.981s] [ 66%] Built target combine_grids
[1.620s] [ 83%] Built target map_merge
[1.746s] [100%] Built target test_merging_pipeline
[1.967s] Invoked command in '/home/sebas/mbehu_restored_ws/build/multirobot_map_merge' returned '0': CMAKE_PREFIX_PATH=${CMAKE_PREFIX_PATH}:/home/sebas/mbehu_restored_ws/install/serial_motor_demo:/home/sebas/mbehu_ws/install/ultrasonico:/home/sebas/mbehu_ws/install/mpu6050_pkg:/home/sebas/mbehu_ws/install/mpu6050:/opt/ros/foxy /usr/bin/cmake --build /home/sebas/mbehu_restored_ws/build/multirobot_map_merge -- -j4 -l4
[2.873s] Invoking command in '/home/sebas/mbehu_restored_ws/build/multirobot_map_merge': CMAKE_PREFIX_PATH=${CMAKE_PREFIX_PATH}:/home/sebas/mbehu_restored_ws/install/serial_motor_demo:/home/sebas/mbehu_ws/install/ultrasonico:/home/sebas/mbehu_ws/install/mpu6050_pkg:/home/sebas/mbehu_ws/install/mpu6050:/opt/ros/foxy /usr/bin/cmake --install /home/sebas/mbehu_restored_ws/build/multirobot_map_merge
[3.051s] -- Install configuration: ""
[3.071s] -- Execute custom install script
[3.098s] -- Up-to-date symlink: /home/sebas/mbehu_restored_ws/install/multirobot_map_merge/include/map_merge//map_merge.h
[3.113s] -- Up-to-date symlink: /home/sebas/mbehu_restored_ws/install/multirobot_map_merge/include/map_merge//ros1_names.hpp
[3.132s] -- Up-to-date symlink: /home/sebas/mbehu_restored_ws/install/multirobot_map_merge/share/multirobot_map_merge/launch/from_map_server.launch.py
[3.149s] -- Up-to-date symlink: /home/sebas/mbehu_restored_ws/install/multirobot_map_merge/share/multirobot_map_merge/launch/map_merge.launch.py
[3.160s] -- Up-to-date symlink: /home/sebas/mbehu_restored_ws/install/multirobot_map_merge/share/multirobot_map_merge/launch/map_merge.rviz
[3.167s] -- Up-to-date symlink: /home/sebas/mbehu_restored_ws/install/multirobot_map_merge/share/multirobot_map_merge/launch/tb3_simulation/bringup_launch.py
[3.180s] -- Up-to-date symlink: /home/sebas/mbehu_restored_ws/install/multirobot_map_merge/share/multirobot_map_merge/launch/tb3_simulation/config/nav2_multirobot_params_1.yaml
[3.193s] -- Up-to-date symlink: /home/sebas/mbehu_restored_ws/install/multirobot_map_merge/share/multirobot_map_merge/launch/tb3_simulation/config/nav2_multirobot_params_2.yaml
[3.204s] -- Up-to-date symlink: /home/sebas/mbehu_restored_ws/install/multirobot_map_merge/share/multirobot_map_merge/launch/tb3_simulation/multi_tb3_simulation_launch.py
[3.215s] -- Up-to-date symlink: /home/sebas/mbehu_restored_ws/install/multirobot_map_merge/share/multirobot_map_merge/launch/tb3_simulation/slam_toolbox.py
[3.220s] -- Up-to-date symlink: /home/sebas/mbehu_restored_ws/install/multirobot_map_merge/share/multirobot_map_merge/launch/tb3_simulation/tb3_simulation_launch.py
[3.245s] -- Up-to-date symlink: /home/sebas/mbehu_restored_ws/install/multirobot_map_merge/share/multirobot_map_merge/launch/tb3_simulation/worlds/world_only.model
[3.253s] -- Up-to-date symlink: /home/sebas/mbehu_restored_ws/install/multirobot_map_merge/share/multirobot_map_merge/config/params.yaml
[3.281s] -- Up-to-date symlink: /home/sebas/mbehu_restored_ws/install/multirobot_map_merge/lib/multirobot_map_merge/map_merge
[3.287s] -- Up-to-date symlink: /home/sebas/mbehu_restored_ws/install/multirobot_map_merge/share/multirobot_map_merge/environment/library_path.sh
[3.297s] -- Up-to-date symlink: /home/sebas/mbehu_restored_ws/install/multirobot_map_merge/share/multirobot_map_merge/environment/library_path.dsv
[3.315s] -- Up-to-date symlink: /home/sebas/mbehu_restored_ws/install/multirobot_map_merge/share/ament_index/resource_index/package_run_dependencies/multirobot_map_merge
[3.321s] -- Up-to-date symlink: /home/sebas/mbehu_restored_ws/install/multirobot_map_merge/share/ament_index/resource_index/parent_prefix_path/multirobot_map_merge
[3.332s] -- Up-to-date symlink: /home/sebas/mbehu_restored_ws/install/multirobot_map_merge/share/multirobot_map_merge/environment/ament_prefix_path.sh
[3.337s] -- Up-to-date symlink: /home/sebas/mbehu_restored_ws/install/multirobot_map_merge/share/multirobot_map_merge/environment/ament_prefix_path.dsv
[3.355s] -- Up-to-date symlink: /home/sebas/mbehu_restored_ws/install/multirobot_map_merge/share/multirobot_map_merge/environment/path.sh
[3.368s] -- Up-to-date symlink: /home/sebas/mbehu_restored_ws/install/multirobot_map_merge/share/multirobot_map_merge/environment/path.dsv
[3.384s] -- Up-to-date symlink: /home/sebas/mbehu_restored_ws/install/multirobot_map_merge/share/multirobot_map_merge/local_setup.bash
[3.392s] -- Up-to-date symlink: /home/sebas/mbehu_restored_ws/install/multirobot_map_merge/share/multirobot_map_merge/local_setup.sh
[3.407s] -- Up-to-date symlink: /home/sebas/mbehu_restored_ws/install/multirobot_map_merge/share/multirobot_map_merge/local_setup.zsh
[3.417s] -- Up-to-date symlink: /home/sebas/mbehu_restored_ws/install/multirobot_map_merge/share/multirobot_map_merge/local_setup.dsv
[3.431s] -- Symlinking: /home/sebas/mbehu_restored_ws/install/multirobot_map_merge/share/multirobot_map_merge/package.dsv
[3.567s] -- Up-to-date symlink: /home/sebas/mbehu_restored_ws/install/multirobot_map_merge/share/ament_index/resource_index/packages/multirobot_map_merge
[3.572s] -- Up-to-date symlink: /home/sebas/mbehu_restored_ws/install/multirobot_map_merge/share/multirobot_map_merge/cmake/ament_cmake_export_include_directories-extras.cmake
[3.577s] -- Up-to-date symlink: /home/sebas/mbehu_restored_ws/install/multirobot_map_merge/share/multirobot_map_merge/cmake/ament_cmake_export_libraries-extras.cmake
[3.589s] -- Up-to-date symlink: /home/sebas/mbehu_restored_ws/install/multirobot_map_merge/share/multirobot_map_merge/cmake/multirobot_map_mergeConfig.cmake
[3.596s] -- Up-to-date symlink: /home/sebas/mbehu_restored_ws/install/multirobot_map_merge/share/multirobot_map_merge/cmake/multirobot_map_mergeConfig-version.cmake
[3.603s] -- Up-to-date symlink: /home/sebas/mbehu_restored_ws/install/multirobot_map_merge/share/multirobot_map_merge/package.xml
[3.606s] -- Up-to-date: /home/sebas/mbehu_restored_ws/install/multirobot_map_merge/lib/libcombine_grids.a
[3.625s] Invoked command in '/home/sebas/mbehu_restored_ws/build/multirobot_map_merge' returned '0': CMAKE_PREFIX_PATH=${CMAKE_PREFIX_PATH}:/home/sebas/mbehu_restored_ws/install/serial_motor_demo:/home/sebas/mbehu_ws/install/ultrasonico:/home/sebas/mbehu_ws/install/mpu6050_pkg:/home/sebas/mbehu_ws/install/mpu6050:/opt/ros/foxy /usr/bin/cmake --install /home/sebas/mbehu_restored_ws/build/multirobot_map_merge
