[0.804s] DEBUG:colcon:Command line arguments: ['/usr/bin/colcon', 'build', '--symlink-install']
[0.804s] DEBUG:colcon:Parsed command line arguments: Namespace(allow_overriding=[], ament_cmake_args=None, base_paths=['.'], build_base='build', catkin_cmake_args=None, catkin_skip_building_tests=False, cmake_args=None, cmake_clean_cache=False, cmake_clean_first=False, cmake_force_configure=False, cmake_target=None, cmake_target_skip_unavailable=False, continue_on_error=False, event_handlers=None, executor='parallel', ignore_user_meta=False, install_base='install', log_base=None, log_level=None, main=<bound method BuildVerb.main of <colcon_core.verb.build.BuildVerb object at 0xffffabf5acd0>>, merge_install=False, metas=['./colcon.meta'], packages_above=None, packages_above_and_dependencies=None, packages_above_depth=None, packages_end=None, packages_ignore=None, packages_ignore_regex=None, packages_select=None, packages_select_build_failed=False, packages_select_by_dep=None, packages_select_regex=None, packages_select_test_failures=False, packages_skip=None, packages_skip_build_finished=False, packages_skip_by_dep=None, packages_skip_regex=None, packages_skip_test_passed=False, packages_skip_up_to=None, packages_start=None, packages_up_to=None, packages_up_to_regex=None, parallel_workers=4, paths=None, symlink_install=True, test_result_base=None, verb_extension=<colcon_core.verb.build.BuildVerb object at 0xffffabf5acd0>, verb_name='build', verb_parser=<colcon_defaults.argument_parser.defaults.DefaultArgumentsDecorator object at 0xffffabf62280>)
[0.964s] Level 1:colcon.colcon_core.package_discovery:discover_packages(colcon_meta) check parameters
[0.965s] Level 1:colcon.colcon_core.package_discovery:discover_packages(recursive) check parameters
[0.965s] Level 1:colcon.colcon_core.package_discovery:discover_packages(ignore) check parameters
[0.965s] Level 1:colcon.colcon_core.package_discovery:discover_packages(path) check parameters
[0.966s] Level 1:colcon.colcon_core.package_discovery:discover_packages(colcon_meta) discover
[0.966s] Level 1:colcon.colcon_core.package_discovery:discover_packages(recursive) discover
[0.966s] INFO:colcon.colcon_core.package_discovery:Crawling recursively for packages in '/home/sebas/mbehu_restored_ws'
[0.967s] Level 1:colcon.colcon_core.package_identification:_identify(.) by extensions ['ignore', 'ignore_ament_install']
[0.968s] Level 1:colcon.colcon_core.package_identification:_identify(.) by extension 'ignore'
[0.968s] Level 1:colcon.colcon_core.package_identification:_identify(.) by extension 'ignore_ament_install'
[0.969s] Level 1:colcon.colcon_core.package_identification:_identify(.) by extensions ['colcon_pkg']
[0.969s] Level 1:colcon.colcon_core.package_identification:_identify(.) by extension 'colcon_pkg'
[0.969s] Level 1:colcon.colcon_core.package_identification:_identify(.) by extensions ['colcon_meta']
[0.969s] Level 1:colcon.colcon_core.package_identification:_identify(.) by extension 'colcon_meta'
[0.970s] Level 1:colcon.colcon_core.package_identification:_identify(.) by extensions ['ros']
[0.970s] Level 1:colcon.colcon_core.package_identification:_identify(.) by extension 'ros'
[1.022s] Level 1:colcon.colcon_core.package_identification:_identify(.) by extensions ['cmake', 'python']
[1.022s] Level 1:colcon.colcon_core.package_identification:_identify(.) by extension 'cmake'
[1.023s] Level 1:colcon.colcon_core.package_identification:_identify(.) by extension 'python'
[1.024s] Level 1:colcon.colcon_core.package_identification:_identify(.) by extensions ['python_setup_py']
[1.024s] Level 1:colcon.colcon_core.package_identification:_identify(.) by extension 'python_setup_py'
[1.025s] Level 1:colcon.colcon_core.package_identification:_identify(build) by extensions ['ignore', 'ignore_ament_install']
[1.026s] Level 1:colcon.colcon_core.package_identification:_identify(build) by extension 'ignore'
[1.026s] Level 1:colcon.colcon_core.package_identification:_identify(build) ignored
[1.027s] Level 1:colcon.colcon_core.package_identification:_identify(install) by extensions ['ignore', 'ignore_ament_install']
[1.028s] Level 1:colcon.colcon_core.package_identification:_identify(install) by extension 'ignore'
[1.029s] Level 1:colcon.colcon_core.package_identification:_identify(install) ignored
[1.030s] Level 1:colcon.colcon_core.package_identification:_identify(log) by extensions ['ignore', 'ignore_ament_install']
[1.030s] Level 1:colcon.colcon_core.package_identification:_identify(log) by extension 'ignore'
[1.031s] Level 1:colcon.colcon_core.package_identification:_identify(log) ignored
[1.031s] Level 1:colcon.colcon_core.package_identification:_identify(src) by extensions ['ignore', 'ignore_ament_install']
[1.032s] Level 1:colcon.colcon_core.package_identification:_identify(src) by extension 'ignore'
[1.032s] Level 1:colcon.colcon_core.package_identification:_identify(src) by extension 'ignore_ament_install'
[1.033s] Level 1:colcon.colcon_core.package_identification:_identify(src) by extensions ['colcon_pkg']
[1.033s] Level 1:colcon.colcon_core.package_identification:_identify(src) by extension 'colcon_pkg'
[1.033s] Level 1:colcon.colcon_core.package_identification:_identify(src) by extensions ['colcon_meta']
[1.034s] Level 1:colcon.colcon_core.package_identification:_identify(src) by extension 'colcon_meta'
[1.034s] Level 1:colcon.colcon_core.package_identification:_identify(src) by extensions ['ros']
[1.034s] Level 1:colcon.colcon_core.package_identification:_identify(src) by extension 'ros'
[1.035s] Level 1:colcon.colcon_core.package_identification:_identify(src) by extensions ['cmake', 'python']
[1.035s] Level 1:colcon.colcon_core.package_identification:_identify(src) by extension 'cmake'
[1.035s] Level 1:colcon.colcon_core.package_identification:_identify(src) by extension 'python'
[1.036s] Level 1:colcon.colcon_core.package_identification:_identify(src) by extensions ['python_setup_py']
[1.036s] Level 1:colcon.colcon_core.package_identification:_identify(src) by extension 'python_setup_py'
[1.037s] Level 1:colcon.colcon_core.package_identification:_identify(src/diffdrive_arduino) by extensions ['ignore', 'ignore_ament_install']
[1.037s] Level 1:colcon.colcon_core.package_identification:_identify(src/diffdrive_arduino) by extension 'ignore'
[1.038s] Level 1:colcon.colcon_core.package_identification:_identify(src/diffdrive_arduino) by extension 'ignore_ament_install'
[1.038s] Level 1:colcon.colcon_core.package_identification:_identify(src/diffdrive_arduino) by extensions ['colcon_pkg']
[1.038s] Level 1:colcon.colcon_core.package_identification:_identify(src/diffdrive_arduino) by extension 'colcon_pkg'
[1.039s] Level 1:colcon.colcon_core.package_identification:_identify(src/diffdrive_arduino) by extensions ['colcon_meta']
[1.039s] Level 1:colcon.colcon_core.package_identification:_identify(src/diffdrive_arduino) by extension 'colcon_meta'
[1.039s] Level 1:colcon.colcon_core.package_identification:_identify(src/diffdrive_arduino) by extensions ['ros']
[1.040s] Level 1:colcon.colcon_core.package_identification:_identify(src/diffdrive_arduino) by extension 'ros'
[1.052s] DEBUG:colcon.colcon_core.package_identification:Package 'src/diffdrive_arduino' with type 'ros.ament_cmake' and name 'diffdrive_arduino'
[1.053s] Level 1:colcon.colcon_core.package_identification:_identify(src/ldlidar_sl_ros2) by extensions ['ignore', 'ignore_ament_install']
[1.054s] Level 1:colcon.colcon_core.package_identification:_identify(src/ldlidar_sl_ros2) by extension 'ignore'
[1.054s] Level 1:colcon.colcon_core.package_identification:_identify(src/ldlidar_sl_ros2) by extension 'ignore_ament_install'
[1.055s] Level 1:colcon.colcon_core.package_identification:_identify(src/ldlidar_sl_ros2) by extensions ['colcon_pkg']
[1.055s] Level 1:colcon.colcon_core.package_identification:_identify(src/ldlidar_sl_ros2) by extension 'colcon_pkg'
[1.056s] Level 1:colcon.colcon_core.package_identification:_identify(src/ldlidar_sl_ros2) by extensions ['colcon_meta']
[1.056s] Level 1:colcon.colcon_core.package_identification:_identify(src/ldlidar_sl_ros2) by extension 'colcon_meta'
[1.057s] Level 1:colcon.colcon_core.package_identification:_identify(src/ldlidar_sl_ros2) by extensions ['ros']
[1.057s] Level 1:colcon.colcon_core.package_identification:_identify(src/ldlidar_sl_ros2) by extension 'ros'
[1.061s] DEBUG:colcon.colcon_core.package_identification:Package 'src/ldlidar_sl_ros2' with type 'ros.ament_cmake' and name 'ldlidar_sl_ros2'
[1.062s] Level 1:colcon.colcon_core.package_identification:_identify(src/mbehu_bot) by extensions ['ignore', 'ignore_ament_install']
[1.062s] Level 1:colcon.colcon_core.package_identification:_identify(src/mbehu_bot) by extension 'ignore'
[1.063s] Level 1:colcon.colcon_core.package_identification:_identify(src/mbehu_bot) by extension 'ignore_ament_install'
[1.063s] Level 1:colcon.colcon_core.package_identification:_identify(src/mbehu_bot) by extensions ['colcon_pkg']
[1.063s] Level 1:colcon.colcon_core.package_identification:_identify(src/mbehu_bot) by extension 'colcon_pkg'
[1.064s] Level 1:colcon.colcon_core.package_identification:_identify(src/mbehu_bot) by extensions ['colcon_meta']
[1.064s] Level 1:colcon.colcon_core.package_identification:_identify(src/mbehu_bot) by extension 'colcon_meta'
[1.064s] Level 1:colcon.colcon_core.package_identification:_identify(src/mbehu_bot) by extensions ['ros']
[1.065s] Level 1:colcon.colcon_core.package_identification:_identify(src/mbehu_bot) by extension 'ros'
[1.067s] DEBUG:colcon.colcon_core.package_identification:Package 'src/mbehu_bot' with type 'ros.ament_cmake' and name 'mbehu_bot'
[1.068s] Level 1:colcon.colcon_core.package_identification:_identify(src/serial) by extensions ['ignore', 'ignore_ament_install']
[1.068s] Level 1:colcon.colcon_core.package_identification:_identify(src/serial) by extension 'ignore'
[1.069s] Level 1:colcon.colcon_core.package_identification:_identify(src/serial) by extension 'ignore_ament_install'
[1.069s] Level 1:colcon.colcon_core.package_identification:_identify(src/serial) by extensions ['colcon_pkg']
[1.069s] Level 1:colcon.colcon_core.package_identification:_identify(src/serial) by extension 'colcon_pkg'
[1.070s] Level 1:colcon.colcon_core.package_identification:_identify(src/serial) by extensions ['colcon_meta']
[1.070s] Level 1:colcon.colcon_core.package_identification:_identify(src/serial) by extension 'colcon_meta'
[1.070s] Level 1:colcon.colcon_core.package_identification:_identify(src/serial) by extensions ['ros']
[1.071s] Level 1:colcon.colcon_core.package_identification:_identify(src/serial) by extension 'ros'
[1.073s] DEBUG:colcon.colcon_core.package_identification:Package 'src/serial' with type 'ros.ament_cmake' and name 'serial'
[1.074s] Level 1:colcon.colcon_core.package_identification:_identify(src/serial_motor_demo) by extensions ['ignore', 'ignore_ament_install']
[1.075s] Level 1:colcon.colcon_core.package_identification:_identify(src/serial_motor_demo) by extension 'ignore'
[1.075s] Level 1:colcon.colcon_core.package_identification:_identify(src/serial_motor_demo) by extension 'ignore_ament_install'
[1.076s] Level 1:colcon.colcon_core.package_identification:_identify(src/serial_motor_demo) by extensions ['colcon_pkg']
[1.076s] Level 1:colcon.colcon_core.package_identification:_identify(src/serial_motor_demo) by extension 'colcon_pkg'
[1.076s] Level 1:colcon.colcon_core.package_identification:_identify(src/serial_motor_demo) by extensions ['colcon_meta']
[1.076s] Level 1:colcon.colcon_core.package_identification:_identify(src/serial_motor_demo) by extension 'colcon_meta'
[1.077s] Level 1:colcon.colcon_core.package_identification:_identify(src/serial_motor_demo) by extensions ['ros']
[1.077s] Level 1:colcon.colcon_core.package_identification:_identify(src/serial_motor_demo) by extension 'ros'
[1.078s] Level 1:colcon.colcon_core.package_identification:_identify(src/serial_motor_demo) by extensions ['cmake', 'python']
[1.078s] Level 1:colcon.colcon_core.package_identification:_identify(src/serial_motor_demo) by extension 'cmake'
[1.078s] Level 1:colcon.colcon_core.package_identification:_identify(src/serial_motor_demo) by extension 'python'
[1.079s] Level 1:colcon.colcon_core.package_identification:_identify(src/serial_motor_demo) by extensions ['python_setup_py']
[1.079s] Level 1:colcon.colcon_core.package_identification:_identify(src/serial_motor_demo) by extension 'python_setup_py'
[1.080s] Level 1:colcon.colcon_core.package_identification:_identify(src/serial_motor_demo/serial_motor_demo) by extensions ['ignore', 'ignore_ament_install']
[1.081s] Level 1:colcon.colcon_core.package_identification:_identify(src/serial_motor_demo/serial_motor_demo) by extension 'ignore'
[1.081s] Level 1:colcon.colcon_core.package_identification:_identify(src/serial_motor_demo/serial_motor_demo) by extension 'ignore_ament_install'
[1.081s] Level 1:colcon.colcon_core.package_identification:_identify(src/serial_motor_demo/serial_motor_demo) by extensions ['colcon_pkg']
[1.082s] Level 1:colcon.colcon_core.package_identification:_identify(src/serial_motor_demo/serial_motor_demo) by extension 'colcon_pkg'
[1.082s] Level 1:colcon.colcon_core.package_identification:_identify(src/serial_motor_demo/serial_motor_demo) by extensions ['colcon_meta']
[1.082s] Level 1:colcon.colcon_core.package_identification:_identify(src/serial_motor_demo/serial_motor_demo) by extension 'colcon_meta'
[1.083s] Level 1:colcon.colcon_core.package_identification:_identify(src/serial_motor_demo/serial_motor_demo) by extensions ['ros']
[1.083s] Level 1:colcon.colcon_core.package_identification:_identify(src/serial_motor_demo/serial_motor_demo) by extension 'ros'
[1.086s] DEBUG:colcon.colcon_core.package_identification:Package 'src/serial_motor_demo/serial_motor_demo' with type 'ros.ament_python' and name 'serial_motor_demo'
[1.087s] Level 1:colcon.colcon_core.package_identification:_identify(src/serial_motor_demo/serial_motor_demo_msgs) by extensions ['ignore', 'ignore_ament_install']
[1.088s] Level 1:colcon.colcon_core.package_identification:_identify(src/serial_motor_demo/serial_motor_demo_msgs) by extension 'ignore'
[1.088s] Level 1:colcon.colcon_core.package_identification:_identify(src/serial_motor_demo/serial_motor_demo_msgs) by extension 'ignore_ament_install'
[1.088s] Level 1:colcon.colcon_core.package_identification:_identify(src/serial_motor_demo/serial_motor_demo_msgs) by extensions ['colcon_pkg']
[1.089s] Level 1:colcon.colcon_core.package_identification:_identify(src/serial_motor_demo/serial_motor_demo_msgs) by extension 'colcon_pkg'
[1.089s] Level 1:colcon.colcon_core.package_identification:_identify(src/serial_motor_demo/serial_motor_demo_msgs) by extensions ['colcon_meta']
[1.089s] Level 1:colcon.colcon_core.package_identification:_identify(src/serial_motor_demo/serial_motor_demo_msgs) by extension 'colcon_meta'
[1.090s] Level 1:colcon.colcon_core.package_identification:_identify(src/serial_motor_demo/serial_motor_demo_msgs) by extensions ['ros']
[1.090s] Level 1:colcon.colcon_core.package_identification:_identify(src/serial_motor_demo/serial_motor_demo_msgs) by extension 'ros'
[1.093s] DEBUG:colcon.colcon_core.package_identification:Package 'src/serial_motor_demo/serial_motor_demo_msgs' with type 'ros.ament_cmake' and name 'serial_motor_demo_msgs'
[1.093s] Level 1:colcon.colcon_core.package_discovery:discover_packages(recursive) using defaults
[1.094s] Level 1:colcon.colcon_core.package_discovery:discover_packages(ignore) discover
[1.094s] Level 1:colcon.colcon_core.package_discovery:discover_packages(ignore) using defaults
[1.094s] Level 1:colcon.colcon_core.package_discovery:discover_packages(path) discover
[1.094s] Level 1:colcon.colcon_core.package_discovery:discover_packages(path) using defaults
[1.200s] Level 1:colcon.colcon_core.package_discovery:discover_packages(prefix_path) check parameters
[1.200s] Level 1:colcon.colcon_core.package_discovery:discover_packages(prefix_path) discover
[1.218s] DEBUG:colcon.colcon_installed_package_information.package_discovery:Found 6 installed packages in /home/sebas/mbehu_restored_ws/install
[1.225s] DEBUG:colcon.colcon_installed_package_information.package_discovery:Found 8 installed packages in /home/sebas/mbehu_ws/install
[1.241s] DEBUG:colcon.colcon_installed_package_information.package_discovery:Found 339 installed packages in /opt/ros/foxy
[1.252s] Level 1:colcon.colcon_core.package_discovery:discover_packages(prefix_path) using defaults
[1.736s] Level 5:colcon.colcon_core.verb:set package 'ldlidar_sl_ros2' build argument 'cmake_args' from command line to 'None'
[1.737s] Level 5:colcon.colcon_core.verb:set package 'ldlidar_sl_ros2' build argument 'cmake_target' from command line to 'None'
[1.737s] Level 5:colcon.colcon_core.verb:set package 'ldlidar_sl_ros2' build argument 'cmake_target_skip_unavailable' from command line to 'False'
[1.737s] Level 5:colcon.colcon_core.verb:set package 'ldlidar_sl_ros2' build argument 'cmake_clean_cache' from command line to 'False'
[1.737s] Level 5:colcon.colcon_core.verb:set package 'ldlidar_sl_ros2' build argument 'cmake_clean_first' from command line to 'False'
[1.737s] Level 5:colcon.colcon_core.verb:set package 'ldlidar_sl_ros2' build argument 'cmake_force_configure' from command line to 'False'
[1.737s] Level 5:colcon.colcon_core.verb:set package 'ldlidar_sl_ros2' build argument 'ament_cmake_args' from command line to 'None'
[1.738s] Level 5:colcon.colcon_core.verb:set package 'ldlidar_sl_ros2' build argument 'catkin_cmake_args' from command line to 'None'
[1.738s] Level 5:colcon.colcon_core.verb:set package 'ldlidar_sl_ros2' build argument 'catkin_skip_building_tests' from command line to 'False'
[1.738s] DEBUG:colcon.colcon_core.verb:Building package 'ldlidar_sl_ros2' with the following arguments: {'ament_cmake_args': None, 'build_base': '/home/sebas/mbehu_restored_ws/build/ldlidar_sl_ros2', 'catkin_cmake_args': None, 'catkin_skip_building_tests': False, 'cmake_args': None, 'cmake_clean_cache': False, 'cmake_clean_first': False, 'cmake_force_configure': False, 'cmake_target': None, 'cmake_target_skip_unavailable': False, 'install_base': '/home/sebas/mbehu_restored_ws/install/ldlidar_sl_ros2', 'merge_install': False, 'path': '/home/sebas/mbehu_restored_ws/src/ldlidar_sl_ros2', 'symlink_install': True, 'test_result_base': None}
[1.743s] Level 5:colcon.colcon_core.verb:set package 'mbehu_bot' build argument 'cmake_args' from command line to 'None'
[1.743s] Level 5:colcon.colcon_core.verb:set package 'mbehu_bot' build argument 'cmake_target' from command line to 'None'
[1.743s] Level 5:colcon.colcon_core.verb:set package 'mbehu_bot' build argument 'cmake_target_skip_unavailable' from command line to 'False'
[1.743s] Level 5:colcon.colcon_core.verb:set package 'mbehu_bot' build argument 'cmake_clean_cache' from command line to 'False'
[1.744s] Level 5:colcon.colcon_core.verb:set package 'mbehu_bot' build argument 'cmake_clean_first' from command line to 'False'
[1.744s] Level 5:colcon.colcon_core.verb:set package 'mbehu_bot' build argument 'cmake_force_configure' from command line to 'False'
[1.744s] Level 5:colcon.colcon_core.verb:set package 'mbehu_bot' build argument 'ament_cmake_args' from command line to 'None'
[1.744s] Level 5:colcon.colcon_core.verb:set package 'mbehu_bot' build argument 'catkin_cmake_args' from command line to 'None'
[1.744s] Level 5:colcon.colcon_core.verb:set package 'mbehu_bot' build argument 'catkin_skip_building_tests' from command line to 'False'
[1.744s] DEBUG:colcon.colcon_core.verb:Building package 'mbehu_bot' with the following arguments: {'ament_cmake_args': None, 'build_base': '/home/sebas/mbehu_restored_ws/build/mbehu_bot', 'catkin_cmake_args': None, 'catkin_skip_building_tests': False, 'cmake_args': None, 'cmake_clean_cache': False, 'cmake_clean_first': False, 'cmake_force_configure': False, 'cmake_target': None, 'cmake_target_skip_unavailable': False, 'install_base': '/home/sebas/mbehu_restored_ws/install/mbehu_bot', 'merge_install': False, 'path': '/home/sebas/mbehu_restored_ws/src/mbehu_bot', 'symlink_install': True, 'test_result_base': None}
[1.749s] Level 5:colcon.colcon_core.verb:set package 'serial' build argument 'cmake_args' from command line to 'None'
[1.749s] Level 5:colcon.colcon_core.verb:set package 'serial' build argument 'cmake_target' from command line to 'None'
[1.750s] Level 5:colcon.colcon_core.verb:set package 'serial' build argument 'cmake_target_skip_unavailable' from command line to 'False'
[1.750s] Level 5:colcon.colcon_core.verb:set package 'serial' build argument 'cmake_clean_cache' from command line to 'False'
[1.750s] Level 5:colcon.colcon_core.verb:set package 'serial' build argument 'cmake_clean_first' from command line to 'False'
[1.750s] Level 5:colcon.colcon_core.verb:set package 'serial' build argument 'cmake_force_configure' from command line to 'False'
[1.750s] Level 5:colcon.colcon_core.verb:set package 'serial' build argument 'ament_cmake_args' from command line to 'None'
[1.750s] Level 5:colcon.colcon_core.verb:set package 'serial' build argument 'catkin_cmake_args' from command line to 'None'
[1.751s] Level 5:colcon.colcon_core.verb:set package 'serial' build argument 'catkin_skip_building_tests' from command line to 'False'
[1.751s] DEBUG:colcon.colcon_core.verb:Building package 'serial' with the following arguments: {'ament_cmake_args': None, 'build_base': '/home/sebas/mbehu_restored_ws/build/serial', 'catkin_cmake_args': None, 'catkin_skip_building_tests': False, 'cmake_args': None, 'cmake_clean_cache': False, 'cmake_clean_first': False, 'cmake_force_configure': False, 'cmake_target': None, 'cmake_target_skip_unavailable': False, 'install_base': '/home/sebas/mbehu_restored_ws/install/serial', 'merge_install': False, 'path': '/home/sebas/mbehu_restored_ws/src/serial', 'symlink_install': True, 'test_result_base': None}
[1.756s] Level 5:colcon.colcon_core.verb:set package 'serial_motor_demo_msgs' build argument 'cmake_args' from command line to 'None'
[1.756s] Level 5:colcon.colcon_core.verb:set package 'serial_motor_demo_msgs' build argument 'cmake_target' from command line to 'None'
[1.756s] Level 5:colcon.colcon_core.verb:set package 'serial_motor_demo_msgs' build argument 'cmake_target_skip_unavailable' from command line to 'False'
[1.756s] Level 5:colcon.colcon_core.verb:set package 'serial_motor_demo_msgs' build argument 'cmake_clean_cache' from command line to 'False'
[1.757s] Level 5:colcon.colcon_core.verb:set package 'serial_motor_demo_msgs' build argument 'cmake_clean_first' from command line to 'False'
[1.757s] Level 5:colcon.colcon_core.verb:set package 'serial_motor_demo_msgs' build argument 'cmake_force_configure' from command line to 'False'
[1.757s] Level 5:colcon.colcon_core.verb:set package 'serial_motor_demo_msgs' build argument 'ament_cmake_args' from command line to 'None'
[1.757s] Level 5:colcon.colcon_core.verb:set package 'serial_motor_demo_msgs' build argument 'catkin_cmake_args' from command line to 'None'
[1.757s] Level 5:colcon.colcon_core.verb:set package 'serial_motor_demo_msgs' build argument 'catkin_skip_building_tests' from command line to 'False'
[1.757s] DEBUG:colcon.colcon_core.verb:Building package 'serial_motor_demo_msgs' with the following arguments: {'ament_cmake_args': None, 'build_base': '/home/sebas/mbehu_restored_ws/build/serial_motor_demo_msgs', 'catkin_cmake_args': None, 'catkin_skip_building_tests': False, 'cmake_args': None, 'cmake_clean_cache': False, 'cmake_clean_first': False, 'cmake_force_configure': False, 'cmake_target': None, 'cmake_target_skip_unavailable': False, 'install_base': '/home/sebas/mbehu_restored_ws/install/serial_motor_demo_msgs', 'merge_install': False, 'path': '/home/sebas/mbehu_restored_ws/src/serial_motor_demo/serial_motor_demo_msgs', 'symlink_install': True, 'test_result_base': None}
[1.762s] Level 5:colcon.colcon_core.verb:set package 'diffdrive_arduino' build argument 'cmake_args' from command line to 'None'
[1.763s] Level 5:colcon.colcon_core.verb:set package 'diffdrive_arduino' build argument 'cmake_target' from command line to 'None'
[1.763s] Level 5:colcon.colcon_core.verb:set package 'diffdrive_arduino' build argument 'cmake_target_skip_unavailable' from command line to 'False'
[1.763s] Level 5:colcon.colcon_core.verb:set package 'diffdrive_arduino' build argument 'cmake_clean_cache' from command line to 'False'
[1.763s] Level 5:colcon.colcon_core.verb:set package 'diffdrive_arduino' build argument 'cmake_clean_first' from command line to 'False'
[1.763s] Level 5:colcon.colcon_core.verb:set package 'diffdrive_arduino' build argument 'cmake_force_configure' from command line to 'False'
[1.763s] Level 5:colcon.colcon_core.verb:set package 'diffdrive_arduino' build argument 'ament_cmake_args' from command line to 'None'
[1.763s] Level 5:colcon.colcon_core.verb:set package 'diffdrive_arduino' build argument 'catkin_cmake_args' from command line to 'None'
[1.764s] Level 5:colcon.colcon_core.verb:set package 'diffdrive_arduino' build argument 'catkin_skip_building_tests' from command line to 'False'
[1.764s] DEBUG:colcon.colcon_core.verb:Building package 'diffdrive_arduino' with the following arguments: {'ament_cmake_args': None, 'build_base': '/home/sebas/mbehu_restored_ws/build/diffdrive_arduino', 'catkin_cmake_args': None, 'catkin_skip_building_tests': False, 'cmake_args': None, 'cmake_clean_cache': False, 'cmake_clean_first': False, 'cmake_force_configure': False, 'cmake_target': None, 'cmake_target_skip_unavailable': False, 'install_base': '/home/sebas/mbehu_restored_ws/install/diffdrive_arduino', 'merge_install': False, 'path': '/home/sebas/mbehu_restored_ws/src/diffdrive_arduino', 'symlink_install': True, 'test_result_base': None}
[1.768s] Level 5:colcon.colcon_core.verb:set package 'serial_motor_demo' build argument 'cmake_args' from command line to 'None'
[1.769s] Level 5:colcon.colcon_core.verb:set package 'serial_motor_demo' build argument 'cmake_target' from command line to 'None'
[1.769s] Level 5:colcon.colcon_core.verb:set package 'serial_motor_demo' build argument 'cmake_target_skip_unavailable' from command line to 'False'
[1.769s] Level 5:colcon.colcon_core.verb:set package 'serial_motor_demo' build argument 'cmake_clean_cache' from command line to 'False'
[1.769s] Level 5:colcon.colcon_core.verb:set package 'serial_motor_demo' build argument 'cmake_clean_first' from command line to 'False'
[1.769s] Level 5:colcon.colcon_core.verb:set package 'serial_motor_demo' build argument 'cmake_force_configure' from command line to 'False'
[1.770s] Level 5:colcon.colcon_core.verb:set package 'serial_motor_demo' build argument 'ament_cmake_args' from command line to 'None'
[1.770s] Level 5:colcon.colcon_core.verb:set package 'serial_motor_demo' build argument 'catkin_cmake_args' from command line to 'None'
[1.770s] Level 5:colcon.colcon_core.verb:set package 'serial_motor_demo' build argument 'catkin_skip_building_tests' from command line to 'False'
[1.770s] DEBUG:colcon.colcon_core.verb:Building package 'serial_motor_demo' with the following arguments: {'ament_cmake_args': None, 'build_base': '/home/sebas/mbehu_restored_ws/build/serial_motor_demo', 'catkin_cmake_args': None, 'catkin_skip_building_tests': False, 'cmake_args': None, 'cmake_clean_cache': False, 'cmake_clean_first': False, 'cmake_force_configure': False, 'cmake_target': None, 'cmake_target_skip_unavailable': False, 'install_base': '/home/sebas/mbehu_restored_ws/install/serial_motor_demo', 'merge_install': False, 'path': '/home/sebas/mbehu_restored_ws/src/serial_motor_demo/serial_motor_demo', 'symlink_install': True, 'test_result_base': None}
[1.773s] INFO:colcon.colcon_core.executor:Executing jobs using 'parallel' executor
[1.792s] DEBUG:colcon.colcon_parallel_executor.executor.parallel:run_until_complete
[1.793s] INFO:colcon.colcon_ros.task.ament_cmake.build:Building ROS package in '/home/sebas/mbehu_restored_ws/src/serial' with build type 'ament_cmake'
[1.794s] INFO:colcon.colcon_cmake.task.cmake.build:Building CMake package in '/home/sebas/mbehu_restored_ws/src/serial'
[1.815s] INFO:colcon.colcon_core.plugin_system:Skipping extension 'colcon_core.shell.bat': Not used on non-Windows systems
[1.816s] INFO:colcon.colcon_core.shell:Skip shell extension 'powershell' for command environment: Not usable outside of PowerShell
[1.816s] DEBUG:colcon.colcon_core.shell:Skip shell extension 'dsv' for command environment
[1.859s] INFO:colcon.colcon_ros.task.ament_cmake.build:Building ROS package in '/home/sebas/mbehu_restored_ws/src/serial_motor_demo/serial_motor_demo_msgs' with build type 'ament_cmake'
[1.860s] INFO:colcon.colcon_cmake.task.cmake.build:Building CMake package in '/home/sebas/mbehu_restored_ws/src/serial_motor_demo/serial_motor_demo_msgs'
[1.868s] INFO:colcon.colcon_core.shell:Skip shell extension 'powershell' for command environment: Not usable outside of PowerShell
[1.869s] DEBUG:colcon.colcon_core.shell:Skip shell extension 'dsv' for command environment
[1.918s] INFO:colcon.colcon_ros.task.ament_cmake.build:Building ROS package in '/home/sebas/mbehu_restored_ws/src/ldlidar_sl_ros2' with build type 'ament_cmake'
[1.920s] INFO:colcon.colcon_cmake.task.cmake.build:Building CMake package in '/home/sebas/mbehu_restored_ws/src/ldlidar_sl_ros2'
[1.931s] INFO:colcon.colcon_core.shell:Skip shell extension 'powershell' for command environment: Not usable outside of PowerShell
[1.932s] DEBUG:colcon.colcon_core.shell:Skip shell extension 'dsv' for command environment
[1.980s] INFO:colcon.colcon_ros.task.ament_cmake.build:Building ROS package in '/home/sebas/mbehu_restored_ws/src/mbehu_bot' with build type 'ament_cmake'
[1.982s] INFO:colcon.colcon_cmake.task.cmake.build:Building CMake package in '/home/sebas/mbehu_restored_ws/src/mbehu_bot'
[1.991s] INFO:colcon.colcon_core.shell:Skip shell extension 'powershell' for command environment: Not usable outside of PowerShell
[1.992s] DEBUG:colcon.colcon_core.shell:Skip shell extension 'dsv' for command environment
[2.066s] DEBUG:colcon.colcon_core.event_handler.log_command:Invoking command in '/home/sebas/mbehu_restored_ws/build/serial': CMAKE_PREFIX_PATH=${CMAKE_PREFIX_PATH}:/home/sebas/mbehu_restored_ws/install/serial_motor_demo:/home/sebas/mbehu_ws/install/ultrasonico:/home/sebas/mbehu_ws/install/mpu6050_pkg:/home/sebas/mbehu_ws/install/mpu6050:/opt/ros/foxy /usr/bin/cmake /home/sebas/mbehu_restored_ws/src/serial -DAMENT_CMAKE_SYMLINK_INSTALL=1 -DCMAKE_INSTALL_PREFIX=/home/sebas/mbehu_restored_ws/install/serial
[2.102s] DEBUG:colcon.colcon_core.event_handler.log_command:Invoking command in '/home/sebas/mbehu_restored_ws/build/serial_motor_demo_msgs': CMAKE_PREFIX_PATH=${CMAKE_PREFIX_PATH}:/home/sebas/mbehu_restored_ws/install/serial_motor_demo:/home/sebas/mbehu_ws/install/ultrasonico:/home/sebas/mbehu_ws/install/mpu6050_pkg:/home/sebas/mbehu_ws/install/mpu6050:/opt/ros/foxy /usr/bin/cmake /home/sebas/mbehu_restored_ws/src/serial_motor_demo/serial_motor_demo_msgs -DAMENT_CMAKE_SYMLINK_INSTALL=1 -DCMAKE_INSTALL_PREFIX=/home/sebas/mbehu_restored_ws/install/serial_motor_demo_msgs
[2.127s] DEBUG:colcon.colcon_core.event_handler.log_command:Invoking command in '/home/sebas/mbehu_restored_ws/build/ldlidar_sl_ros2': CMAKE_PREFIX_PATH=${CMAKE_PREFIX_PATH}:/home/sebas/mbehu_restored_ws/install/serial_motor_demo:/home/sebas/mbehu_ws/install/ultrasonico:/home/sebas/mbehu_ws/install/mpu6050_pkg:/home/sebas/mbehu_ws/install/mpu6050:/opt/ros/foxy /usr/bin/cmake /home/sebas/mbehu_restored_ws/src/ldlidar_sl_ros2 -DAMENT_CMAKE_SYMLINK_INSTALL=1 -DCMAKE_INSTALL_PREFIX=/home/sebas/mbehu_restored_ws/install/ldlidar_sl_ros2
[2.247s] DEBUG:colcon.colcon_core.event_handler.log_command:Invoking command in '/home/sebas/mbehu_restored_ws/build/mbehu_bot': CMAKE_PREFIX_PATH=${CMAKE_PREFIX_PATH}:/home/sebas/mbehu_restored_ws/install/serial_motor_demo:/home/sebas/mbehu_ws/install/ultrasonico:/home/sebas/mbehu_ws/install/mpu6050_pkg:/home/sebas/mbehu_ws/install/mpu6050:/opt/ros/foxy /usr/bin/cmake /home/sebas/mbehu_restored_ws/src/mbehu_bot -DAMENT_CMAKE_SYMLINK_INSTALL=1 -DCMAKE_INSTALL_PREFIX=/home/sebas/mbehu_restored_ws/install/mbehu_bot
[5.589s] DEBUG:colcon.colcon_core.event_handler.log_command:Invoked command in '/home/sebas/mbehu_restored_ws/build/mbehu_bot' returned '0': CMAKE_PREFIX_PATH=${CMAKE_PREFIX_PATH}:/home/sebas/mbehu_restored_ws/install/serial_motor_demo:/home/sebas/mbehu_ws/install/ultrasonico:/home/sebas/mbehu_ws/install/mpu6050_pkg:/home/sebas/mbehu_ws/install/mpu6050:/opt/ros/foxy /usr/bin/cmake /home/sebas/mbehu_restored_ws/src/mbehu_bot -DAMENT_CMAKE_SYMLINK_INSTALL=1 -DCMAKE_INSTALL_PREFIX=/home/sebas/mbehu_restored_ws/install/mbehu_bot
[5.598s] DEBUG:colcon.colcon_core.event_handler.log_command:Invoking command in '/home/sebas/mbehu_restored_ws/build/mbehu_bot': CMAKE_PREFIX_PATH=${CMAKE_PREFIX_PATH}:/home/sebas/mbehu_restored_ws/install/serial_motor_demo:/home/sebas/mbehu_ws/install/ultrasonico:/home/sebas/mbehu_ws/install/mpu6050_pkg:/home/sebas/mbehu_ws/install/mpu6050:/opt/ros/foxy /usr/bin/cmake --build /home/sebas/mbehu_restored_ws/build/mbehu_bot -- -j4 -l4
[5.652s] DEBUG:colcon.colcon_core.event_handler.log_command:Invoked command in '/home/sebas/mbehu_restored_ws/build/serial' returned '0': CMAKE_PREFIX_PATH=${CMAKE_PREFIX_PATH}:/home/sebas/mbehu_restored_ws/install/serial_motor_demo:/home/sebas/mbehu_ws/install/ultrasonico:/home/sebas/mbehu_ws/install/mpu6050_pkg:/home/sebas/mbehu_ws/install/mpu6050:/opt/ros/foxy /usr/bin/cmake /home/sebas/mbehu_restored_ws/src/serial -DAMENT_CMAKE_SYMLINK_INSTALL=1 -DCMAKE_INSTALL_PREFIX=/home/sebas/mbehu_restored_ws/install/serial
[5.657s] DEBUG:colcon.colcon_core.event_handler.log_command:Invoking command in '/home/sebas/mbehu_restored_ws/build/serial': CMAKE_PREFIX_PATH=${CMAKE_PREFIX_PATH}:/home/sebas/mbehu_restored_ws/install/serial_motor_demo:/home/sebas/mbehu_ws/install/ultrasonico:/home/sebas/mbehu_ws/install/mpu6050_pkg:/home/sebas/mbehu_ws/install/mpu6050:/opt/ros/foxy /usr/bin/cmake --build /home/sebas/mbehu_restored_ws/build/serial -- -j4 -l4
[5.872s] DEBUG:colcon.colcon_core.event_handler.log_command:Invoked command in '/home/sebas/mbehu_restored_ws/build/mbehu_bot' returned '0': CMAKE_PREFIX_PATH=${CMAKE_PREFIX_PATH}:/home/sebas/mbehu_restored_ws/install/serial_motor_demo:/home/sebas/mbehu_ws/install/ultrasonico:/home/sebas/mbehu_ws/install/mpu6050_pkg:/home/sebas/mbehu_ws/install/mpu6050:/opt/ros/foxy /usr/bin/cmake --build /home/sebas/mbehu_restored_ws/build/mbehu_bot -- -j4 -l4
[6.418s] DEBUG:colcon.colcon_core.event_handler.log_command:Invoking command in '/home/sebas/mbehu_restored_ws/build/mbehu_bot': CMAKE_PREFIX_PATH=${CMAKE_PREFIX_PATH}:/home/sebas/mbehu_restored_ws/install/serial_motor_demo:/home/sebas/mbehu_ws/install/ultrasonico:/home/sebas/mbehu_ws/install/mpu6050_pkg:/home/sebas/mbehu_ws/install/mpu6050:/opt/ros/foxy /usr/bin/cmake --install /home/sebas/mbehu_restored_ws/build/mbehu_bot
[6.614s] DEBUG:colcon.colcon_core.event_handler.log_command:Invoked command in '/home/sebas/mbehu_restored_ws/build/serial' returned '0': CMAKE_PREFIX_PATH=${CMAKE_PREFIX_PATH}:/home/sebas/mbehu_restored_ws/install/serial_motor_demo:/home/sebas/mbehu_ws/install/ultrasonico:/home/sebas/mbehu_ws/install/mpu6050_pkg:/home/sebas/mbehu_ws/install/mpu6050:/opt/ros/foxy /usr/bin/cmake --build /home/sebas/mbehu_restored_ws/build/serial -- -j4 -l4
[6.624s] Level 1:colcon.colcon_core.environment:create_environment_scripts_only(mbehu_bot)
[6.638s] DEBUG:colcon.colcon_core.event_handler.log_command:Invoked command in '/home/sebas/mbehu_restored_ws/build/mbehu_bot' returned '0': CMAKE_PREFIX_PATH=${CMAKE_PREFIX_PATH}:/home/sebas/mbehu_restored_ws/install/serial_motor_demo:/home/sebas/mbehu_ws/install/ultrasonico:/home/sebas/mbehu_ws/install/mpu6050_pkg:/home/sebas/mbehu_ws/install/mpu6050:/opt/ros/foxy /usr/bin/cmake --install /home/sebas/mbehu_restored_ws/build/mbehu_bot
[6.678s] Level 1:colcon.colcon_core.environment:checking '/home/sebas/mbehu_restored_ws/install/mbehu_bot' for CMake module files
[6.682s] Level 1:colcon.colcon_core.environment:checking '/home/sebas/mbehu_restored_ws/install/mbehu_bot' for CMake config files
[6.684s] Level 1:colcon.colcon_core.shell:create_environment_hook('mbehu_bot', 'cmake_prefix_path')
[6.693s] INFO:colcon.colcon_core.shell:Creating environment hook '/home/sebas/mbehu_restored_ws/install/mbehu_bot/share/mbehu_bot/hook/cmake_prefix_path.ps1'
[6.703s] INFO:colcon.colcon_core.shell:Creating environment descriptor '/home/sebas/mbehu_restored_ws/install/mbehu_bot/share/mbehu_bot/hook/cmake_prefix_path.dsv'
[6.708s] INFO:colcon.colcon_core.shell:Creating environment hook '/home/sebas/mbehu_restored_ws/install/mbehu_bot/share/mbehu_bot/hook/cmake_prefix_path.sh'
[6.720s] Level 1:colcon.colcon_core.environment:checking '/home/sebas/mbehu_restored_ws/install/mbehu_bot/bin'
[6.721s] Level 1:colcon.colcon_core.environment:checking '/home/sebas/mbehu_restored_ws/install/mbehu_bot/lib/pkgconfig/mbehu_bot.pc'
[6.723s] Level 1:colcon.colcon_core.environment:checking '/home/sebas/mbehu_restored_ws/install/mbehu_bot/lib/python3.8/site-packages'
[6.725s] Level 1:colcon.colcon_core.environment:checking '/home/sebas/mbehu_restored_ws/install/mbehu_bot/bin'
[6.738s] INFO:colcon.colcon_core.shell:Creating package script '/home/sebas/mbehu_restored_ws/install/mbehu_bot/share/mbehu_bot/package.ps1'
[6.744s] INFO:colcon.colcon_core.shell:Creating package descriptor '/home/sebas/mbehu_restored_ws/install/mbehu_bot/share/mbehu_bot/package.dsv'
[6.754s] INFO:colcon.colcon_core.shell:Creating package script '/home/sebas/mbehu_restored_ws/install/mbehu_bot/share/mbehu_bot/package.sh'
[6.760s] INFO:colcon.colcon_core.shell:Creating package script '/home/sebas/mbehu_restored_ws/install/mbehu_bot/share/mbehu_bot/package.bash'
[6.770s] INFO:colcon.colcon_core.shell:Creating package script '/home/sebas/mbehu_restored_ws/install/mbehu_bot/share/mbehu_bot/package.zsh'
[6.775s] Level 1:colcon.colcon_core.environment:create_file_with_runtime_dependencies(/home/sebas/mbehu_restored_ws/install/mbehu_bot/share/colcon-core/packages/mbehu_bot)
[7.080s] Level 1:colcon.colcon_core.environment:create_environment_scripts_only(mbehu_bot)
[7.099s] Level 1:colcon.colcon_core.environment:checking '/home/sebas/mbehu_restored_ws/install/mbehu_bot' for CMake module files
[7.109s] Level 1:colcon.colcon_core.environment:checking '/home/sebas/mbehu_restored_ws/install/mbehu_bot' for CMake config files
[7.113s] Level 1:colcon.colcon_core.shell:create_environment_hook('mbehu_bot', 'cmake_prefix_path')
[7.121s] INFO:colcon.colcon_core.shell:Creating environment hook '/home/sebas/mbehu_restored_ws/install/mbehu_bot/share/mbehu_bot/hook/cmake_prefix_path.ps1'
[7.257s] INFO:colcon.colcon_core.shell:Creating environment descriptor '/home/sebas/mbehu_restored_ws/install/mbehu_bot/share/mbehu_bot/hook/cmake_prefix_path.dsv'
[7.261s] INFO:colcon.colcon_core.shell:Creating environment hook '/home/sebas/mbehu_restored_ws/install/mbehu_bot/share/mbehu_bot/hook/cmake_prefix_path.sh'
[7.266s] Level 1:colcon.colcon_core.environment:checking '/home/sebas/mbehu_restored_ws/install/mbehu_bot/bin'
[7.267s] Level 1:colcon.colcon_core.environment:checking '/home/sebas/mbehu_restored_ws/install/mbehu_bot/lib/pkgconfig/mbehu_bot.pc'
[7.269s] Level 1:colcon.colcon_core.environment:checking '/home/sebas/mbehu_restored_ws/install/mbehu_bot/lib/python3.8/site-packages'
[7.270s] Level 1:colcon.colcon_core.environment:checking '/home/sebas/mbehu_restored_ws/install/mbehu_bot/bin'
[7.279s] INFO:colcon.colcon_core.shell:Creating package script '/home/sebas/mbehu_restored_ws/install/mbehu_bot/share/mbehu_bot/package.ps1'
[7.290s] INFO:colcon.colcon_core.shell:Creating package descriptor '/home/sebas/mbehu_restored_ws/install/mbehu_bot/share/mbehu_bot/package.dsv'
[7.294s] INFO:colcon.colcon_core.shell:Creating package script '/home/sebas/mbehu_restored_ws/install/mbehu_bot/share/mbehu_bot/package.sh'
[7.298s] INFO:colcon.colcon_core.shell:Creating package script '/home/sebas/mbehu_restored_ws/install/mbehu_bot/share/mbehu_bot/package.bash'
[7.301s] INFO:colcon.colcon_core.shell:Creating package script '/home/sebas/mbehu_restored_ws/install/mbehu_bot/share/mbehu_bot/package.zsh'
[7.306s] Level 1:colcon.colcon_core.environment:create_file_with_runtime_dependencies(/home/sebas/mbehu_restored_ws/install/mbehu_bot/share/colcon-core/packages/mbehu_bot)
[7.318s] DEBUG:colcon.colcon_core.event_handler.log_command:Invoking command in '/home/sebas/mbehu_restored_ws/build/serial': CMAKE_PREFIX_PATH=${CMAKE_PREFIX_PATH}:/home/sebas/mbehu_restored_ws/install/serial_motor_demo:/home/sebas/mbehu_ws/install/ultrasonico:/home/sebas/mbehu_ws/install/mpu6050_pkg:/home/sebas/mbehu_ws/install/mpu6050:/opt/ros/foxy /usr/bin/cmake --install /home/sebas/mbehu_restored_ws/build/serial
[7.515s] Level 1:colcon.colcon_core.environment:create_environment_scripts_only(serial)
[7.529s] Level 1:colcon.colcon_core.environment:checking '/home/sebas/mbehu_restored_ws/install/serial' for CMake module files
[7.530s] DEBUG:colcon.colcon_core.event_handler.log_command:Invoked command in '/home/sebas/mbehu_restored_ws/build/serial' returned '0': CMAKE_PREFIX_PATH=${CMAKE_PREFIX_PATH}:/home/sebas/mbehu_restored_ws/install/serial_motor_demo:/home/sebas/mbehu_ws/install/ultrasonico:/home/sebas/mbehu_ws/install/mpu6050_pkg:/home/sebas/mbehu_ws/install/mpu6050:/opt/ros/foxy /usr/bin/cmake --install /home/sebas/mbehu_restored_ws/build/serial
[7.536s] Level 1:colcon.colcon_core.environment:checking '/home/sebas/mbehu_restored_ws/install/serial' for CMake config files
[7.539s] Level 1:colcon.colcon_core.shell:create_environment_hook('serial', 'cmake_prefix_path')
[7.547s] INFO:colcon.colcon_core.shell:Creating environment hook '/home/sebas/mbehu_restored_ws/install/serial/share/serial/hook/cmake_prefix_path.ps1'
[7.549s] INFO:colcon.colcon_core.shell:Creating environment descriptor '/home/sebas/mbehu_restored_ws/install/serial/share/serial/hook/cmake_prefix_path.dsv'
[7.552s] INFO:colcon.colcon_core.shell:Creating environment hook '/home/sebas/mbehu_restored_ws/install/serial/share/serial/hook/cmake_prefix_path.sh'
[7.555s] Level 1:colcon.colcon_core.environment:checking '/home/sebas/mbehu_restored_ws/install/serial/lib'
[7.556s] Level 1:colcon.colcon_core.environment:checking '/home/sebas/mbehu_restored_ws/install/serial/bin'
[7.557s] Level 1:colcon.colcon_core.environment:checking '/home/sebas/mbehu_restored_ws/install/serial/lib/pkgconfig/serial.pc'
[7.558s] Level 1:colcon.colcon_core.environment:checking '/home/sebas/mbehu_restored_ws/install/serial/lib/python3.8/site-packages'
[7.559s] Level 1:colcon.colcon_core.environment:checking '/home/sebas/mbehu_restored_ws/install/serial/bin'
[7.567s] INFO:colcon.colcon_core.shell:Creating package script '/home/sebas/mbehu_restored_ws/install/serial/share/serial/package.ps1'
[7.570s] INFO:colcon.colcon_core.shell:Creating package descriptor '/home/sebas/mbehu_restored_ws/install/serial/share/serial/package.dsv'
[7.573s] INFO:colcon.colcon_core.shell:Creating package script '/home/sebas/mbehu_restored_ws/install/serial/share/serial/package.sh'
[7.575s] INFO:colcon.colcon_core.shell:Creating package script '/home/sebas/mbehu_restored_ws/install/serial/share/serial/package.bash'
[7.577s] INFO:colcon.colcon_core.shell:Creating package script '/home/sebas/mbehu_restored_ws/install/serial/share/serial/package.zsh'
[7.580s] Level 1:colcon.colcon_core.environment:create_file_with_runtime_dependencies(/home/sebas/mbehu_restored_ws/install/serial/share/colcon-core/packages/serial)
[7.817s] Level 1:colcon.colcon_core.environment:create_environment_scripts_only(serial)
[7.827s] Level 1:colcon.colcon_core.environment:checking '/home/sebas/mbehu_restored_ws/install/serial' for CMake module files
[7.831s] Level 1:colcon.colcon_core.environment:checking '/home/sebas/mbehu_restored_ws/install/serial' for CMake config files
[7.833s] Level 1:colcon.colcon_core.shell:create_environment_hook('serial', 'cmake_prefix_path')
[7.840s] INFO:colcon.colcon_core.shell:Creating environment hook '/home/sebas/mbehu_restored_ws/install/serial/share/serial/hook/cmake_prefix_path.ps1'
[9.094s] INFO:colcon.colcon_core.shell:Creating environment descriptor '/home/sebas/mbehu_restored_ws/install/serial/share/serial/hook/cmake_prefix_path.dsv'
[9.097s] INFO:colcon.colcon_core.shell:Creating environment hook '/home/sebas/mbehu_restored_ws/install/serial/share/serial/hook/cmake_prefix_path.sh'
[9.105s] Level 1:colcon.colcon_core.environment:checking '/home/sebas/mbehu_restored_ws/install/serial/lib'
[9.106s] Level 1:colcon.colcon_core.environment:checking '/home/sebas/mbehu_restored_ws/install/serial/bin'
[9.107s] Level 1:colcon.colcon_core.environment:checking '/home/sebas/mbehu_restored_ws/install/serial/lib/pkgconfig/serial.pc'
[9.108s] Level 1:colcon.colcon_core.environment:checking '/home/sebas/mbehu_restored_ws/install/serial/lib/python3.8/site-packages'
[9.110s] Level 1:colcon.colcon_core.environment:checking '/home/sebas/mbehu_restored_ws/install/serial/bin'
[9.124s] INFO:colcon.colcon_core.shell:Creating package script '/home/sebas/mbehu_restored_ws/install/serial/share/serial/package.ps1'
[9.130s] INFO:colcon.colcon_core.shell:Creating package descriptor '/home/sebas/mbehu_restored_ws/install/serial/share/serial/package.dsv'
[9.135s] INFO:colcon.colcon_core.shell:Creating package script '/home/sebas/mbehu_restored_ws/install/serial/share/serial/package.sh'
[9.139s] INFO:colcon.colcon_core.shell:Creating package script '/home/sebas/mbehu_restored_ws/install/serial/share/serial/package.bash'
[9.142s] INFO:colcon.colcon_core.shell:Creating package script '/home/sebas/mbehu_restored_ws/install/serial/share/serial/package.zsh'
[9.145s] Level 1:colcon.colcon_core.environment:create_file_with_runtime_dependencies(/home/sebas/mbehu_restored_ws/install/serial/share/colcon-core/packages/serial)
[9.153s] INFO:colcon.colcon_ros.task.ament_cmake.build:Building ROS package in '/home/sebas/mbehu_restored_ws/src/diffdrive_arduino' with build type 'ament_cmake'
[9.155s] INFO:colcon.colcon_cmake.task.cmake.build:Building CMake package in '/home/sebas/mbehu_restored_ws/src/diffdrive_arduino'
[9.164s] INFO:colcon.colcon_core.shell:Skip shell extension 'powershell' for command environment: Not usable outside of PowerShell
[9.165s] DEBUG:colcon.colcon_core.shell:Skip shell extension 'dsv' for command environment
[9.261s] DEBUG:colcon.colcon_core.event_handler.log_command:Invoking command in '/home/sebas/mbehu_restored_ws/build/diffdrive_arduino': CMAKE_PREFIX_PATH=/home/sebas/mbehu_restored_ws/install/serial:/home/sebas/mbehu_restored_ws/install/serial_motor_demo_msgs:/home/sebas/mbehu_restored_ws/install/diffdrive_arduino:/home/sebas/mbehu_restored_ws/install/mbehu_bot:/home/sebas/mbehu_restored_ws/install/ldlidar_sl_ros2:/home/sebas/mbehu_ws/install/diffdrive_arduino:/home/sebas/mbehu_ws/install/serial:/home/sebas/mbehu_ws/install/mbehu_bot:/home/sebas/mbehu_ws/install/ldlidar_sl_ros2:/home/sebas/mbehu_ws/install/imu_driver:/home/sebas/mbehu_restored_ws/install/serial_motor_demo:/home/sebas/mbehu_ws/install/ultrasonico:/home/sebas/mbehu_ws/install/mpu6050_pkg:/home/sebas/mbehu_ws/install/mpu6050:/opt/ros/foxy /usr/bin/cmake /home/sebas/mbehu_restored_ws/src/diffdrive_arduino -DAMENT_CMAKE_SYMLINK_INSTALL=1 -DCMAKE_INSTALL_PREFIX=/home/sebas/mbehu_restored_ws/install/diffdrive_arduino
[9.379s] DEBUG:colcon.colcon_core.event_handler.log_command:Invoked command in '/home/sebas/mbehu_restored_ws/build/ldlidar_sl_ros2' returned '0': CMAKE_PREFIX_PATH=${CMAKE_PREFIX_PATH}:/home/sebas/mbehu_restored_ws/install/serial_motor_demo:/home/sebas/mbehu_ws/install/ultrasonico:/home/sebas/mbehu_ws/install/mpu6050_pkg:/home/sebas/mbehu_ws/install/mpu6050:/opt/ros/foxy /usr/bin/cmake /home/sebas/mbehu_restored_ws/src/ldlidar_sl_ros2 -DAMENT_CMAKE_SYMLINK_INSTALL=1 -DCMAKE_INSTALL_PREFIX=/home/sebas/mbehu_restored_ws/install/ldlidar_sl_ros2
[9.384s] DEBUG:colcon.colcon_core.event_handler.log_command:Invoking command in '/home/sebas/mbehu_restored_ws/build/ldlidar_sl_ros2': CMAKE_PREFIX_PATH=${CMAKE_PREFIX_PATH}:/home/sebas/mbehu_restored_ws/install/serial_motor_demo:/home/sebas/mbehu_ws/install/ultrasonico:/home/sebas/mbehu_ws/install/mpu6050_pkg:/home/sebas/mbehu_ws/install/mpu6050:/opt/ros/foxy /usr/bin/cmake --build /home/sebas/mbehu_restored_ws/build/ldlidar_sl_ros2 -- -j4 -l4
[9.975s] DEBUG:colcon.colcon_core.event_handler.log_command:Invoked command in '/home/sebas/mbehu_restored_ws/build/ldlidar_sl_ros2' returned '0': CMAKE_PREFIX_PATH=${CMAKE_PREFIX_PATH}:/home/sebas/mbehu_restored_ws/install/serial_motor_demo:/home/sebas/mbehu_ws/install/ultrasonico:/home/sebas/mbehu_ws/install/mpu6050_pkg:/home/sebas/mbehu_ws/install/mpu6050:/opt/ros/foxy /usr/bin/cmake --build /home/sebas/mbehu_restored_ws/build/ldlidar_sl_ros2 -- -j4 -l4
[10.264s] DEBUG:colcon.colcon_core.event_handler.log_command:Invoking command in '/home/sebas/mbehu_restored_ws/build/ldlidar_sl_ros2': CMAKE_PREFIX_PATH=${CMAKE_PREFIX_PATH}:/home/sebas/mbehu_restored_ws/install/serial_motor_demo:/home/sebas/mbehu_ws/install/ultrasonico:/home/sebas/mbehu_ws/install/mpu6050_pkg:/home/sebas/mbehu_ws/install/mpu6050:/opt/ros/foxy /usr/bin/cmake --install /home/sebas/mbehu_restored_ws/build/ldlidar_sl_ros2
[10.536s] Level 1:colcon.colcon_core.environment:create_environment_scripts_only(ldlidar_sl_ros2)
[10.555s] DEBUG:colcon.colcon_core.event_handler.log_command:Invoked command in '/home/sebas/mbehu_restored_ws/build/ldlidar_sl_ros2' returned '0': CMAKE_PREFIX_PATH=${CMAKE_PREFIX_PATH}:/home/sebas/mbehu_restored_ws/install/serial_motor_demo:/home/sebas/mbehu_ws/install/ultrasonico:/home/sebas/mbehu_ws/install/mpu6050_pkg:/home/sebas/mbehu_ws/install/mpu6050:/opt/ros/foxy /usr/bin/cmake --install /home/sebas/mbehu_restored_ws/build/ldlidar_sl_ros2
[10.584s] Level 1:colcon.colcon_core.environment:checking '/home/sebas/mbehu_restored_ws/install/ldlidar_sl_ros2' for CMake module files
[10.590s] Level 1:colcon.colcon_core.environment:checking '/home/sebas/mbehu_restored_ws/install/ldlidar_sl_ros2' for CMake config files
[10.593s] Level 1:colcon.colcon_core.shell:create_environment_hook('ldlidar_sl_ros2', 'cmake_prefix_path')
[10.609s] INFO:colcon.colcon_core.shell:Creating environment hook '/home/sebas/mbehu_restored_ws/install/ldlidar_sl_ros2/share/ldlidar_sl_ros2/hook/cmake_prefix_path.ps1'
[10.615s] INFO:colcon.colcon_core.shell:Creating environment descriptor '/home/sebas/mbehu_restored_ws/install/ldlidar_sl_ros2/share/ldlidar_sl_ros2/hook/cmake_prefix_path.dsv'
[10.621s] INFO:colcon.colcon_core.shell:Creating environment hook '/home/sebas/mbehu_restored_ws/install/ldlidar_sl_ros2/share/ldlidar_sl_ros2/hook/cmake_prefix_path.sh'
[10.626s] Level 1:colcon.colcon_core.environment:checking '/home/sebas/mbehu_restored_ws/install/ldlidar_sl_ros2/lib'
[10.627s] Level 1:colcon.colcon_core.environment:checking '/home/sebas/mbehu_restored_ws/install/ldlidar_sl_ros2/bin'
[10.628s] Level 1:colcon.colcon_core.environment:checking '/home/sebas/mbehu_restored_ws/install/ldlidar_sl_ros2/lib/pkgconfig/ldlidar_sl_ros2.pc'
[10.629s] Level 1:colcon.colcon_core.environment:checking '/home/sebas/mbehu_restored_ws/install/ldlidar_sl_ros2/lib/python3.8/site-packages'
[10.631s] Level 1:colcon.colcon_core.environment:checking '/home/sebas/mbehu_restored_ws/install/ldlidar_sl_ros2/bin'
[10.641s] INFO:colcon.colcon_core.shell:Creating package script '/home/sebas/mbehu_restored_ws/install/ldlidar_sl_ros2/share/ldlidar_sl_ros2/package.ps1'
[10.644s] INFO:colcon.colcon_core.shell:Creating package descriptor '/home/sebas/mbehu_restored_ws/install/ldlidar_sl_ros2/share/ldlidar_sl_ros2/package.dsv'
[10.648s] INFO:colcon.colcon_core.shell:Creating package script '/home/sebas/mbehu_restored_ws/install/ldlidar_sl_ros2/share/ldlidar_sl_ros2/package.sh'
[10.653s] INFO:colcon.colcon_core.shell:Creating package script '/home/sebas/mbehu_restored_ws/install/ldlidar_sl_ros2/share/ldlidar_sl_ros2/package.bash'
[10.657s] INFO:colcon.colcon_core.shell:Creating package script '/home/sebas/mbehu_restored_ws/install/ldlidar_sl_ros2/share/ldlidar_sl_ros2/package.zsh'
[10.661s] Level 1:colcon.colcon_core.environment:create_file_with_runtime_dependencies(/home/sebas/mbehu_restored_ws/install/ldlidar_sl_ros2/share/colcon-core/packages/ldlidar_sl_ros2)
[10.966s] Level 1:colcon.colcon_core.environment:create_environment_scripts_only(ldlidar_sl_ros2)
[10.996s] Level 1:colcon.colcon_core.environment:checking '/home/sebas/mbehu_restored_ws/install/ldlidar_sl_ros2' for CMake module files
[11.000s] Level 1:colcon.colcon_core.environment:checking '/home/sebas/mbehu_restored_ws/install/ldlidar_sl_ros2' for CMake config files
[11.004s] Level 1:colcon.colcon_core.shell:create_environment_hook('ldlidar_sl_ros2', 'cmake_prefix_path')
[11.013s] INFO:colcon.colcon_core.shell:Creating environment hook '/home/sebas/mbehu_restored_ws/install/ldlidar_sl_ros2/share/ldlidar_sl_ros2/hook/cmake_prefix_path.ps1'
[11.016s] INFO:colcon.colcon_core.shell:Creating environment descriptor '/home/sebas/mbehu_restored_ws/install/ldlidar_sl_ros2/share/ldlidar_sl_ros2/hook/cmake_prefix_path.dsv'
[11.019s] INFO:colcon.colcon_core.shell:Creating environment hook '/home/sebas/mbehu_restored_ws/install/ldlidar_sl_ros2/share/ldlidar_sl_ros2/hook/cmake_prefix_path.sh'
[11.024s] Level 1:colcon.colcon_core.environment:checking '/home/sebas/mbehu_restored_ws/install/ldlidar_sl_ros2/lib'
[11.025s] Level 1:colcon.colcon_core.environment:checking '/home/sebas/mbehu_restored_ws/install/ldlidar_sl_ros2/bin'
[11.025s] Level 1:colcon.colcon_core.environment:checking '/home/sebas/mbehu_restored_ws/install/ldlidar_sl_ros2/lib/pkgconfig/ldlidar_sl_ros2.pc'
[11.027s] Level 1:colcon.colcon_core.environment:checking '/home/sebas/mbehu_restored_ws/install/ldlidar_sl_ros2/lib/python3.8/site-packages'
[11.028s] Level 1:colcon.colcon_core.environment:checking '/home/sebas/mbehu_restored_ws/install/ldlidar_sl_ros2/bin'
[11.039s] INFO:colcon.colcon_core.shell:Creating package script '/home/sebas/mbehu_restored_ws/install/ldlidar_sl_ros2/share/ldlidar_sl_ros2/package.ps1'
[11.046s] INFO:colcon.colcon_core.shell:Creating package descriptor '/home/sebas/mbehu_restored_ws/install/ldlidar_sl_ros2/share/ldlidar_sl_ros2/package.dsv'
[11.053s] INFO:colcon.colcon_core.shell:Creating package script '/home/sebas/mbehu_restored_ws/install/ldlidar_sl_ros2/share/ldlidar_sl_ros2/package.sh'
[11.064s] INFO:colcon.colcon_core.shell:Creating package script '/home/sebas/mbehu_restored_ws/install/ldlidar_sl_ros2/share/ldlidar_sl_ros2/package.bash'
[11.076s] INFO:colcon.colcon_core.shell:Creating package script '/home/sebas/mbehu_restored_ws/install/ldlidar_sl_ros2/share/ldlidar_sl_ros2/package.zsh'
[11.082s] Level 1:colcon.colcon_core.environment:create_file_with_runtime_dependencies(/home/sebas/mbehu_restored_ws/install/ldlidar_sl_ros2/share/colcon-core/packages/ldlidar_sl_ros2)
[11.698s] DEBUG:colcon.colcon_core.event_handler.log_command:Invoked command in '/home/sebas/mbehu_restored_ws/build/serial_motor_demo_msgs' returned '0': CMAKE_PREFIX_PATH=${CMAKE_PREFIX_PATH}:/home/sebas/mbehu_restored_ws/install/serial_motor_demo:/home/sebas/mbehu_ws/install/ultrasonico:/home/sebas/mbehu_ws/install/mpu6050_pkg:/home/sebas/mbehu_ws/install/mpu6050:/opt/ros/foxy /usr/bin/cmake /home/sebas/mbehu_restored_ws/src/serial_motor_demo/serial_motor_demo_msgs -DAMENT_CMAKE_SYMLINK_INSTALL=1 -DCMAKE_INSTALL_PREFIX=/home/sebas/mbehu_restored_ws/install/serial_motor_demo_msgs
[11.713s] DEBUG:colcon.colcon_core.event_handler.log_command:Invoking command in '/home/sebas/mbehu_restored_ws/build/serial_motor_demo_msgs': CMAKE_PREFIX_PATH=${CMAKE_PREFIX_PATH}:/home/sebas/mbehu_restored_ws/install/serial_motor_demo:/home/sebas/mbehu_ws/install/ultrasonico:/home/sebas/mbehu_ws/install/mpu6050_pkg:/home/sebas/mbehu_ws/install/mpu6050:/opt/ros/foxy /usr/bin/cmake --build /home/sebas/mbehu_restored_ws/build/serial_motor_demo_msgs -- -j4 -l4
[13.531s] DEBUG:colcon.colcon_core.event_handler.log_command:Invoked command in '/home/sebas/mbehu_restored_ws/build/serial_motor_demo_msgs' returned '0': CMAKE_PREFIX_PATH=${CMAKE_PREFIX_PATH}:/home/sebas/mbehu_restored_ws/install/serial_motor_demo:/home/sebas/mbehu_ws/install/ultrasonico:/home/sebas/mbehu_ws/install/mpu6050_pkg:/home/sebas/mbehu_ws/install/mpu6050:/opt/ros/foxy /usr/bin/cmake --build /home/sebas/mbehu_restored_ws/build/serial_motor_demo_msgs -- -j4 -l4
[14.233s] DEBUG:colcon.colcon_core.event_handler.log_command:Invoking command in '/home/sebas/mbehu_restored_ws/build/serial_motor_demo_msgs': CMAKE_PREFIX_PATH=${CMAKE_PREFIX_PATH}:/home/sebas/mbehu_restored_ws/install/serial_motor_demo:/home/sebas/mbehu_ws/install/ultrasonico:/home/sebas/mbehu_ws/install/mpu6050_pkg:/home/sebas/mbehu_ws/install/mpu6050:/opt/ros/foxy /usr/bin/cmake --install /home/sebas/mbehu_restored_ws/build/serial_motor_demo_msgs
[14.797s] Level 1:colcon.colcon_core.environment:create_environment_scripts_only(serial_motor_demo_msgs)
[14.809s] DEBUG:colcon.colcon_core.event_handler.log_command:Invoked command in '/home/sebas/mbehu_restored_ws/build/serial_motor_demo_msgs' returned '0': CMAKE_PREFIX_PATH=${CMAKE_PREFIX_PATH}:/home/sebas/mbehu_restored_ws/install/serial_motor_demo:/home/sebas/mbehu_ws/install/ultrasonico:/home/sebas/mbehu_ws/install/mpu6050_pkg:/home/sebas/mbehu_ws/install/mpu6050:/opt/ros/foxy /usr/bin/cmake --install /home/sebas/mbehu_restored_ws/build/serial_motor_demo_msgs
[14.810s] Level 1:colcon.colcon_core.environment:checking '/home/sebas/mbehu_restored_ws/install/serial_motor_demo_msgs' for CMake module files
[14.817s] Level 1:colcon.colcon_core.environment:checking '/home/sebas/mbehu_restored_ws/install/serial_motor_demo_msgs' for CMake config files
[14.823s] Level 1:colcon.colcon_core.shell:create_environment_hook('serial_motor_demo_msgs', 'cmake_prefix_path')
[14.831s] INFO:colcon.colcon_core.shell:Creating environment hook '/home/sebas/mbehu_restored_ws/install/serial_motor_demo_msgs/share/serial_motor_demo_msgs/hook/cmake_prefix_path.ps1'
[14.834s] INFO:colcon.colcon_core.shell:Creating environment descriptor '/home/sebas/mbehu_restored_ws/install/serial_motor_demo_msgs/share/serial_motor_demo_msgs/hook/cmake_prefix_path.dsv'
[14.836s] INFO:colcon.colcon_core.shell:Creating environment hook '/home/sebas/mbehu_restored_ws/install/serial_motor_demo_msgs/share/serial_motor_demo_msgs/hook/cmake_prefix_path.sh'
[14.839s] Level 1:colcon.colcon_core.environment:checking '/home/sebas/mbehu_restored_ws/install/serial_motor_demo_msgs/lib'
[14.840s] Level 1:colcon.colcon_core.shell:create_environment_hook('serial_motor_demo_msgs', 'ld_library_path_lib')
[14.846s] INFO:colcon.colcon_core.shell:Creating environment hook '/home/sebas/mbehu_restored_ws/install/serial_motor_demo_msgs/share/serial_motor_demo_msgs/hook/ld_library_path_lib.ps1'
[14.849s] INFO:colcon.colcon_core.shell:Creating environment descriptor '/home/sebas/mbehu_restored_ws/install/serial_motor_demo_msgs/share/serial_motor_demo_msgs/hook/ld_library_path_lib.dsv'
[14.851s] INFO:colcon.colcon_core.shell:Creating environment hook '/home/sebas/mbehu_restored_ws/install/serial_motor_demo_msgs/share/serial_motor_demo_msgs/hook/ld_library_path_lib.sh'
[14.853s] Level 1:colcon.colcon_core.environment:checking '/home/sebas/mbehu_restored_ws/install/serial_motor_demo_msgs/bin'
[14.854s] Level 1:colcon.colcon_core.environment:checking '/home/sebas/mbehu_restored_ws/install/serial_motor_demo_msgs/lib/pkgconfig/serial_motor_demo_msgs.pc'
[14.855s] Level 1:colcon.colcon_core.environment:checking '/home/sebas/mbehu_restored_ws/install/serial_motor_demo_msgs/lib/python3.8/site-packages'
[14.856s] Level 1:colcon.colcon_core.shell:create_environment_hook('serial_motor_demo_msgs', 'pythonpath')
[14.863s] INFO:colcon.colcon_core.shell:Creating environment hook '/home/sebas/mbehu_restored_ws/install/serial_motor_demo_msgs/share/serial_motor_demo_msgs/hook/pythonpath.ps1'
[14.865s] INFO:colcon.colcon_core.shell:Creating environment descriptor '/home/sebas/mbehu_restored_ws/install/serial_motor_demo_msgs/share/serial_motor_demo_msgs/hook/pythonpath.dsv'
[14.867s] INFO:colcon.colcon_core.shell:Creating environment hook '/home/sebas/mbehu_restored_ws/install/serial_motor_demo_msgs/share/serial_motor_demo_msgs/hook/pythonpath.sh'
[14.870s] Level 1:colcon.colcon_core.environment:checking '/home/sebas/mbehu_restored_ws/install/serial_motor_demo_msgs/bin'
[14.878s] INFO:colcon.colcon_core.shell:Creating package script '/home/sebas/mbehu_restored_ws/install/serial_motor_demo_msgs/share/serial_motor_demo_msgs/package.ps1'
[14.881s] INFO:colcon.colcon_core.shell:Creating package descriptor '/home/sebas/mbehu_restored_ws/install/serial_motor_demo_msgs/share/serial_motor_demo_msgs/package.dsv'
[14.883s] INFO:colcon.colcon_core.shell:Creating package script '/home/sebas/mbehu_restored_ws/install/serial_motor_demo_msgs/share/serial_motor_demo_msgs/package.sh'
[14.886s] INFO:colcon.colcon_core.shell:Creating package script '/home/sebas/mbehu_restored_ws/install/serial_motor_demo_msgs/share/serial_motor_demo_msgs/package.bash'
[14.889s] INFO:colcon.colcon_core.shell:Creating package script '/home/sebas/mbehu_restored_ws/install/serial_motor_demo_msgs/share/serial_motor_demo_msgs/package.zsh'
[14.892s] Level 1:colcon.colcon_core.environment:create_file_with_runtime_dependencies(/home/sebas/mbehu_restored_ws/install/serial_motor_demo_msgs/share/colcon-core/packages/serial_motor_demo_msgs)
[15.575s] Level 1:colcon.colcon_core.environment:create_environment_scripts_only(serial_motor_demo_msgs)
[15.594s] Level 1:colcon.colcon_core.environment:checking '/home/sebas/mbehu_restored_ws/install/serial_motor_demo_msgs' for CMake module files
[15.599s] Level 1:colcon.colcon_core.environment:checking '/home/sebas/mbehu_restored_ws/install/serial_motor_demo_msgs' for CMake config files
[15.606s] Level 1:colcon.colcon_core.shell:create_environment_hook('serial_motor_demo_msgs', 'cmake_prefix_path')
[15.619s] INFO:colcon.colcon_core.shell:Creating environment hook '/home/sebas/mbehu_restored_ws/install/serial_motor_demo_msgs/share/serial_motor_demo_msgs/hook/cmake_prefix_path.ps1'
[15.624s] INFO:colcon.colcon_core.shell:Creating environment descriptor '/home/sebas/mbehu_restored_ws/install/serial_motor_demo_msgs/share/serial_motor_demo_msgs/hook/cmake_prefix_path.dsv'
[15.627s] INFO:colcon.colcon_core.shell:Creating environment hook '/home/sebas/mbehu_restored_ws/install/serial_motor_demo_msgs/share/serial_motor_demo_msgs/hook/cmake_prefix_path.sh'
[15.632s] Level 1:colcon.colcon_core.environment:checking '/home/sebas/mbehu_restored_ws/install/serial_motor_demo_msgs/lib'
[15.633s] Level 1:colcon.colcon_core.shell:create_environment_hook('serial_motor_demo_msgs', 'ld_library_path_lib')
[15.640s] INFO:colcon.colcon_core.shell:Creating environment hook '/home/sebas/mbehu_restored_ws/install/serial_motor_demo_msgs/share/serial_motor_demo_msgs/hook/ld_library_path_lib.ps1'
[15.644s] INFO:colcon.colcon_core.shell:Creating environment descriptor '/home/sebas/mbehu_restored_ws/install/serial_motor_demo_msgs/share/serial_motor_demo_msgs/hook/ld_library_path_lib.dsv'
[15.647s] INFO:colcon.colcon_core.shell:Creating environment hook '/home/sebas/mbehu_restored_ws/install/serial_motor_demo_msgs/share/serial_motor_demo_msgs/hook/ld_library_path_lib.sh'
[15.650s] Level 1:colcon.colcon_core.environment:checking '/home/sebas/mbehu_restored_ws/install/serial_motor_demo_msgs/bin'
[15.651s] Level 1:colcon.colcon_core.environment:checking '/home/sebas/mbehu_restored_ws/install/serial_motor_demo_msgs/lib/pkgconfig/serial_motor_demo_msgs.pc'
[15.653s] Level 1:colcon.colcon_core.environment:checking '/home/sebas/mbehu_restored_ws/install/serial_motor_demo_msgs/lib/python3.8/site-packages'
[15.653s] Level 1:colcon.colcon_core.shell:create_environment_hook('serial_motor_demo_msgs', 'pythonpath')
[15.661s] INFO:colcon.colcon_core.shell:Creating environment hook '/home/sebas/mbehu_restored_ws/install/serial_motor_demo_msgs/share/serial_motor_demo_msgs/hook/pythonpath.ps1'
[15.664s] INFO:colcon.colcon_core.shell:Creating environment descriptor '/home/sebas/mbehu_restored_ws/install/serial_motor_demo_msgs/share/serial_motor_demo_msgs/hook/pythonpath.dsv'
[15.667s] INFO:colcon.colcon_core.shell:Creating environment hook '/home/sebas/mbehu_restored_ws/install/serial_motor_demo_msgs/share/serial_motor_demo_msgs/hook/pythonpath.sh'
[15.671s] Level 1:colcon.colcon_core.environment:checking '/home/sebas/mbehu_restored_ws/install/serial_motor_demo_msgs/bin'
[15.680s] INFO:colcon.colcon_core.shell:Creating package script '/home/sebas/mbehu_restored_ws/install/serial_motor_demo_msgs/share/serial_motor_demo_msgs/package.ps1'
[15.684s] INFO:colcon.colcon_core.shell:Creating package descriptor '/home/sebas/mbehu_restored_ws/install/serial_motor_demo_msgs/share/serial_motor_demo_msgs/package.dsv'
[15.688s] INFO:colcon.colcon_core.shell:Creating package script '/home/sebas/mbehu_restored_ws/install/serial_motor_demo_msgs/share/serial_motor_demo_msgs/package.sh'
[15.692s] INFO:colcon.colcon_core.shell:Creating package script '/home/sebas/mbehu_restored_ws/install/serial_motor_demo_msgs/share/serial_motor_demo_msgs/package.bash'
[15.695s] INFO:colcon.colcon_core.shell:Creating package script '/home/sebas/mbehu_restored_ws/install/serial_motor_demo_msgs/share/serial_motor_demo_msgs/package.zsh'
[15.699s] Level 1:colcon.colcon_core.environment:create_file_with_runtime_dependencies(/home/sebas/mbehu_restored_ws/install/serial_motor_demo_msgs/share/colcon-core/packages/serial_motor_demo_msgs)
[15.703s] INFO:colcon.colcon_ros.task.ament_python.build:Building ROS package in '/home/sebas/mbehu_restored_ws/src/serial_motor_demo/serial_motor_demo' with build type 'ament_python'
[15.704s] Level 1:colcon.colcon_core.shell:create_environment_hook('serial_motor_demo', 'ament_prefix_path')
[15.712s] INFO:colcon.colcon_core.shell:Creating environment hook '/home/sebas/mbehu_restored_ws/install/serial_motor_demo/share/serial_motor_demo/hook/ament_prefix_path.ps1'
[15.717s] INFO:colcon.colcon_core.shell:Creating environment descriptor '/home/sebas/mbehu_restored_ws/install/serial_motor_demo/share/serial_motor_demo/hook/ament_prefix_path.dsv'
[15.721s] INFO:colcon.colcon_core.shell:Creating environment hook '/home/sebas/mbehu_restored_ws/install/serial_motor_demo/share/serial_motor_demo/hook/ament_prefix_path.sh'
[15.734s] INFO:colcon.colcon_core.shell:Skip shell extension 'powershell' for command environment: Not usable outside of PowerShell
[15.735s] DEBUG:colcon.colcon_core.shell:Skip shell extension 'dsv' for command environment
[17.650s] INFO:colcon.colcon_core.task.python.build:Building Python package in '/home/sebas/mbehu_restored_ws/src/serial_motor_demo/serial_motor_demo'
[17.662s] INFO:colcon.colcon_core.shell:Skip shell extension 'powershell' for command environment: Not usable outside of PowerShell
[17.662s] DEBUG:colcon.colcon_core.shell:Skip shell extension 'dsv' for command environment
[19.120s] DEBUG:colcon.colcon_core.event_handler.log_command:Invoked command in '/home/sebas/mbehu_restored_ws/build/diffdrive_arduino' returned '0': CMAKE_PREFIX_PATH=/home/sebas/mbehu_restored_ws/install/serial:/home/sebas/mbehu_restored_ws/install/serial_motor_demo_msgs:/home/sebas/mbehu_restored_ws/install/diffdrive_arduino:/home/sebas/mbehu_restored_ws/install/mbehu_bot:/home/sebas/mbehu_restored_ws/install/ldlidar_sl_ros2:/home/sebas/mbehu_ws/install/diffdrive_arduino:/home/sebas/mbehu_ws/install/serial:/home/sebas/mbehu_ws/install/mbehu_bot:/home/sebas/mbehu_ws/install/ldlidar_sl_ros2:/home/sebas/mbehu_ws/install/imu_driver:/home/sebas/mbehu_restored_ws/install/serial_motor_demo:/home/sebas/mbehu_ws/install/ultrasonico:/home/sebas/mbehu_ws/install/mpu6050_pkg:/home/sebas/mbehu_ws/install/mpu6050:/opt/ros/foxy /usr/bin/cmake /home/sebas/mbehu_restored_ws/src/diffdrive_arduino -DAMENT_CMAKE_SYMLINK_INSTALL=1 -DCMAKE_INSTALL_PREFIX=/home/sebas/mbehu_restored_ws/install/diffdrive_arduino
[19.134s] DEBUG:colcon.colcon_core.event_handler.log_command:Invoking command in '/home/sebas/mbehu_restored_ws/build/diffdrive_arduino': CMAKE_PREFIX_PATH=/home/sebas/mbehu_restored_ws/install/serial:/home/sebas/mbehu_restored_ws/install/serial_motor_demo_msgs:/home/sebas/mbehu_restored_ws/install/diffdrive_arduino:/home/sebas/mbehu_restored_ws/install/mbehu_bot:/home/sebas/mbehu_restored_ws/install/ldlidar_sl_ros2:/home/sebas/mbehu_ws/install/diffdrive_arduino:/home/sebas/mbehu_ws/install/serial:/home/sebas/mbehu_ws/install/mbehu_bot:/home/sebas/mbehu_ws/install/ldlidar_sl_ros2:/home/sebas/mbehu_ws/install/imu_driver:/home/sebas/mbehu_restored_ws/install/serial_motor_demo:/home/sebas/mbehu_ws/install/ultrasonico:/home/sebas/mbehu_ws/install/mpu6050_pkg:/home/sebas/mbehu_ws/install/mpu6050:/opt/ros/foxy /usr/bin/cmake --build /home/sebas/mbehu_restored_ws/build/diffdrive_arduino -- -j4 -l4
[20.498s] DEBUG:colcon.colcon_core.task.python.build:While undoing a previous installation files outside the Python library path are being ignored: /home/sebas/mbehu_restored_ws/install/serial_motor_demo/share/ament_index/resource_index/packages/serial_motor_demo
[20.498s] DEBUG:colcon.colcon_core.task.python.build:While undoing a previous installation files outside the Python library path are being ignored: /home/sebas/mbehu_restored_ws/install/serial_motor_demo/share/serial_motor_demo/package.xml
[20.502s] DEBUG:colcon.colcon_core.task.python.build:While undoing a previous installation files outside the Python library path are being ignored: /home/sebas/mbehu_restored_ws/install/serial_motor_demo/lib/serial_motor_demo/driver
[20.503s] DEBUG:colcon.colcon_core.task.python.build:While undoing a previous installation files outside the Python library path are being ignored: /home/sebas/mbehu_restored_ws/install/serial_motor_demo/lib/serial_motor_demo/gui
[20.520s] DEBUG:colcon.colcon_core.event_handler.log_command:Invoking command in '/home/sebas/mbehu_restored_ws/build/serial_motor_demo': PYTHONPATH=/home/sebas/mbehu_restored_ws/build/serial_motor_demo/prefix_override:/home/sebas/mbehu_restored_ws/install/serial_motor_demo/lib/python3.8/site-packages:/home/sebas/mbehu_restored_ws/install/serial_motor_demo_msgs/lib/python3.8/site-packages:/home/sebas/mbehu_restored_ws/install/serial_motor_demo/lib/python3.8/site-packages:/home/sebas/mbehu_ws/build/ultrasonico:/home/sebas/mbehu_ws/install/ultrasonico/lib/python3.8/site-packages:/home/sebas/mbehu_ws/build/mpu6050_pkg:/home/sebas/mbehu_ws/install/mpu6050_pkg/lib/python3.8/site-packages:/home/sebas/mbehu_ws/build/mpu6050:/home/sebas/mbehu_ws/install/mpu6050/lib/python3.8/site-packages:/opt/ros/foxy/lib/python3.8/site-packages /usr/bin/python3 setup.py develop --editable --build-directory /home/sebas/mbehu_restored_ws/build/serial_motor_demo/build --no-deps install_data
[24.748s] Level 1:colcon.colcon_core.shell:create_environment_hook('serial_motor_demo', 'pythonpath_develop')
[24.752s] DEBUG:colcon.colcon_core.event_handler.log_command:Invoked command in '/home/sebas/mbehu_restored_ws/build/serial_motor_demo' returned '0': PYTHONPATH=/home/sebas/mbehu_restored_ws/build/serial_motor_demo/prefix_override:/home/sebas/mbehu_restored_ws/install/serial_motor_demo/lib/python3.8/site-packages:/home/sebas/mbehu_restored_ws/install/serial_motor_demo_msgs/lib/python3.8/site-packages:/home/sebas/mbehu_restored_ws/install/serial_motor_demo/lib/python3.8/site-packages:/home/sebas/mbehu_ws/build/ultrasonico:/home/sebas/mbehu_ws/install/ultrasonico/lib/python3.8/site-packages:/home/sebas/mbehu_ws/build/mpu6050_pkg:/home/sebas/mbehu_ws/install/mpu6050_pkg/lib/python3.8/site-packages:/home/sebas/mbehu_ws/build/mpu6050:/home/sebas/mbehu_ws/install/mpu6050/lib/python3.8/site-packages:/opt/ros/foxy/lib/python3.8/site-packages /usr/bin/python3 setup.py develop --editable --build-directory /home/sebas/mbehu_restored_ws/build/serial_motor_demo/build --no-deps install_data
[24.764s] INFO:colcon.colcon_core.shell:Creating environment hook '/home/sebas/mbehu_restored_ws/build/serial_motor_demo/share/serial_motor_demo/hook/pythonpath_develop.ps1'
[24.768s] INFO:colcon.colcon_core.shell:Creating environment descriptor '/home/sebas/mbehu_restored_ws/build/serial_motor_demo/share/serial_motor_demo/hook/pythonpath_develop.dsv'
[24.773s] INFO:colcon.colcon_core.shell:Creating environment hook '/home/sebas/mbehu_restored_ws/build/serial_motor_demo/share/serial_motor_demo/hook/pythonpath_develop.sh'
[24.793s] Level 1:colcon.colcon_core.environment:checking '/home/sebas/mbehu_restored_ws/install/serial_motor_demo' for CMake module files
[24.797s] Level 1:colcon.colcon_core.environment:checking '/home/sebas/mbehu_restored_ws/install/serial_motor_demo' for CMake config files
[24.802s] Level 1:colcon.colcon_core.environment:checking '/home/sebas/mbehu_restored_ws/install/serial_motor_demo/lib'
[24.803s] Level 1:colcon.colcon_core.environment:checking '/home/sebas/mbehu_restored_ws/install/serial_motor_demo/bin'
[24.804s] Level 1:colcon.colcon_core.environment:checking '/home/sebas/mbehu_restored_ws/install/serial_motor_demo/lib/pkgconfig/serial_motor_demo.pc'
[24.807s] Level 1:colcon.colcon_core.environment:checking '/home/sebas/mbehu_restored_ws/install/serial_motor_demo/lib/python3.8/site-packages'
[24.808s] Level 1:colcon.colcon_core.shell:create_environment_hook('serial_motor_demo', 'pythonpath')
[24.819s] INFO:colcon.colcon_core.shell:Creating environment hook '/home/sebas/mbehu_restored_ws/install/serial_motor_demo/share/serial_motor_demo/hook/pythonpath.ps1'
[24.828s] INFO:colcon.colcon_core.shell:Creating environment descriptor '/home/sebas/mbehu_restored_ws/install/serial_motor_demo/share/serial_motor_demo/hook/pythonpath.dsv'
[24.832s] INFO:colcon.colcon_core.shell:Creating environment hook '/home/sebas/mbehu_restored_ws/install/serial_motor_demo/share/serial_motor_demo/hook/pythonpath.sh'
[24.837s] Level 1:colcon.colcon_core.environment:checking '/home/sebas/mbehu_restored_ws/install/serial_motor_demo/bin'
[24.838s] Level 1:colcon.colcon_core.environment:create_environment_scripts_only(serial_motor_demo)
[24.849s] INFO:colcon.colcon_core.shell:Creating package script '/home/sebas/mbehu_restored_ws/install/serial_motor_demo/share/serial_motor_demo/package.ps1'
[24.854s] INFO:colcon.colcon_core.shell:Creating package descriptor '/home/sebas/mbehu_restored_ws/install/serial_motor_demo/share/serial_motor_demo/package.dsv'
[24.860s] INFO:colcon.colcon_core.shell:Creating package script '/home/sebas/mbehu_restored_ws/install/serial_motor_demo/share/serial_motor_demo/package.sh'
[24.865s] INFO:colcon.colcon_core.shell:Creating package script '/home/sebas/mbehu_restored_ws/install/serial_motor_demo/share/serial_motor_demo/package.bash'
[24.870s] INFO:colcon.colcon_core.shell:Creating package script '/home/sebas/mbehu_restored_ws/install/serial_motor_demo/share/serial_motor_demo/package.zsh'
[24.874s] Level 1:colcon.colcon_core.environment:create_file_with_runtime_dependencies(/home/sebas/mbehu_restored_ws/install/serial_motor_demo/share/colcon-core/packages/serial_motor_demo)
[36.960s] DEBUG:colcon.colcon_core.event_handler.log_command:Invoked command in '/home/sebas/mbehu_restored_ws/build/diffdrive_arduino' returned '0': CMAKE_PREFIX_PATH=/home/sebas/mbehu_restored_ws/install/serial:/home/sebas/mbehu_restored_ws/install/serial_motor_demo_msgs:/home/sebas/mbehu_restored_ws/install/diffdrive_arduino:/home/sebas/mbehu_restored_ws/install/mbehu_bot:/home/sebas/mbehu_restored_ws/install/ldlidar_sl_ros2:/home/sebas/mbehu_ws/install/diffdrive_arduino:/home/sebas/mbehu_ws/install/serial:/home/sebas/mbehu_ws/install/mbehu_bot:/home/sebas/mbehu_ws/install/ldlidar_sl_ros2:/home/sebas/mbehu_ws/install/imu_driver:/home/sebas/mbehu_restored_ws/install/serial_motor_demo:/home/sebas/mbehu_ws/install/ultrasonico:/home/sebas/mbehu_ws/install/mpu6050_pkg:/home/sebas/mbehu_ws/install/mpu6050:/opt/ros/foxy /usr/bin/cmake --build /home/sebas/mbehu_restored_ws/build/diffdrive_arduino -- -j4 -l4
[37.175s] DEBUG:colcon.colcon_core.event_handler.log_command:Invoking command in '/home/sebas/mbehu_restored_ws/build/diffdrive_arduino': CMAKE_PREFIX_PATH=/home/sebas/mbehu_restored_ws/install/serial:/home/sebas/mbehu_restored_ws/install/serial_motor_demo_msgs:/home/sebas/mbehu_restored_ws/install/diffdrive_arduino:/home/sebas/mbehu_restored_ws/install/mbehu_bot:/home/sebas/mbehu_restored_ws/install/ldlidar_sl_ros2:/home/sebas/mbehu_ws/install/diffdrive_arduino:/home/sebas/mbehu_ws/install/serial:/home/sebas/mbehu_ws/install/mbehu_bot:/home/sebas/mbehu_ws/install/ldlidar_sl_ros2:/home/sebas/mbehu_ws/install/imu_driver:/home/sebas/mbehu_restored_ws/install/serial_motor_demo:/home/sebas/mbehu_ws/install/ultrasonico:/home/sebas/mbehu_ws/install/mpu6050_pkg:/home/sebas/mbehu_ws/install/mpu6050:/opt/ros/foxy /usr/bin/cmake --install /home/sebas/mbehu_restored_ws/build/diffdrive_arduino
[37.326s] Level 1:colcon.colcon_core.environment:create_environment_scripts_only(diffdrive_arduino)
[37.338s] Level 1:colcon.colcon_core.environment:checking '/home/sebas/mbehu_restored_ws/install/diffdrive_arduino' for CMake module files
[37.339s] DEBUG:colcon.colcon_core.event_handler.log_command:Invoked command in '/home/sebas/mbehu_restored_ws/build/diffdrive_arduino' returned '0': CMAKE_PREFIX_PATH=/home/sebas/mbehu_restored_ws/install/serial:/home/sebas/mbehu_restored_ws/install/serial_motor_demo_msgs:/home/sebas/mbehu_restored_ws/install/diffdrive_arduino:/home/sebas/mbehu_restored_ws/install/mbehu_bot:/home/sebas/mbehu_restored_ws/install/ldlidar_sl_ros2:/home/sebas/mbehu_ws/install/diffdrive_arduino:/home/sebas/mbehu_ws/install/serial:/home/sebas/mbehu_ws/install/mbehu_bot:/home/sebas/mbehu_ws/install/ldlidar_sl_ros2:/home/sebas/mbehu_ws/install/imu_driver:/home/sebas/mbehu_restored_ws/install/serial_motor_demo:/home/sebas/mbehu_ws/install/ultrasonico:/home/sebas/mbehu_ws/install/mpu6050_pkg:/home/sebas/mbehu_ws/install/mpu6050:/opt/ros/foxy /usr/bin/cmake --install /home/sebas/mbehu_restored_ws/build/diffdrive_arduino
[37.343s] Level 1:colcon.colcon_core.environment:checking '/home/sebas/mbehu_restored_ws/install/diffdrive_arduino' for CMake config files
[37.345s] Level 1:colcon.colcon_core.shell:create_environment_hook('diffdrive_arduino', 'cmake_prefix_path')
[37.352s] INFO:colcon.colcon_core.shell:Creating environment hook '/home/sebas/mbehu_restored_ws/install/diffdrive_arduino/share/diffdrive_arduino/hook/cmake_prefix_path.ps1'
[37.354s] INFO:colcon.colcon_core.shell:Creating environment descriptor '/home/sebas/mbehu_restored_ws/install/diffdrive_arduino/share/diffdrive_arduino/hook/cmake_prefix_path.dsv'
[37.356s] INFO:colcon.colcon_core.shell:Creating environment hook '/home/sebas/mbehu_restored_ws/install/diffdrive_arduino/share/diffdrive_arduino/hook/cmake_prefix_path.sh'
[37.360s] Level 1:colcon.colcon_core.environment:checking '/home/sebas/mbehu_restored_ws/install/diffdrive_arduino/lib'
[37.360s] Level 1:colcon.colcon_core.shell:create_environment_hook('diffdrive_arduino', 'ld_library_path_lib')
[37.367s] INFO:colcon.colcon_core.shell:Creating environment hook '/home/sebas/mbehu_restored_ws/install/diffdrive_arduino/share/diffdrive_arduino/hook/ld_library_path_lib.ps1'
[37.369s] INFO:colcon.colcon_core.shell:Creating environment descriptor '/home/sebas/mbehu_restored_ws/install/diffdrive_arduino/share/diffdrive_arduino/hook/ld_library_path_lib.dsv'
[37.371s] INFO:colcon.colcon_core.shell:Creating environment hook '/home/sebas/mbehu_restored_ws/install/diffdrive_arduino/share/diffdrive_arduino/hook/ld_library_path_lib.sh'
[37.373s] Level 1:colcon.colcon_core.environment:checking '/home/sebas/mbehu_restored_ws/install/diffdrive_arduino/bin'
[37.374s] Level 1:colcon.colcon_core.environment:checking '/home/sebas/mbehu_restored_ws/install/diffdrive_arduino/lib/pkgconfig/diffdrive_arduino.pc'
[37.374s] Level 1:colcon.colcon_core.environment:checking '/home/sebas/mbehu_restored_ws/install/diffdrive_arduino/lib/python3.8/site-packages'
[37.375s] Level 1:colcon.colcon_core.environment:checking '/home/sebas/mbehu_restored_ws/install/diffdrive_arduino/bin'
[37.382s] INFO:colcon.colcon_core.shell:Creating package script '/home/sebas/mbehu_restored_ws/install/diffdrive_arduino/share/diffdrive_arduino/package.ps1'
[37.385s] INFO:colcon.colcon_core.shell:Creating package descriptor '/home/sebas/mbehu_restored_ws/install/diffdrive_arduino/share/diffdrive_arduino/package.dsv'
[37.387s] INFO:colcon.colcon_core.shell:Creating package script '/home/sebas/mbehu_restored_ws/install/diffdrive_arduino/share/diffdrive_arduino/package.sh'
[37.389s] INFO:colcon.colcon_core.shell:Creating package script '/home/sebas/mbehu_restored_ws/install/diffdrive_arduino/share/diffdrive_arduino/package.bash'
[37.392s] INFO:colcon.colcon_core.shell:Creating package script '/home/sebas/mbehu_restored_ws/install/diffdrive_arduino/share/diffdrive_arduino/package.zsh'
[37.394s] Level 1:colcon.colcon_core.environment:create_file_with_runtime_dependencies(/home/sebas/mbehu_restored_ws/install/diffdrive_arduino/share/colcon-core/packages/diffdrive_arduino)
[37.601s] Level 1:colcon.colcon_core.environment:create_environment_scripts_only(diffdrive_arduino)
[37.611s] Level 1:colcon.colcon_core.environment:checking '/home/sebas/mbehu_restored_ws/install/diffdrive_arduino' for CMake module files
[37.616s] Level 1:colcon.colcon_core.environment:checking '/home/sebas/mbehu_restored_ws/install/diffdrive_arduino' for CMake config files
[37.618s] Level 1:colcon.colcon_core.shell:create_environment_hook('diffdrive_arduino', 'cmake_prefix_path')
[37.624s] INFO:colcon.colcon_core.shell:Creating environment hook '/home/sebas/mbehu_restored_ws/install/diffdrive_arduino/share/diffdrive_arduino/hook/cmake_prefix_path.ps1'
[37.626s] INFO:colcon.colcon_core.shell:Creating environment descriptor '/home/sebas/mbehu_restored_ws/install/diffdrive_arduino/share/diffdrive_arduino/hook/cmake_prefix_path.dsv'
[37.628s] INFO:colcon.colcon_core.shell:Creating environment hook '/home/sebas/mbehu_restored_ws/install/diffdrive_arduino/share/diffdrive_arduino/hook/cmake_prefix_path.sh'
[37.631s] Level 1:colcon.colcon_core.environment:checking '/home/sebas/mbehu_restored_ws/install/diffdrive_arduino/lib'
[37.632s] Level 1:colcon.colcon_core.shell:create_environment_hook('diffdrive_arduino', 'ld_library_path_lib')
[37.639s] INFO:colcon.colcon_core.shell:Creating environment hook '/home/sebas/mbehu_restored_ws/install/diffdrive_arduino/share/diffdrive_arduino/hook/ld_library_path_lib.ps1'
[37.641s] INFO:colcon.colcon_core.shell:Creating environment descriptor '/home/sebas/mbehu_restored_ws/install/diffdrive_arduino/share/diffdrive_arduino/hook/ld_library_path_lib.dsv'
[37.643s] INFO:colcon.colcon_core.shell:Creating environment hook '/home/sebas/mbehu_restored_ws/install/diffdrive_arduino/share/diffdrive_arduino/hook/ld_library_path_lib.sh'
[37.645s] Level 1:colcon.colcon_core.environment:checking '/home/sebas/mbehu_restored_ws/install/diffdrive_arduino/bin'
[37.645s] Level 1:colcon.colcon_core.environment:checking '/home/sebas/mbehu_restored_ws/install/diffdrive_arduino/lib/pkgconfig/diffdrive_arduino.pc'
[37.646s] Level 1:colcon.colcon_core.environment:checking '/home/sebas/mbehu_restored_ws/install/diffdrive_arduino/lib/python3.8/site-packages'
[37.647s] Level 1:colcon.colcon_core.environment:checking '/home/sebas/mbehu_restored_ws/install/diffdrive_arduino/bin'
[37.654s] INFO:colcon.colcon_core.shell:Creating package script '/home/sebas/mbehu_restored_ws/install/diffdrive_arduino/share/diffdrive_arduino/package.ps1'
[37.657s] INFO:colcon.colcon_core.shell:Creating package descriptor '/home/sebas/mbehu_restored_ws/install/diffdrive_arduino/share/diffdrive_arduino/package.dsv'
[37.659s] INFO:colcon.colcon_core.shell:Creating package script '/home/sebas/mbehu_restored_ws/install/diffdrive_arduino/share/diffdrive_arduino/package.sh'
[37.662s] INFO:colcon.colcon_core.shell:Creating package script '/home/sebas/mbehu_restored_ws/install/diffdrive_arduino/share/diffdrive_arduino/package.bash'
[37.664s] INFO:colcon.colcon_core.shell:Creating package script '/home/sebas/mbehu_restored_ws/install/diffdrive_arduino/share/diffdrive_arduino/package.zsh'
[37.666s] Level 1:colcon.colcon_core.environment:create_file_with_runtime_dependencies(/home/sebas/mbehu_restored_ws/install/diffdrive_arduino/share/colcon-core/packages/diffdrive_arduino)
[37.668s] DEBUG:colcon.colcon_parallel_executor.executor.parallel:closing loop
[37.669s] DEBUG:colcon.colcon_parallel_executor.executor.parallel:loop closed
[37.670s] DEBUG:colcon.colcon_parallel_executor.executor.parallel:run_until_complete finished with '0'
[37.671s] DEBUG:colcon.colcon_core.event_reactor:joining thread
[37.706s] INFO:colcon.colcon_core.plugin_system:Skipping extension 'colcon_notification.desktop_notification.terminal_notifier': Not used on non-Darwin systems
[37.706s] INFO:colcon.colcon_core.plugin_system:Skipping extension 'colcon_notification.desktop_notification.win32': Not used on non-Windows systems
[37.707s] INFO:colcon.colcon_notification.desktop_notification:Sending desktop notification using 'notify2'
[37.752s] DEBUG:colcon.colcon_notification.desktop_notification.notify2:Failed to initialize notify2: org.freedesktop.DBus.Error.Spawn.ChildExited: Process org.freedesktop.Notifications exited with status 1
[37.753s] DEBUG:colcon.colcon_core.event_reactor:joined thread
[37.760s] INFO:colcon.colcon_core.shell:Creating prefix script '/home/sebas/mbehu_restored_ws/install/local_setup.ps1'
[37.764s] INFO:colcon.colcon_core.shell:Creating prefix util module '/home/sebas/mbehu_restored_ws/install/_local_setup_util_ps1.py'
[37.770s] INFO:colcon.colcon_core.shell:Creating prefix chain script '/home/sebas/mbehu_restored_ws/install/setup.ps1'
[37.781s] INFO:colcon.colcon_core.shell:Creating prefix script '/home/sebas/mbehu_restored_ws/install/local_setup.sh'
[37.784s] INFO:colcon.colcon_core.shell:Creating prefix util module '/home/sebas/mbehu_restored_ws/install/_local_setup_util_sh.py'
[37.787s] INFO:colcon.colcon_core.shell:Creating prefix chain script '/home/sebas/mbehu_restored_ws/install/setup.sh'
[37.800s] INFO:colcon.colcon_core.shell:Creating prefix script '/home/sebas/mbehu_restored_ws/install/local_setup.bash'
[37.802s] INFO:colcon.colcon_core.shell:Creating prefix chain script '/home/sebas/mbehu_restored_ws/install/setup.bash'
[37.813s] INFO:colcon.colcon_core.shell:Creating prefix script '/home/sebas/mbehu_restored_ws/install/local_setup.zsh'
[37.817s] INFO:colcon.colcon_core.shell:Creating prefix chain script '/home/sebas/mbehu_restored_ws/install/setup.zsh'
