[0.321s] Invoking command in '/home/sebas/mbehu_restored_ws/build/serial': CMAKE_PREFIX_PATH=${CMAKE_PREFIX_PATH}:/home/sebas/mbehu_restored_ws/install/serial_motor_demo:/home/sebas/mbehu_ws/install/ultrasonico:/home/sebas/mbehu_ws/install/mpu6050_pkg:/home/sebas/mbehu_ws/install/mpu6050:/opt/ros/foxy /usr/bin/cmake --build /home/sebas/mbehu_restored_ws/build/serial -- -j4 -l4
[1.188s] [ 28%] Built target serial
[1.240s] [ 42%] Built target gtest
[1.263s] [ 57%] Built target gtest_main
[1.548s] [ 71%] Built target serial_example
[1.669s] [ 85%] Built target serial-test
[1.708s] [100%] Built target serial-test-timer
[1.816s] Invoked command in '/home/sebas/mbehu_restored_ws/build/serial' returned '0': CMAKE_PREFIX_PATH=${CMAKE_PREFIX_PATH}:/home/sebas/mbehu_restored_ws/install/serial_motor_demo:/home/sebas/mbehu_ws/install/ultrasonico:/home/sebas/mbehu_ws/install/mpu6050_pkg:/home/sebas/mbehu_ws/install/mpu6050:/opt/ros/foxy /usr/bin/cmake --build /home/sebas/mbehu_restored_ws/build/serial -- -j4 -l4
[2.269s] Invoking command in '/home/sebas/mbehu_restored_ws/build/serial': CMAKE_PREFIX_PATH=${CMAKE_PREFIX_PATH}:/home/sebas/mbehu_restored_ws/install/serial_motor_demo:/home/sebas/mbehu_ws/install/ultrasonico:/home/sebas/mbehu_ws/install/mpu6050_pkg:/home/sebas/mbehu_ws/install/mpu6050:/opt/ros/foxy /usr/bin/cmake --install /home/sebas/mbehu_restored_ws/build/serial
[2.353s] -- Install configuration: ""
[2.356s] -- Execute custom install script
[2.360s] -- Up-to-date symlink: /home/sebas/mbehu_restored_ws/install/serial/lib/libserial.a
[2.366s] -- Up-to-date symlink: /home/sebas/mbehu_restored_ws/install/serial/include/serial/serial.h
[2.369s] -- Up-to-date symlink: /home/sebas/mbehu_restored_ws/install/serial/include/serial/v8stdint.h
[2.374s] -- Up-to-date symlink: /home/sebas/mbehu_restored_ws/install/serial/share/serial/environment/library_path.sh
[2.377s] -- Up-to-date symlink: /home/sebas/mbehu_restored_ws/install/serial/share/serial/environment/library_path.dsv
[2.380s] -- Up-to-date symlink: /home/sebas/mbehu_restored_ws/install/serial/share/ament_index/resource_index/package_run_dependencies/serial
[2.387s] -- Up-to-date symlink: /home/sebas/mbehu_restored_ws/install/serial/share/ament_index/resource_index/parent_prefix_path/serial
[2.391s] -- Up-to-date symlink: /home/sebas/mbehu_restored_ws/install/serial/share/serial/environment/ament_prefix_path.sh
[2.395s] -- Up-to-date symlink: /home/sebas/mbehu_restored_ws/install/serial/share/serial/environment/ament_prefix_path.dsv
[2.400s] -- Up-to-date symlink: /home/sebas/mbehu_restored_ws/install/serial/share/serial/environment/path.sh
[2.402s] -- Up-to-date symlink: /home/sebas/mbehu_restored_ws/install/serial/share/serial/environment/path.dsv
[2.405s] -- Up-to-date symlink: /home/sebas/mbehu_restored_ws/install/serial/share/serial/local_setup.bash
[2.408s] -- Up-to-date symlink: /home/sebas/mbehu_restored_ws/install/serial/share/serial/local_setup.sh
[2.411s] -- Up-to-date symlink: /home/sebas/mbehu_restored_ws/install/serial/share/serial/local_setup.zsh
[2.412s] -- Up-to-date symlink: /home/sebas/mbehu_restored_ws/install/serial/share/serial/local_setup.dsv
[2.414s] -- Symlinking: /home/sebas/mbehu_restored_ws/install/serial/share/serial/package.dsv
[2.493s] -- Up-to-date symlink: /home/sebas/mbehu_restored_ws/install/serial/share/ament_index/resource_index/packages/serial
[2.503s] -- Up-to-date symlink: /home/sebas/mbehu_restored_ws/install/serial/share/serial/cmake/ament_cmake_export_include_directories-extras.cmake
[2.507s] -- Up-to-date symlink: /home/sebas/mbehu_restored_ws/install/serial/share/serial/cmake/ament_cmake_export_libraries-extras.cmake
[2.511s] -- Up-to-date symlink: /home/sebas/mbehu_restored_ws/install/serial/share/serial/cmake/serialConfig.cmake
[2.518s] -- Up-to-date symlink: /home/sebas/mbehu_restored_ws/install/serial/share/serial/cmake/serialConfig-version.cmake
[2.519s] -- Up-to-date symlink: /home/sebas/mbehu_restored_ws/install/serial/share/serial/package.xml
[2.543s] Invoked command in '/home/sebas/mbehu_restored_ws/build/serial' returned '0': CMAKE_PREFIX_PATH=${CMAKE_PREFIX_PATH}:/home/sebas/mbehu_restored_ws/install/serial_motor_demo:/home/sebas/mbehu_ws/install/ultrasonico:/home/sebas/mbehu_ws/install/mpu6050_pkg:/home/sebas/mbehu_ws/install/mpu6050:/opt/ros/foxy /usr/bin/cmake --install /home/sebas/mbehu_restored_ws/build/serial
