[0.412s] Invoking command in '/home/sebas/mbehu_restored_ws/build/ldlidar_sl_ros2': CMAKE_PREFIX_PATH=${CMAKE_PREFIX_PATH}:/home/sebas/mbehu_restored_ws/install/serial_motor_demo:/home/sebas/mbehu_ws/install/ultrasonico:/home/sebas/mbehu_ws/install/mpu6050_pkg:/home/sebas/mbehu_ws/install/mpu6050:/opt/ros/foxy /usr/bin/cmake --build /home/sebas/mbehu_restored_ws/build/ldlidar_sl_ros2 -- -j4 -l4
[2.481s] [100%] Built target ldlidar_sl_ros2_node
[2.696s] Invoked command in '/home/sebas/mbehu_restored_ws/build/ldlidar_sl_ros2' returned '0': CMAKE_PREFIX_PATH=${CMAKE_PREFIX_PATH}:/home/sebas/mbehu_restored_ws/install/serial_motor_demo:/home/sebas/mbehu_ws/install/ultrasonico:/home/sebas/mbehu_ws/install/mpu6050_pkg:/home/sebas/mbehu_ws/install/mpu6050:/opt/ros/foxy /usr/bin/cmake --build /home/sebas/mbehu_restored_ws/build/ldlidar_sl_ros2 -- -j4 -l4
[3.836s] Invoking command in '/home/sebas/mbehu_restored_ws/build/ldlidar_sl_ros2': CMAKE_PREFIX_PATH=${CMAKE_PREFIX_PATH}:/home/sebas/mbehu_restored_ws/install/serial_motor_demo:/home/sebas/mbehu_ws/install/ultrasonico:/home/sebas/mbehu_ws/install/mpu6050_pkg:/home/sebas/mbehu_ws/install/mpu6050:/opt/ros/foxy /usr/bin/cmake --install /home/sebas/mbehu_restored_ws/build/ldlidar_sl_ros2
[3.917s] -- Install configuration: ""
[3.929s] -- Execute custom install script
[3.957s] -- Up-to-date symlink: /home/sebas/mbehu_restored_ws/install/ldlidar_sl_ros2/lib/ldlidar_sl_ros2/ldlidar_sl_ros2_node
[3.963s] -- Up-to-date symlink: /home/sebas/mbehu_restored_ws/install/ldlidar_sl_ros2/share/ldlidar_sl_ros2//launch/ld14.launch.py
[3.974s] -- Up-to-date symlink: /home/sebas/mbehu_restored_ws/install/ldlidar_sl_ros2/share/ldlidar_sl_ros2//launch/viewer_ld14.launch.py
[3.975s] -- Up-to-date symlink: /home/sebas/mbehu_restored_ws/install/ldlidar_sl_ros2/share/ldlidar_sl_ros2//rviz2/ldlidar.rviz
[3.985s] -- Up-to-date symlink: /home/sebas/mbehu_restored_ws/install/ldlidar_sl_ros2/share/ldlidar_sl_ros2//scripts/create_udev_rules.sh
[3.986s] -- Up-to-date symlink: /home/sebas/mbehu_restored_ws/install/ldlidar_sl_ros2/share/ldlidar_sl_ros2//scripts/delete_udev_rules.sh
[3.995s] -- Up-to-date symlink: /home/sebas/mbehu_restored_ws/install/ldlidar_sl_ros2/share/ldlidar_sl_ros2//scripts/ldlidar.rules
[3.996s] -- Up-to-date symlink: /home/sebas/mbehu_restored_ws/install/ldlidar_sl_ros2/share/ament_index/resource_index/package_run_dependencies/ldlidar_sl_ros2
[4.007s] -- Up-to-date symlink: /home/sebas/mbehu_restored_ws/install/ldlidar_sl_ros2/share/ament_index/resource_index/parent_prefix_path/ldlidar_sl_ros2
[4.012s] -- Up-to-date symlink: /home/sebas/mbehu_restored_ws/install/ldlidar_sl_ros2/share/ldlidar_sl_ros2/environment/ament_prefix_path.sh
[4.017s] -- Up-to-date symlink: /home/sebas/mbehu_restored_ws/install/ldlidar_sl_ros2/share/ldlidar_sl_ros2/environment/ament_prefix_path.dsv
[4.027s] -- Up-to-date symlink: /home/sebas/mbehu_restored_ws/install/ldlidar_sl_ros2/share/ldlidar_sl_ros2/environment/path.sh
[4.032s] -- Up-to-date symlink: /home/sebas/mbehu_restored_ws/install/ldlidar_sl_ros2/share/ldlidar_sl_ros2/environment/path.dsv
[4.046s] -- Up-to-date symlink: /home/sebas/mbehu_restored_ws/install/ldlidar_sl_ros2/share/ldlidar_sl_ros2/local_setup.bash
[4.056s] -- Up-to-date symlink: /home/sebas/mbehu_restored_ws/install/ldlidar_sl_ros2/share/ldlidar_sl_ros2/local_setup.sh
[4.064s] -- Up-to-date symlink: /home/sebas/mbehu_restored_ws/install/ldlidar_sl_ros2/share/ldlidar_sl_ros2/local_setup.zsh
[4.067s] -- Up-to-date symlink: /home/sebas/mbehu_restored_ws/install/ldlidar_sl_ros2/share/ldlidar_sl_ros2/local_setup.dsv
[4.071s] -- Symlinking: /home/sebas/mbehu_restored_ws/install/ldlidar_sl_ros2/share/ldlidar_sl_ros2/package.dsv
[4.211s] -- Up-to-date symlink: /home/sebas/mbehu_restored_ws/install/ldlidar_sl_ros2/share/ament_index/resource_index/packages/ldlidar_sl_ros2
[4.225s] -- Up-to-date symlink: /home/sebas/mbehu_restored_ws/install/ldlidar_sl_ros2/share/ldlidar_sl_ros2/cmake/ldlidar_sl_ros2Config.cmake
[4.236s] -- Up-to-date symlink: /home/sebas/mbehu_restored_ws/install/ldlidar_sl_ros2/share/ldlidar_sl_ros2/cmake/ldlidar_sl_ros2Config-version.cmake
[4.252s] -- Up-to-date symlink: /home/sebas/mbehu_restored_ws/install/ldlidar_sl_ros2/share/ldlidar_sl_ros2/package.xml
[4.277s] Invoked command in '/home/sebas/mbehu_restored_ws/build/ldlidar_sl_ros2' returned '0': CMAKE_PREFIX_PATH=${CMAKE_PREFIX_PATH}:/home/sebas/mbehu_restored_ws/install/serial_motor_demo:/home/sebas/mbehu_ws/install/ultrasonico:/home/sebas/mbehu_ws/install/mpu6050_pkg:/home/sebas/mbehu_ws/install/mpu6050:/opt/ros/foxy /usr/bin/cmake --install /home/sebas/mbehu_restored_ws/build/ldlidar_sl_ros2
