[0.293s] Invoking command in '/home/sebas/mbehu_restored_ws/build/serial_motor_demo_msgs': CMAKE_PREFIX_PATH=${CMAKE_PREFIX_PATH}:/home/sebas/mbehu_restored_ws/install/serial_motor_demo:/home/sebas/mbehu_ws/install/ultrasonico:/home/sebas/mbehu_ws/install/mpu6050_pkg:/home/sebas/mbehu_ws/install/mpu6050:/opt/ros/foxy /usr/bin/cmake --build /home/sebas/mbehu_restored_ws/build/serial_motor_demo_msgs -- -j4 -l4
[1.228s] [  2%] Built target serial_motor_demo_msgs__cpp
[1.313s] [ 12%] Built target serial_motor_demo_msgs__rosidl_generator_c
[1.753s] [ 23%] Built target serial_motor_demo_msgs__rosidl_typesupport_cpp
[1.810s] [ 34%] Built target serial_motor_demo_msgs__rosidl_typesupport_introspection_c
[1.903s] [ 44%] Built target serial_motor_demo_msgs__rosidl_typesupport_fastrtps_cpp
[1.912s] [ 55%] Built target serial_motor_demo_msgs__rosidl_typesupport_introspection_cpp
[2.088s] [ 65%] Built target serial_motor_demo_msgs__rosidl_typesupport_c
[2.181s] [ 76%] Built target serial_motor_demo_msgs__rosidl_typesupport_fastrtps_c
[2.373s] [ 76%] Built target serial_motor_demo_msgs
[2.542s] [ 78%] Built target serial_motor_demo_msgs__py
[2.802s] [ 87%] Built target serial_motor_demo_msgs__python
[3.161s] [ 91%] Built target serial_motor_demo_msgs__rosidl_typesupport_fastrtps_c__pyext
[3.188s] [ 95%] Built target serial_motor_demo_msgs__rosidl_typesupport_c__pyext
[3.210s] [100%] Built target serial_motor_demo_msgs__rosidl_typesupport_introspection_c__pyext
[3.277s] Invoked command in '/home/sebas/mbehu_restored_ws/build/serial_motor_demo_msgs' returned '0': CMAKE_PREFIX_PATH=${CMAKE_PREFIX_PATH}:/home/sebas/mbehu_restored_ws/install/serial_motor_demo:/home/sebas/mbehu_ws/install/ultrasonico:/home/sebas/mbehu_ws/install/mpu6050_pkg:/home/sebas/mbehu_ws/install/mpu6050:/opt/ros/foxy /usr/bin/cmake --build /home/sebas/mbehu_restored_ws/build/serial_motor_demo_msgs -- -j4 -l4
[4.121s] Invoking command in '/home/sebas/mbehu_restored_ws/build/serial_motor_demo_msgs': CMAKE_PREFIX_PATH=${CMAKE_PREFIX_PATH}:/home/sebas/mbehu_restored_ws/install/serial_motor_demo:/home/sebas/mbehu_ws/install/ultrasonico:/home/sebas/mbehu_ws/install/mpu6050_pkg:/home/sebas/mbehu_ws/install/mpu6050:/opt/ros/foxy /usr/bin/cmake --install /home/sebas/mbehu_restored_ws/build/serial_motor_demo_msgs
[4.205s] -- Install configuration: ""
[4.209s] -- Execute custom install script
[4.214s] -- Up-to-date symlink: /home/sebas/mbehu_restored_ws/install/serial_motor_demo_msgs/share/ament_index/resource_index/rosidl_interfaces/serial_motor_demo_msgs
[4.231s] -- Up-to-date symlink: /home/sebas/mbehu_restored_ws/install/serial_motor_demo_msgs/include/serial_motor_demo_msgs/msg/detail/encoder_vals__functions.h
[4.233s] -- Up-to-date symlink: /home/sebas/mbehu_restored_ws/install/serial_motor_demo_msgs/include/serial_motor_demo_msgs/msg/detail/encoder_vals__struct.h
[4.244s] -- Up-to-date symlink: /home/sebas/mbehu_restored_ws/install/serial_motor_demo_msgs/include/serial_motor_demo_msgs/msg/detail/encoder_vals__type_support.h
[4.247s] -- Up-to-date symlink: /home/sebas/mbehu_restored_ws/install/serial_motor_demo_msgs/include/serial_motor_demo_msgs/msg/detail/motor_command__functions.h
[4.250s] -- Up-to-date symlink: /home/sebas/mbehu_restored_ws/install/serial_motor_demo_msgs/include/serial_motor_demo_msgs/msg/detail/motor_command__struct.h
[4.252s] -- Up-to-date symlink: /home/sebas/mbehu_restored_ws/install/serial_motor_demo_msgs/include/serial_motor_demo_msgs/msg/detail/motor_command__type_support.h
[4.260s] -- Up-to-date symlink: /home/sebas/mbehu_restored_ws/install/serial_motor_demo_msgs/include/serial_motor_demo_msgs/msg/detail/motor_vels__functions.h
[4.263s] -- Up-to-date symlink: /home/sebas/mbehu_restored_ws/install/serial_motor_demo_msgs/include/serial_motor_demo_msgs/msg/detail/motor_vels__struct.h
[4.266s] -- Up-to-date symlink: /home/sebas/mbehu_restored_ws/install/serial_motor_demo_msgs/include/serial_motor_demo_msgs/msg/detail/motor_vels__type_support.h
[4.275s] -- Up-to-date symlink: /home/sebas/mbehu_restored_ws/install/serial_motor_demo_msgs/include/serial_motor_demo_msgs/msg/encoder_vals.h
[4.282s] -- Up-to-date symlink: /home/sebas/mbehu_restored_ws/install/serial_motor_demo_msgs/include/serial_motor_demo_msgs/msg/motor_command.h
[4.292s] -- Up-to-date symlink: /home/sebas/mbehu_restored_ws/install/serial_motor_demo_msgs/include/serial_motor_demo_msgs/msg/motor_vels.h
[4.294s] -- Up-to-date symlink: /home/sebas/mbehu_restored_ws/install/serial_motor_demo_msgs/include/serial_motor_demo_msgs/msg/rosidl_generator_c__visibility_control.h
[4.307s] -- Up-to-date symlink: /home/sebas/mbehu_restored_ws/install/serial_motor_demo_msgs/share/serial_motor_demo_msgs/environment/library_path.sh
[4.309s] -- Up-to-date symlink: /home/sebas/mbehu_restored_ws/install/serial_motor_demo_msgs/share/serial_motor_demo_msgs/environment/library_path.dsv
[4.324s] -- Up-to-date symlink: /home/sebas/mbehu_restored_ws/install/serial_motor_demo_msgs/include/serial_motor_demo_msgs/msg/detail/encoder_vals__rosidl_typesupport_fastrtps_c.h
[4.327s] -- Up-to-date symlink: /home/sebas/mbehu_restored_ws/install/serial_motor_demo_msgs/include/serial_motor_demo_msgs/msg/detail/motor_command__rosidl_typesupport_fastrtps_c.h
[4.350s] -- Up-to-date symlink: /home/sebas/mbehu_restored_ws/install/serial_motor_demo_msgs/include/serial_motor_demo_msgs/msg/detail/motor_vels__rosidl_typesupport_fastrtps_c.h
[4.355s] -- Up-to-date symlink: /home/sebas/mbehu_restored_ws/install/serial_motor_demo_msgs/include/serial_motor_demo_msgs/msg/rosidl_typesupport_fastrtps_c__visibility_control.h
[4.369s] -- Up-to-date symlink: /home/sebas/mbehu_restored_ws/install/serial_motor_demo_msgs/lib/libserial_motor_demo_msgs__rosidl_typesupport_fastrtps_c.so
[4.391s] -- Up-to-date symlink: /home/sebas/mbehu_restored_ws/install/serial_motor_demo_msgs/include/serial_motor_demo_msgs/msg/detail/encoder_vals__rosidl_typesupport_fastrtps_cpp.hpp
[4.394s] -- Up-to-date symlink: /home/sebas/mbehu_restored_ws/install/serial_motor_demo_msgs/include/serial_motor_demo_msgs/msg/detail/motor_command__rosidl_typesupport_fastrtps_cpp.hpp
[4.396s] -- Up-to-date symlink: /home/sebas/mbehu_restored_ws/install/serial_motor_demo_msgs/include/serial_motor_demo_msgs/msg/detail/motor_vels__rosidl_typesupport_fastrtps_cpp.hpp
[4.406s] -- Up-to-date symlink: /home/sebas/mbehu_restored_ws/install/serial_motor_demo_msgs/include/serial_motor_demo_msgs/msg/rosidl_typesupport_fastrtps_cpp__visibility_control.h
[4.410s] -- Up-to-date symlink: /home/sebas/mbehu_restored_ws/install/serial_motor_demo_msgs/lib/libserial_motor_demo_msgs__rosidl_typesupport_fastrtps_cpp.so
[4.417s] -- Up-to-date symlink: /home/sebas/mbehu_restored_ws/install/serial_motor_demo_msgs/include/serial_motor_demo_msgs/msg/detail/encoder_vals__rosidl_typesupport_introspection_c.h
[4.419s] -- Up-to-date symlink: /home/sebas/mbehu_restored_ws/install/serial_motor_demo_msgs/include/serial_motor_demo_msgs/msg/detail/motor_command__rosidl_typesupport_introspection_c.h
[4.422s] -- Up-to-date symlink: /home/sebas/mbehu_restored_ws/install/serial_motor_demo_msgs/include/serial_motor_demo_msgs/msg/detail/motor_vels__rosidl_typesupport_introspection_c.h
[4.433s] -- Up-to-date symlink: /home/sebas/mbehu_restored_ws/install/serial_motor_demo_msgs/include/serial_motor_demo_msgs/msg/rosidl_typesupport_introspection_c__visibility_control.h
[4.440s] -- Up-to-date symlink: /home/sebas/mbehu_restored_ws/install/serial_motor_demo_msgs/include/serial_motor_demo_msgs/msg/detail/encoder_vals__builder.hpp
[4.444s] -- Up-to-date symlink: /home/sebas/mbehu_restored_ws/install/serial_motor_demo_msgs/include/serial_motor_demo_msgs/msg/detail/encoder_vals__struct.hpp
[4.446s] -- Up-to-date symlink: /home/sebas/mbehu_restored_ws/install/serial_motor_demo_msgs/include/serial_motor_demo_msgs/msg/detail/encoder_vals__traits.hpp
[4.448s] -- Up-to-date symlink: /home/sebas/mbehu_restored_ws/install/serial_motor_demo_msgs/include/serial_motor_demo_msgs/msg/detail/motor_command__builder.hpp
[4.453s] -- Up-to-date symlink: /home/sebas/mbehu_restored_ws/install/serial_motor_demo_msgs/include/serial_motor_demo_msgs/msg/detail/motor_command__struct.hpp
[4.456s] -- Up-to-date symlink: /home/sebas/mbehu_restored_ws/install/serial_motor_demo_msgs/include/serial_motor_demo_msgs/msg/detail/motor_command__traits.hpp
[4.459s] -- Up-to-date symlink: /home/sebas/mbehu_restored_ws/install/serial_motor_demo_msgs/include/serial_motor_demo_msgs/msg/detail/motor_vels__builder.hpp
[4.461s] -- Up-to-date symlink: /home/sebas/mbehu_restored_ws/install/serial_motor_demo_msgs/include/serial_motor_demo_msgs/msg/detail/motor_vels__struct.hpp
[4.477s] -- Up-to-date symlink: /home/sebas/mbehu_restored_ws/install/serial_motor_demo_msgs/include/serial_motor_demo_msgs/msg/detail/motor_vels__traits.hpp
[4.478s] -- Up-to-date symlink: /home/sebas/mbehu_restored_ws/install/serial_motor_demo_msgs/include/serial_motor_demo_msgs/msg/encoder_vals.hpp
[4.478s] -- Up-to-date symlink: /home/sebas/mbehu_restored_ws/install/serial_motor_demo_msgs/include/serial_motor_demo_msgs/msg/motor_command.hpp
[4.479s] -- Up-to-date symlink: /home/sebas/mbehu_restored_ws/install/serial_motor_demo_msgs/include/serial_motor_demo_msgs/msg/motor_vels.hpp
[4.494s] -- Up-to-date symlink: /home/sebas/mbehu_restored_ws/install/serial_motor_demo_msgs/include/serial_motor_demo_msgs/msg/detail/encoder_vals__rosidl_typesupport_introspection_cpp.hpp
[4.496s] -- Up-to-date symlink: /home/sebas/mbehu_restored_ws/install/serial_motor_demo_msgs/include/serial_motor_demo_msgs/msg/detail/motor_command__rosidl_typesupport_introspection_cpp.hpp
[4.499s] -- Up-to-date symlink: /home/sebas/mbehu_restored_ws/install/serial_motor_demo_msgs/include/serial_motor_demo_msgs/msg/detail/motor_vels__rosidl_typesupport_introspection_cpp.hpp
[4.502s] -- Up-to-date symlink: /home/sebas/mbehu_restored_ws/install/serial_motor_demo_msgs/share/serial_motor_demo_msgs/environment/pythonpath.sh
[4.510s] -- Up-to-date symlink: /home/sebas/mbehu_restored_ws/install/serial_motor_demo_msgs/share/serial_motor_demo_msgs/environment/pythonpath.dsv
[4.516s] -- Up-to-date symlink: /home/sebas/mbehu_restored_ws/install/serial_motor_demo_msgs/lib/python3.8/site-packages/serial_motor_demo_msgs/__init__.py
[4.522s] -- Up-to-date symlink: /home/sebas/mbehu_restored_ws/install/serial_motor_demo_msgs/lib/python3.8/site-packages/serial_motor_demo_msgs/msg/__init__.py
[4.526s] -- Up-to-date symlink: /home/sebas/mbehu_restored_ws/install/serial_motor_demo_msgs/lib/python3.8/site-packages/serial_motor_demo_msgs/msg/_encoder_vals.py
[4.537s] -- Up-to-date symlink: /home/sebas/mbehu_restored_ws/install/serial_motor_demo_msgs/lib/python3.8/site-packages/serial_motor_demo_msgs/msg/_motor_command.py
[4.540s] -- Up-to-date symlink: /home/sebas/mbehu_restored_ws/install/serial_motor_demo_msgs/lib/python3.8/site-packages/serial_motor_demo_msgs/msg/_motor_vels.py
[4.546s] -- Up-to-date symlink: /home/sebas/mbehu_restored_ws/install/serial_motor_demo_msgs/lib/python3.8/site-packages/serial_motor_demo_msgs/serial_motor_demo_msgs_s__rosidl_typesupport_fastrtps_c.cpython-38-aarch64-linux-gnu.so
[4.563s] -- Up-to-date symlink: /home/sebas/mbehu_restored_ws/install/serial_motor_demo_msgs/lib/python3.8/site-packages/serial_motor_demo_msgs/serial_motor_demo_msgs_s__rosidl_typesupport_introspection_c.cpython-38-aarch64-linux-gnu.so
[4.572s] -- Up-to-date symlink: /home/sebas/mbehu_restored_ws/install/serial_motor_demo_msgs/lib/python3.8/site-packages/serial_motor_demo_msgs/serial_motor_demo_msgs_s__rosidl_typesupport_c.cpython-38-aarch64-linux-gnu.so
[4.578s] -- Up-to-date symlink: /home/sebas/mbehu_restored_ws/install/serial_motor_demo_msgs/lib/libserial_motor_demo_msgs__python.so
[4.585s] -- Up-to-date symlink: /home/sebas/mbehu_restored_ws/install/serial_motor_demo_msgs/share/serial_motor_demo_msgs/msg/MotorCommand.idl
[4.591s] -- Up-to-date symlink: /home/sebas/mbehu_restored_ws/install/serial_motor_demo_msgs/share/serial_motor_demo_msgs/msg/MotorVels.idl
[4.601s] -- Up-to-date symlink: /home/sebas/mbehu_restored_ws/install/serial_motor_demo_msgs/share/serial_motor_demo_msgs/msg/EncoderVals.idl
[4.612s] -- Up-to-date symlink: /home/sebas/mbehu_restored_ws/install/serial_motor_demo_msgs/share/serial_motor_demo_msgs/msg/MotorCommand.msg
[4.620s] -- Up-to-date symlink: /home/sebas/mbehu_restored_ws/install/serial_motor_demo_msgs/share/serial_motor_demo_msgs/msg/MotorVels.msg
[4.624s] -- Up-to-date symlink: /home/sebas/mbehu_restored_ws/install/serial_motor_demo_msgs/share/serial_motor_demo_msgs/msg/EncoderVals.msg
[4.625s] -- Up-to-date symlink: /home/sebas/mbehu_restored_ws/install/serial_motor_demo_msgs/share/ament_index/resource_index/package_run_dependencies/serial_motor_demo_msgs
[4.640s] -- Up-to-date symlink: /home/sebas/mbehu_restored_ws/install/serial_motor_demo_msgs/share/ament_index/resource_index/parent_prefix_path/serial_motor_demo_msgs
[4.648s] -- Up-to-date symlink: /home/sebas/mbehu_restored_ws/install/serial_motor_demo_msgs/share/serial_motor_demo_msgs/environment/ament_prefix_path.sh
[4.651s] -- Up-to-date symlink: /home/sebas/mbehu_restored_ws/install/serial_motor_demo_msgs/share/serial_motor_demo_msgs/environment/ament_prefix_path.dsv
[4.653s] -- Up-to-date symlink: /home/sebas/mbehu_restored_ws/install/serial_motor_demo_msgs/share/serial_motor_demo_msgs/environment/path.sh
[4.657s] -- Up-to-date symlink: /home/sebas/mbehu_restored_ws/install/serial_motor_demo_msgs/share/serial_motor_demo_msgs/environment/path.dsv
[4.676s] -- Up-to-date symlink: /home/sebas/mbehu_restored_ws/install/serial_motor_demo_msgs/share/serial_motor_demo_msgs/local_setup.bash
[4.688s] -- Up-to-date symlink: /home/sebas/mbehu_restored_ws/install/serial_motor_demo_msgs/share/serial_motor_demo_msgs/local_setup.sh
[4.688s] -- Up-to-date symlink: /home/sebas/mbehu_restored_ws/install/serial_motor_demo_msgs/share/serial_motor_demo_msgs/local_setup.zsh
[4.689s] -- Up-to-date symlink: /home/sebas/mbehu_restored_ws/install/serial_motor_demo_msgs/share/serial_motor_demo_msgs/local_setup.dsv
[4.689s] -- Symlinking: /home/sebas/mbehu_restored_ws/install/serial_motor_demo_msgs/share/serial_motor_demo_msgs/package.dsv
[4.791s] -- Up-to-date symlink: /home/sebas/mbehu_restored_ws/install/serial_motor_demo_msgs/share/ament_index/resource_index/packages/serial_motor_demo_msgs
[4.799s] -- Up-to-date symlink: /home/sebas/mbehu_restored_ws/install/serial_motor_demo_msgs/share/serial_motor_demo_msgs/cmake/rosidl_cmake-extras.cmake
[4.801s] -- Up-to-date symlink: /home/sebas/mbehu_restored_ws/install/serial_motor_demo_msgs/share/serial_motor_demo_msgs/cmake/ament_cmake_export_dependencies-extras.cmake
[4.804s] -- Up-to-date symlink: /home/sebas/mbehu_restored_ws/install/serial_motor_demo_msgs/share/serial_motor_demo_msgs/cmake/ament_cmake_export_libraries-extras.cmake
[4.809s] -- Up-to-date symlink: /home/sebas/mbehu_restored_ws/install/serial_motor_demo_msgs/share/serial_motor_demo_msgs/cmake/ament_cmake_export_targets-extras.cmake
[4.821s] -- Up-to-date symlink: /home/sebas/mbehu_restored_ws/install/serial_motor_demo_msgs/share/serial_motor_demo_msgs/cmake/ament_cmake_export_include_directories-extras.cmake
[4.822s] -- Up-to-date symlink: /home/sebas/mbehu_restored_ws/install/serial_motor_demo_msgs/share/serial_motor_demo_msgs/cmake/rosidl_cmake_export_typesupport_libraries-extras.cmake
[4.828s] -- Up-to-date symlink: /home/sebas/mbehu_restored_ws/install/serial_motor_demo_msgs/share/serial_motor_demo_msgs/cmake/rosidl_cmake_export_typesupport_targets-extras.cmake
[4.833s] -- Up-to-date symlink: /home/sebas/mbehu_restored_ws/install/serial_motor_demo_msgs/share/serial_motor_demo_msgs/cmake/serial_motor_demo_msgsConfig.cmake
[4.835s] -- Up-to-date symlink: /home/sebas/mbehu_restored_ws/install/serial_motor_demo_msgs/share/serial_motor_demo_msgs/cmake/serial_motor_demo_msgsConfig-version.cmake
[4.838s] -- Up-to-date symlink: /home/sebas/mbehu_restored_ws/install/serial_motor_demo_msgs/share/serial_motor_demo_msgs/package.xml
[4.861s] -- Up-to-date: /home/sebas/mbehu_restored_ws/install/serial_motor_demo_msgs/lib/libserial_motor_demo_msgs__rosidl_generator_c.so
[4.862s] -- Up-to-date: /home/sebas/mbehu_restored_ws/install/serial_motor_demo_msgs/lib/libserial_motor_demo_msgs__rosidl_typesupport_introspection_c.so
[4.865s] -- Up-to-date: /home/sebas/mbehu_restored_ws/install/serial_motor_demo_msgs/lib/libserial_motor_demo_msgs__rosidl_typesupport_c.so
[4.873s] -- Up-to-date: /home/sebas/mbehu_restored_ws/install/serial_motor_demo_msgs/lib/libserial_motor_demo_msgs__rosidl_typesupport_introspection_cpp.so
[4.884s] -- Up-to-date: /home/sebas/mbehu_restored_ws/install/serial_motor_demo_msgs/lib/libserial_motor_demo_msgs__rosidl_typesupport_cpp.so
[5.246s] -- Up-to-date: /home/sebas/mbehu_restored_ws/install/serial_motor_demo_msgs/share/serial_motor_demo_msgs/cmake/serial_motor_demo_msgs__rosidl_generator_cExport.cmake
[5.249s] -- Up-to-date: /home/sebas/mbehu_restored_ws/install/serial_motor_demo_msgs/share/serial_motor_demo_msgs/cmake/serial_motor_demo_msgs__rosidl_generator_cExport-noconfig.cmake
[5.250s] -- Up-to-date: /home/sebas/mbehu_restored_ws/install/serial_motor_demo_msgs/share/serial_motor_demo_msgs/cmake/serial_motor_demo_msgs__rosidl_typesupport_introspection_cExport.cmake
[5.253s] -- Up-to-date: /home/sebas/mbehu_restored_ws/install/serial_motor_demo_msgs/share/serial_motor_demo_msgs/cmake/serial_motor_demo_msgs__rosidl_typesupport_introspection_cExport-noconfig.cmake
[5.257s] -- Up-to-date: /home/sebas/mbehu_restored_ws/install/serial_motor_demo_msgs/share/serial_motor_demo_msgs/cmake/serial_motor_demo_msgs__rosidl_typesupport_cExport.cmake
[5.259s] -- Up-to-date: /home/sebas/mbehu_restored_ws/install/serial_motor_demo_msgs/share/serial_motor_demo_msgs/cmake/serial_motor_demo_msgs__rosidl_typesupport_cExport-noconfig.cmake
[5.260s] -- Up-to-date: /home/sebas/mbehu_restored_ws/install/serial_motor_demo_msgs/share/serial_motor_demo_msgs/cmake/serial_motor_demo_msgs__rosidl_generator_cppExport.cmake
[5.264s] -- Up-to-date: /home/sebas/mbehu_restored_ws/install/serial_motor_demo_msgs/share/serial_motor_demo_msgs/cmake/serial_motor_demo_msgs__rosidl_typesupport_introspection_cppExport.cmake
[5.265s] -- Up-to-date: /home/sebas/mbehu_restored_ws/install/serial_motor_demo_msgs/share/serial_motor_demo_msgs/cmake/serial_motor_demo_msgs__rosidl_typesupport_introspection_cppExport-noconfig.cmake
[5.273s] -- Up-to-date: /home/sebas/mbehu_restored_ws/install/serial_motor_demo_msgs/share/serial_motor_demo_msgs/cmake/serial_motor_demo_msgs__rosidl_typesupport_cppExport.cmake
[5.274s] -- Up-to-date: /home/sebas/mbehu_restored_ws/install/serial_motor_demo_msgs/share/serial_motor_demo_msgs/cmake/serial_motor_demo_msgs__rosidl_typesupport_cppExport-noconfig.cmake
[5.298s] Invoked command in '/home/sebas/mbehu_restored_ws/build/serial_motor_demo_msgs' returned '0': CMAKE_PREFIX_PATH=${CMAKE_PREFIX_PATH}:/home/sebas/mbehu_restored_ws/install/serial_motor_demo:/home/sebas/mbehu_ws/install/ultrasonico:/home/sebas/mbehu_ws/install/mpu6050_pkg:/home/sebas/mbehu_ws/install/mpu6050:/opt/ros/foxy /usr/bin/cmake --install /home/sebas/mbehu_restored_ws/build/serial_motor_demo_msgs
