[0.176s] Invoking command in '/home/sebas/mbehu_restored_ws/build/mbehu_bot': CMAKE_PREFIX_PATH=${CMAKE_PREFIX_PATH}:/home/sebas/mbehu_restored_ws/install/serial_motor_demo:/home/sebas/mbehu_ws/install/ultrasonico:/home/sebas/mbehu_ws/install/mpu6050_pkg:/home/sebas/mbehu_ws/install/mpu6050:/opt/ros/foxy /usr/bin/cmake --build /home/sebas/mbehu_restored_ws/build/mbehu_bot -- -j4 -l4
[0.495s] Invoked command in '/home/sebas/mbehu_restored_ws/build/mbehu_bot' returned '0': CMAKE_PREFIX_PATH=${CMAKE_PREFIX_PATH}:/home/sebas/mbehu_restored_ws/install/serial_motor_demo:/home/sebas/mbehu_ws/install/ultrasonico:/home/sebas/mbehu_ws/install/mpu6050_pkg:/home/sebas/mbehu_ws/install/mpu6050:/opt/ros/foxy /usr/bin/cmake --build /home/sebas/mbehu_restored_ws/build/mbehu_bot -- -j4 -l4
[1.059s] Invoking command in '/home/sebas/mbehu_restored_ws/build/mbehu_bot': CMAKE_PREFIX_PATH=${CMAKE_PREFIX_PATH}:/home/sebas/mbehu_restored_ws/install/serial_motor_demo:/home/sebas/mbehu_ws/install/ultrasonico:/home/sebas/mbehu_ws/install/mpu6050_pkg:/home/sebas/mbehu_ws/install/mpu6050:/opt/ros/foxy /usr/bin/cmake --install /home/sebas/mbehu_restored_ws/build/mbehu_bot
[1.162s] -- Install configuration: ""
[1.170s] -- Execute custom install script
[1.171s] -- Up-to-date symlink: /home/sebas/mbehu_restored_ws/install/mbehu_bot/share/mbehu_bot/config/drive_mbehu.rviz
[1.172s] -- Up-to-date symlink: /home/sebas/mbehu_restored_ws/install/mbehu_bot/share/mbehu_bot/config/empty.yaml
[1.175s] -- Up-to-date symlink: /home/sebas/mbehu_restored_ws/install/mbehu_bot/share/mbehu_bot/config/gaz_ros2_ctl_use_sim.yaml
[1.178s] -- Up-to-date symlink: /home/sebas/mbehu_restored_ws/install/mbehu_bot/share/mbehu_bot/config/gazebo_params.yaml
[1.180s] -- Up-to-date symlink: /home/sebas/mbehu_restored_ws/install/mbehu_bot/share/mbehu_bot/config/joystick.yaml
[1.183s] -- Up-to-date symlink: /home/sebas/mbehu_restored_ws/install/mbehu_bot/share/mbehu_bot/config/mapper_params_online_async.yaml
[1.185s] -- Up-to-date symlink: /home/sebas/mbehu_restored_ws/install/mbehu_bot/share/mbehu_bot/config/my_controllers.yaml
[1.188s] -- Up-to-date symlink: /home/sebas/mbehu_restored_ws/install/mbehu_bot/share/mbehu_bot/config/nav2_params.yaml
[1.193s] -- Up-to-date symlink: /home/sebas/mbehu_restored_ws/install/mbehu_bot/share/mbehu_bot/config/twist_mux.yaml
[1.194s] -- Up-to-date symlink: /home/sebas/mbehu_restored_ws/install/mbehu_bot/share/mbehu_bot/description/gazebo_control.xacro
[1.195s] -- Up-to-date symlink: /home/sebas/mbehu_restored_ws/install/mbehu_bot/share/mbehu_bot/description/inertial_macros.xacro
[1.196s] -- Up-to-date symlink: /home/sebas/mbehu_restored_ws/install/mbehu_bot/share/mbehu_bot/description/lidar.xacro
[1.197s] -- Up-to-date symlink: /home/sebas/mbehu_restored_ws/install/mbehu_bot/share/mbehu_bot/description/robot.urdf.xacro
[1.198s] -- Up-to-date symlink: /home/sebas/mbehu_restored_ws/install/mbehu_bot/share/mbehu_bot/description/robot_core.xacro
[1.200s] -- Up-to-date symlink: /home/sebas/mbehu_restored_ws/install/mbehu_bot/share/mbehu_bot/description/ros2_control.xacro
[1.202s] -- Up-to-date symlink: /home/sebas/mbehu_restored_ws/install/mbehu_bot/share/mbehu_bot/launch/joystick.launch.py
[1.204s] -- Up-to-date symlink: /home/sebas/mbehu_restored_ws/install/mbehu_bot/share/mbehu_bot/launch/launch_robot.launch.py
[1.205s] -- Up-to-date symlink: /home/sebas/mbehu_restored_ws/install/mbehu_bot/share/mbehu_bot/launch/launch_sim.launch.py
[1.206s] -- Up-to-date symlink: /home/sebas/mbehu_restored_ws/install/mbehu_bot/share/mbehu_bot/launch/localization_launch.py
[1.209s] -- Up-to-date symlink: /home/sebas/mbehu_restored_ws/install/mbehu_bot/share/mbehu_bot/launch/navigation_launch.py
[1.210s] -- Up-to-date symlink: /home/sebas/mbehu_restored_ws/install/mbehu_bot/share/mbehu_bot/launch/rsp.launch.py
[1.212s] -- Up-to-date symlink: /home/sebas/mbehu_restored_ws/install/mbehu_bot/share/mbehu_bot/worlds/empty.world
[1.214s] -- Up-to-date symlink: /home/sebas/mbehu_restored_ws/install/mbehu_bot/share/mbehu_bot/worlds/world1.world
[1.216s] -- Up-to-date symlink: /home/sebas/mbehu_restored_ws/install/mbehu_bot/share/ament_index/resource_index/package_run_dependencies/mbehu_bot
[1.219s] -- Up-to-date symlink: /home/sebas/mbehu_restored_ws/install/mbehu_bot/share/ament_index/resource_index/parent_prefix_path/mbehu_bot
[1.221s] -- Up-to-date symlink: /home/sebas/mbehu_restored_ws/install/mbehu_bot/share/mbehu_bot/environment/ament_prefix_path.sh
[1.222s] -- Up-to-date symlink: /home/sebas/mbehu_restored_ws/install/mbehu_bot/share/mbehu_bot/environment/ament_prefix_path.dsv
[1.224s] -- Up-to-date symlink: /home/sebas/mbehu_restored_ws/install/mbehu_bot/share/mbehu_bot/environment/path.sh
[1.226s] -- Up-to-date symlink: /home/sebas/mbehu_restored_ws/install/mbehu_bot/share/mbehu_bot/environment/path.dsv
[1.228s] -- Up-to-date symlink: /home/sebas/mbehu_restored_ws/install/mbehu_bot/share/mbehu_bot/local_setup.bash
[1.230s] -- Up-to-date symlink: /home/sebas/mbehu_restored_ws/install/mbehu_bot/share/mbehu_bot/local_setup.sh
[1.232s] -- Up-to-date symlink: /home/sebas/mbehu_restored_ws/install/mbehu_bot/share/mbehu_bot/local_setup.zsh
[1.234s] -- Up-to-date symlink: /home/sebas/mbehu_restored_ws/install/mbehu_bot/share/mbehu_bot/local_setup.dsv
[1.235s] -- Symlinking: /home/sebas/mbehu_restored_ws/install/mbehu_bot/share/mbehu_bot/package.dsv
[1.339s] -- Up-to-date symlink: /home/sebas/mbehu_restored_ws/install/mbehu_bot/share/ament_index/resource_index/packages/mbehu_bot
[1.341s] -- Up-to-date symlink: /home/sebas/mbehu_restored_ws/install/mbehu_bot/share/mbehu_bot/cmake/mbehu_botConfig.cmake
[1.342s] -- Up-to-date symlink: /home/sebas/mbehu_restored_ws/install/mbehu_bot/share/mbehu_bot/cmake/mbehu_botConfig-version.cmake
[1.344s] -- Up-to-date symlink: /home/sebas/mbehu_restored_ws/install/mbehu_bot/share/mbehu_bot/package.xml
[1.355s] Invoked command in '/home/sebas/mbehu_restored_ws/build/mbehu_bot' returned '0': CMAKE_PREFIX_PATH=${CMAKE_PREFIX_PATH}:/home/sebas/mbehu_restored_ws/install/serial_motor_demo:/home/sebas/mbehu_ws/install/ultrasonico:/home/sebas/mbehu_ws/install/mpu6050_pkg:/home/sebas/mbehu_ws/install/mpu6050:/opt/ros/foxy /usr/bin/cmake --install /home/sebas/mbehu_restored_ws/build/mbehu_bot
