[0.237s] Invoking command in '/home/sebas/mbehu_restored_ws/build/explore_lite': CMAKE_PREFIX_PATH=${CMAKE_PREFIX_PATH}:/home/sebas/mbehu_restored_ws/install/serial_motor_demo:/home/sebas/mbehu_ws/install/ultrasonico:/home/sebas/mbehu_ws/install/mpu6050_pkg:/home/sebas/mbehu_ws/install/mpu6050:/opt/ros/foxy /usr/bin/cmake --build /home/sebas/mbehu_restored_ws/build/explore_lite -- -j4 -l4
[1.026s] [ 20%] Built target gtest
[1.709s] [ 60%] Built target explore
[1.903s] [ 80%] Built target gtest_main
[2.169s] [100%] Built target test_explore
[2.246s] Invoked command in '/home/sebas/mbehu_restored_ws/build/explore_lite' returned '0': CMAKE_PREFIX_PATH=${CMAKE_PREFIX_PATH}:/home/sebas/mbehu_restored_ws/install/serial_motor_demo:/home/sebas/mbehu_ws/install/ultrasonico:/home/sebas/mbehu_ws/install/mpu6050_pkg:/home/sebas/mbehu_ws/install/mpu6050:/opt/ros/foxy /usr/bin/cmake --build /home/sebas/mbehu_restored_ws/build/explore_lite -- -j4 -l4
[2.599s] Invoking command in '/home/sebas/mbehu_restored_ws/build/explore_lite': CMAKE_PREFIX_PATH=${CMAKE_PREFIX_PATH}:/home/sebas/mbehu_restored_ws/install/serial_motor_demo:/home/sebas/mbehu_ws/install/ultrasonico:/home/sebas/mbehu_ws/install/mpu6050_pkg:/home/sebas/mbehu_ws/install/mpu6050:/opt/ros/foxy /usr/bin/cmake --install /home/sebas/mbehu_restored_ws/build/explore_lite
[2.709s] -- Install configuration: ""
[2.715s] -- Execute custom install script
[2.719s] -- Up-to-date symlink: /home/sebas/mbehu_restored_ws/install/explore_lite/include/explore//costmap_client.h
[2.731s] -- Up-to-date symlink: /home/sebas/mbehu_restored_ws/install/explore_lite/include/explore//costmap_tools.h
[2.742s] -- Up-to-date symlink: /home/sebas/mbehu_restored_ws/install/explore_lite/include/explore//explore.h
[2.744s] -- Up-to-date symlink: /home/sebas/mbehu_restored_ws/install/explore_lite/include/explore//frontier_search.h
[2.744s] -- Up-to-date symlink: /home/sebas/mbehu_restored_ws/install/explore_lite/share/explore_lite/config/params.yaml
[2.745s] -- Up-to-date symlink: /home/sebas/mbehu_restored_ws/install/explore_lite/share/explore_lite/config/params_costmap.yaml
[2.746s] -- Up-to-date symlink: /home/sebas/mbehu_restored_ws/install/explore_lite/share/explore_lite/launch/explore.launch.py
[2.749s] -- Up-to-date symlink: /home/sebas/mbehu_restored_ws/install/explore_lite/lib/explore_lite/explore
[2.752s] -- Up-to-date symlink: /home/sebas/mbehu_restored_ws/install/explore_lite/share/ament_index/resource_index/package_run_dependencies/explore_lite
[2.761s] -- Up-to-date symlink: /home/sebas/mbehu_restored_ws/install/explore_lite/share/ament_index/resource_index/parent_prefix_path/explore_lite
[2.767s] -- Up-to-date symlink: /home/sebas/mbehu_restored_ws/install/explore_lite/share/explore_lite/environment/ament_prefix_path.sh
[2.778s] -- Up-to-date symlink: /home/sebas/mbehu_restored_ws/install/explore_lite/share/explore_lite/environment/ament_prefix_path.dsv
[2.793s] -- Up-to-date symlink: /home/sebas/mbehu_restored_ws/install/explore_lite/share/explore_lite/environment/path.sh
[2.794s] -- Up-to-date symlink: /home/sebas/mbehu_restored_ws/install/explore_lite/share/explore_lite/environment/path.dsv
[2.795s] -- Up-to-date symlink: /home/sebas/mbehu_restored_ws/install/explore_lite/share/explore_lite/local_setup.bash
[2.803s] -- Up-to-date symlink: /home/sebas/mbehu_restored_ws/install/explore_lite/share/explore_lite/local_setup.sh
[2.804s] -- Up-to-date symlink: /home/sebas/mbehu_restored_ws/install/explore_lite/share/explore_lite/local_setup.zsh
[2.807s] -- Up-to-date symlink: /home/sebas/mbehu_restored_ws/install/explore_lite/share/explore_lite/local_setup.dsv
[2.809s] -- Symlinking: /home/sebas/mbehu_restored_ws/install/explore_lite/share/explore_lite/package.dsv
[2.876s] -- Up-to-date symlink: /home/sebas/mbehu_restored_ws/install/explore_lite/share/ament_index/resource_index/packages/explore_lite
[2.879s] -- Up-to-date symlink: /home/sebas/mbehu_restored_ws/install/explore_lite/share/explore_lite/cmake/ament_cmake_export_include_directories-extras.cmake
[2.890s] -- Up-to-date symlink: /home/sebas/mbehu_restored_ws/install/explore_lite/share/explore_lite/cmake/explore_liteConfig.cmake
[2.892s] -- Up-to-date symlink: /home/sebas/mbehu_restored_ws/install/explore_lite/share/explore_lite/cmake/explore_liteConfig-version.cmake
[2.902s] -- Up-to-date symlink: /home/sebas/mbehu_restored_ws/install/explore_lite/share/explore_lite/package.xml
[2.981s] Invoked command in '/home/sebas/mbehu_restored_ws/build/explore_lite' returned '0': CMAKE_PREFIX_PATH=${CMAKE_PREFIX_PATH}:/home/sebas/mbehu_restored_ws/install/serial_motor_demo:/home/sebas/mbehu_ws/install/ultrasonico:/home/sebas/mbehu_ws/install/mpu6050_pkg:/home/sebas/mbehu_ws/install/mpu6050:/opt/ros/foxy /usr/bin/cmake --install /home/sebas/mbehu_restored_ws/build/explore_lite
