[0.241s] Invoking command in '/home/sebas/mbehu_restored_ws/build/diffdrive_arduino': CMAKE_PREFIX_PATH=/home/sebas/mbehu_restored_ws/install/serial:/home/sebas/mbehu_restored_ws/install/diffdrive_arduino:/home/sebas/mbehu_restored_ws/install/mbehu_bot:/home/sebas/mbehu_restored_ws/install/ldlidar_sl_ros2:/home/sebas/mbehu_ws/install/diffdrive_arduino:/home/sebas/mbehu_ws/install/serial:/home/sebas/mbehu_ws/install/mbehu_bot:/home/sebas/mbehu_ws/install/ldlidar_sl_ros2:/home/sebas/mbehu_ws/install/imu_driver:/home/sebas/mbehu_ws/install/ultrasonico:/home/sebas/mbehu_ws/install/mpu6050_pkg:/home/sebas/mbehu_ws/install/mpu6050:/opt/ros/foxy /usr/bin/cmake --build /home/sebas/mbehu_restored_ws/build/diffdrive_arduino -- -j4 -l4
[1.027s] [ 42%] Built target fake_robot
[1.063s] [100%] Built target diffdrive_arduino
[1.174s] Invoked command in '/home/sebas/mbehu_restored_ws/build/diffdrive_arduino' returned '0': CMAKE_PREFIX_PATH=/home/sebas/mbehu_restored_ws/install/serial:/home/sebas/mbehu_restored_ws/install/diffdrive_arduino:/home/sebas/mbehu_restored_ws/install/mbehu_bot:/home/sebas/mbehu_restored_ws/install/ldlidar_sl_ros2:/home/sebas/mbehu_ws/install/diffdrive_arduino:/home/sebas/mbehu_ws/install/serial:/home/sebas/mbehu_ws/install/mbehu_bot:/home/sebas/mbehu_ws/install/ldlidar_sl_ros2:/home/sebas/mbehu_ws/install/imu_driver:/home/sebas/mbehu_ws/install/ultrasonico:/home/sebas/mbehu_ws/install/mpu6050_pkg:/home/sebas/mbehu_ws/install/mpu6050:/opt/ros/foxy /usr/bin/cmake --build /home/sebas/mbehu_restored_ws/build/diffdrive_arduino -- -j4 -l4
[1.609s] Invoking command in '/home/sebas/mbehu_restored_ws/build/diffdrive_arduino': CMAKE_PREFIX_PATH=/home/sebas/mbehu_restored_ws/install/serial:/home/sebas/mbehu_restored_ws/install/diffdrive_arduino:/home/sebas/mbehu_restored_ws/install/mbehu_bot:/home/sebas/mbehu_restored_ws/install/ldlidar_sl_ros2:/home/sebas/mbehu_ws/install/diffdrive_arduino:/home/sebas/mbehu_ws/install/serial:/home/sebas/mbehu_ws/install/mbehu_bot:/home/sebas/mbehu_ws/install/ldlidar_sl_ros2:/home/sebas/mbehu_ws/install/imu_driver:/home/sebas/mbehu_ws/install/ultrasonico:/home/sebas/mbehu_ws/install/mpu6050_pkg:/home/sebas/mbehu_ws/install/mpu6050:/opt/ros/foxy /usr/bin/cmake --install /home/sebas/mbehu_restored_ws/build/diffdrive_arduino
[1.716s] -- Install configuration: ""
[1.718s] -- Up-to-date: /home/sebas/mbehu_restored_ws/install/diffdrive_arduino/share/diffdrive_arduino/robot_hardware.xml
[1.719s] -- Up-to-date: /home/sebas/mbehu_restored_ws/install/diffdrive_arduino/share/diffdrive_arduino/fake_robot_hardware.xml
[1.721s] -- Up-to-date: /home/sebas/mbehu_restored_ws/install/diffdrive_arduino/lib/libdiffdrive_arduino.so
[1.727s] -- Up-to-date: /home/sebas/mbehu_restored_ws/install/diffdrive_arduino/lib/libfake_robot.so
[1.733s] -- Up-to-date: /home/sebas/mbehu_restored_ws/install/diffdrive_arduino/share/diffdrive_arduino/controllers
[1.736s] -- Up-to-date: /home/sebas/mbehu_restored_ws/install/diffdrive_arduino/share/diffdrive_arduino/controllers/robot_controller_example.yaml
[1.737s] -- Up-to-date: /home/sebas/mbehu_restored_ws/install/diffdrive_arduino/share/diffdrive_arduino
[1.741s] -- Up-to-date: /home/sebas/mbehu_restored_ws/install/diffdrive_arduino/share/diffdrive_arduino/test_robot.launch.py
[1.743s] -- Up-to-date: /home/sebas/mbehu_restored_ws/install/diffdrive_arduino/share/diffdrive_arduino/fake_robot.launch.py
[1.745s] -- Up-to-date: /home/sebas/mbehu_restored_ws/install/diffdrive_arduino/share/diffdrive_arduino/environment/library_path.sh
[1.746s] -- Up-to-date: /home/sebas/mbehu_restored_ws/install/diffdrive_arduino/share/diffdrive_arduino/environment/library_path.dsv
[1.748s] -- Up-to-date: /home/sebas/mbehu_restored_ws/install/diffdrive_arduino/share/ament_index/resource_index/package_run_dependencies/diffdrive_arduino
[1.749s] -- Up-to-date: /home/sebas/mbehu_restored_ws/install/diffdrive_arduino/share/ament_index/resource_index/parent_prefix_path/diffdrive_arduino
[1.751s] -- Up-to-date: /home/sebas/mbehu_restored_ws/install/diffdrive_arduino/share/diffdrive_arduino/environment/ament_prefix_path.sh
[1.752s] -- Up-to-date: /home/sebas/mbehu_restored_ws/install/diffdrive_arduino/share/diffdrive_arduino/environment/ament_prefix_path.dsv
[1.754s] -- Up-to-date: /home/sebas/mbehu_restored_ws/install/diffdrive_arduino/share/diffdrive_arduino/environment/path.sh
[1.756s] -- Up-to-date: /home/sebas/mbehu_restored_ws/install/diffdrive_arduino/share/diffdrive_arduino/environment/path.dsv
[1.757s] -- Up-to-date: /home/sebas/mbehu_restored_ws/install/diffdrive_arduino/share/diffdrive_arduino/local_setup.bash
[1.759s] -- Up-to-date: /home/sebas/mbehu_restored_ws/install/diffdrive_arduino/share/diffdrive_arduino/local_setup.sh
[1.761s] -- Up-to-date: /home/sebas/mbehu_restored_ws/install/diffdrive_arduino/share/diffdrive_arduino/local_setup.zsh
[1.762s] -- Up-to-date: /home/sebas/mbehu_restored_ws/install/diffdrive_arduino/share/diffdrive_arduino/local_setup.dsv
[1.764s] -- Installing: /home/sebas/mbehu_restored_ws/install/diffdrive_arduino/share/diffdrive_arduino/package.dsv
[1.766s] -- Up-to-date: /home/sebas/mbehu_restored_ws/install/diffdrive_arduino/share/ament_index/resource_index/packages/diffdrive_arduino
[1.770s] -- Up-to-date: /home/sebas/mbehu_restored_ws/install/diffdrive_arduino/share/ament_index/resource_index/hardware_interface__pluginlib__plugin/diffdrive_arduino
[1.778s] -- Up-to-date: /home/sebas/mbehu_restored_ws/install/diffdrive_arduino/share/diffdrive_arduino/cmake/ament_cmake_export_libraries-extras.cmake
[1.801s] -- Up-to-date: /home/sebas/mbehu_restored_ws/install/diffdrive_arduino/share/diffdrive_arduino/cmake/ament_cmake_export_dependencies-extras.cmake
[1.805s] -- Up-to-date: /home/sebas/mbehu_restored_ws/install/diffdrive_arduino/share/diffdrive_arduino/cmake/diffdrive_arduinoConfig.cmake
[1.807s] -- Up-to-date: /home/sebas/mbehu_restored_ws/install/diffdrive_arduino/share/diffdrive_arduino/cmake/diffdrive_arduinoConfig-version.cmake
[1.809s] -- Up-to-date: /home/sebas/mbehu_restored_ws/install/diffdrive_arduino/share/diffdrive_arduino/package.xml
[1.811s] Invoked command in '/home/sebas/mbehu_restored_ws/build/diffdrive_arduino' returned '0': CMAKE_PREFIX_PATH=/home/sebas/mbehu_restored_ws/install/serial:/home/sebas/mbehu_restored_ws/install/diffdrive_arduino:/home/sebas/mbehu_restored_ws/install/mbehu_bot:/home/sebas/mbehu_restored_ws/install/ldlidar_sl_ros2:/home/sebas/mbehu_ws/install/diffdrive_arduino:/home/sebas/mbehu_ws/install/serial:/home/sebas/mbehu_ws/install/mbehu_bot:/home/sebas/mbehu_ws/install/ldlidar_sl_ros2:/home/sebas/mbehu_ws/install/imu_driver:/home/sebas/mbehu_ws/install/ultrasonico:/home/sebas/mbehu_ws/install/mpu6050_pkg:/home/sebas/mbehu_ws/install/mpu6050:/opt/ros/foxy /usr/bin/cmake --install /home/sebas/mbehu_restored_ws/build/diffdrive_arduino
