[1.087s] DEBUG:colcon:Command line arguments: ['/usr/bin/colcon', 'build', '--symlink-install']
[1.087s] DEBUG:colcon:Parsed command line arguments: Namespace(allow_overriding=[], ament_cmake_args=None, base_paths=['.'], build_base='build', catkin_cmake_args=None, catkin_skip_building_tests=False, cmake_args=None, cmake_clean_cache=False, cmake_clean_first=False, cmake_force_configure=False, cmake_target=None, cmake_target_skip_unavailable=False, continue_on_error=False, event_handlers=None, executor='parallel', ignore_user_meta=False, install_base='install', log_base=None, log_level=None, main=<bound method BuildVerb.main of <colcon_core.verb.build.BuildVerb object at 0xffff9bf407f0>>, merge_install=False, metas=['./colcon.meta'], packages_above=None, packages_above_and_dependencies=None, packages_above_depth=None, packages_end=None, packages_ignore=None, packages_ignore_regex=None, packages_select=None, packages_select_build_failed=False, packages_select_by_dep=None, packages_select_regex=None, packages_select_test_failures=False, packages_skip=None, packages_skip_build_finished=False, packages_skip_by_dep=None, packages_skip_regex=None, packages_skip_test_passed=False, packages_skip_up_to=None, packages_start=None, packages_up_to=None, packages_up_to_regex=None, parallel_workers=4, paths=None, symlink_install=True, test_result_base=None, verb_extension=<colcon_core.verb.build.BuildVerb object at 0xffff9bf407f0>, verb_name='build', verb_parser=<colcon_defaults.argument_parser.defaults.DefaultArgumentsDecorator object at 0xffff9bf474f0>)
[1.333s] Level 1:colcon.colcon_core.package_discovery:discover_packages(colcon_meta) check parameters
[1.333s] Level 1:colcon.colcon_core.package_discovery:discover_packages(recursive) check parameters
[1.334s] Level 1:colcon.colcon_core.package_discovery:discover_packages(ignore) check parameters
[1.334s] Level 1:colcon.colcon_core.package_discovery:discover_packages(path) check parameters
[1.334s] Level 1:colcon.colcon_core.package_discovery:discover_packages(colcon_meta) discover
[1.335s] Level 1:colcon.colcon_core.package_discovery:discover_packages(recursive) discover
[1.335s] INFO:colcon.colcon_core.package_discovery:Crawling recursively for packages in '/home/sebas/mbehu_restored_ws'
[1.336s] Level 1:colcon.colcon_core.package_identification:_identify(.) by extensions ['ignore', 'ignore_ament_install']
[1.336s] Level 1:colcon.colcon_core.package_identification:_identify(.) by extension 'ignore'
[1.337s] Level 1:colcon.colcon_core.package_identification:_identify(.) by extension 'ignore_ament_install'
[1.337s] Level 1:colcon.colcon_core.package_identification:_identify(.) by extensions ['colcon_pkg']
[1.337s] Level 1:colcon.colcon_core.package_identification:_identify(.) by extension 'colcon_pkg'
[1.338s] Level 1:colcon.colcon_core.package_identification:_identify(.) by extensions ['colcon_meta']
[1.338s] Level 1:colcon.colcon_core.package_identification:_identify(.) by extension 'colcon_meta'
[1.338s] Level 1:colcon.colcon_core.package_identification:_identify(.) by extensions ['ros']
[1.338s] Level 1:colcon.colcon_core.package_identification:_identify(.) by extension 'ros'
[1.410s] Level 1:colcon.colcon_core.package_identification:_identify(.) by extensions ['cmake', 'python']
[1.410s] Level 1:colcon.colcon_core.package_identification:_identify(.) by extension 'cmake'
[1.411s] Level 1:colcon.colcon_core.package_identification:_identify(.) by extension 'python'
[1.411s] Level 1:colcon.colcon_core.package_identification:_identify(.) by extensions ['python_setup_py']
[1.412s] Level 1:colcon.colcon_core.package_identification:_identify(.) by extension 'python_setup_py'
[1.413s] Level 1:colcon.colcon_core.package_identification:_identify(build) by extensions ['ignore', 'ignore_ament_install']
[1.413s] Level 1:colcon.colcon_core.package_identification:_identify(build) by extension 'ignore'
[1.414s] Level 1:colcon.colcon_core.package_identification:_identify(build) ignored
[1.415s] Level 1:colcon.colcon_core.package_identification:_identify(install) by extensions ['ignore', 'ignore_ament_install']
[1.415s] Level 1:colcon.colcon_core.package_identification:_identify(install) by extension 'ignore'
[1.416s] Level 1:colcon.colcon_core.package_identification:_identify(install) ignored
[1.417s] Level 1:colcon.colcon_core.package_identification:_identify(log) by extensions ['ignore', 'ignore_ament_install']
[1.417s] Level 1:colcon.colcon_core.package_identification:_identify(log) by extension 'ignore'
[1.418s] Level 1:colcon.colcon_core.package_identification:_identify(log) ignored
[1.418s] Level 1:colcon.colcon_core.package_identification:_identify(src) by extensions ['ignore', 'ignore_ament_install']
[1.419s] Level 1:colcon.colcon_core.package_identification:_identify(src) by extension 'ignore'
[1.419s] Level 1:colcon.colcon_core.package_identification:_identify(src) by extension 'ignore_ament_install'
[1.420s] Level 1:colcon.colcon_core.package_identification:_identify(src) by extensions ['colcon_pkg']
[1.420s] Level 1:colcon.colcon_core.package_identification:_identify(src) by extension 'colcon_pkg'
[1.420s] Level 1:colcon.colcon_core.package_identification:_identify(src) by extensions ['colcon_meta']
[1.420s] Level 1:colcon.colcon_core.package_identification:_identify(src) by extension 'colcon_meta'
[1.421s] Level 1:colcon.colcon_core.package_identification:_identify(src) by extensions ['ros']
[1.421s] Level 1:colcon.colcon_core.package_identification:_identify(src) by extension 'ros'
[1.422s] Level 1:colcon.colcon_core.package_identification:_identify(src) by extensions ['cmake', 'python']
[1.422s] Level 1:colcon.colcon_core.package_identification:_identify(src) by extension 'cmake'
[1.423s] Level 1:colcon.colcon_core.package_identification:_identify(src) by extension 'python'
[1.423s] Level 1:colcon.colcon_core.package_identification:_identify(src) by extensions ['python_setup_py']
[1.424s] Level 1:colcon.colcon_core.package_identification:_identify(src) by extension 'python_setup_py'
[1.425s] Level 1:colcon.colcon_core.package_identification:_identify(src/diffdrive_arduino) by extensions ['ignore', 'ignore_ament_install']
[1.425s] Level 1:colcon.colcon_core.package_identification:_identify(src/diffdrive_arduino) by extension 'ignore'
[1.426s] Level 1:colcon.colcon_core.package_identification:_identify(src/diffdrive_arduino) by extension 'ignore_ament_install'
[1.426s] Level 1:colcon.colcon_core.package_identification:_identify(src/diffdrive_arduino) by extensions ['colcon_pkg']
[1.427s] Level 1:colcon.colcon_core.package_identification:_identify(src/diffdrive_arduino) by extension 'colcon_pkg'
[1.427s] Level 1:colcon.colcon_core.package_identification:_identify(src/diffdrive_arduino) by extensions ['colcon_meta']
[1.427s] Level 1:colcon.colcon_core.package_identification:_identify(src/diffdrive_arduino) by extension 'colcon_meta'
[1.428s] Level 1:colcon.colcon_core.package_identification:_identify(src/diffdrive_arduino) by extensions ['ros']
[1.428s] Level 1:colcon.colcon_core.package_identification:_identify(src/diffdrive_arduino) by extension 'ros'
[1.444s] DEBUG:colcon.colcon_core.package_identification:Package 'src/diffdrive_arduino' with type 'ros.ament_cmake' and name 'diffdrive_arduino'
[1.445s] Level 1:colcon.colcon_core.package_identification:_identify(src/ldlidar_sl_ros2) by extensions ['ignore', 'ignore_ament_install']
[1.445s] Level 1:colcon.colcon_core.package_identification:_identify(src/ldlidar_sl_ros2) by extension 'ignore'
[1.446s] Level 1:colcon.colcon_core.package_identification:_identify(src/ldlidar_sl_ros2) by extension 'ignore_ament_install'
[1.446s] Level 1:colcon.colcon_core.package_identification:_identify(src/ldlidar_sl_ros2) by extensions ['colcon_pkg']
[1.446s] Level 1:colcon.colcon_core.package_identification:_identify(src/ldlidar_sl_ros2) by extension 'colcon_pkg'
[1.447s] Level 1:colcon.colcon_core.package_identification:_identify(src/ldlidar_sl_ros2) by extensions ['colcon_meta']
[1.447s] Level 1:colcon.colcon_core.package_identification:_identify(src/ldlidar_sl_ros2) by extension 'colcon_meta'
[1.447s] Level 1:colcon.colcon_core.package_identification:_identify(src/ldlidar_sl_ros2) by extensions ['ros']
[1.447s] Level 1:colcon.colcon_core.package_identification:_identify(src/ldlidar_sl_ros2) by extension 'ros'
[1.454s] DEBUG:colcon.colcon_core.package_identification:Package 'src/ldlidar_sl_ros2' with type 'ros.ament_cmake' and name 'ldlidar_sl_ros2'
[1.454s] Level 1:colcon.colcon_core.package_identification:_identify(src/mbehu_bot) by extensions ['ignore', 'ignore_ament_install']
[1.455s] Level 1:colcon.colcon_core.package_identification:_identify(src/mbehu_bot) by extension 'ignore'
[1.455s] Level 1:colcon.colcon_core.package_identification:_identify(src/mbehu_bot) by extension 'ignore_ament_install'
[1.456s] Level 1:colcon.colcon_core.package_identification:_identify(src/mbehu_bot) by extensions ['colcon_pkg']
[1.456s] Level 1:colcon.colcon_core.package_identification:_identify(src/mbehu_bot) by extension 'colcon_pkg'
[1.456s] Level 1:colcon.colcon_core.package_identification:_identify(src/mbehu_bot) by extensions ['colcon_meta']
[1.457s] Level 1:colcon.colcon_core.package_identification:_identify(src/mbehu_bot) by extension 'colcon_meta'
[1.457s] Level 1:colcon.colcon_core.package_identification:_identify(src/mbehu_bot) by extensions ['ros']
[1.457s] Level 1:colcon.colcon_core.package_identification:_identify(src/mbehu_bot) by extension 'ros'
[1.459s] DEBUG:colcon.colcon_core.package_identification:Package 'src/mbehu_bot' with type 'ros.ament_cmake' and name 'mbehu_bot'
[1.460s] Level 1:colcon.colcon_core.package_identification:_identify(src/serial) by extensions ['ignore', 'ignore_ament_install']
[1.461s] Level 1:colcon.colcon_core.package_identification:_identify(src/serial) by extension 'ignore'
[1.461s] Level 1:colcon.colcon_core.package_identification:_identify(src/serial) by extension 'ignore_ament_install'
[1.461s] Level 1:colcon.colcon_core.package_identification:_identify(src/serial) by extensions ['colcon_pkg']
[1.461s] Level 1:colcon.colcon_core.package_identification:_identify(src/serial) by extension 'colcon_pkg'
[1.462s] Level 1:colcon.colcon_core.package_identification:_identify(src/serial) by extensions ['colcon_meta']
[1.462s] Level 1:colcon.colcon_core.package_identification:_identify(src/serial) by extension 'colcon_meta'
[1.462s] Level 1:colcon.colcon_core.package_identification:_identify(src/serial) by extensions ['ros']
[1.462s] Level 1:colcon.colcon_core.package_identification:_identify(src/serial) by extension 'ros'
[1.467s] DEBUG:colcon.colcon_core.package_identification:Package 'src/serial' with type 'ros.ament_cmake' and name 'serial'
[1.468s] Level 1:colcon.colcon_core.package_identification:_identify(src/serial_motor_demo) by extensions ['ignore', 'ignore_ament_install']
[1.468s] Level 1:colcon.colcon_core.package_identification:_identify(src/serial_motor_demo) by extension 'ignore'
[1.469s] Level 1:colcon.colcon_core.package_identification:_identify(src/serial_motor_demo) by extension 'ignore_ament_install'
[1.469s] Level 1:colcon.colcon_core.package_identification:_identify(src/serial_motor_demo) by extensions ['colcon_pkg']
[1.469s] Level 1:colcon.colcon_core.package_identification:_identify(src/serial_motor_demo) by extension 'colcon_pkg'
[1.469s] Level 1:colcon.colcon_core.package_identification:_identify(src/serial_motor_demo) by extensions ['colcon_meta']
[1.470s] Level 1:colcon.colcon_core.package_identification:_identify(src/serial_motor_demo) by extension 'colcon_meta'
[1.470s] Level 1:colcon.colcon_core.package_identification:_identify(src/serial_motor_demo) by extensions ['ros']
[1.470s] Level 1:colcon.colcon_core.package_identification:_identify(src/serial_motor_demo) by extension 'ros'
[1.471s] Level 1:colcon.colcon_core.package_identification:_identify(src/serial_motor_demo) by extensions ['cmake', 'python']
[1.471s] Level 1:colcon.colcon_core.package_identification:_identify(src/serial_motor_demo) by extension 'cmake'
[1.471s] Level 1:colcon.colcon_core.package_identification:_identify(src/serial_motor_demo) by extension 'python'
[1.471s] Level 1:colcon.colcon_core.package_identification:_identify(src/serial_motor_demo) by extensions ['python_setup_py']
[1.471s] Level 1:colcon.colcon_core.package_identification:_identify(src/serial_motor_demo) by extension 'python_setup_py'
[1.472s] Level 1:colcon.colcon_core.package_identification:_identify(src/serial_motor_demo/serial_motor_demo) by extensions ['ignore', 'ignore_ament_install']
[1.473s] Level 1:colcon.colcon_core.package_identification:_identify(src/serial_motor_demo/serial_motor_demo) by extension 'ignore'
[1.473s] Level 1:colcon.colcon_core.package_identification:_identify(src/serial_motor_demo/serial_motor_demo) by extension 'ignore_ament_install'
[1.473s] Level 1:colcon.colcon_core.package_identification:_identify(src/serial_motor_demo/serial_motor_demo) by extensions ['colcon_pkg']
[1.473s] Level 1:colcon.colcon_core.package_identification:_identify(src/serial_motor_demo/serial_motor_demo) by extension 'colcon_pkg'
[1.474s] Level 1:colcon.colcon_core.package_identification:_identify(src/serial_motor_demo/serial_motor_demo) by extensions ['colcon_meta']
[1.474s] Level 1:colcon.colcon_core.package_identification:_identify(src/serial_motor_demo/serial_motor_demo) by extension 'colcon_meta'
[1.474s] Level 1:colcon.colcon_core.package_identification:_identify(src/serial_motor_demo/serial_motor_demo) by extensions ['ros']
[1.474s] Level 1:colcon.colcon_core.package_identification:_identify(src/serial_motor_demo/serial_motor_demo) by extension 'ros'
[1.480s] DEBUG:colcon.colcon_core.package_identification:Package 'src/serial_motor_demo/serial_motor_demo' with type 'ros.ament_python' and name 'serial_motor_demo'
[1.480s] Level 1:colcon.colcon_core.package_identification:_identify(src/serial_motor_demo/serial_motor_demo_msgs) by extensions ['ignore', 'ignore_ament_install']
[1.481s] Level 1:colcon.colcon_core.package_identification:_identify(src/serial_motor_demo/serial_motor_demo_msgs) by extension 'ignore'
[1.481s] Level 1:colcon.colcon_core.package_identification:_identify(src/serial_motor_demo/serial_motor_demo_msgs) by extension 'ignore_ament_install'
[1.482s] Level 1:colcon.colcon_core.package_identification:_identify(src/serial_motor_demo/serial_motor_demo_msgs) by extensions ['colcon_pkg']
[1.482s] Level 1:colcon.colcon_core.package_identification:_identify(src/serial_motor_demo/serial_motor_demo_msgs) by extension 'colcon_pkg'
[1.482s] Level 1:colcon.colcon_core.package_identification:_identify(src/serial_motor_demo/serial_motor_demo_msgs) by extensions ['colcon_meta']
[1.482s] Level 1:colcon.colcon_core.package_identification:_identify(src/serial_motor_demo/serial_motor_demo_msgs) by extension 'colcon_meta'
[1.482s] Level 1:colcon.colcon_core.package_identification:_identify(src/serial_motor_demo/serial_motor_demo_msgs) by extensions ['ros']
[1.483s] Level 1:colcon.colcon_core.package_identification:_identify(src/serial_motor_demo/serial_motor_demo_msgs) by extension 'ros'
[1.486s] DEBUG:colcon.colcon_core.package_identification:Package 'src/serial_motor_demo/serial_motor_demo_msgs' with type 'ros.ament_cmake' and name 'serial_motor_demo_msgs'
[1.486s] Level 1:colcon.colcon_core.package_discovery:discover_packages(recursive) using defaults
[1.486s] Level 1:colcon.colcon_core.package_discovery:discover_packages(ignore) discover
[1.486s] Level 1:colcon.colcon_core.package_discovery:discover_packages(ignore) using defaults
[1.487s] Level 1:colcon.colcon_core.package_discovery:discover_packages(path) discover
[1.487s] Level 1:colcon.colcon_core.package_discovery:discover_packages(path) using defaults
[1.625s] Level 1:colcon.colcon_core.package_discovery:discover_packages(prefix_path) check parameters
[1.626s] Level 1:colcon.colcon_core.package_discovery:discover_packages(prefix_path) discover
[1.653s] DEBUG:colcon.colcon_installed_package_information.package_discovery:Found 6 installed packages in /home/sebas/mbehu_restored_ws/install
[1.660s] DEBUG:colcon.colcon_installed_package_information.package_discovery:Found 8 installed packages in /home/sebas/mbehu_ws/install
[1.675s] DEBUG:colcon.colcon_installed_package_information.package_discovery:Found 340 installed packages in /opt/ros/foxy
[1.686s] Level 1:colcon.colcon_core.package_discovery:discover_packages(prefix_path) using defaults
[2.305s] Level 5:colcon.colcon_core.verb:set package 'ldlidar_sl_ros2' build argument 'cmake_args' from command line to 'None'
[2.305s] Level 5:colcon.colcon_core.verb:set package 'ldlidar_sl_ros2' build argument 'cmake_target' from command line to 'None'
[2.306s] Level 5:colcon.colcon_core.verb:set package 'ldlidar_sl_ros2' build argument 'cmake_target_skip_unavailable' from command line to 'False'
[2.306s] Level 5:colcon.colcon_core.verb:set package 'ldlidar_sl_ros2' build argument 'cmake_clean_cache' from command line to 'False'
[2.306s] Level 5:colcon.colcon_core.verb:set package 'ldlidar_sl_ros2' build argument 'cmake_clean_first' from command line to 'False'
[2.306s] Level 5:colcon.colcon_core.verb:set package 'ldlidar_sl_ros2' build argument 'cmake_force_configure' from command line to 'False'
[2.306s] Level 5:colcon.colcon_core.verb:set package 'ldlidar_sl_ros2' build argument 'ament_cmake_args' from command line to 'None'
[2.306s] Level 5:colcon.colcon_core.verb:set package 'ldlidar_sl_ros2' build argument 'catkin_cmake_args' from command line to 'None'
[2.306s] Level 5:colcon.colcon_core.verb:set package 'ldlidar_sl_ros2' build argument 'catkin_skip_building_tests' from command line to 'False'
[2.307s] DEBUG:colcon.colcon_core.verb:Building package 'ldlidar_sl_ros2' with the following arguments: {'ament_cmake_args': None, 'build_base': '/home/sebas/mbehu_restored_ws/build/ldlidar_sl_ros2', 'catkin_cmake_args': None, 'catkin_skip_building_tests': False, 'cmake_args': None, 'cmake_clean_cache': False, 'cmake_clean_first': False, 'cmake_force_configure': False, 'cmake_target': None, 'cmake_target_skip_unavailable': False, 'install_base': '/home/sebas/mbehu_restored_ws/install/ldlidar_sl_ros2', 'merge_install': False, 'path': '/home/sebas/mbehu_restored_ws/src/ldlidar_sl_ros2', 'symlink_install': True, 'test_result_base': None}
[2.311s] Level 5:colcon.colcon_core.verb:set package 'mbehu_bot' build argument 'cmake_args' from command line to 'None'
[2.312s] Level 5:colcon.colcon_core.verb:set package 'mbehu_bot' build argument 'cmake_target' from command line to 'None'
[2.312s] Level 5:colcon.colcon_core.verb:set package 'mbehu_bot' build argument 'cmake_target_skip_unavailable' from command line to 'False'
[2.312s] Level 5:colcon.colcon_core.verb:set package 'mbehu_bot' build argument 'cmake_clean_cache' from command line to 'False'
[2.312s] Level 5:colcon.colcon_core.verb:set package 'mbehu_bot' build argument 'cmake_clean_first' from command line to 'False'
[2.312s] Level 5:colcon.colcon_core.verb:set package 'mbehu_bot' build argument 'cmake_force_configure' from command line to 'False'
[2.312s] Level 5:colcon.colcon_core.verb:set package 'mbehu_bot' build argument 'ament_cmake_args' from command line to 'None'
[2.312s] Level 5:colcon.colcon_core.verb:set package 'mbehu_bot' build argument 'catkin_cmake_args' from command line to 'None'
[2.312s] Level 5:colcon.colcon_core.verb:set package 'mbehu_bot' build argument 'catkin_skip_building_tests' from command line to 'False'
[2.313s] DEBUG:colcon.colcon_core.verb:Building package 'mbehu_bot' with the following arguments: {'ament_cmake_args': None, 'build_base': '/home/sebas/mbehu_restored_ws/build/mbehu_bot', 'catkin_cmake_args': None, 'catkin_skip_building_tests': False, 'cmake_args': None, 'cmake_clean_cache': False, 'cmake_clean_first': False, 'cmake_force_configure': False, 'cmake_target': None, 'cmake_target_skip_unavailable': False, 'install_base': '/home/sebas/mbehu_restored_ws/install/mbehu_bot', 'merge_install': False, 'path': '/home/sebas/mbehu_restored_ws/src/mbehu_bot', 'symlink_install': True, 'test_result_base': None}
[2.318s] Level 5:colcon.colcon_core.verb:set package 'serial' build argument 'cmake_args' from command line to 'None'
[2.318s] Level 5:colcon.colcon_core.verb:set package 'serial' build argument 'cmake_target' from command line to 'None'
[2.318s] Level 5:colcon.colcon_core.verb:set package 'serial' build argument 'cmake_target_skip_unavailable' from command line to 'False'
[2.318s] Level 5:colcon.colcon_core.verb:set package 'serial' build argument 'cmake_clean_cache' from command line to 'False'
[2.319s] Level 5:colcon.colcon_core.verb:set package 'serial' build argument 'cmake_clean_first' from command line to 'False'
[2.319s] Level 5:colcon.colcon_core.verb:set package 'serial' build argument 'cmake_force_configure' from command line to 'False'
[2.319s] Level 5:colcon.colcon_core.verb:set package 'serial' build argument 'ament_cmake_args' from command line to 'None'
[2.319s] Level 5:colcon.colcon_core.verb:set package 'serial' build argument 'catkin_cmake_args' from command line to 'None'
[2.319s] Level 5:colcon.colcon_core.verb:set package 'serial' build argument 'catkin_skip_building_tests' from command line to 'False'
[2.319s] DEBUG:colcon.colcon_core.verb:Building package 'serial' with the following arguments: {'ament_cmake_args': None, 'build_base': '/home/sebas/mbehu_restored_ws/build/serial', 'catkin_cmake_args': None, 'catkin_skip_building_tests': False, 'cmake_args': None, 'cmake_clean_cache': False, 'cmake_clean_first': False, 'cmake_force_configure': False, 'cmake_target': None, 'cmake_target_skip_unavailable': False, 'install_base': '/home/sebas/mbehu_restored_ws/install/serial', 'merge_install': False, 'path': '/home/sebas/mbehu_restored_ws/src/serial', 'symlink_install': True, 'test_result_base': None}
[2.324s] Level 5:colcon.colcon_core.verb:set package 'serial_motor_demo_msgs' build argument 'cmake_args' from command line to 'None'
[2.324s] Level 5:colcon.colcon_core.verb:set package 'serial_motor_demo_msgs' build argument 'cmake_target' from command line to 'None'
[2.325s] Level 5:colcon.colcon_core.verb:set package 'serial_motor_demo_msgs' build argument 'cmake_target_skip_unavailable' from command line to 'False'
[2.325s] Level 5:colcon.colcon_core.verb:set package 'serial_motor_demo_msgs' build argument 'cmake_clean_cache' from command line to 'False'
[2.325s] Level 5:colcon.colcon_core.verb:set package 'serial_motor_demo_msgs' build argument 'cmake_clean_first' from command line to 'False'
[2.325s] Level 5:colcon.colcon_core.verb:set package 'serial_motor_demo_msgs' build argument 'cmake_force_configure' from command line to 'False'
[2.325s] Level 5:colcon.colcon_core.verb:set package 'serial_motor_demo_msgs' build argument 'ament_cmake_args' from command line to 'None'
[2.325s] Level 5:colcon.colcon_core.verb:set package 'serial_motor_demo_msgs' build argument 'catkin_cmake_args' from command line to 'None'
[2.325s] Level 5:colcon.colcon_core.verb:set package 'serial_motor_demo_msgs' build argument 'catkin_skip_building_tests' from command line to 'False'
[2.325s] DEBUG:colcon.colcon_core.verb:Building package 'serial_motor_demo_msgs' with the following arguments: {'ament_cmake_args': None, 'build_base': '/home/sebas/mbehu_restored_ws/build/serial_motor_demo_msgs', 'catkin_cmake_args': None, 'catkin_skip_building_tests': False, 'cmake_args': None, 'cmake_clean_cache': False, 'cmake_clean_first': False, 'cmake_force_configure': False, 'cmake_target': None, 'cmake_target_skip_unavailable': False, 'install_base': '/home/sebas/mbehu_restored_ws/install/serial_motor_demo_msgs', 'merge_install': False, 'path': '/home/sebas/mbehu_restored_ws/src/serial_motor_demo/serial_motor_demo_msgs', 'symlink_install': True, 'test_result_base': None}
[2.330s] Level 5:colcon.colcon_core.verb:set package 'diffdrive_arduino' build argument 'cmake_args' from command line to 'None'
[2.330s] Level 5:colcon.colcon_core.verb:set package 'diffdrive_arduino' build argument 'cmake_target' from command line to 'None'
[2.331s] Level 5:colcon.colcon_core.verb:set package 'diffdrive_arduino' build argument 'cmake_target_skip_unavailable' from command line to 'False'
[2.331s] Level 5:colcon.colcon_core.verb:set package 'diffdrive_arduino' build argument 'cmake_clean_cache' from command line to 'False'
[2.331s] Level 5:colcon.colcon_core.verb:set package 'diffdrive_arduino' build argument 'cmake_clean_first' from command line to 'False'
[2.331s] Level 5:colcon.colcon_core.verb:set package 'diffdrive_arduino' build argument 'cmake_force_configure' from command line to 'False'
[2.331s] Level 5:colcon.colcon_core.verb:set package 'diffdrive_arduino' build argument 'ament_cmake_args' from command line to 'None'
[2.331s] Level 5:colcon.colcon_core.verb:set package 'diffdrive_arduino' build argument 'catkin_cmake_args' from command line to 'None'
[2.331s] Level 5:colcon.colcon_core.verb:set package 'diffdrive_arduino' build argument 'catkin_skip_building_tests' from command line to 'False'
[2.332s] DEBUG:colcon.colcon_core.verb:Building package 'diffdrive_arduino' with the following arguments: {'ament_cmake_args': None, 'build_base': '/home/sebas/mbehu_restored_ws/build/diffdrive_arduino', 'catkin_cmake_args': None, 'catkin_skip_building_tests': False, 'cmake_args': None, 'cmake_clean_cache': False, 'cmake_clean_first': False, 'cmake_force_configure': False, 'cmake_target': None, 'cmake_target_skip_unavailable': False, 'install_base': '/home/sebas/mbehu_restored_ws/install/diffdrive_arduino', 'merge_install': False, 'path': '/home/sebas/mbehu_restored_ws/src/diffdrive_arduino', 'symlink_install': True, 'test_result_base': None}
[2.336s] Level 5:colcon.colcon_core.verb:set package 'serial_motor_demo' build argument 'cmake_args' from command line to 'None'
[2.337s] Level 5:colcon.colcon_core.verb:set package 'serial_motor_demo' build argument 'cmake_target' from command line to 'None'
[2.337s] Level 5:colcon.colcon_core.verb:set package 'serial_motor_demo' build argument 'cmake_target_skip_unavailable' from command line to 'False'
[2.337s] Level 5:colcon.colcon_core.verb:set package 'serial_motor_demo' build argument 'cmake_clean_cache' from command line to 'False'
[2.337s] Level 5:colcon.colcon_core.verb:set package 'serial_motor_demo' build argument 'cmake_clean_first' from command line to 'False'
[2.337s] Level 5:colcon.colcon_core.verb:set package 'serial_motor_demo' build argument 'cmake_force_configure' from command line to 'False'
[2.337s] Level 5:colcon.colcon_core.verb:set package 'serial_motor_demo' build argument 'ament_cmake_args' from command line to 'None'
[2.337s] Level 5:colcon.colcon_core.verb:set package 'serial_motor_demo' build argument 'catkin_cmake_args' from command line to 'None'
[2.338s] Level 5:colcon.colcon_core.verb:set package 'serial_motor_demo' build argument 'catkin_skip_building_tests' from command line to 'False'
[2.338s] DEBUG:colcon.colcon_core.verb:Building package 'serial_motor_demo' with the following arguments: {'ament_cmake_args': None, 'build_base': '/home/sebas/mbehu_restored_ws/build/serial_motor_demo', 'catkin_cmake_args': None, 'catkin_skip_building_tests': False, 'cmake_args': None, 'cmake_clean_cache': False, 'cmake_clean_first': False, 'cmake_force_configure': False, 'cmake_target': None, 'cmake_target_skip_unavailable': False, 'install_base': '/home/sebas/mbehu_restored_ws/install/serial_motor_demo', 'merge_install': False, 'path': '/home/sebas/mbehu_restored_ws/src/serial_motor_demo/serial_motor_demo', 'symlink_install': True, 'test_result_base': None}
[2.341s] INFO:colcon.colcon_core.executor:Executing jobs using 'parallel' executor
[2.359s] DEBUG:colcon.colcon_parallel_executor.executor.parallel:run_until_complete
[2.361s] INFO:colcon.colcon_ros.task.ament_cmake.build:Building ROS package in '/home/sebas/mbehu_restored_ws/src/serial' with build type 'ament_cmake'
[2.361s] INFO:colcon.colcon_cmake.task.cmake.build:Building CMake package in '/home/sebas/mbehu_restored_ws/src/serial'
[2.396s] INFO:colcon.colcon_core.plugin_system:Skipping extension 'colcon_core.shell.bat': Not used on non-Windows systems
[2.397s] INFO:colcon.colcon_core.shell:Skip shell extension 'powershell' for command environment: Not usable outside of PowerShell
[2.397s] DEBUG:colcon.colcon_core.shell:Skip shell extension 'dsv' for command environment
[2.451s] INFO:colcon.colcon_ros.task.ament_cmake.build:Building ROS package in '/home/sebas/mbehu_restored_ws/src/serial_motor_demo/serial_motor_demo_msgs' with build type 'ament_cmake'
[2.453s] INFO:colcon.colcon_cmake.task.cmake.build:Building CMake package in '/home/sebas/mbehu_restored_ws/src/serial_motor_demo/serial_motor_demo_msgs'
[2.463s] INFO:colcon.colcon_core.shell:Skip shell extension 'powershell' for command environment: Not usable outside of PowerShell
[2.463s] DEBUG:colcon.colcon_core.shell:Skip shell extension 'dsv' for command environment
[2.512s] INFO:colcon.colcon_ros.task.ament_cmake.build:Building ROS package in '/home/sebas/mbehu_restored_ws/src/ldlidar_sl_ros2' with build type 'ament_cmake'
[2.514s] INFO:colcon.colcon_cmake.task.cmake.build:Building CMake package in '/home/sebas/mbehu_restored_ws/src/ldlidar_sl_ros2'
[2.523s] INFO:colcon.colcon_core.shell:Skip shell extension 'powershell' for command environment: Not usable outside of PowerShell
[2.523s] DEBUG:colcon.colcon_core.shell:Skip shell extension 'dsv' for command environment
[2.572s] INFO:colcon.colcon_ros.task.ament_cmake.build:Building ROS package in '/home/sebas/mbehu_restored_ws/src/mbehu_bot' with build type 'ament_cmake'
[2.573s] INFO:colcon.colcon_cmake.task.cmake.build:Building CMake package in '/home/sebas/mbehu_restored_ws/src/mbehu_bot'
[2.583s] INFO:colcon.colcon_core.shell:Skip shell extension 'powershell' for command environment: Not usable outside of PowerShell
[2.584s] DEBUG:colcon.colcon_core.shell:Skip shell extension 'dsv' for command environment
[2.650s] DEBUG:colcon.colcon_core.event_handler.log_command:Invoking command in '/home/sebas/mbehu_restored_ws/build/serial': CMAKE_PREFIX_PATH=${CMAKE_PREFIX_PATH}:/home/sebas/mbehu_restored_ws/install/serial_motor_demo:/home/sebas/mbehu_ws/install/ultrasonico:/home/sebas/mbehu_ws/install/mpu6050_pkg:/home/sebas/mbehu_ws/install/mpu6050:/opt/ros/foxy /usr/bin/cmake --build /home/sebas/mbehu_restored_ws/build/serial -- -j4 -l4
[2.699s] DEBUG:colcon.colcon_core.event_handler.log_command:Invoking command in '/home/sebas/mbehu_restored_ws/build/serial_motor_demo_msgs': CMAKE_PREFIX_PATH=${CMAKE_PREFIX_PATH}:/home/sebas/mbehu_restored_ws/install/serial_motor_demo:/home/sebas/mbehu_ws/install/ultrasonico:/home/sebas/mbehu_ws/install/mpu6050_pkg:/home/sebas/mbehu_ws/install/mpu6050:/opt/ros/foxy /usr/bin/cmake --build /home/sebas/mbehu_restored_ws/build/serial_motor_demo_msgs -- -j4 -l4
[2.724s] DEBUG:colcon.colcon_core.event_handler.log_command:Invoking command in '/home/sebas/mbehu_restored_ws/build/ldlidar_sl_ros2': CMAKE_PREFIX_PATH=${CMAKE_PREFIX_PATH}:/home/sebas/mbehu_restored_ws/install/serial_motor_demo:/home/sebas/mbehu_ws/install/ultrasonico:/home/sebas/mbehu_ws/install/mpu6050_pkg:/home/sebas/mbehu_ws/install/mpu6050:/opt/ros/foxy /usr/bin/cmake --build /home/sebas/mbehu_restored_ws/build/ldlidar_sl_ros2 -- -j4 -l4
[2.786s] DEBUG:colcon.colcon_core.event_handler.log_command:Invoking command in '/home/sebas/mbehu_restored_ws/build/mbehu_bot': CMAKE_PREFIX_PATH=${CMAKE_PREFIX_PATH}:/home/sebas/mbehu_restored_ws/install/serial_motor_demo:/home/sebas/mbehu_ws/install/ultrasonico:/home/sebas/mbehu_ws/install/mpu6050_pkg:/home/sebas/mbehu_ws/install/mpu6050:/opt/ros/foxy /usr/bin/cmake --build /home/sebas/mbehu_restored_ws/build/mbehu_bot -- -j4 -l4
[3.139s] DEBUG:colcon.colcon_core.event_handler.log_command:Invoked command in '/home/sebas/mbehu_restored_ws/build/mbehu_bot' returned '0': CMAKE_PREFIX_PATH=${CMAKE_PREFIX_PATH}:/home/sebas/mbehu_restored_ws/install/serial_motor_demo:/home/sebas/mbehu_ws/install/ultrasonico:/home/sebas/mbehu_ws/install/mpu6050_pkg:/home/sebas/mbehu_ws/install/mpu6050:/opt/ros/foxy /usr/bin/cmake --build /home/sebas/mbehu_restored_ws/build/mbehu_bot -- -j4 -l4
[3.734s] DEBUG:colcon.colcon_core.event_handler.log_command:Invoking command in '/home/sebas/mbehu_restored_ws/build/mbehu_bot': CMAKE_PREFIX_PATH=${CMAKE_PREFIX_PATH}:/home/sebas/mbehu_restored_ws/install/serial_motor_demo:/home/sebas/mbehu_ws/install/ultrasonico:/home/sebas/mbehu_ws/install/mpu6050_pkg:/home/sebas/mbehu_ws/install/mpu6050:/opt/ros/foxy /usr/bin/cmake --install /home/sebas/mbehu_restored_ws/build/mbehu_bot
[3.960s] DEBUG:colcon.colcon_core.event_handler.log_command:Invoked command in '/home/sebas/mbehu_restored_ws/build/ldlidar_sl_ros2' returned '0': CMAKE_PREFIX_PATH=${CMAKE_PREFIX_PATH}:/home/sebas/mbehu_restored_ws/install/serial_motor_demo:/home/sebas/mbehu_ws/install/ultrasonico:/home/sebas/mbehu_ws/install/mpu6050_pkg:/home/sebas/mbehu_ws/install/mpu6050:/opt/ros/foxy /usr/bin/cmake --build /home/sebas/mbehu_restored_ws/build/ldlidar_sl_ros2 -- -j4 -l4
[4.110s] DEBUG:colcon.colcon_core.event_handler.log_command:Invoked command in '/home/sebas/mbehu_restored_ws/build/serial' returned '0': CMAKE_PREFIX_PATH=${CMAKE_PREFIX_PATH}:/home/sebas/mbehu_restored_ws/install/serial_motor_demo:/home/sebas/mbehu_ws/install/ultrasonico:/home/sebas/mbehu_ws/install/mpu6050_pkg:/home/sebas/mbehu_ws/install/mpu6050:/opt/ros/foxy /usr/bin/cmake --build /home/sebas/mbehu_restored_ws/build/serial -- -j4 -l4
[4.265s] Level 1:colcon.colcon_core.environment:create_environment_scripts_only(mbehu_bot)
[4.270s] DEBUG:colcon.colcon_core.event_handler.log_command:Invoked command in '/home/sebas/mbehu_restored_ws/build/mbehu_bot' returned '0': CMAKE_PREFIX_PATH=${CMAKE_PREFIX_PATH}:/home/sebas/mbehu_restored_ws/install/serial_motor_demo:/home/sebas/mbehu_ws/install/ultrasonico:/home/sebas/mbehu_ws/install/mpu6050_pkg:/home/sebas/mbehu_ws/install/mpu6050:/opt/ros/foxy /usr/bin/cmake --install /home/sebas/mbehu_restored_ws/build/mbehu_bot
[4.337s] Level 1:colcon.colcon_core.environment:checking '/home/sebas/mbehu_restored_ws/install/mbehu_bot' for CMake module files
[4.342s] Level 1:colcon.colcon_core.environment:checking '/home/sebas/mbehu_restored_ws/install/mbehu_bot' for CMake config files
[4.345s] Level 1:colcon.colcon_core.shell:create_environment_hook('mbehu_bot', 'cmake_prefix_path')
[4.354s] INFO:colcon.colcon_core.shell:Creating environment hook '/home/sebas/mbehu_restored_ws/install/mbehu_bot/share/mbehu_bot/hook/cmake_prefix_path.ps1'
[4.361s] INFO:colcon.colcon_core.shell:Creating environment descriptor '/home/sebas/mbehu_restored_ws/install/mbehu_bot/share/mbehu_bot/hook/cmake_prefix_path.dsv'
[4.370s] INFO:colcon.colcon_core.shell:Creating environment hook '/home/sebas/mbehu_restored_ws/install/mbehu_bot/share/mbehu_bot/hook/cmake_prefix_path.sh'
[4.375s] Level 1:colcon.colcon_core.environment:checking '/home/sebas/mbehu_restored_ws/install/mbehu_bot/bin'
[4.376s] Level 1:colcon.colcon_core.environment:checking '/home/sebas/mbehu_restored_ws/install/mbehu_bot/lib/pkgconfig/mbehu_bot.pc'
[4.377s] Level 1:colcon.colcon_core.environment:checking '/home/sebas/mbehu_restored_ws/install/mbehu_bot/lib/python3.8/site-packages'
[4.378s] Level 1:colcon.colcon_core.environment:checking '/home/sebas/mbehu_restored_ws/install/mbehu_bot/bin'
[4.385s] INFO:colcon.colcon_core.shell:Creating package script '/home/sebas/mbehu_restored_ws/install/mbehu_bot/share/mbehu_bot/package.ps1'
[4.393s] INFO:colcon.colcon_core.shell:Creating package descriptor '/home/sebas/mbehu_restored_ws/install/mbehu_bot/share/mbehu_bot/package.dsv'
[4.396s] INFO:colcon.colcon_core.shell:Creating package script '/home/sebas/mbehu_restored_ws/install/mbehu_bot/share/mbehu_bot/package.sh'
[4.401s] INFO:colcon.colcon_core.shell:Creating package script '/home/sebas/mbehu_restored_ws/install/mbehu_bot/share/mbehu_bot/package.bash'
[4.407s] INFO:colcon.colcon_core.shell:Creating package script '/home/sebas/mbehu_restored_ws/install/mbehu_bot/share/mbehu_bot/package.zsh'
[4.413s] Level 1:colcon.colcon_core.environment:create_file_with_runtime_dependencies(/home/sebas/mbehu_restored_ws/install/mbehu_bot/share/colcon-core/packages/mbehu_bot)
[4.467s] DEBUG:colcon.colcon_core.event_handler.log_command:Invoking command in '/home/sebas/mbehu_restored_ws/build/ldlidar_sl_ros2': CMAKE_PREFIX_PATH=${CMAKE_PREFIX_PATH}:/home/sebas/mbehu_restored_ws/install/serial_motor_demo:/home/sebas/mbehu_ws/install/ultrasonico:/home/sebas/mbehu_ws/install/mpu6050_pkg:/home/sebas/mbehu_ws/install/mpu6050:/opt/ros/foxy /usr/bin/cmake --install /home/sebas/mbehu_restored_ws/build/ldlidar_sl_ros2
[4.571s] DEBUG:colcon.colcon_core.event_handler.log_command:Invoking command in '/home/sebas/mbehu_restored_ws/build/serial': CMAKE_PREFIX_PATH=${CMAKE_PREFIX_PATH}:/home/sebas/mbehu_restored_ws/install/serial_motor_demo:/home/sebas/mbehu_ws/install/ultrasonico:/home/sebas/mbehu_ws/install/mpu6050_pkg:/home/sebas/mbehu_ws/install/mpu6050:/opt/ros/foxy /usr/bin/cmake --install /home/sebas/mbehu_restored_ws/build/serial
[4.655s] Level 1:colcon.colcon_core.environment:create_environment_scripts_only(ldlidar_sl_ros2)
[4.668s] Level 1:colcon.colcon_core.environment:checking '/home/sebas/mbehu_restored_ws/install/ldlidar_sl_ros2' for CMake module files
[4.676s] DEBUG:colcon.colcon_core.event_handler.log_command:Invoked command in '/home/sebas/mbehu_restored_ws/build/ldlidar_sl_ros2' returned '0': CMAKE_PREFIX_PATH=${CMAKE_PREFIX_PATH}:/home/sebas/mbehu_restored_ws/install/serial_motor_demo:/home/sebas/mbehu_ws/install/ultrasonico:/home/sebas/mbehu_ws/install/mpu6050_pkg:/home/sebas/mbehu_ws/install/mpu6050:/opt/ros/foxy /usr/bin/cmake --install /home/sebas/mbehu_restored_ws/build/ldlidar_sl_ros2
[4.693s] Level 1:colcon.colcon_core.environment:checking '/home/sebas/mbehu_restored_ws/install/ldlidar_sl_ros2' for CMake config files
[4.695s] Level 1:colcon.colcon_core.shell:create_environment_hook('ldlidar_sl_ros2', 'cmake_prefix_path')
[4.703s] INFO:colcon.colcon_core.shell:Creating environment hook '/home/sebas/mbehu_restored_ws/install/ldlidar_sl_ros2/share/ldlidar_sl_ros2/hook/cmake_prefix_path.ps1'
[4.707s] INFO:colcon.colcon_core.shell:Creating environment descriptor '/home/sebas/mbehu_restored_ws/install/ldlidar_sl_ros2/share/ldlidar_sl_ros2/hook/cmake_prefix_path.dsv'
[4.709s] INFO:colcon.colcon_core.shell:Creating environment hook '/home/sebas/mbehu_restored_ws/install/ldlidar_sl_ros2/share/ldlidar_sl_ros2/hook/cmake_prefix_path.sh'
[4.713s] Level 1:colcon.colcon_core.environment:checking '/home/sebas/mbehu_restored_ws/install/ldlidar_sl_ros2/lib'
[4.714s] Level 1:colcon.colcon_core.environment:checking '/home/sebas/mbehu_restored_ws/install/ldlidar_sl_ros2/bin'
[4.714s] Level 1:colcon.colcon_core.environment:checking '/home/sebas/mbehu_restored_ws/install/ldlidar_sl_ros2/lib/pkgconfig/ldlidar_sl_ros2.pc'
[4.716s] Level 1:colcon.colcon_core.environment:checking '/home/sebas/mbehu_restored_ws/install/ldlidar_sl_ros2/lib/python3.8/site-packages'
[4.717s] Level 1:colcon.colcon_core.environment:checking '/home/sebas/mbehu_restored_ws/install/ldlidar_sl_ros2/bin'
[4.725s] INFO:colcon.colcon_core.shell:Creating package script '/home/sebas/mbehu_restored_ws/install/ldlidar_sl_ros2/share/ldlidar_sl_ros2/package.ps1'
[4.728s] INFO:colcon.colcon_core.shell:Creating package descriptor '/home/sebas/mbehu_restored_ws/install/ldlidar_sl_ros2/share/ldlidar_sl_ros2/package.dsv'
[4.731s] INFO:colcon.colcon_core.shell:Creating package script '/home/sebas/mbehu_restored_ws/install/ldlidar_sl_ros2/share/ldlidar_sl_ros2/package.sh'
[4.734s] INFO:colcon.colcon_core.shell:Creating package script '/home/sebas/mbehu_restored_ws/install/ldlidar_sl_ros2/share/ldlidar_sl_ros2/package.bash'
[4.737s] INFO:colcon.colcon_core.shell:Creating package script '/home/sebas/mbehu_restored_ws/install/ldlidar_sl_ros2/share/ldlidar_sl_ros2/package.zsh'
[4.740s] Level 1:colcon.colcon_core.environment:create_file_with_runtime_dependencies(/home/sebas/mbehu_restored_ws/install/ldlidar_sl_ros2/share/colcon-core/packages/ldlidar_sl_ros2)
[4.778s] Level 1:colcon.colcon_core.environment:create_environment_scripts_only(mbehu_bot)
[4.795s] Level 1:colcon.colcon_core.environment:checking '/home/sebas/mbehu_restored_ws/install/mbehu_bot' for CMake module files
[4.800s] Level 1:colcon.colcon_core.environment:checking '/home/sebas/mbehu_restored_ws/install/mbehu_bot' for CMake config files
[4.803s] Level 1:colcon.colcon_core.shell:create_environment_hook('mbehu_bot', 'cmake_prefix_path')
[4.810s] INFO:colcon.colcon_core.shell:Creating environment hook '/home/sebas/mbehu_restored_ws/install/mbehu_bot/share/mbehu_bot/hook/cmake_prefix_path.ps1'
[4.813s] INFO:colcon.colcon_core.shell:Creating environment descriptor '/home/sebas/mbehu_restored_ws/install/mbehu_bot/share/mbehu_bot/hook/cmake_prefix_path.dsv'
[4.816s] INFO:colcon.colcon_core.shell:Creating environment hook '/home/sebas/mbehu_restored_ws/install/mbehu_bot/share/mbehu_bot/hook/cmake_prefix_path.sh'
[4.820s] Level 1:colcon.colcon_core.environment:checking '/home/sebas/mbehu_restored_ws/install/mbehu_bot/bin'
[4.821s] Level 1:colcon.colcon_core.environment:checking '/home/sebas/mbehu_restored_ws/install/mbehu_bot/lib/pkgconfig/mbehu_bot.pc'
[4.822s] Level 1:colcon.colcon_core.environment:checking '/home/sebas/mbehu_restored_ws/install/mbehu_bot/lib/python3.8/site-packages'
[4.823s] Level 1:colcon.colcon_core.environment:checking '/home/sebas/mbehu_restored_ws/install/mbehu_bot/bin'
[4.832s] INFO:colcon.colcon_core.shell:Creating package script '/home/sebas/mbehu_restored_ws/install/mbehu_bot/share/mbehu_bot/package.ps1'
[4.835s] INFO:colcon.colcon_core.shell:Creating package descriptor '/home/sebas/mbehu_restored_ws/install/mbehu_bot/share/mbehu_bot/package.dsv'
[4.838s] INFO:colcon.colcon_core.shell:Creating package script '/home/sebas/mbehu_restored_ws/install/mbehu_bot/share/mbehu_bot/package.sh'
[4.841s] INFO:colcon.colcon_core.shell:Creating package script '/home/sebas/mbehu_restored_ws/install/mbehu_bot/share/mbehu_bot/package.bash'
[4.844s] INFO:colcon.colcon_core.shell:Creating package script '/home/sebas/mbehu_restored_ws/install/mbehu_bot/share/mbehu_bot/package.zsh'
[4.847s] Level 1:colcon.colcon_core.environment:create_file_with_runtime_dependencies(/home/sebas/mbehu_restored_ws/install/mbehu_bot/share/colcon-core/packages/mbehu_bot)
[4.861s] Level 1:colcon.colcon_core.environment:create_environment_scripts_only(serial)
[4.873s] Level 1:colcon.colcon_core.environment:checking '/home/sebas/mbehu_restored_ws/install/serial' for CMake module files
[4.874s] DEBUG:colcon.colcon_core.event_handler.log_command:Invoked command in '/home/sebas/mbehu_restored_ws/build/serial' returned '0': CMAKE_PREFIX_PATH=${CMAKE_PREFIX_PATH}:/home/sebas/mbehu_restored_ws/install/serial_motor_demo:/home/sebas/mbehu_ws/install/ultrasonico:/home/sebas/mbehu_ws/install/mpu6050_pkg:/home/sebas/mbehu_ws/install/mpu6050:/opt/ros/foxy /usr/bin/cmake --install /home/sebas/mbehu_restored_ws/build/serial
[4.878s] Level 1:colcon.colcon_core.environment:checking '/home/sebas/mbehu_restored_ws/install/serial' for CMake config files
[4.881s] Level 1:colcon.colcon_core.shell:create_environment_hook('serial', 'cmake_prefix_path')
[4.890s] INFO:colcon.colcon_core.shell:Creating environment hook '/home/sebas/mbehu_restored_ws/install/serial/share/serial/hook/cmake_prefix_path.ps1'
[4.893s] INFO:colcon.colcon_core.shell:Creating environment descriptor '/home/sebas/mbehu_restored_ws/install/serial/share/serial/hook/cmake_prefix_path.dsv'
[4.896s] INFO:colcon.colcon_core.shell:Creating environment hook '/home/sebas/mbehu_restored_ws/install/serial/share/serial/hook/cmake_prefix_path.sh'
[4.900s] Level 1:colcon.colcon_core.environment:checking '/home/sebas/mbehu_restored_ws/install/serial/lib'
[4.901s] Level 1:colcon.colcon_core.environment:checking '/home/sebas/mbehu_restored_ws/install/serial/bin'
[4.902s] Level 1:colcon.colcon_core.environment:checking '/home/sebas/mbehu_restored_ws/install/serial/lib/pkgconfig/serial.pc'
[4.904s] Level 1:colcon.colcon_core.environment:checking '/home/sebas/mbehu_restored_ws/install/serial/lib/python3.8/site-packages'
[4.905s] Level 1:colcon.colcon_core.environment:checking '/home/sebas/mbehu_restored_ws/install/serial/bin'
[4.915s] INFO:colcon.colcon_core.shell:Creating package script '/home/sebas/mbehu_restored_ws/install/serial/share/serial/package.ps1'
[4.920s] INFO:colcon.colcon_core.shell:Creating package descriptor '/home/sebas/mbehu_restored_ws/install/serial/share/serial/package.dsv'
[4.923s] INFO:colcon.colcon_core.shell:Creating package script '/home/sebas/mbehu_restored_ws/install/serial/share/serial/package.sh'
[4.931s] INFO:colcon.colcon_core.shell:Creating package script '/home/sebas/mbehu_restored_ws/install/serial/share/serial/package.bash'
[4.933s] INFO:colcon.colcon_core.shell:Creating package script '/home/sebas/mbehu_restored_ws/install/serial/share/serial/package.zsh'
[4.936s] Level 1:colcon.colcon_core.environment:create_file_with_runtime_dependencies(/home/sebas/mbehu_restored_ws/install/serial/share/colcon-core/packages/serial)
[5.177s] Level 1:colcon.colcon_core.environment:create_environment_scripts_only(ldlidar_sl_ros2)
[5.196s] Level 1:colcon.colcon_core.environment:checking '/home/sebas/mbehu_restored_ws/install/ldlidar_sl_ros2' for CMake module files
[5.200s] Level 1:colcon.colcon_core.environment:checking '/home/sebas/mbehu_restored_ws/install/ldlidar_sl_ros2' for CMake config files
[5.202s] Level 1:colcon.colcon_core.shell:create_environment_hook('ldlidar_sl_ros2', 'cmake_prefix_path')
[5.211s] INFO:colcon.colcon_core.shell:Creating environment hook '/home/sebas/mbehu_restored_ws/install/ldlidar_sl_ros2/share/ldlidar_sl_ros2/hook/cmake_prefix_path.ps1'
[5.214s] INFO:colcon.colcon_core.shell:Creating environment descriptor '/home/sebas/mbehu_restored_ws/install/ldlidar_sl_ros2/share/ldlidar_sl_ros2/hook/cmake_prefix_path.dsv'
[5.217s] INFO:colcon.colcon_core.shell:Creating environment hook '/home/sebas/mbehu_restored_ws/install/ldlidar_sl_ros2/share/ldlidar_sl_ros2/hook/cmake_prefix_path.sh'
[5.223s] Level 1:colcon.colcon_core.environment:checking '/home/sebas/mbehu_restored_ws/install/ldlidar_sl_ros2/lib'
[5.227s] Level 1:colcon.colcon_core.environment:checking '/home/sebas/mbehu_restored_ws/install/ldlidar_sl_ros2/bin'
[5.229s] Level 1:colcon.colcon_core.environment:checking '/home/sebas/mbehu_restored_ws/install/ldlidar_sl_ros2/lib/pkgconfig/ldlidar_sl_ros2.pc'
[5.230s] Level 1:colcon.colcon_core.environment:checking '/home/sebas/mbehu_restored_ws/install/ldlidar_sl_ros2/lib/python3.8/site-packages'
[5.231s] Level 1:colcon.colcon_core.environment:checking '/home/sebas/mbehu_restored_ws/install/ldlidar_sl_ros2/bin'
[5.240s] INFO:colcon.colcon_core.shell:Creating package script '/home/sebas/mbehu_restored_ws/install/ldlidar_sl_ros2/share/ldlidar_sl_ros2/package.ps1'
[5.251s] INFO:colcon.colcon_core.shell:Creating package descriptor '/home/sebas/mbehu_restored_ws/install/ldlidar_sl_ros2/share/ldlidar_sl_ros2/package.dsv'
[5.255s] INFO:colcon.colcon_core.shell:Creating package script '/home/sebas/mbehu_restored_ws/install/ldlidar_sl_ros2/share/ldlidar_sl_ros2/package.sh'
[5.261s] INFO:colcon.colcon_core.shell:Creating package script '/home/sebas/mbehu_restored_ws/install/ldlidar_sl_ros2/share/ldlidar_sl_ros2/package.bash'
[5.271s] INFO:colcon.colcon_core.shell:Creating package script '/home/sebas/mbehu_restored_ws/install/ldlidar_sl_ros2/share/ldlidar_sl_ros2/package.zsh'
[5.274s] Level 1:colcon.colcon_core.environment:create_file_with_runtime_dependencies(/home/sebas/mbehu_restored_ws/install/ldlidar_sl_ros2/share/colcon-core/packages/ldlidar_sl_ros2)
[5.372s] DEBUG:colcon.colcon_core.event_handler.log_command:Invoked command in '/home/sebas/mbehu_restored_ws/build/serial_motor_demo_msgs' returned '0': CMAKE_PREFIX_PATH=${CMAKE_PREFIX_PATH}:/home/sebas/mbehu_restored_ws/install/serial_motor_demo:/home/sebas/mbehu_ws/install/ultrasonico:/home/sebas/mbehu_ws/install/mpu6050_pkg:/home/sebas/mbehu_ws/install/mpu6050:/opt/ros/foxy /usr/bin/cmake --build /home/sebas/mbehu_restored_ws/build/serial_motor_demo_msgs -- -j4 -l4
[5.395s] Level 1:colcon.colcon_core.environment:create_environment_scripts_only(serial)
[5.408s] Level 1:colcon.colcon_core.environment:checking '/home/sebas/mbehu_restored_ws/install/serial' for CMake module files
[5.413s] Level 1:colcon.colcon_core.environment:checking '/home/sebas/mbehu_restored_ws/install/serial' for CMake config files
[5.416s] Level 1:colcon.colcon_core.shell:create_environment_hook('serial', 'cmake_prefix_path')
[5.425s] INFO:colcon.colcon_core.shell:Creating environment hook '/home/sebas/mbehu_restored_ws/install/serial/share/serial/hook/cmake_prefix_path.ps1'
[5.428s] INFO:colcon.colcon_core.shell:Creating environment descriptor '/home/sebas/mbehu_restored_ws/install/serial/share/serial/hook/cmake_prefix_path.dsv'
[5.430s] INFO:colcon.colcon_core.shell:Creating environment hook '/home/sebas/mbehu_restored_ws/install/serial/share/serial/hook/cmake_prefix_path.sh'
[5.434s] Level 1:colcon.colcon_core.environment:checking '/home/sebas/mbehu_restored_ws/install/serial/lib'
[5.435s] Level 1:colcon.colcon_core.environment:checking '/home/sebas/mbehu_restored_ws/install/serial/bin'
[5.435s] Level 1:colcon.colcon_core.environment:checking '/home/sebas/mbehu_restored_ws/install/serial/lib/pkgconfig/serial.pc'
[5.437s] Level 1:colcon.colcon_core.environment:checking '/home/sebas/mbehu_restored_ws/install/serial/lib/python3.8/site-packages'
[5.438s] Level 1:colcon.colcon_core.environment:checking '/home/sebas/mbehu_restored_ws/install/serial/bin'
[5.446s] INFO:colcon.colcon_core.shell:Creating package script '/home/sebas/mbehu_restored_ws/install/serial/share/serial/package.ps1'
[5.449s] INFO:colcon.colcon_core.shell:Creating package descriptor '/home/sebas/mbehu_restored_ws/install/serial/share/serial/package.dsv'
[5.452s] INFO:colcon.colcon_core.shell:Creating package script '/home/sebas/mbehu_restored_ws/install/serial/share/serial/package.sh'
[5.455s] INFO:colcon.colcon_core.shell:Creating package script '/home/sebas/mbehu_restored_ws/install/serial/share/serial/package.bash'
[5.458s] INFO:colcon.colcon_core.shell:Creating package script '/home/sebas/mbehu_restored_ws/install/serial/share/serial/package.zsh'
[5.461s] Level 1:colcon.colcon_core.environment:create_file_with_runtime_dependencies(/home/sebas/mbehu_restored_ws/install/serial/share/colcon-core/packages/serial)
[5.464s] INFO:colcon.colcon_ros.task.ament_cmake.build:Building ROS package in '/home/sebas/mbehu_restored_ws/src/diffdrive_arduino' with build type 'ament_cmake'
[5.465s] INFO:colcon.colcon_cmake.task.cmake.build:Building CMake package in '/home/sebas/mbehu_restored_ws/src/diffdrive_arduino'
[5.473s] INFO:colcon.colcon_core.shell:Skip shell extension 'powershell' for command environment: Not usable outside of PowerShell
[5.474s] DEBUG:colcon.colcon_core.shell:Skip shell extension 'dsv' for command environment
[5.580s] DEBUG:colcon.colcon_core.event_handler.log_command:Invoking command in '/home/sebas/mbehu_restored_ws/build/diffdrive_arduino': CMAKE_PREFIX_PATH=/home/sebas/mbehu_restored_ws/install/serial:/home/sebas/mbehu_restored_ws/install/serial_motor_demo_msgs:/home/sebas/mbehu_restored_ws/install/diffdrive_arduino:/home/sebas/mbehu_restored_ws/install/mbehu_bot:/home/sebas/mbehu_restored_ws/install/ldlidar_sl_ros2:/home/sebas/mbehu_ws/install/diffdrive_arduino:/home/sebas/mbehu_ws/install/serial:/home/sebas/mbehu_ws/install/mbehu_bot:/home/sebas/mbehu_ws/install/ldlidar_sl_ros2:/home/sebas/mbehu_ws/install/imu_driver:/home/sebas/mbehu_restored_ws/install/serial_motor_demo:/home/sebas/mbehu_ws/install/ultrasonico:/home/sebas/mbehu_ws/install/mpu6050_pkg:/home/sebas/mbehu_ws/install/mpu6050:/opt/ros/foxy /usr/bin/cmake --build /home/sebas/mbehu_restored_ws/build/diffdrive_arduino -- -j4 -l4
[6.059s] DEBUG:colcon.colcon_core.event_handler.log_command:Invoking command in '/home/sebas/mbehu_restored_ws/build/serial_motor_demo_msgs': CMAKE_PREFIX_PATH=${CMAKE_PREFIX_PATH}:/home/sebas/mbehu_restored_ws/install/serial_motor_demo:/home/sebas/mbehu_ws/install/ultrasonico:/home/sebas/mbehu_ws/install/mpu6050_pkg:/home/sebas/mbehu_ws/install/mpu6050:/opt/ros/foxy /usr/bin/cmake --install /home/sebas/mbehu_restored_ws/build/serial_motor_demo_msgs
[6.109s] DEBUG:colcon.colcon_core.event_handler.log_command:Invoked command in '/home/sebas/mbehu_restored_ws/build/diffdrive_arduino' returned '0': CMAKE_PREFIX_PATH=/home/sebas/mbehu_restored_ws/install/serial:/home/sebas/mbehu_restored_ws/install/serial_motor_demo_msgs:/home/sebas/mbehu_restored_ws/install/diffdrive_arduino:/home/sebas/mbehu_restored_ws/install/mbehu_bot:/home/sebas/mbehu_restored_ws/install/ldlidar_sl_ros2:/home/sebas/mbehu_ws/install/diffdrive_arduino:/home/sebas/mbehu_ws/install/serial:/home/sebas/mbehu_ws/install/mbehu_bot:/home/sebas/mbehu_ws/install/ldlidar_sl_ros2:/home/sebas/mbehu_ws/install/imu_driver:/home/sebas/mbehu_restored_ws/install/serial_motor_demo:/home/sebas/mbehu_ws/install/ultrasonico:/home/sebas/mbehu_ws/install/mpu6050_pkg:/home/sebas/mbehu_ws/install/mpu6050:/opt/ros/foxy /usr/bin/cmake --build /home/sebas/mbehu_restored_ws/build/diffdrive_arduino -- -j4 -l4
[6.370s] DEBUG:colcon.colcon_core.event_handler.log_command:Invoking command in '/home/sebas/mbehu_restored_ws/build/diffdrive_arduino': CMAKE_PREFIX_PATH=/home/sebas/mbehu_restored_ws/install/serial:/home/sebas/mbehu_restored_ws/install/serial_motor_demo_msgs:/home/sebas/mbehu_restored_ws/install/diffdrive_arduino:/home/sebas/mbehu_restored_ws/install/mbehu_bot:/home/sebas/mbehu_restored_ws/install/ldlidar_sl_ros2:/home/sebas/mbehu_ws/install/diffdrive_arduino:/home/sebas/mbehu_ws/install/serial:/home/sebas/mbehu_ws/install/mbehu_bot:/home/sebas/mbehu_ws/install/ldlidar_sl_ros2:/home/sebas/mbehu_ws/install/imu_driver:/home/sebas/mbehu_restored_ws/install/serial_motor_demo:/home/sebas/mbehu_ws/install/ultrasonico:/home/sebas/mbehu_ws/install/mpu6050_pkg:/home/sebas/mbehu_ws/install/mpu6050:/opt/ros/foxy /usr/bin/cmake --install /home/sebas/mbehu_restored_ws/build/diffdrive_arduino
[6.539s] Level 1:colcon.colcon_core.environment:create_environment_scripts_only(diffdrive_arduino)
[6.551s] Level 1:colcon.colcon_core.environment:checking '/home/sebas/mbehu_restored_ws/install/diffdrive_arduino' for CMake module files
[6.551s] DEBUG:colcon.colcon_core.event_handler.log_command:Invoked command in '/home/sebas/mbehu_restored_ws/build/diffdrive_arduino' returned '0': CMAKE_PREFIX_PATH=/home/sebas/mbehu_restored_ws/install/serial:/home/sebas/mbehu_restored_ws/install/serial_motor_demo_msgs:/home/sebas/mbehu_restored_ws/install/diffdrive_arduino:/home/sebas/mbehu_restored_ws/install/mbehu_bot:/home/sebas/mbehu_restored_ws/install/ldlidar_sl_ros2:/home/sebas/mbehu_ws/install/diffdrive_arduino:/home/sebas/mbehu_ws/install/serial:/home/sebas/mbehu_ws/install/mbehu_bot:/home/sebas/mbehu_ws/install/ldlidar_sl_ros2:/home/sebas/mbehu_ws/install/imu_driver:/home/sebas/mbehu_restored_ws/install/serial_motor_demo:/home/sebas/mbehu_ws/install/ultrasonico:/home/sebas/mbehu_ws/install/mpu6050_pkg:/home/sebas/mbehu_ws/install/mpu6050:/opt/ros/foxy /usr/bin/cmake --install /home/sebas/mbehu_restored_ws/build/diffdrive_arduino
[6.555s] Level 1:colcon.colcon_core.environment:checking '/home/sebas/mbehu_restored_ws/install/diffdrive_arduino' for CMake config files
[6.557s] Level 1:colcon.colcon_core.shell:create_environment_hook('diffdrive_arduino', 'cmake_prefix_path')
[6.564s] INFO:colcon.colcon_core.shell:Creating environment hook '/home/sebas/mbehu_restored_ws/install/diffdrive_arduino/share/diffdrive_arduino/hook/cmake_prefix_path.ps1'
[6.566s] INFO:colcon.colcon_core.shell:Creating environment descriptor '/home/sebas/mbehu_restored_ws/install/diffdrive_arduino/share/diffdrive_arduino/hook/cmake_prefix_path.dsv'
[6.568s] INFO:colcon.colcon_core.shell:Creating environment hook '/home/sebas/mbehu_restored_ws/install/diffdrive_arduino/share/diffdrive_arduino/hook/cmake_prefix_path.sh'
[6.571s] Level 1:colcon.colcon_core.environment:checking '/home/sebas/mbehu_restored_ws/install/diffdrive_arduino/lib'
[6.572s] Level 1:colcon.colcon_core.shell:create_environment_hook('diffdrive_arduino', 'ld_library_path_lib')
[6.579s] INFO:colcon.colcon_core.shell:Creating environment hook '/home/sebas/mbehu_restored_ws/install/diffdrive_arduino/share/diffdrive_arduino/hook/ld_library_path_lib.ps1'
[6.582s] INFO:colcon.colcon_core.shell:Creating environment descriptor '/home/sebas/mbehu_restored_ws/install/diffdrive_arduino/share/diffdrive_arduino/hook/ld_library_path_lib.dsv'
[6.584s] INFO:colcon.colcon_core.shell:Creating environment hook '/home/sebas/mbehu_restored_ws/install/diffdrive_arduino/share/diffdrive_arduino/hook/ld_library_path_lib.sh'
[6.586s] Level 1:colcon.colcon_core.environment:checking '/home/sebas/mbehu_restored_ws/install/diffdrive_arduino/bin'
[6.586s] Level 1:colcon.colcon_core.environment:checking '/home/sebas/mbehu_restored_ws/install/diffdrive_arduino/lib/pkgconfig/diffdrive_arduino.pc'
[6.588s] Level 1:colcon.colcon_core.environment:checking '/home/sebas/mbehu_restored_ws/install/diffdrive_arduino/lib/python3.8/site-packages'
[6.589s] Level 1:colcon.colcon_core.environment:checking '/home/sebas/mbehu_restored_ws/install/diffdrive_arduino/bin'
[6.596s] INFO:colcon.colcon_core.shell:Creating package script '/home/sebas/mbehu_restored_ws/install/diffdrive_arduino/share/diffdrive_arduino/package.ps1'
[6.599s] INFO:colcon.colcon_core.shell:Creating package descriptor '/home/sebas/mbehu_restored_ws/install/diffdrive_arduino/share/diffdrive_arduino/package.dsv'
[6.601s] INFO:colcon.colcon_core.shell:Creating package script '/home/sebas/mbehu_restored_ws/install/diffdrive_arduino/share/diffdrive_arduino/package.sh'
[6.604s] INFO:colcon.colcon_core.shell:Creating package script '/home/sebas/mbehu_restored_ws/install/diffdrive_arduino/share/diffdrive_arduino/package.bash'
[6.607s] INFO:colcon.colcon_core.shell:Creating package script '/home/sebas/mbehu_restored_ws/install/diffdrive_arduino/share/diffdrive_arduino/package.zsh'
[6.608s] Level 1:colcon.colcon_core.environment:create_file_with_runtime_dependencies(/home/sebas/mbehu_restored_ws/install/diffdrive_arduino/share/colcon-core/packages/diffdrive_arduino)
[6.693s] Level 1:colcon.colcon_core.environment:create_environment_scripts_only(serial_motor_demo_msgs)
[6.705s] DEBUG:colcon.colcon_core.event_handler.log_command:Invoked command in '/home/sebas/mbehu_restored_ws/build/serial_motor_demo_msgs' returned '0': CMAKE_PREFIX_PATH=${CMAKE_PREFIX_PATH}:/home/sebas/mbehu_restored_ws/install/serial_motor_demo:/home/sebas/mbehu_ws/install/ultrasonico:/home/sebas/mbehu_ws/install/mpu6050_pkg:/home/sebas/mbehu_ws/install/mpu6050:/opt/ros/foxy /usr/bin/cmake --install /home/sebas/mbehu_restored_ws/build/serial_motor_demo_msgs
[6.706s] Level 1:colcon.colcon_core.environment:checking '/home/sebas/mbehu_restored_ws/install/serial_motor_demo_msgs' for CMake module files
[6.711s] Level 1:colcon.colcon_core.environment:checking '/home/sebas/mbehu_restored_ws/install/serial_motor_demo_msgs' for CMake config files
[6.717s] Level 1:colcon.colcon_core.shell:create_environment_hook('serial_motor_demo_msgs', 'cmake_prefix_path')
[6.725s] INFO:colcon.colcon_core.shell:Creating environment hook '/home/sebas/mbehu_restored_ws/install/serial_motor_demo_msgs/share/serial_motor_demo_msgs/hook/cmake_prefix_path.ps1'
[6.728s] INFO:colcon.colcon_core.shell:Creating environment descriptor '/home/sebas/mbehu_restored_ws/install/serial_motor_demo_msgs/share/serial_motor_demo_msgs/hook/cmake_prefix_path.dsv'
[6.730s] INFO:colcon.colcon_core.shell:Creating environment hook '/home/sebas/mbehu_restored_ws/install/serial_motor_demo_msgs/share/serial_motor_demo_msgs/hook/cmake_prefix_path.sh'
[6.734s] Level 1:colcon.colcon_core.environment:checking '/home/sebas/mbehu_restored_ws/install/serial_motor_demo_msgs/lib'
[6.735s] Level 1:colcon.colcon_core.shell:create_environment_hook('serial_motor_demo_msgs', 'ld_library_path_lib')
[6.741s] INFO:colcon.colcon_core.shell:Creating environment hook '/home/sebas/mbehu_restored_ws/install/serial_motor_demo_msgs/share/serial_motor_demo_msgs/hook/ld_library_path_lib.ps1'
[6.743s] INFO:colcon.colcon_core.shell:Creating environment descriptor '/home/sebas/mbehu_restored_ws/install/serial_motor_demo_msgs/share/serial_motor_demo_msgs/hook/ld_library_path_lib.dsv'
[6.745s] INFO:colcon.colcon_core.shell:Creating environment hook '/home/sebas/mbehu_restored_ws/install/serial_motor_demo_msgs/share/serial_motor_demo_msgs/hook/ld_library_path_lib.sh'
[6.748s] Level 1:colcon.colcon_core.environment:checking '/home/sebas/mbehu_restored_ws/install/serial_motor_demo_msgs/bin'
[6.748s] Level 1:colcon.colcon_core.environment:checking '/home/sebas/mbehu_restored_ws/install/serial_motor_demo_msgs/lib/pkgconfig/serial_motor_demo_msgs.pc'
[6.750s] Level 1:colcon.colcon_core.environment:checking '/home/sebas/mbehu_restored_ws/install/serial_motor_demo_msgs/lib/python3.8/site-packages'
[6.750s] Level 1:colcon.colcon_core.shell:create_environment_hook('serial_motor_demo_msgs', 'pythonpath')
[6.757s] INFO:colcon.colcon_core.shell:Creating environment hook '/home/sebas/mbehu_restored_ws/install/serial_motor_demo_msgs/share/serial_motor_demo_msgs/hook/pythonpath.ps1'
[6.759s] INFO:colcon.colcon_core.shell:Creating environment descriptor '/home/sebas/mbehu_restored_ws/install/serial_motor_demo_msgs/share/serial_motor_demo_msgs/hook/pythonpath.dsv'
[6.761s] INFO:colcon.colcon_core.shell:Creating environment hook '/home/sebas/mbehu_restored_ws/install/serial_motor_demo_msgs/share/serial_motor_demo_msgs/hook/pythonpath.sh'
[6.764s] Level 1:colcon.colcon_core.environment:checking '/home/sebas/mbehu_restored_ws/install/serial_motor_demo_msgs/bin'
[6.772s] INFO:colcon.colcon_core.shell:Creating package script '/home/sebas/mbehu_restored_ws/install/serial_motor_demo_msgs/share/serial_motor_demo_msgs/package.ps1'
[6.775s] INFO:colcon.colcon_core.shell:Creating package descriptor '/home/sebas/mbehu_restored_ws/install/serial_motor_demo_msgs/share/serial_motor_demo_msgs/package.dsv'
[6.779s] INFO:colcon.colcon_core.shell:Creating package script '/home/sebas/mbehu_restored_ws/install/serial_motor_demo_msgs/share/serial_motor_demo_msgs/package.sh'
[6.782s] INFO:colcon.colcon_core.shell:Creating package script '/home/sebas/mbehu_restored_ws/install/serial_motor_demo_msgs/share/serial_motor_demo_msgs/package.bash'
[6.784s] INFO:colcon.colcon_core.shell:Creating package script '/home/sebas/mbehu_restored_ws/install/serial_motor_demo_msgs/share/serial_motor_demo_msgs/package.zsh'
[6.787s] Level 1:colcon.colcon_core.environment:create_file_with_runtime_dependencies(/home/sebas/mbehu_restored_ws/install/serial_motor_demo_msgs/share/colcon-core/packages/serial_motor_demo_msgs)
[6.841s] Level 1:colcon.colcon_core.environment:create_environment_scripts_only(diffdrive_arduino)
[6.854s] Level 1:colcon.colcon_core.environment:checking '/home/sebas/mbehu_restored_ws/install/diffdrive_arduino' for CMake module files
[6.858s] Level 1:colcon.colcon_core.environment:checking '/home/sebas/mbehu_restored_ws/install/diffdrive_arduino' for CMake config files
[6.860s] Level 1:colcon.colcon_core.shell:create_environment_hook('diffdrive_arduino', 'cmake_prefix_path')
[6.868s] INFO:colcon.colcon_core.shell:Creating environment hook '/home/sebas/mbehu_restored_ws/install/diffdrive_arduino/share/diffdrive_arduino/hook/cmake_prefix_path.ps1'
[6.870s] INFO:colcon.colcon_core.shell:Creating environment descriptor '/home/sebas/mbehu_restored_ws/install/diffdrive_arduino/share/diffdrive_arduino/hook/cmake_prefix_path.dsv'
[6.873s] INFO:colcon.colcon_core.shell:Creating environment hook '/home/sebas/mbehu_restored_ws/install/diffdrive_arduino/share/diffdrive_arduino/hook/cmake_prefix_path.sh'
[6.877s] Level 1:colcon.colcon_core.environment:checking '/home/sebas/mbehu_restored_ws/install/diffdrive_arduino/lib'
[6.878s] Level 1:colcon.colcon_core.shell:create_environment_hook('diffdrive_arduino', 'ld_library_path_lib')
[6.886s] INFO:colcon.colcon_core.shell:Creating environment hook '/home/sebas/mbehu_restored_ws/install/diffdrive_arduino/share/diffdrive_arduino/hook/ld_library_path_lib.ps1'
[6.889s] INFO:colcon.colcon_core.shell:Creating environment descriptor '/home/sebas/mbehu_restored_ws/install/diffdrive_arduino/share/diffdrive_arduino/hook/ld_library_path_lib.dsv'
[6.891s] INFO:colcon.colcon_core.shell:Creating environment hook '/home/sebas/mbehu_restored_ws/install/diffdrive_arduino/share/diffdrive_arduino/hook/ld_library_path_lib.sh'
[6.894s] Level 1:colcon.colcon_core.environment:checking '/home/sebas/mbehu_restored_ws/install/diffdrive_arduino/bin'
[6.895s] Level 1:colcon.colcon_core.environment:checking '/home/sebas/mbehu_restored_ws/install/diffdrive_arduino/lib/pkgconfig/diffdrive_arduino.pc'
[6.896s] Level 1:colcon.colcon_core.environment:checking '/home/sebas/mbehu_restored_ws/install/diffdrive_arduino/lib/python3.8/site-packages'
[6.897s] Level 1:colcon.colcon_core.environment:checking '/home/sebas/mbehu_restored_ws/install/diffdrive_arduino/bin'
[6.905s] INFO:colcon.colcon_core.shell:Creating package script '/home/sebas/mbehu_restored_ws/install/diffdrive_arduino/share/diffdrive_arduino/package.ps1'
[6.908s] INFO:colcon.colcon_core.shell:Creating package descriptor '/home/sebas/mbehu_restored_ws/install/diffdrive_arduino/share/diffdrive_arduino/package.dsv'
[6.912s] INFO:colcon.colcon_core.shell:Creating package script '/home/sebas/mbehu_restored_ws/install/diffdrive_arduino/share/diffdrive_arduino/package.sh'
[6.915s] INFO:colcon.colcon_core.shell:Creating package script '/home/sebas/mbehu_restored_ws/install/diffdrive_arduino/share/diffdrive_arduino/package.bash'
[6.918s] INFO:colcon.colcon_core.shell:Creating package script '/home/sebas/mbehu_restored_ws/install/diffdrive_arduino/share/diffdrive_arduino/package.zsh'
[6.921s] Level 1:colcon.colcon_core.environment:create_file_with_runtime_dependencies(/home/sebas/mbehu_restored_ws/install/diffdrive_arduino/share/colcon-core/packages/diffdrive_arduino)
[7.426s] Level 1:colcon.colcon_core.environment:create_environment_scripts_only(serial_motor_demo_msgs)
[7.438s] Level 1:colcon.colcon_core.environment:checking '/home/sebas/mbehu_restored_ws/install/serial_motor_demo_msgs' for CMake module files
[7.443s] Level 1:colcon.colcon_core.environment:checking '/home/sebas/mbehu_restored_ws/install/serial_motor_demo_msgs' for CMake config files
[7.449s] Level 1:colcon.colcon_core.shell:create_environment_hook('serial_motor_demo_msgs', 'cmake_prefix_path')
[7.457s] INFO:colcon.colcon_core.shell:Creating environment hook '/home/sebas/mbehu_restored_ws/install/serial_motor_demo_msgs/share/serial_motor_demo_msgs/hook/cmake_prefix_path.ps1'
[7.459s] INFO:colcon.colcon_core.shell:Creating environment descriptor '/home/sebas/mbehu_restored_ws/install/serial_motor_demo_msgs/share/serial_motor_demo_msgs/hook/cmake_prefix_path.dsv'
[7.461s] INFO:colcon.colcon_core.shell:Creating environment hook '/home/sebas/mbehu_restored_ws/install/serial_motor_demo_msgs/share/serial_motor_demo_msgs/hook/cmake_prefix_path.sh'
[7.464s] Level 1:colcon.colcon_core.environment:checking '/home/sebas/mbehu_restored_ws/install/serial_motor_demo_msgs/lib'
[7.465s] Level 1:colcon.colcon_core.shell:create_environment_hook('serial_motor_demo_msgs', 'ld_library_path_lib')
[7.472s] INFO:colcon.colcon_core.shell:Creating environment hook '/home/sebas/mbehu_restored_ws/install/serial_motor_demo_msgs/share/serial_motor_demo_msgs/hook/ld_library_path_lib.ps1'
[7.474s] INFO:colcon.colcon_core.shell:Creating environment descriptor '/home/sebas/mbehu_restored_ws/install/serial_motor_demo_msgs/share/serial_motor_demo_msgs/hook/ld_library_path_lib.dsv'
[7.476s] INFO:colcon.colcon_core.shell:Creating environment hook '/home/sebas/mbehu_restored_ws/install/serial_motor_demo_msgs/share/serial_motor_demo_msgs/hook/ld_library_path_lib.sh'
[7.479s] Level 1:colcon.colcon_core.environment:checking '/home/sebas/mbehu_restored_ws/install/serial_motor_demo_msgs/bin'
[7.479s] Level 1:colcon.colcon_core.environment:checking '/home/sebas/mbehu_restored_ws/install/serial_motor_demo_msgs/lib/pkgconfig/serial_motor_demo_msgs.pc'
[7.480s] Level 1:colcon.colcon_core.environment:checking '/home/sebas/mbehu_restored_ws/install/serial_motor_demo_msgs/lib/python3.8/site-packages'
[7.480s] Level 1:colcon.colcon_core.shell:create_environment_hook('serial_motor_demo_msgs', 'pythonpath')
[7.487s] INFO:colcon.colcon_core.shell:Creating environment hook '/home/sebas/mbehu_restored_ws/install/serial_motor_demo_msgs/share/serial_motor_demo_msgs/hook/pythonpath.ps1'
[7.489s] INFO:colcon.colcon_core.shell:Creating environment descriptor '/home/sebas/mbehu_restored_ws/install/serial_motor_demo_msgs/share/serial_motor_demo_msgs/hook/pythonpath.dsv'
[7.491s] INFO:colcon.colcon_core.shell:Creating environment hook '/home/sebas/mbehu_restored_ws/install/serial_motor_demo_msgs/share/serial_motor_demo_msgs/hook/pythonpath.sh'
[7.494s] Level 1:colcon.colcon_core.environment:checking '/home/sebas/mbehu_restored_ws/install/serial_motor_demo_msgs/bin'
[7.503s] INFO:colcon.colcon_core.shell:Creating package script '/home/sebas/mbehu_restored_ws/install/serial_motor_demo_msgs/share/serial_motor_demo_msgs/package.ps1'
[7.507s] INFO:colcon.colcon_core.shell:Creating package descriptor '/home/sebas/mbehu_restored_ws/install/serial_motor_demo_msgs/share/serial_motor_demo_msgs/package.dsv'
[7.510s] INFO:colcon.colcon_core.shell:Creating package script '/home/sebas/mbehu_restored_ws/install/serial_motor_demo_msgs/share/serial_motor_demo_msgs/package.sh'
[7.514s] INFO:colcon.colcon_core.shell:Creating package script '/home/sebas/mbehu_restored_ws/install/serial_motor_demo_msgs/share/serial_motor_demo_msgs/package.bash'
[7.516s] INFO:colcon.colcon_core.shell:Creating package script '/home/sebas/mbehu_restored_ws/install/serial_motor_demo_msgs/share/serial_motor_demo_msgs/package.zsh'
[7.519s] Level 1:colcon.colcon_core.environment:create_file_with_runtime_dependencies(/home/sebas/mbehu_restored_ws/install/serial_motor_demo_msgs/share/colcon-core/packages/serial_motor_demo_msgs)
[7.522s] INFO:colcon.colcon_ros.task.ament_python.build:Building ROS package in '/home/sebas/mbehu_restored_ws/src/serial_motor_demo/serial_motor_demo' with build type 'ament_python'
[7.523s] Level 1:colcon.colcon_core.shell:create_environment_hook('serial_motor_demo', 'ament_prefix_path')
[7.532s] INFO:colcon.colcon_core.shell:Creating environment hook '/home/sebas/mbehu_restored_ws/install/serial_motor_demo/share/serial_motor_demo/hook/ament_prefix_path.ps1'
[7.535s] INFO:colcon.colcon_core.shell:Creating environment descriptor '/home/sebas/mbehu_restored_ws/install/serial_motor_demo/share/serial_motor_demo/hook/ament_prefix_path.dsv'
[7.539s] INFO:colcon.colcon_core.shell:Creating environment hook '/home/sebas/mbehu_restored_ws/install/serial_motor_demo/share/serial_motor_demo/hook/ament_prefix_path.sh'
[7.549s] INFO:colcon.colcon_core.shell:Skip shell extension 'powershell' for command environment: Not usable outside of PowerShell
[7.550s] DEBUG:colcon.colcon_core.shell:Skip shell extension 'dsv' for command environment
[9.103s] INFO:colcon.colcon_core.task.python.build:Building Python package in '/home/sebas/mbehu_restored_ws/src/serial_motor_demo/serial_motor_demo'
[9.116s] INFO:colcon.colcon_core.shell:Skip shell extension 'powershell' for command environment: Not usable outside of PowerShell
[9.116s] DEBUG:colcon.colcon_core.shell:Skip shell extension 'dsv' for command environment
[11.842s] DEBUG:colcon.colcon_core.event_handler.log_command:Invoking command in '/home/sebas/mbehu_restored_ws/build/serial_motor_demo': PYTHONPATH=/home/sebas/mbehu_restored_ws/build/serial_motor_demo/prefix_override:/home/sebas/mbehu_restored_ws/install/serial_motor_demo/lib/python3.8/site-packages:/home/sebas/mbehu_restored_ws/install/serial_motor_demo_msgs/lib/python3.8/site-packages:/home/sebas/mbehu_restored_ws/build/serial_motor_demo:/home/sebas/mbehu_restored_ws/install/serial_motor_demo/lib/python3.8/site-packages:/home/sebas/mbehu_ws/build/ultrasonico:/home/sebas/mbehu_ws/install/ultrasonico/lib/python3.8/site-packages:/home/sebas/mbehu_ws/build/mpu6050_pkg:/home/sebas/mbehu_ws/install/mpu6050_pkg/lib/python3.8/site-packages:/home/sebas/mbehu_ws/build/mpu6050:/home/sebas/mbehu_ws/install/mpu6050/lib/python3.8/site-packages:/opt/ros/foxy/lib/python3.8/site-packages /usr/bin/python3 setup.py develop --editable --build-directory /home/sebas/mbehu_restored_ws/build/serial_motor_demo/build --no-deps install_data
[14.804s] Level 1:colcon.colcon_core.shell:create_environment_hook('serial_motor_demo', 'pythonpath_develop')
[14.813s] INFO:colcon.colcon_core.shell:Creating environment hook '/home/sebas/mbehu_restored_ws/build/serial_motor_demo/share/serial_motor_demo/hook/pythonpath_develop.ps1'
[14.814s] DEBUG:colcon.colcon_core.event_handler.log_command:Invoked command in '/home/sebas/mbehu_restored_ws/build/serial_motor_demo' returned '0': PYTHONPATH=/home/sebas/mbehu_restored_ws/build/serial_motor_demo/prefix_override:/home/sebas/mbehu_restored_ws/install/serial_motor_demo/lib/python3.8/site-packages:/home/sebas/mbehu_restored_ws/install/serial_motor_demo_msgs/lib/python3.8/site-packages:/home/sebas/mbehu_restored_ws/build/serial_motor_demo:/home/sebas/mbehu_restored_ws/install/serial_motor_demo/lib/python3.8/site-packages:/home/sebas/mbehu_ws/build/ultrasonico:/home/sebas/mbehu_ws/install/ultrasonico/lib/python3.8/site-packages:/home/sebas/mbehu_ws/build/mpu6050_pkg:/home/sebas/mbehu_ws/install/mpu6050_pkg/lib/python3.8/site-packages:/home/sebas/mbehu_ws/build/mpu6050:/home/sebas/mbehu_ws/install/mpu6050/lib/python3.8/site-packages:/opt/ros/foxy/lib/python3.8/site-packages /usr/bin/python3 setup.py develop --editable --build-directory /home/sebas/mbehu_restored_ws/build/serial_motor_demo/build --no-deps install_data
[14.817s] INFO:colcon.colcon_core.shell:Creating environment descriptor '/home/sebas/mbehu_restored_ws/build/serial_motor_demo/share/serial_motor_demo/hook/pythonpath_develop.dsv'
[14.819s] INFO:colcon.colcon_core.shell:Creating environment hook '/home/sebas/mbehu_restored_ws/build/serial_motor_demo/share/serial_motor_demo/hook/pythonpath_develop.sh'
[14.831s] Level 1:colcon.colcon_core.environment:checking '/home/sebas/mbehu_restored_ws/install/serial_motor_demo' for CMake module files
[14.834s] Level 1:colcon.colcon_core.environment:checking '/home/sebas/mbehu_restored_ws/install/serial_motor_demo' for CMake config files
[14.838s] Level 1:colcon.colcon_core.environment:checking '/home/sebas/mbehu_restored_ws/install/serial_motor_demo/lib'
[14.838s] Level 1:colcon.colcon_core.environment:checking '/home/sebas/mbehu_restored_ws/install/serial_motor_demo/bin'
[14.839s] Level 1:colcon.colcon_core.environment:checking '/home/sebas/mbehu_restored_ws/install/serial_motor_demo/lib/pkgconfig/serial_motor_demo.pc'
[14.840s] Level 1:colcon.colcon_core.environment:checking '/home/sebas/mbehu_restored_ws/install/serial_motor_demo/lib/python3.8/site-packages'
[14.841s] Level 1:colcon.colcon_core.shell:create_environment_hook('serial_motor_demo', 'pythonpath')
[14.847s] INFO:colcon.colcon_core.shell:Creating environment hook '/home/sebas/mbehu_restored_ws/install/serial_motor_demo/share/serial_motor_demo/hook/pythonpath.ps1'
[14.850s] INFO:colcon.colcon_core.shell:Creating environment descriptor '/home/sebas/mbehu_restored_ws/install/serial_motor_demo/share/serial_motor_demo/hook/pythonpath.dsv'
[14.852s] INFO:colcon.colcon_core.shell:Creating environment hook '/home/sebas/mbehu_restored_ws/install/serial_motor_demo/share/serial_motor_demo/hook/pythonpath.sh'
[14.855s] Level 1:colcon.colcon_core.environment:checking '/home/sebas/mbehu_restored_ws/install/serial_motor_demo/bin'
[14.855s] Level 1:colcon.colcon_core.environment:create_environment_scripts_only(serial_motor_demo)
[14.863s] INFO:colcon.colcon_core.shell:Creating package script '/home/sebas/mbehu_restored_ws/install/serial_motor_demo/share/serial_motor_demo/package.ps1'
[14.867s] INFO:colcon.colcon_core.shell:Creating package descriptor '/home/sebas/mbehu_restored_ws/install/serial_motor_demo/share/serial_motor_demo/package.dsv'
[14.870s] INFO:colcon.colcon_core.shell:Creating package script '/home/sebas/mbehu_restored_ws/install/serial_motor_demo/share/serial_motor_demo/package.sh'
[14.873s] INFO:colcon.colcon_core.shell:Creating package script '/home/sebas/mbehu_restored_ws/install/serial_motor_demo/share/serial_motor_demo/package.bash'
[14.875s] INFO:colcon.colcon_core.shell:Creating package script '/home/sebas/mbehu_restored_ws/install/serial_motor_demo/share/serial_motor_demo/package.zsh'
[14.877s] Level 1:colcon.colcon_core.environment:create_file_with_runtime_dependencies(/home/sebas/mbehu_restored_ws/install/serial_motor_demo/share/colcon-core/packages/serial_motor_demo)
[14.879s] DEBUG:colcon.colcon_parallel_executor.executor.parallel:closing loop
[14.880s] DEBUG:colcon.colcon_parallel_executor.executor.parallel:loop closed
[14.881s] DEBUG:colcon.colcon_parallel_executor.executor.parallel:run_until_complete finished with '0'
[14.882s] DEBUG:colcon.colcon_core.event_reactor:joining thread
[14.923s] INFO:colcon.colcon_core.plugin_system:Skipping extension 'colcon_notification.desktop_notification.terminal_notifier': Not used on non-Darwin systems
[14.924s] INFO:colcon.colcon_core.plugin_system:Skipping extension 'colcon_notification.desktop_notification.win32': Not used on non-Windows systems
[14.924s] INFO:colcon.colcon_notification.desktop_notification:Sending desktop notification using 'notify2'
[15.003s] DEBUG:colcon.colcon_notification.desktop_notification.notify2:Failed to initialize notify2: org.freedesktop.DBus.Error.Spawn.ChildExited: Process org.freedesktop.Notifications exited with status 1
[15.004s] DEBUG:colcon.colcon_core.event_reactor:joined thread
[15.011s] INFO:colcon.colcon_core.shell:Creating prefix script '/home/sebas/mbehu_restored_ws/install/local_setup.ps1'
[15.018s] INFO:colcon.colcon_core.shell:Creating prefix util module '/home/sebas/mbehu_restored_ws/install/_local_setup_util_ps1.py'
[15.025s] INFO:colcon.colcon_core.shell:Creating prefix chain script '/home/sebas/mbehu_restored_ws/install/setup.ps1'
[15.037s] INFO:colcon.colcon_core.shell:Creating prefix script '/home/sebas/mbehu_restored_ws/install/local_setup.sh'
[15.040s] INFO:colcon.colcon_core.shell:Creating prefix util module '/home/sebas/mbehu_restored_ws/install/_local_setup_util_sh.py'
[15.043s] INFO:colcon.colcon_core.shell:Creating prefix chain script '/home/sebas/mbehu_restored_ws/install/setup.sh'
[15.054s] INFO:colcon.colcon_core.shell:Creating prefix script '/home/sebas/mbehu_restored_ws/install/local_setup.bash'
[15.057s] INFO:colcon.colcon_core.shell:Creating prefix chain script '/home/sebas/mbehu_restored_ws/install/setup.bash'
[15.068s] INFO:colcon.colcon_core.shell:Creating prefix script '/home/sebas/mbehu_restored_ws/install/local_setup.zsh'
[15.071s] INFO:colcon.colcon_core.shell:Creating prefix chain script '/home/sebas/mbehu_restored_ws/install/setup.zsh'
