[7.140s] Invoking command in '/home/sebas/mbehu_restored_ws/build/serial_motor_demo': PYTHONPATH=/home/sebas/mbehu_restored_ws/build/serial_motor_demo/prefix_override:/home/sebas/mbehu_restored_ws/install/serial_motor_demo/lib/python3.8/site-packages:/home/sebas/mbehu_restored_ws/install/serial_motor_demo_msgs/lib/python3.8/site-packages:/home/sebas/mbehu_restored_ws/build/serial_motor_demo:/home/sebas/mbehu_restored_ws/install/serial_motor_demo/lib/python3.8/site-packages:/home/sebas/mbehu_ws/build/ultrasonico:/home/sebas/mbehu_ws/install/ultrasonico/lib/python3.8/site-packages:/home/sebas/mbehu_ws/build/mpu6050_pkg:/home/sebas/mbehu_ws/install/mpu6050_pkg/lib/python3.8/site-packages:/home/sebas/mbehu_ws/build/mpu6050:/home/sebas/mbehu_ws/install/mpu6050/lib/python3.8/site-packages:/opt/ros/foxy/lib/python3.8/site-packages /usr/bin/python3 setup.py develop --uninstall --editable --build-directory /home/sebas/mbehu_restored_ws/build/serial_motor_demo/build
[8.970s] running develop
[9.955s] Removing /home/sebas/mbehu_restored_ws/install/serial_motor_demo/lib/python3.8/site-packages/serial-motor-demo.egg-link (link to .)
[10.065s] Invoked command in '/home/sebas/mbehu_restored_ws/build/serial_motor_demo' returned '0': PYTHONPATH=/home/sebas/mbehu_restored_ws/build/serial_motor_demo/prefix_override:/home/sebas/mbehu_restored_ws/install/serial_motor_demo/lib/python3.8/site-packages:/home/sebas/mbehu_restored_ws/install/serial_motor_demo_msgs/lib/python3.8/site-packages:/home/sebas/mbehu_restored_ws/build/serial_motor_demo:/home/sebas/mbehu_restored_ws/install/serial_motor_demo/lib/python3.8/site-packages:/home/sebas/mbehu_ws/build/ultrasonico:/home/sebas/mbehu_ws/install/ultrasonico/lib/python3.8/site-packages:/home/sebas/mbehu_ws/build/mpu6050_pkg:/home/sebas/mbehu_ws/install/mpu6050_pkg/lib/python3.8/site-packages:/home/sebas/mbehu_ws/build/mpu6050:/home/sebas/mbehu_ws/install/mpu6050/lib/python3.8/site-packages:/opt/ros/foxy/lib/python3.8/site-packages /usr/bin/python3 setup.py develop --uninstall --editable --build-directory /home/sebas/mbehu_restored_ws/build/serial_motor_demo/build
[10.077s] Invoking command in '/home/sebas/mbehu_restored_ws/src/serial_motor_demo/serial_motor_demo': PYTHONPATH=/home/sebas/mbehu_restored_ws/build/serial_motor_demo/prefix_override:/home/sebas/mbehu_restored_ws/install/serial_motor_demo/lib/python3.8/site-packages:/home/sebas/mbehu_restored_ws/install/serial_motor_demo_msgs/lib/python3.8/site-packages:/home/sebas/mbehu_restored_ws/build/serial_motor_demo:/home/sebas/mbehu_restored_ws/install/serial_motor_demo/lib/python3.8/site-packages:/home/sebas/mbehu_ws/build/ultrasonico:/home/sebas/mbehu_ws/install/ultrasonico/lib/python3.8/site-packages:/home/sebas/mbehu_ws/build/mpu6050_pkg:/home/sebas/mbehu_ws/install/mpu6050_pkg/lib/python3.8/site-packages:/home/sebas/mbehu_ws/build/mpu6050:/home/sebas/mbehu_ws/install/mpu6050/lib/python3.8/site-packages:/opt/ros/foxy/lib/python3.8/site-packages /usr/bin/python3 setup.py egg_info --egg-base ../../../build/serial_motor_demo build --build-base /home/sebas/mbehu_restored_ws/build/serial_motor_demo/build install --record /home/sebas/mbehu_restored_ws/build/serial_motor_demo/install.log --install-scripts $base/lib/serial_motor_demo --single-version-externally-managed
[11.475s] running egg_info
[11.477s] writing ../../../build/serial_motor_demo/serial_motor_demo.egg-info/PKG-INFO
[11.479s] writing dependency_links to ../../../build/serial_motor_demo/serial_motor_demo.egg-info/dependency_links.txt
[11.480s] writing entry points to ../../../build/serial_motor_demo/serial_motor_demo.egg-info/entry_points.txt
[11.481s] writing requirements to ../../../build/serial_motor_demo/serial_motor_demo.egg-info/requires.txt
[11.482s] writing top-level names to ../../../build/serial_motor_demo/serial_motor_demo.egg-info/top_level.txt
[11.649s] reading manifest file '../../../build/serial_motor_demo/serial_motor_demo.egg-info/SOURCES.txt'
[11.653s] writing manifest file '../../../build/serial_motor_demo/serial_motor_demo.egg-info/SOURCES.txt'
[11.654s] running build
[11.654s] running build_py
[11.656s] running install
[11.659s] running install_lib
[11.663s] creating /home/sebas/mbehu_restored_ws/install/serial_motor_demo/lib/python3.8/site-packages/serial_motor_demo
[11.664s] copying /home/sebas/mbehu_restored_ws/build/serial_motor_demo/build/lib/serial_motor_demo/__init__.py -> /home/sebas/mbehu_restored_ws/install/serial_motor_demo/lib/python3.8/site-packages/serial_motor_demo
[11.664s] copying /home/sebas/mbehu_restored_ws/build/serial_motor_demo/build/lib/serial_motor_demo/driver.py -> /home/sebas/mbehu_restored_ws/install/serial_motor_demo/lib/python3.8/site-packages/serial_motor_demo
[11.667s] copying /home/sebas/mbehu_restored_ws/build/serial_motor_demo/build/lib/serial_motor_demo/gui.py -> /home/sebas/mbehu_restored_ws/install/serial_motor_demo/lib/python3.8/site-packages/serial_motor_demo
[11.671s] byte-compiling /home/sebas/mbehu_restored_ws/install/serial_motor_demo/lib/python3.8/site-packages/serial_motor_demo/__init__.py to __init__.cpython-38.pyc
[11.677s] byte-compiling /home/sebas/mbehu_restored_ws/install/serial_motor_demo/lib/python3.8/site-packages/serial_motor_demo/driver.py to driver.cpython-38.pyc
[11.682s] byte-compiling /home/sebas/mbehu_restored_ws/install/serial_motor_demo/lib/python3.8/site-packages/serial_motor_demo/gui.py to gui.cpython-38.pyc
[11.686s] running install_data
[11.689s] running install_egg_info
[11.695s] Copying ../../../build/serial_motor_demo/serial_motor_demo.egg-info to /home/sebas/mbehu_restored_ws/install/serial_motor_demo/lib/python3.8/site-packages/serial_motor_demo-0.0.0-py3.8.egg-info
[11.703s] running install_scripts
[11.771s] Installing driver script to /home/sebas/mbehu_restored_ws/install/serial_motor_demo/lib/serial_motor_demo
[11.772s] Installing gui script to /home/sebas/mbehu_restored_ws/install/serial_motor_demo/lib/serial_motor_demo
[11.773s] writing list of installed files to '/home/sebas/mbehu_restored_ws/build/serial_motor_demo/install.log'
[11.883s] Invoked command in '/home/sebas/mbehu_restored_ws/src/serial_motor_demo/serial_motor_demo' returned '0': PYTHONPATH=/home/sebas/mbehu_restored_ws/build/serial_motor_demo/prefix_override:/home/sebas/mbehu_restored_ws/install/serial_motor_demo/lib/python3.8/site-packages:/home/sebas/mbehu_restored_ws/install/serial_motor_demo_msgs/lib/python3.8/site-packages:/home/sebas/mbehu_restored_ws/build/serial_motor_demo:/home/sebas/mbehu_restored_ws/install/serial_motor_demo/lib/python3.8/site-packages:/home/sebas/mbehu_ws/build/ultrasonico:/home/sebas/mbehu_ws/install/ultrasonico/lib/python3.8/site-packages:/home/sebas/mbehu_ws/build/mpu6050_pkg:/home/sebas/mbehu_ws/install/mpu6050_pkg/lib/python3.8/site-packages:/home/sebas/mbehu_ws/build/mpu6050:/home/sebas/mbehu_ws/install/mpu6050/lib/python3.8/site-packages:/opt/ros/foxy/lib/python3.8/site-packages /usr/bin/python3 setup.py egg_info --egg-base ../../../build/serial_motor_demo build --build-base /home/sebas/mbehu_restored_ws/build/serial_motor_demo/build install --record /home/sebas/mbehu_restored_ws/build/serial_motor_demo/install.log --install-scripts $base/lib/serial_motor_demo --single-version-externally-managed
