-- BuilD for ROS2: foxy
-- Found ament_cmake: 0.9.11 (/opt/ros/foxy/share/ament_cmake/cmake)
-- Using PYTHON_EXECUTABLE: /usr/bin/python3
-- Override CMake install command with custom implementation using symlinks instead of copying resources
-- Found rclcpp: 2.4.2 (/opt/ros/foxy/share/rclcpp/cmake)
-- Using all available rosidl_typesupport_c: rosidl_typesupport_fastrtps_c;rosidl_typesupport_introspection_c
-- Found rosidl_adapter: 1.3.0 (/opt/ros/foxy/share/rosidl_adapter/cmake)
-- Using all available rosidl_typesupport_cpp: rosidl_typesupport_fastrtps_cpp;rosidl_typesupport_introspection_cpp
-- Found rmw_implementation_cmake: 1.0.3 (/opt/ros/foxy/share/rmw_implementation_cmake/cmake)
-- Using RMW implementation 'rmw_fastrtps_cpp' as default
-- Found sensor_msgs: 2.0.5 (/opt/ros/foxy/share/sensor_msgs/cmake)
-- Found tf2_ros: 0.13.13 (/opt/ros/foxy/share/tf2_ros/cmake)
-- Found tf2_geometry_msgs: 0.13.13 (/opt/ros/foxy/share/tf2_geometry_msgs/cmake)
-- Found eigen3_cmake_module: 0.1.1 (/opt/ros/foxy/share/eigen3_cmake_module/cmake)
-- Found nav2_msgs: 0.4.7 (/opt/ros/foxy/share/nav2_msgs/cmake)
-- Found map_msgs: 2.0.2 (/opt/ros/foxy/share/map_msgs/cmake)
-- Found visualization_msgs: 2.0.5 (/opt/ros/foxy/share/visualization_msgs/cmake)
-- Found nav2_costmap_2d: 0.4.7 (/opt/ros/foxy/share/nav2_costmap_2d/cmake)
-- Found ament_lint_auto: 0.9.7 (/opt/ros/foxy/share/ament_lint_auto/cmake)
-- Found ament_cmake_gtest: 0.9.11 (/opt/ros/foxy/share/ament_cmake_gtest/cmake)
-- Found gtest sources under '/opt/ros/foxy/src/gtest_vendor': C++ tests using 'Google Test' will be built
-- Added test 'cppcheck' to perform static code analysis on C / C++ code
-- Configured cppcheck include dirs: /home/sebas/mbehu_restored_ws/src/m-explore-ros2/explore/include;$<BUILD_INTERFACE:/home/sebas/mbehu_restored_ws/src/m-explore-ros2/explore/include>
-- Configured cppcheck exclude dirs and/or files: 
-- Added test 'flake8' to check Python code syntax and style conventions
-- Added test 'lint_cmake' to check CMake code style
-- Added test 'pep257' to check Python code against some of the style conventions in PEP 257
-- Added test 'uncrustify' to check C / C++ code style
-- Configured uncrustify additional arguments: 
-- Added test 'xmllint' to check XML markup files
-- Configuring done
-- Generating done
-- Build files have been written to: /home/sebas/mbehu_restored_ws/build/explore_lite
[ 20%] Built target gtest
[ 30%] [32mBuilding CXX object CMakeFiles/explore.dir/src/costmap_client.cpp.o[0m
[ 40%] [32mBuilding CXX object CMakeFiles/explore.dir/src/frontier_search.cpp.o[0m
[ 50%] [32mBuilding CXX object CMakeFiles/explore.dir/src/explore.cpp.o[0m
[ 60%] [32m[1mLinking CXX executable explore[0m
[ 60%] Built target explore
[ 80%] Built target gtest_main
[ 90%] [32mBuilding CXX object CMakeFiles/test_explore.dir/test/test_explore.cpp.o[0m
[100%] [32m[1mLinking CXX executable test_explore[0m
[100%] Built target test_explore
-- Install configuration: ""
-- Execute custom install script
-- Symlinking: /home/sebas/mbehu_restored_ws/install/explore_lite/include/explore//costmap_client.h
-- Symlinking: /home/sebas/mbehu_restored_ws/install/explore_lite/include/explore//costmap_tools.h
-- Symlinking: /home/sebas/mbehu_restored_ws/install/explore_lite/include/explore//explore.h
-- Symlinking: /home/sebas/mbehu_restored_ws/install/explore_lite/include/explore//frontier_search.h
-- Symlinking: /home/sebas/mbehu_restored_ws/install/explore_lite/share/explore_lite/config/params.yaml
-- Symlinking: /home/sebas/mbehu_restored_ws/install/explore_lite/share/explore_lite/config/params_costmap.yaml
-- Symlinking: /home/sebas/mbehu_restored_ws/install/explore_lite/share/explore_lite/launch/explore.launch.py
-- Symlinking: /home/sebas/mbehu_restored_ws/install/explore_lite/lib/explore_lite/explore
-- Symlinking: /home/sebas/mbehu_restored_ws/install/explore_lite/share/ament_index/resource_index/package_run_dependencies/explore_lite
-- Symlinking: /home/sebas/mbehu_restored_ws/install/explore_lite/share/ament_index/resource_index/parent_prefix_path/explore_lite
-- Symlinking: /home/sebas/mbehu_restored_ws/install/explore_lite/share/explore_lite/environment/ament_prefix_path.sh
-- Symlinking: /home/sebas/mbehu_restored_ws/install/explore_lite/share/explore_lite/environment/ament_prefix_path.dsv
-- Symlinking: /home/sebas/mbehu_restored_ws/install/explore_lite/share/explore_lite/environment/path.sh
-- Symlinking: /home/sebas/mbehu_restored_ws/install/explore_lite/share/explore_lite/environment/path.dsv
-- Symlinking: /home/sebas/mbehu_restored_ws/install/explore_lite/share/explore_lite/local_setup.bash
-- Symlinking: /home/sebas/mbehu_restored_ws/install/explore_lite/share/explore_lite/local_setup.sh
-- Symlinking: /home/sebas/mbehu_restored_ws/install/explore_lite/share/explore_lite/local_setup.zsh
-- Symlinking: /home/sebas/mbehu_restored_ws/install/explore_lite/share/explore_lite/local_setup.dsv
-- Symlinking: /home/sebas/mbehu_restored_ws/install/explore_lite/share/explore_lite/package.dsv
-- Symlinking: /home/sebas/mbehu_restored_ws/install/explore_lite/share/ament_index/resource_index/packages/explore_lite
-- Symlinking: /home/sebas/mbehu_restored_ws/install/explore_lite/share/explore_lite/cmake/ament_cmake_export_include_directories-extras.cmake
-- Symlinking: /home/sebas/mbehu_restored_ws/install/explore_lite/share/explore_lite/cmake/explore_liteConfig.cmake
-- Symlinking: /home/sebas/mbehu_restored_ws/install/explore_lite/share/explore_lite/cmake/explore_liteConfig-version.cmake
-- Symlinking: /home/sebas/mbehu_restored_ws/install/explore_lite/share/explore_lite/package.xml
