[0.479s] Invoking command in '/home/sebas/mbehu_restored_ws/build/explore_lite': CMAKE_PREFIX_PATH=${CMAKE_PREFIX_PATH}:/home/sebas/mbehu_restored_ws/install/serial_motor_demo:/home/sebas/mbehu_ws/install/ultrasonico:/home/sebas/mbehu_ws/install/mpu6050_pkg:/home/sebas/mbehu_ws/install/mpu6050:/opt/ros/foxy /usr/bin/cmake /home/sebas/mbehu_restored_ws/src/m-explore-ros2/explore -DAMENT_CMAKE_SYMLINK_INSTALL=1 -DCMAKE_INSTALL_PREFIX=/home/sebas/mbehu_restored_ws/install/explore_lite
[0.950s] -- BuilD for ROS2: foxy
[0.967s] -- Found ament_cmake: 0.9.11 (/opt/ros/foxy/share/ament_cmake/cmake)
[1.597s] -- Using PYTHON_EXECUTABLE: /usr/bin/python3
[8.533s] -- Override CMake install command with custom implementation using symlinks instead of copying resources
[8.794s] -- Found rclcpp: 2.4.2 (/opt/ros/foxy/share/rclcpp/cmake)
[10.179s] -- Using all available rosidl_typesupport_c: rosidl_typesupport_fastrtps_c;rosidl_typesupport_introspection_c
[10.356s] -- Found rosidl_adapter: 1.3.0 (/opt/ros/foxy/share/rosidl_adapter/cmake)
[16.691s] -- Using all available rosidl_typesupport_cpp: rosidl_typesupport_fastrtps_cpp;rosidl_typesupport_introspection_cpp
[17.942s] -- Found rmw_implementation_cmake: 1.0.3 (/opt/ros/foxy/share/rmw_implementation_cmake/cmake)
[17.979s] -- Using RMW implementation 'rmw_fastrtps_cpp' as default
[20.830s] -- Found sensor_msgs: 2.0.5 (/opt/ros/foxy/share/sensor_msgs/cmake)
[23.867s] -- Found tf2_ros: 0.13.13 (/opt/ros/foxy/share/tf2_ros/cmake)
[33.346s] -- Found tf2_geometry_msgs: 0.13.13 (/opt/ros/foxy/share/tf2_geometry_msgs/cmake)
[33.396s] -- Found eigen3_cmake_module: 0.1.1 (/opt/ros/foxy/share/eigen3_cmake_module/cmake)
[34.074s] -- Found nav2_msgs: 0.4.7 (/opt/ros/foxy/share/nav2_msgs/cmake)
[41.433s] -- Found map_msgs: 2.0.2 (/opt/ros/foxy/share/map_msgs/cmake)
[45.870s] -- Found visualization_msgs: 2.0.5 (/opt/ros/foxy/share/visualization_msgs/cmake)
[47.509s] -- Found nav2_costmap_2d: 0.4.7 (/opt/ros/foxy/share/nav2_costmap_2d/cmake)
[61.985s] -- Found ament_lint_auto: 0.9.7 (/opt/ros/foxy/share/ament_lint_auto/cmake)
[63.811s] -- Found ament_cmake_gtest: 0.9.11 (/opt/ros/foxy/share/ament_cmake_gtest/cmake)
[63.847s] -- Found gtest sources under '/opt/ros/foxy/src/gtest_vendor': C++ tests using 'Google Test' will be built
[71.342s] -- Added test 'cppcheck' to perform static code analysis on C / C++ code
[71.344s] -- Configured cppcheck include dirs: /home/sebas/mbehu_restored_ws/src/m-explore-ros2/explore/include;$<BUILD_INTERFACE:/home/sebas/mbehu_restored_ws/src/m-explore-ros2/explore/include>
[71.362s] -- Configured cppcheck exclude dirs and/or files: 
[71.363s] -- Added test 'flake8' to check Python code syntax and style conventions
[71.394s] -- Added test 'lint_cmake' to check CMake code style
[71.423s] -- Added test 'pep257' to check Python code against some of the style conventions in PEP 257
[71.494s] -- Added test 'uncrustify' to check C / C++ code style
[71.495s] -- Configured uncrustify additional arguments: 
[71.496s] -- Added test 'xmllint' to check XML markup files
[71.735s] -- Configuring done
[76.115s] -- Generating done
[76.223s] -- Build files have been written to: /home/sebas/mbehu_restored_ws/build/explore_lite
[76.536s] Invoked command in '/home/sebas/mbehu_restored_ws/build/explore_lite' returned '0': CMAKE_PREFIX_PATH=${CMAKE_PREFIX_PATH}:/home/sebas/mbehu_restored_ws/install/serial_motor_demo:/home/sebas/mbehu_ws/install/ultrasonico:/home/sebas/mbehu_ws/install/mpu6050_pkg:/home/sebas/mbehu_ws/install/mpu6050:/opt/ros/foxy /usr/bin/cmake /home/sebas/mbehu_restored_ws/src/m-explore-ros2/explore -DAMENT_CMAKE_SYMLINK_INSTALL=1 -DCMAKE_INSTALL_PREFIX=/home/sebas/mbehu_restored_ws/install/explore_lite
[76.560s] Invoking command in '/home/sebas/mbehu_restored_ws/build/explore_lite': CMAKE_PREFIX_PATH=${CMAKE_PREFIX_PATH}:/home/sebas/mbehu_restored_ws/install/serial_motor_demo:/home/sebas/mbehu_ws/install/ultrasonico:/home/sebas/mbehu_ws/install/mpu6050_pkg:/home/sebas/mbehu_ws/install/mpu6050:/opt/ros/foxy /usr/bin/cmake --build /home/sebas/mbehu_restored_ws/build/explore_lite -- -j4 -l4
[78.034s] [ 20%] Built target gtest
[79.105s] [ 30%] [32mBuilding CXX object CMakeFiles/explore.dir/src/costmap_client.cpp.o[0m
[131.255s] [ 40%] [32mBuilding CXX object CMakeFiles/explore.dir/src/frontier_search.cpp.o[0m
[150.305s] [ 50%] [32mBuilding CXX object CMakeFiles/explore.dir/src/explore.cpp.o[0m
[197.394s] [ 60%] [32m[1mLinking CXX executable explore[0m
[207.932s] [ 60%] Built target explore
[208.091s] [ 80%] Built target gtest_main
[208.256s] [ 90%] [32mBuilding CXX object CMakeFiles/test_explore.dir/test/test_explore.cpp.o[0m
[212.783s] [100%] [32m[1mLinking CXX executable test_explore[0m
[214.513s] [100%] Built target test_explore
[214.570s] Invoked command in '/home/sebas/mbehu_restored_ws/build/explore_lite' returned '0': CMAKE_PREFIX_PATH=${CMAKE_PREFIX_PATH}:/home/sebas/mbehu_restored_ws/install/serial_motor_demo:/home/sebas/mbehu_ws/install/ultrasonico:/home/sebas/mbehu_ws/install/mpu6050_pkg:/home/sebas/mbehu_ws/install/mpu6050:/opt/ros/foxy /usr/bin/cmake --build /home/sebas/mbehu_restored_ws/build/explore_lite -- -j4 -l4
[214.816s] Invoking command in '/home/sebas/mbehu_restored_ws/build/explore_lite': CMAKE_PREFIX_PATH=${CMAKE_PREFIX_PATH}:/home/sebas/mbehu_restored_ws/install/serial_motor_demo:/home/sebas/mbehu_ws/install/ultrasonico:/home/sebas/mbehu_ws/install/mpu6050_pkg:/home/sebas/mbehu_ws/install/mpu6050:/opt/ros/foxy /usr/bin/cmake --install /home/sebas/mbehu_restored_ws/build/explore_lite
[214.876s] -- Install configuration: ""
[214.878s] -- Execute custom install script
[214.878s] -- Symlinking: /home/sebas/mbehu_restored_ws/install/explore_lite/include/explore//costmap_client.h
[214.935s] -- Symlinking: /home/sebas/mbehu_restored_ws/install/explore_lite/include/explore//costmap_tools.h
[214.991s] -- Symlinking: /home/sebas/mbehu_restored_ws/install/explore_lite/include/explore//explore.h
[215.046s] -- Symlinking: /home/sebas/mbehu_restored_ws/install/explore_lite/include/explore//frontier_search.h
[215.101s] -- Symlinking: /home/sebas/mbehu_restored_ws/install/explore_lite/share/explore_lite/config/params.yaml
[215.158s] -- Symlinking: /home/sebas/mbehu_restored_ws/install/explore_lite/share/explore_lite/config/params_costmap.yaml
[215.213s] -- Symlinking: /home/sebas/mbehu_restored_ws/install/explore_lite/share/explore_lite/launch/explore.launch.py
[215.272s] -- Symlinking: /home/sebas/mbehu_restored_ws/install/explore_lite/lib/explore_lite/explore
[215.332s] -- Symlinking: /home/sebas/mbehu_restored_ws/install/explore_lite/share/ament_index/resource_index/package_run_dependencies/explore_lite
[215.389s] -- Symlinking: /home/sebas/mbehu_restored_ws/install/explore_lite/share/ament_index/resource_index/parent_prefix_path/explore_lite
[215.448s] -- Symlinking: /home/sebas/mbehu_restored_ws/install/explore_lite/share/explore_lite/environment/ament_prefix_path.sh
[215.506s] -- Symlinking: /home/sebas/mbehu_restored_ws/install/explore_lite/share/explore_lite/environment/ament_prefix_path.dsv
[215.565s] -- Symlinking: /home/sebas/mbehu_restored_ws/install/explore_lite/share/explore_lite/environment/path.sh
[215.648s] -- Symlinking: /home/sebas/mbehu_restored_ws/install/explore_lite/share/explore_lite/environment/path.dsv
[215.713s] -- Symlinking: /home/sebas/mbehu_restored_ws/install/explore_lite/share/explore_lite/local_setup.bash
[215.769s] -- Symlinking: /home/sebas/mbehu_restored_ws/install/explore_lite/share/explore_lite/local_setup.sh
[215.829s] -- Symlinking: /home/sebas/mbehu_restored_ws/install/explore_lite/share/explore_lite/local_setup.zsh
[215.888s] -- Symlinking: /home/sebas/mbehu_restored_ws/install/explore_lite/share/explore_lite/local_setup.dsv
[215.941s] -- Symlinking: /home/sebas/mbehu_restored_ws/install/explore_lite/share/explore_lite/package.dsv
[215.988s] -- Symlinking: /home/sebas/mbehu_restored_ws/install/explore_lite/share/ament_index/resource_index/packages/explore_lite
[216.036s] -- Symlinking: /home/sebas/mbehu_restored_ws/install/explore_lite/share/explore_lite/cmake/ament_cmake_export_include_directories-extras.cmake
[216.082s] -- Symlinking: /home/sebas/mbehu_restored_ws/install/explore_lite/share/explore_lite/cmake/explore_liteConfig.cmake
[216.129s] -- Symlinking: /home/sebas/mbehu_restored_ws/install/explore_lite/share/explore_lite/cmake/explore_liteConfig-version.cmake
[216.176s] -- Symlinking: /home/sebas/mbehu_restored_ws/install/explore_lite/share/explore_lite/package.xml
[216.240s] Invoked command in '/home/sebas/mbehu_restored_ws/build/explore_lite' returned '0': CMAKE_PREFIX_PATH=${CMAKE_PREFIX_PATH}:/home/sebas/mbehu_restored_ws/install/serial_motor_demo:/home/sebas/mbehu_ws/install/ultrasonico:/home/sebas/mbehu_ws/install/mpu6050_pkg:/home/sebas/mbehu_ws/install/mpu6050:/opt/ros/foxy /usr/bin/cmake --install /home/sebas/mbehu_restored_ws/build/explore_lite
