[0.258s] Invoking command in '/home/sebas/mbehu_restored_ws/build/serial': CMAKE_PREFIX_PATH=${CMAKE_PREFIX_PATH}:/home/sebas/mbehu_restored_ws/install/serial_motor_demo:/home/sebas/mbehu_ws/install/ultrasonico:/home/sebas/mbehu_ws/install/mpu6050_pkg:/home/sebas/mbehu_ws/install/mpu6050:/opt/ros/foxy /usr/bin/cmake --build /home/sebas/mbehu_restored_ws/build/serial -- -j4 -l4
[1.283s] [ 28%] Built target serial
[1.389s] [ 42%] Built target gtest
[1.400s] [ 57%] Built target gtest_main
[1.872s] [ 71%] Built target serial_example
[2.215s] [ 85%] Built target serial-test
[2.309s] [100%] Built target serial-test-timer
[2.613s] Invoked command in '/home/sebas/mbehu_restored_ws/build/serial' returned '0': CMAKE_PREFIX_PATH=${CMAKE_PREFIX_PATH}:/home/sebas/mbehu_restored_ws/install/serial_motor_demo:/home/sebas/mbehu_ws/install/ultrasonico:/home/sebas/mbehu_ws/install/mpu6050_pkg:/home/sebas/mbehu_ws/install/mpu6050:/opt/ros/foxy /usr/bin/cmake --build /home/sebas/mbehu_restored_ws/build/serial -- -j4 -l4
[3.578s] Invoking command in '/home/sebas/mbehu_restored_ws/build/serial': CMAKE_PREFIX_PATH=${CMAKE_PREFIX_PATH}:/home/sebas/mbehu_restored_ws/install/serial_motor_demo:/home/sebas/mbehu_ws/install/ultrasonico:/home/sebas/mbehu_ws/install/mpu6050_pkg:/home/sebas/mbehu_ws/install/mpu6050:/opt/ros/foxy /usr/bin/cmake --install /home/sebas/mbehu_restored_ws/build/serial
[3.707s] -- Install configuration: ""
[3.720s] -- Execute custom install script
[3.724s] -- Up-to-date symlink: /home/sebas/mbehu_restored_ws/install/serial/lib/libserial.a
[3.725s] -- Up-to-date symlink: /home/sebas/mbehu_restored_ws/install/serial/include/serial/serial.h
[3.726s] -- Up-to-date symlink: /home/sebas/mbehu_restored_ws/install/serial/include/serial/v8stdint.h
[3.727s] -- Up-to-date symlink: /home/sebas/mbehu_restored_ws/install/serial/share/serial/environment/library_path.sh
[3.728s] -- Up-to-date symlink: /home/sebas/mbehu_restored_ws/install/serial/share/serial/environment/library_path.dsv
[3.737s] -- Up-to-date symlink: /home/sebas/mbehu_restored_ws/install/serial/share/ament_index/resource_index/package_run_dependencies/serial
[3.739s] -- Up-to-date symlink: /home/sebas/mbehu_restored_ws/install/serial/share/ament_index/resource_index/parent_prefix_path/serial
[3.740s] -- Up-to-date symlink: /home/sebas/mbehu_restored_ws/install/serial/share/serial/environment/ament_prefix_path.sh
[3.741s] -- Up-to-date symlink: /home/sebas/mbehu_restored_ws/install/serial/share/serial/environment/ament_prefix_path.dsv
[3.746s] -- Up-to-date symlink: /home/sebas/mbehu_restored_ws/install/serial/share/serial/environment/path.sh
[3.747s] -- Up-to-date symlink: /home/sebas/mbehu_restored_ws/install/serial/share/serial/environment/path.dsv
[3.756s] -- Up-to-date symlink: /home/sebas/mbehu_restored_ws/install/serial/share/serial/local_setup.bash
[3.757s] -- Up-to-date symlink: /home/sebas/mbehu_restored_ws/install/serial/share/serial/local_setup.sh
[3.758s] -- Up-to-date symlink: /home/sebas/mbehu_restored_ws/install/serial/share/serial/local_setup.zsh
[3.762s] -- Up-to-date symlink: /home/sebas/mbehu_restored_ws/install/serial/share/serial/local_setup.dsv
[3.763s] -- Symlinking: /home/sebas/mbehu_restored_ws/install/serial/share/serial/package.dsv
[3.867s] -- Up-to-date symlink: /home/sebas/mbehu_restored_ws/install/serial/share/ament_index/resource_index/packages/serial
[3.874s] -- Up-to-date symlink: /home/sebas/mbehu_restored_ws/install/serial/share/serial/cmake/ament_cmake_export_include_directories-extras.cmake
[3.884s] -- Up-to-date symlink: /home/sebas/mbehu_restored_ws/install/serial/share/serial/cmake/ament_cmake_export_libraries-extras.cmake
[3.917s] -- Up-to-date symlink: /home/sebas/mbehu_restored_ws/install/serial/share/serial/cmake/serialConfig.cmake
[3.923s] -- Up-to-date symlink: /home/sebas/mbehu_restored_ws/install/serial/share/serial/cmake/serialConfig-version.cmake
[3.927s] -- Up-to-date symlink: /home/sebas/mbehu_restored_ws/install/serial/share/serial/package.xml
[4.167s] Invoked command in '/home/sebas/mbehu_restored_ws/build/serial' returned '0': CMAKE_PREFIX_PATH=${CMAKE_PREFIX_PATH}:/home/sebas/mbehu_restored_ws/install/serial_motor_demo:/home/sebas/mbehu_ws/install/ultrasonico:/home/sebas/mbehu_ws/install/mpu6050_pkg:/home/sebas/mbehu_ws/install/mpu6050:/opt/ros/foxy /usr/bin/cmake --install /home/sebas/mbehu_restored_ws/build/serial
