[0.202s] Invoking command in '/home/sebas/mbehu_restored_ws/build/serial': CMAKE_PREFIX_PATH=${CMAKE_PREFIX_PATH}:/home/sebas/mbehu_ws/install/ultrasonico:/home/sebas/mbehu_ws/install/mpu6050_pkg:/home/sebas/mbehu_ws/install/mpu6050:/opt/ros/foxy /usr/bin/cmake --build /home/sebas/mbehu_restored_ws/build/serial -- -j4 -l4
[1.078s] [ 14%] Built target gtest
[1.231s] [ 42%] Built target serial
[1.268s] [ 57%] Built target gtest_main
[1.769s] [ 71%] Built target serial_example
[1.864s] [ 85%] Built target serial-test
[1.890s] [100%] Built target serial-test-timer
[2.156s] Invoked command in '/home/sebas/mbehu_restored_ws/build/serial' returned '0': CMAKE_PREFIX_PATH=${CMAKE_PREFIX_PATH}:/home/sebas/mbehu_ws/install/ultrasonico:/home/sebas/mbehu_ws/install/mpu6050_pkg:/home/sebas/mbehu_ws/install/mpu6050:/opt/ros/foxy /usr/bin/cmake --build /home/sebas/mbehu_restored_ws/build/serial -- -j4 -l4
[2.833s] Invoking command in '/home/sebas/mbehu_restored_ws/build/serial': CMAKE_PREFIX_PATH=${CMAKE_PREFIX_PATH}:/home/sebas/mbehu_ws/install/ultrasonico:/home/sebas/mbehu_ws/install/mpu6050_pkg:/home/sebas/mbehu_ws/install/mpu6050:/opt/ros/foxy /usr/bin/cmake --install /home/sebas/mbehu_restored_ws/build/serial
[3.005s] -- Install configuration: ""
[3.019s] -- Up-to-date: /home/sebas/mbehu_restored_ws/install/serial/lib/libserial.a
[3.039s] -- Up-to-date: /home/sebas/mbehu_restored_ws/install/serial/include/serial/serial.h
[3.041s] -- Up-to-date: /home/sebas/mbehu_restored_ws/install/serial/include/serial/v8stdint.h
[3.042s] -- Up-to-date: /home/sebas/mbehu_restored_ws/install/serial/share/serial/environment/library_path.sh
[3.045s] -- Up-to-date: /home/sebas/mbehu_restored_ws/install/serial/share/serial/environment/library_path.dsv
[3.056s] -- Up-to-date: /home/sebas/mbehu_restored_ws/install/serial/share/ament_index/resource_index/package_run_dependencies/serial
[3.072s] -- Up-to-date: /home/sebas/mbehu_restored_ws/install/serial/share/ament_index/resource_index/parent_prefix_path/serial
[3.090s] -- Up-to-date: /home/sebas/mbehu_restored_ws/install/serial/share/serial/environment/ament_prefix_path.sh
[3.092s] -- Up-to-date: /home/sebas/mbehu_restored_ws/install/serial/share/serial/environment/ament_prefix_path.dsv
[3.103s] -- Up-to-date: /home/sebas/mbehu_restored_ws/install/serial/share/serial/environment/path.sh
[3.107s] -- Up-to-date: /home/sebas/mbehu_restored_ws/install/serial/share/serial/environment/path.dsv
[3.111s] -- Up-to-date: /home/sebas/mbehu_restored_ws/install/serial/share/serial/local_setup.bash
[3.113s] -- Up-to-date: /home/sebas/mbehu_restored_ws/install/serial/share/serial/local_setup.sh
[3.116s] -- Up-to-date: /home/sebas/mbehu_restored_ws/install/serial/share/serial/local_setup.zsh
[3.118s] -- Up-to-date: /home/sebas/mbehu_restored_ws/install/serial/share/serial/local_setup.dsv
[3.121s] -- Installing: /home/sebas/mbehu_restored_ws/install/serial/share/serial/package.dsv
[3.124s] -- Up-to-date: /home/sebas/mbehu_restored_ws/install/serial/share/ament_index/resource_index/packages/serial
[3.126s] -- Up-to-date: /home/sebas/mbehu_restored_ws/install/serial/share/serial/cmake/ament_cmake_export_include_directories-extras.cmake
[3.128s] -- Up-to-date: /home/sebas/mbehu_restored_ws/install/serial/share/serial/cmake/ament_cmake_export_libraries-extras.cmake
[3.129s] -- Up-to-date: /home/sebas/mbehu_restored_ws/install/serial/share/serial/cmake/serialConfig.cmake
[3.130s] -- Up-to-date: /home/sebas/mbehu_restored_ws/install/serial/share/serial/cmake/serialConfig-version.cmake
[3.132s] -- Up-to-date: /home/sebas/mbehu_restored_ws/install/serial/share/serial/package.xml
[3.135s] Invoked command in '/home/sebas/mbehu_restored_ws/build/serial' returned '0': CMAKE_PREFIX_PATH=${CMAKE_PREFIX_PATH}:/home/sebas/mbehu_ws/install/ultrasonico:/home/sebas/mbehu_ws/install/mpu6050_pkg:/home/sebas/mbehu_ws/install/mpu6050:/opt/ros/foxy /usr/bin/cmake --install /home/sebas/mbehu_restored_ws/build/serial
