-- Found ament_cmake: 0.9.11 (/opt/ros/foxy/share/ament_cmake/cmake)
-- Using PYTHON_EXECUTABLE: /usr/bin/python3
-- Override CMake install command with custom implementation using symlinks instead of copying resources
-- Found serial: 1.2.1 (/home/sebas/mbehu_restored_ws/install/serial/share/serial/cmake)
-- Found hardware_interface: 0.11.0 (/opt/ros/foxy/share/hardware_interface/cmake)
-- Using all available rosidl_typesupport_c: rosidl_typesupport_fastrtps_c;rosidl_typesupport_introspection_c
-- Found rosidl_adapter: 1.3.0 (/opt/ros/foxy/share/rosidl_adapter/cmake)
-- Using all available rosidl_typesupport_cpp: rosidl_typesupport_fastrtps_cpp;rosidl_typesupport_introspection_cpp
-- Found controller_manager: 0.11.0 (/opt/ros/foxy/share/controller_manager/cmake)
-- Found rmw_implementation_cmake: 1.0.3 (/opt/ros/foxy/share/rmw_implementation_cmake/cmake)
-- Using RMW implementation 'rmw_fastrtps_cpp' as default
-- Configuring done
-- Generating done
-- Build files have been written to: /home/sebas/mbehu_restored_ws/build/diffdrive_arduino
[ 14%] [32m[1mLinking CXX shared library libdiffdrive_arduino.so[0m
[ 28%] [32m[1mLinking CXX shared library libfake_robot.so[0m
[ 57%] Built target fake_robot
[100%] Built target diffdrive_arduino
-- Install configuration: ""
-- Execute custom install script
-- Symlinking: /home/sebas/mbehu_restored_ws/install/diffdrive_arduino/share/diffdrive_arduino//robot_hardware.xml
-- Symlinking: /home/sebas/mbehu_restored_ws/install/diffdrive_arduino/share/diffdrive_arduino//fake_robot_hardware.xml
-- Symlinking: /home/sebas/mbehu_restored_ws/install/diffdrive_arduino/lib/libdiffdrive_arduino.so
-- Symlinking: /home/sebas/mbehu_restored_ws/install/diffdrive_arduino/lib/libfake_robot.so
-- Symlinking: /home/sebas/mbehu_restored_ws/install/diffdrive_arduino/share/diffdrive_arduino/controllers/robot_controller_example.yaml
-- Symlinking: /home/sebas/mbehu_restored_ws/install/diffdrive_arduino/share/diffdrive_arduino/fake_robot.launch.py
-- Symlinking: /home/sebas/mbehu_restored_ws/install/diffdrive_arduino/share/diffdrive_arduino/test_robot.launch.py
-- Symlinking: /home/sebas/mbehu_restored_ws/install/diffdrive_arduino/share/diffdrive_arduino/environment/library_path.sh
-- Symlinking: /home/sebas/mbehu_restored_ws/install/diffdrive_arduino/share/diffdrive_arduino/environment/library_path.dsv
-- Symlinking: /home/sebas/mbehu_restored_ws/install/diffdrive_arduino/share/ament_index/resource_index/package_run_dependencies/diffdrive_arduino
-- Symlinking: /home/sebas/mbehu_restored_ws/install/diffdrive_arduino/share/ament_index/resource_index/parent_prefix_path/diffdrive_arduino
-- Symlinking: /home/sebas/mbehu_restored_ws/install/diffdrive_arduino/share/diffdrive_arduino/environment/ament_prefix_path.sh
-- Symlinking: /home/sebas/mbehu_restored_ws/install/diffdrive_arduino/share/diffdrive_arduino/environment/ament_prefix_path.dsv
-- Symlinking: /home/sebas/mbehu_restored_ws/install/diffdrive_arduino/share/diffdrive_arduino/environment/path.sh
-- Symlinking: /home/sebas/mbehu_restored_ws/install/diffdrive_arduino/share/diffdrive_arduino/environment/path.dsv
-- Symlinking: /home/sebas/mbehu_restored_ws/install/diffdrive_arduino/share/diffdrive_arduino/local_setup.bash
-- Symlinking: /home/sebas/mbehu_restored_ws/install/diffdrive_arduino/share/diffdrive_arduino/local_setup.sh
-- Symlinking: /home/sebas/mbehu_restored_ws/install/diffdrive_arduino/share/diffdrive_arduino/local_setup.zsh
-- Symlinking: /home/sebas/mbehu_restored_ws/install/diffdrive_arduino/share/diffdrive_arduino/local_setup.dsv
-- Symlinking: /home/sebas/mbehu_restored_ws/install/diffdrive_arduino/share/diffdrive_arduino/package.dsv
-- Symlinking: /home/sebas/mbehu_restored_ws/install/diffdrive_arduino/share/ament_index/resource_index/packages/diffdrive_arduino
-- Symlinking: /home/sebas/mbehu_restored_ws/install/diffdrive_arduino/share/ament_index/resource_index/hardware_interface__pluginlib__plugin/diffdrive_arduino
-- Symlinking: /home/sebas/mbehu_restored_ws/install/diffdrive_arduino/share/diffdrive_arduino/cmake/ament_cmake_export_libraries-extras.cmake
-- Symlinking: /home/sebas/mbehu_restored_ws/install/diffdrive_arduino/share/diffdrive_arduino/cmake/ament_cmake_export_dependencies-extras.cmake
-- Symlinking: /home/sebas/mbehu_restored_ws/install/diffdrive_arduino/share/diffdrive_arduino/cmake/diffdrive_arduinoConfig.cmake
-- Symlinking: /home/sebas/mbehu_restored_ws/install/diffdrive_arduino/share/diffdrive_arduino/cmake/diffdrive_arduinoConfig-version.cmake
-- Symlinking: /home/sebas/mbehu_restored_ws/install/diffdrive_arduino/share/diffdrive_arduino/package.xml
