[0.561s] Invoking command in '/home/sebas/mbehu_restored_ws/build/serial_motor_demo_msgs': CMAKE_PREFIX_PATH=${CMAKE_PREFIX_PATH}:/home/sebas/mbehu_restored_ws/install/serial_motor_demo:/home/sebas/mbehu_ws/install/ultrasonico:/home/sebas/mbehu_ws/install/mpu6050_pkg:/home/sebas/mbehu_ws/install/mpu6050:/opt/ros/foxy /usr/bin/cmake --build /home/sebas/mbehu_restored_ws/build/serial_motor_demo_msgs -- -j4 -l4
[2.307s] [  2%] Built target serial_motor_demo_msgs__cpp
[2.352s] [ 12%] Built target serial_motor_demo_msgs__rosidl_generator_c
[3.225s] [ 23%] Built target serial_motor_demo_msgs__rosidl_typesupport_cpp
[3.278s] [ 34%] Built target serial_motor_demo_msgs__rosidl_typesupport_introspection_cpp
[3.457s] [ 44%] Built target serial_motor_demo_msgs__rosidl_typesupport_fastrtps_cpp
[3.877s] [ 55%] Built target serial_motor_demo_msgs__rosidl_typesupport_c
[3.959s] [ 65%] Built target serial_motor_demo_msgs__rosidl_typesupport_introspection_c
[4.055s] [ 76%] Built target serial_motor_demo_msgs__rosidl_typesupport_fastrtps_c
[4.398s] [ 76%] Built target serial_motor_demo_msgs
[4.765s] [ 78%] Built target serial_motor_demo_msgs__py
[5.325s] [ 87%] Built target serial_motor_demo_msgs__python
[5.888s] [ 91%] Built target serial_motor_demo_msgs__rosidl_typesupport_fastrtps_c__pyext
[5.927s] [ 95%] Built target serial_motor_demo_msgs__rosidl_typesupport_introspection_c__pyext
[6.115s] [100%] Built target serial_motor_demo_msgs__rosidl_typesupport_c__pyext
[6.267s] Invoked command in '/home/sebas/mbehu_restored_ws/build/serial_motor_demo_msgs' returned '0': CMAKE_PREFIX_PATH=${CMAKE_PREFIX_PATH}:/home/sebas/mbehu_restored_ws/install/serial_motor_demo:/home/sebas/mbehu_ws/install/ultrasonico:/home/sebas/mbehu_ws/install/mpu6050_pkg:/home/sebas/mbehu_ws/install/mpu6050:/opt/ros/foxy /usr/bin/cmake --build /home/sebas/mbehu_restored_ws/build/serial_motor_demo_msgs -- -j4 -l4
[7.933s] Invoking command in '/home/sebas/mbehu_restored_ws/build/serial_motor_demo_msgs': CMAKE_PREFIX_PATH=${CMAKE_PREFIX_PATH}:/home/sebas/mbehu_restored_ws/install/serial_motor_demo:/home/sebas/mbehu_ws/install/ultrasonico:/home/sebas/mbehu_ws/install/mpu6050_pkg:/home/sebas/mbehu_ws/install/mpu6050:/opt/ros/foxy /usr/bin/cmake --install /home/sebas/mbehu_restored_ws/build/serial_motor_demo_msgs
[8.125s] -- Install configuration: ""
[8.146s] -- Execute custom install script
[8.158s] -- Up-to-date symlink: /home/sebas/mbehu_restored_ws/install/serial_motor_demo_msgs/share/ament_index/resource_index/rosidl_interfaces/serial_motor_demo_msgs
[8.190s] -- Up-to-date symlink: /home/sebas/mbehu_restored_ws/install/serial_motor_demo_msgs/include/serial_motor_demo_msgs/msg/detail/encoder_vals__functions.h
[8.205s] -- Up-to-date symlink: /home/sebas/mbehu_restored_ws/install/serial_motor_demo_msgs/include/serial_motor_demo_msgs/msg/detail/encoder_vals__struct.h
[8.214s] -- Up-to-date symlink: /home/sebas/mbehu_restored_ws/install/serial_motor_demo_msgs/include/serial_motor_demo_msgs/msg/detail/encoder_vals__type_support.h
[8.221s] -- Up-to-date symlink: /home/sebas/mbehu_restored_ws/install/serial_motor_demo_msgs/include/serial_motor_demo_msgs/msg/detail/motor_command__functions.h
[8.237s] -- Up-to-date symlink: /home/sebas/mbehu_restored_ws/install/serial_motor_demo_msgs/include/serial_motor_demo_msgs/msg/detail/motor_command__struct.h
[8.245s] -- Up-to-date symlink: /home/sebas/mbehu_restored_ws/install/serial_motor_demo_msgs/include/serial_motor_demo_msgs/msg/detail/motor_command__type_support.h
[8.252s] -- Up-to-date symlink: /home/sebas/mbehu_restored_ws/install/serial_motor_demo_msgs/include/serial_motor_demo_msgs/msg/detail/motor_vels__functions.h
[8.270s] -- Up-to-date symlink: /home/sebas/mbehu_restored_ws/install/serial_motor_demo_msgs/include/serial_motor_demo_msgs/msg/detail/motor_vels__struct.h
[8.278s] -- Up-to-date symlink: /home/sebas/mbehu_restored_ws/install/serial_motor_demo_msgs/include/serial_motor_demo_msgs/msg/detail/motor_vels__type_support.h
[8.286s] -- Up-to-date symlink: /home/sebas/mbehu_restored_ws/install/serial_motor_demo_msgs/include/serial_motor_demo_msgs/msg/encoder_vals.h
[8.297s] -- Up-to-date symlink: /home/sebas/mbehu_restored_ws/install/serial_motor_demo_msgs/include/serial_motor_demo_msgs/msg/motor_command.h
[8.309s] -- Up-to-date symlink: /home/sebas/mbehu_restored_ws/install/serial_motor_demo_msgs/include/serial_motor_demo_msgs/msg/motor_vels.h
[8.321s] -- Up-to-date symlink: /home/sebas/mbehu_restored_ws/install/serial_motor_demo_msgs/include/serial_motor_demo_msgs/msg/rosidl_generator_c__visibility_control.h
[8.329s] -- Up-to-date symlink: /home/sebas/mbehu_restored_ws/install/serial_motor_demo_msgs/share/serial_motor_demo_msgs/environment/library_path.sh
[8.333s] -- Up-to-date symlink: /home/sebas/mbehu_restored_ws/install/serial_motor_demo_msgs/share/serial_motor_demo_msgs/environment/library_path.dsv
[8.382s] -- Up-to-date symlink: /home/sebas/mbehu_restored_ws/install/serial_motor_demo_msgs/include/serial_motor_demo_msgs/msg/detail/encoder_vals__rosidl_typesupport_fastrtps_c.h
[8.395s] -- Up-to-date symlink: /home/sebas/mbehu_restored_ws/install/serial_motor_demo_msgs/include/serial_motor_demo_msgs/msg/detail/motor_command__rosidl_typesupport_fastrtps_c.h
[8.424s] -- Up-to-date symlink: /home/sebas/mbehu_restored_ws/install/serial_motor_demo_msgs/include/serial_motor_demo_msgs/msg/detail/motor_vels__rosidl_typesupport_fastrtps_c.h
[8.425s] -- Up-to-date symlink: /home/sebas/mbehu_restored_ws/install/serial_motor_demo_msgs/include/serial_motor_demo_msgs/msg/rosidl_typesupport_fastrtps_c__visibility_control.h
[8.449s] -- Up-to-date symlink: /home/sebas/mbehu_restored_ws/install/serial_motor_demo_msgs/lib/libserial_motor_demo_msgs__rosidl_typesupport_fastrtps_c.so
[8.482s] -- Up-to-date symlink: /home/sebas/mbehu_restored_ws/install/serial_motor_demo_msgs/include/serial_motor_demo_msgs/msg/detail/encoder_vals__rosidl_typesupport_fastrtps_cpp.hpp
[8.496s] -- Up-to-date symlink: /home/sebas/mbehu_restored_ws/install/serial_motor_demo_msgs/include/serial_motor_demo_msgs/msg/detail/motor_command__rosidl_typesupport_fastrtps_cpp.hpp
[8.505s] -- Up-to-date symlink: /home/sebas/mbehu_restored_ws/install/serial_motor_demo_msgs/include/serial_motor_demo_msgs/msg/detail/motor_vels__rosidl_typesupport_fastrtps_cpp.hpp
[8.522s] -- Up-to-date symlink: /home/sebas/mbehu_restored_ws/install/serial_motor_demo_msgs/include/serial_motor_demo_msgs/msg/rosidl_typesupport_fastrtps_cpp__visibility_control.h
[8.531s] -- Up-to-date symlink: /home/sebas/mbehu_restored_ws/install/serial_motor_demo_msgs/lib/libserial_motor_demo_msgs__rosidl_typesupport_fastrtps_cpp.so
[8.563s] -- Up-to-date symlink: /home/sebas/mbehu_restored_ws/install/serial_motor_demo_msgs/include/serial_motor_demo_msgs/msg/detail/encoder_vals__rosidl_typesupport_introspection_c.h
[8.574s] -- Up-to-date symlink: /home/sebas/mbehu_restored_ws/install/serial_motor_demo_msgs/include/serial_motor_demo_msgs/msg/detail/motor_command__rosidl_typesupport_introspection_c.h
[8.587s] -- Up-to-date symlink: /home/sebas/mbehu_restored_ws/install/serial_motor_demo_msgs/include/serial_motor_demo_msgs/msg/detail/motor_vels__rosidl_typesupport_introspection_c.h
[8.605s] -- Up-to-date symlink: /home/sebas/mbehu_restored_ws/install/serial_motor_demo_msgs/include/serial_motor_demo_msgs/msg/rosidl_typesupport_introspection_c__visibility_control.h
[8.625s] -- Up-to-date symlink: /home/sebas/mbehu_restored_ws/install/serial_motor_demo_msgs/include/serial_motor_demo_msgs/msg/detail/encoder_vals__builder.hpp
[8.645s] -- Up-to-date symlink: /home/sebas/mbehu_restored_ws/install/serial_motor_demo_msgs/include/serial_motor_demo_msgs/msg/detail/encoder_vals__struct.hpp
[8.652s] -- Up-to-date symlink: /home/sebas/mbehu_restored_ws/install/serial_motor_demo_msgs/include/serial_motor_demo_msgs/msg/detail/encoder_vals__traits.hpp
[8.667s] -- Up-to-date symlink: /home/sebas/mbehu_restored_ws/install/serial_motor_demo_msgs/include/serial_motor_demo_msgs/msg/detail/motor_command__builder.hpp
[8.697s] -- Up-to-date symlink: /home/sebas/mbehu_restored_ws/install/serial_motor_demo_msgs/include/serial_motor_demo_msgs/msg/detail/motor_command__struct.hpp
[8.736s] -- Up-to-date symlink: /home/sebas/mbehu_restored_ws/install/serial_motor_demo_msgs/include/serial_motor_demo_msgs/msg/detail/motor_command__traits.hpp
[8.767s] -- Up-to-date symlink: /home/sebas/mbehu_restored_ws/install/serial_motor_demo_msgs/include/serial_motor_demo_msgs/msg/detail/motor_vels__builder.hpp
[8.804s] -- Up-to-date symlink: /home/sebas/mbehu_restored_ws/install/serial_motor_demo_msgs/include/serial_motor_demo_msgs/msg/detail/motor_vels__struct.hpp
[8.830s] -- Up-to-date symlink: /home/sebas/mbehu_restored_ws/install/serial_motor_demo_msgs/include/serial_motor_demo_msgs/msg/detail/motor_vels__traits.hpp
[8.857s] -- Up-to-date symlink: /home/sebas/mbehu_restored_ws/install/serial_motor_demo_msgs/include/serial_motor_demo_msgs/msg/encoder_vals.hpp
[8.885s] -- Up-to-date symlink: /home/sebas/mbehu_restored_ws/install/serial_motor_demo_msgs/include/serial_motor_demo_msgs/msg/motor_command.hpp
[8.913s] -- Up-to-date symlink: /home/sebas/mbehu_restored_ws/install/serial_motor_demo_msgs/include/serial_motor_demo_msgs/msg/motor_vels.hpp
[8.937s] -- Up-to-date symlink: /home/sebas/mbehu_restored_ws/install/serial_motor_demo_msgs/include/serial_motor_demo_msgs/msg/detail/encoder_vals__rosidl_typesupport_introspection_cpp.hpp
[8.972s] -- Up-to-date symlink: /home/sebas/mbehu_restored_ws/install/serial_motor_demo_msgs/include/serial_motor_demo_msgs/msg/detail/motor_command__rosidl_typesupport_introspection_cpp.hpp
[8.985s] -- Up-to-date symlink: /home/sebas/mbehu_restored_ws/install/serial_motor_demo_msgs/include/serial_motor_demo_msgs/msg/detail/motor_vels__rosidl_typesupport_introspection_cpp.hpp
[8.996s] -- Up-to-date symlink: /home/sebas/mbehu_restored_ws/install/serial_motor_demo_msgs/share/serial_motor_demo_msgs/environment/pythonpath.sh
[9.002s] -- Up-to-date symlink: /home/sebas/mbehu_restored_ws/install/serial_motor_demo_msgs/share/serial_motor_demo_msgs/environment/pythonpath.dsv
[9.010s] -- Up-to-date symlink: /home/sebas/mbehu_restored_ws/install/serial_motor_demo_msgs/lib/python3.8/site-packages/serial_motor_demo_msgs/__init__.py
[9.024s] -- Up-to-date symlink: /home/sebas/mbehu_restored_ws/install/serial_motor_demo_msgs/lib/python3.8/site-packages/serial_motor_demo_msgs/msg/__init__.py
[9.031s] -- Up-to-date symlink: /home/sebas/mbehu_restored_ws/install/serial_motor_demo_msgs/lib/python3.8/site-packages/serial_motor_demo_msgs/msg/_encoder_vals.py
[9.043s] -- Up-to-date symlink: /home/sebas/mbehu_restored_ws/install/serial_motor_demo_msgs/lib/python3.8/site-packages/serial_motor_demo_msgs/msg/_motor_command.py
[9.059s] -- Up-to-date symlink: /home/sebas/mbehu_restored_ws/install/serial_motor_demo_msgs/lib/python3.8/site-packages/serial_motor_demo_msgs/msg/_motor_vels.py
[9.079s] -- Up-to-date symlink: /home/sebas/mbehu_restored_ws/install/serial_motor_demo_msgs/lib/python3.8/site-packages/serial_motor_demo_msgs/serial_motor_demo_msgs_s__rosidl_typesupport_fastrtps_c.cpython-38-aarch64-linux-gnu.so
[9.107s] -- Up-to-date symlink: /home/sebas/mbehu_restored_ws/install/serial_motor_demo_msgs/lib/python3.8/site-packages/serial_motor_demo_msgs/serial_motor_demo_msgs_s__rosidl_typesupport_introspection_c.cpython-38-aarch64-linux-gnu.so
[9.129s] -- Up-to-date symlink: /home/sebas/mbehu_restored_ws/install/serial_motor_demo_msgs/lib/python3.8/site-packages/serial_motor_demo_msgs/serial_motor_demo_msgs_s__rosidl_typesupport_c.cpython-38-aarch64-linux-gnu.so
[9.144s] -- Up-to-date symlink: /home/sebas/mbehu_restored_ws/install/serial_motor_demo_msgs/lib/libserial_motor_demo_msgs__python.so
[9.151s] -- Up-to-date symlink: /home/sebas/mbehu_restored_ws/install/serial_motor_demo_msgs/share/serial_motor_demo_msgs/msg/MotorCommand.idl
[9.160s] -- Up-to-date symlink: /home/sebas/mbehu_restored_ws/install/serial_motor_demo_msgs/share/serial_motor_demo_msgs/msg/MotorVels.idl
[9.164s] -- Up-to-date symlink: /home/sebas/mbehu_restored_ws/install/serial_motor_demo_msgs/share/serial_motor_demo_msgs/msg/EncoderVals.idl
[9.172s] -- Up-to-date symlink: /home/sebas/mbehu_restored_ws/install/serial_motor_demo_msgs/share/serial_motor_demo_msgs/msg/MotorCommand.msg
[9.178s] -- Up-to-date symlink: /home/sebas/mbehu_restored_ws/install/serial_motor_demo_msgs/share/serial_motor_demo_msgs/msg/MotorVels.msg
[9.180s] -- Up-to-date symlink: /home/sebas/mbehu_restored_ws/install/serial_motor_demo_msgs/share/serial_motor_demo_msgs/msg/EncoderVals.msg
[9.185s] -- Up-to-date symlink: /home/sebas/mbehu_restored_ws/install/serial_motor_demo_msgs/share/ament_index/resource_index/package_run_dependencies/serial_motor_demo_msgs
[9.193s] -- Up-to-date symlink: /home/sebas/mbehu_restored_ws/install/serial_motor_demo_msgs/share/ament_index/resource_index/parent_prefix_path/serial_motor_demo_msgs
[9.203s] -- Up-to-date symlink: /home/sebas/mbehu_restored_ws/install/serial_motor_demo_msgs/share/serial_motor_demo_msgs/environment/ament_prefix_path.sh
[9.212s] -- Up-to-date symlink: /home/sebas/mbehu_restored_ws/install/serial_motor_demo_msgs/share/serial_motor_demo_msgs/environment/ament_prefix_path.dsv
[9.230s] -- Up-to-date symlink: /home/sebas/mbehu_restored_ws/install/serial_motor_demo_msgs/share/serial_motor_demo_msgs/environment/path.sh
[9.238s] -- Up-to-date symlink: /home/sebas/mbehu_restored_ws/install/serial_motor_demo_msgs/share/serial_motor_demo_msgs/environment/path.dsv
[9.257s] -- Up-to-date symlink: /home/sebas/mbehu_restored_ws/install/serial_motor_demo_msgs/share/serial_motor_demo_msgs/local_setup.bash
[9.294s] -- Up-to-date symlink: /home/sebas/mbehu_restored_ws/install/serial_motor_demo_msgs/share/serial_motor_demo_msgs/local_setup.sh
[9.295s] -- Up-to-date symlink: /home/sebas/mbehu_restored_ws/install/serial_motor_demo_msgs/share/serial_motor_demo_msgs/local_setup.zsh
[9.296s] -- Up-to-date symlink: /home/sebas/mbehu_restored_ws/install/serial_motor_demo_msgs/share/serial_motor_demo_msgs/local_setup.dsv
[9.297s] -- Symlinking: /home/sebas/mbehu_restored_ws/install/serial_motor_demo_msgs/share/serial_motor_demo_msgs/package.dsv
[9.485s] -- Up-to-date symlink: /home/sebas/mbehu_restored_ws/install/serial_motor_demo_msgs/share/ament_index/resource_index/packages/serial_motor_demo_msgs
[9.494s] -- Up-to-date symlink: /home/sebas/mbehu_restored_ws/install/serial_motor_demo_msgs/share/serial_motor_demo_msgs/cmake/rosidl_cmake-extras.cmake
[9.500s] -- Up-to-date symlink: /home/sebas/mbehu_restored_ws/install/serial_motor_demo_msgs/share/serial_motor_demo_msgs/cmake/ament_cmake_export_dependencies-extras.cmake
[9.516s] -- Up-to-date symlink: /home/sebas/mbehu_restored_ws/install/serial_motor_demo_msgs/share/serial_motor_demo_msgs/cmake/ament_cmake_export_libraries-extras.cmake
[9.531s] -- Up-to-date symlink: /home/sebas/mbehu_restored_ws/install/serial_motor_demo_msgs/share/serial_motor_demo_msgs/cmake/ament_cmake_export_targets-extras.cmake
[9.545s] -- Up-to-date symlink: /home/sebas/mbehu_restored_ws/install/serial_motor_demo_msgs/share/serial_motor_demo_msgs/cmake/ament_cmake_export_include_directories-extras.cmake
[9.558s] -- Up-to-date symlink: /home/sebas/mbehu_restored_ws/install/serial_motor_demo_msgs/share/serial_motor_demo_msgs/cmake/rosidl_cmake_export_typesupport_libraries-extras.cmake
[9.569s] -- Up-to-date symlink: /home/sebas/mbehu_restored_ws/install/serial_motor_demo_msgs/share/serial_motor_demo_msgs/cmake/rosidl_cmake_export_typesupport_targets-extras.cmake
[9.598s] -- Up-to-date symlink: /home/sebas/mbehu_restored_ws/install/serial_motor_demo_msgs/share/serial_motor_demo_msgs/cmake/serial_motor_demo_msgsConfig.cmake
[9.599s] -- Up-to-date symlink: /home/sebas/mbehu_restored_ws/install/serial_motor_demo_msgs/share/serial_motor_demo_msgs/cmake/serial_motor_demo_msgsConfig-version.cmake
[9.610s] -- Up-to-date symlink: /home/sebas/mbehu_restored_ws/install/serial_motor_demo_msgs/share/serial_motor_demo_msgs/package.xml
[9.611s] -- Up-to-date: /home/sebas/mbehu_restored_ws/install/serial_motor_demo_msgs/lib/libserial_motor_demo_msgs__rosidl_generator_c.so
[9.627s] -- Up-to-date: /home/sebas/mbehu_restored_ws/install/serial_motor_demo_msgs/lib/libserial_motor_demo_msgs__rosidl_typesupport_introspection_c.so
[9.641s] -- Up-to-date: /home/sebas/mbehu_restored_ws/install/serial_motor_demo_msgs/lib/libserial_motor_demo_msgs__rosidl_typesupport_c.so
[9.647s] -- Up-to-date: /home/sebas/mbehu_restored_ws/install/serial_motor_demo_msgs/lib/libserial_motor_demo_msgs__rosidl_typesupport_introspection_cpp.so
[9.675s] -- Up-to-date: /home/sebas/mbehu_restored_ws/install/serial_motor_demo_msgs/lib/libserial_motor_demo_msgs__rosidl_typesupport_cpp.so
[10.235s] -- Up-to-date: /home/sebas/mbehu_restored_ws/install/serial_motor_demo_msgs/share/serial_motor_demo_msgs/cmake/serial_motor_demo_msgs__rosidl_generator_cExport.cmake
[10.236s] -- Up-to-date: /home/sebas/mbehu_restored_ws/install/serial_motor_demo_msgs/share/serial_motor_demo_msgs/cmake/serial_motor_demo_msgs__rosidl_generator_cExport-noconfig.cmake
[10.241s] -- Up-to-date: /home/sebas/mbehu_restored_ws/install/serial_motor_demo_msgs/share/serial_motor_demo_msgs/cmake/serial_motor_demo_msgs__rosidl_typesupport_introspection_cExport.cmake
[10.243s] -- Up-to-date: /home/sebas/mbehu_restored_ws/install/serial_motor_demo_msgs/share/serial_motor_demo_msgs/cmake/serial_motor_demo_msgs__rosidl_typesupport_introspection_cExport-noconfig.cmake
[10.247s] -- Up-to-date: /home/sebas/mbehu_restored_ws/install/serial_motor_demo_msgs/share/serial_motor_demo_msgs/cmake/serial_motor_demo_msgs__rosidl_typesupport_cExport.cmake
[10.253s] -- Up-to-date: /home/sebas/mbehu_restored_ws/install/serial_motor_demo_msgs/share/serial_motor_demo_msgs/cmake/serial_motor_demo_msgs__rosidl_typesupport_cExport-noconfig.cmake
[10.259s] -- Up-to-date: /home/sebas/mbehu_restored_ws/install/serial_motor_demo_msgs/share/serial_motor_demo_msgs/cmake/serial_motor_demo_msgs__rosidl_generator_cppExport.cmake
[10.267s] -- Up-to-date: /home/sebas/mbehu_restored_ws/install/serial_motor_demo_msgs/share/serial_motor_demo_msgs/cmake/serial_motor_demo_msgs__rosidl_typesupport_introspection_cppExport.cmake
[10.269s] -- Up-to-date: /home/sebas/mbehu_restored_ws/install/serial_motor_demo_msgs/share/serial_motor_demo_msgs/cmake/serial_motor_demo_msgs__rosidl_typesupport_introspection_cppExport-noconfig.cmake
[10.276s] -- Up-to-date: /home/sebas/mbehu_restored_ws/install/serial_motor_demo_msgs/share/serial_motor_demo_msgs/cmake/serial_motor_demo_msgs__rosidl_typesupport_cppExport.cmake
[10.282s] -- Up-to-date: /home/sebas/mbehu_restored_ws/install/serial_motor_demo_msgs/share/serial_motor_demo_msgs/cmake/serial_motor_demo_msgs__rosidl_typesupport_cppExport-noconfig.cmake
[10.313s] Invoked command in '/home/sebas/mbehu_restored_ws/build/serial_motor_demo_msgs' returned '0': CMAKE_PREFIX_PATH=${CMAKE_PREFIX_PATH}:/home/sebas/mbehu_restored_ws/install/serial_motor_demo:/home/sebas/mbehu_ws/install/ultrasonico:/home/sebas/mbehu_ws/install/mpu6050_pkg:/home/sebas/mbehu_ws/install/mpu6050:/opt/ros/foxy /usr/bin/cmake --install /home/sebas/mbehu_restored_ws/build/serial_motor_demo_msgs
