[0.299s] Invoking command in '/home/sebas/mbehu_restored_ws/build/mbehu_bot': CMAKE_PREFIX_PATH=${CMAKE_PREFIX_PATH}:/home/sebas/mbehu_restored_ws/install/serial_motor_demo:/home/sebas/mbehu_ws/install/ultrasonico:/home/sebas/mbehu_ws/install/mpu6050_pkg:/home/sebas/mbehu_ws/install/mpu6050:/opt/ros/foxy /usr/bin/cmake --build /home/sebas/mbehu_restored_ws/build/mbehu_bot -- -j4 -l4
[0.575s] Invoked command in '/home/sebas/mbehu_restored_ws/build/mbehu_bot' returned '0': CMAKE_PREFIX_PATH=${CMAKE_PREFIX_PATH}:/home/sebas/mbehu_restored_ws/install/serial_motor_demo:/home/sebas/mbehu_ws/install/ultrasonico:/home/sebas/mbehu_ws/install/mpu6050_pkg:/home/sebas/mbehu_ws/install/mpu6050:/opt/ros/foxy /usr/bin/cmake --build /home/sebas/mbehu_restored_ws/build/mbehu_bot -- -j4 -l4
[1.025s] Invoking command in '/home/sebas/mbehu_restored_ws/build/mbehu_bot': CMAKE_PREFIX_PATH=${CMAKE_PREFIX_PATH}:/home/sebas/mbehu_restored_ws/install/serial_motor_demo:/home/sebas/mbehu_ws/install/ultrasonico:/home/sebas/mbehu_ws/install/mpu6050_pkg:/home/sebas/mbehu_ws/install/mpu6050:/opt/ros/foxy /usr/bin/cmake --install /home/sebas/mbehu_restored_ws/build/mbehu_bot
[1.148s] -- Install configuration: ""
[1.153s] -- Execute custom install script
[1.159s] -- Up-to-date symlink: /home/sebas/mbehu_restored_ws/install/mbehu_bot/share/mbehu_bot/config/drive_mbehu.rviz
[1.164s] -- Up-to-date symlink: /home/sebas/mbehu_restored_ws/install/mbehu_bot/share/mbehu_bot/config/empty.yaml
[1.168s] -- Up-to-date symlink: /home/sebas/mbehu_restored_ws/install/mbehu_bot/share/mbehu_bot/config/gaz_ros2_ctl_use_sim.yaml
[1.174s] -- Up-to-date symlink: /home/sebas/mbehu_restored_ws/install/mbehu_bot/share/mbehu_bot/config/gazebo_params.yaml
[1.178s] -- Up-to-date symlink: /home/sebas/mbehu_restored_ws/install/mbehu_bot/share/mbehu_bot/config/joystick.yaml
[1.181s] -- Up-to-date symlink: /home/sebas/mbehu_restored_ws/install/mbehu_bot/share/mbehu_bot/config/mapper_params_online_async.yaml
[1.185s] -- Up-to-date symlink: /home/sebas/mbehu_restored_ws/install/mbehu_bot/share/mbehu_bot/config/my_controllers.yaml
[1.191s] -- Up-to-date symlink: /home/sebas/mbehu_restored_ws/install/mbehu_bot/share/mbehu_bot/config/nav2_params.yaml
[1.196s] -- Up-to-date symlink: /home/sebas/mbehu_restored_ws/install/mbehu_bot/share/mbehu_bot/config/twist_mux.yaml
[1.209s] -- Up-to-date symlink: /home/sebas/mbehu_restored_ws/install/mbehu_bot/share/mbehu_bot/description/gazebo_control.xacro
[1.221s] -- Up-to-date symlink: /home/sebas/mbehu_restored_ws/install/mbehu_bot/share/mbehu_bot/description/inertial_macros.xacro
[1.227s] -- Up-to-date symlink: /home/sebas/mbehu_restored_ws/install/mbehu_bot/share/mbehu_bot/description/lidar.xacro
[1.232s] -- Up-to-date symlink: /home/sebas/mbehu_restored_ws/install/mbehu_bot/share/mbehu_bot/description/robot.urdf.xacro
[1.239s] -- Up-to-date symlink: /home/sebas/mbehu_restored_ws/install/mbehu_bot/share/mbehu_bot/description/robot_core.xacro
[1.245s] -- Up-to-date symlink: /home/sebas/mbehu_restored_ws/install/mbehu_bot/share/mbehu_bot/description/ros2_control.xacro
[1.255s] -- Up-to-date symlink: /home/sebas/mbehu_restored_ws/install/mbehu_bot/share/mbehu_bot/launch/joystick.launch.py
[1.264s] -- Up-to-date symlink: /home/sebas/mbehu_restored_ws/install/mbehu_bot/share/mbehu_bot/launch/launch_robot.launch.py
[1.268s] -- Up-to-date symlink: /home/sebas/mbehu_restored_ws/install/mbehu_bot/share/mbehu_bot/launch/launch_sim.launch.py
[1.272s] -- Up-to-date symlink: /home/sebas/mbehu_restored_ws/install/mbehu_bot/share/mbehu_bot/launch/localization_launch.py
[1.278s] -- Up-to-date symlink: /home/sebas/mbehu_restored_ws/install/mbehu_bot/share/mbehu_bot/launch/navigation_launch.py
[1.284s] -- Up-to-date symlink: /home/sebas/mbehu_restored_ws/install/mbehu_bot/share/mbehu_bot/launch/rsp.launch.py
[1.296s] -- Up-to-date symlink: /home/sebas/mbehu_restored_ws/install/mbehu_bot/share/mbehu_bot/worlds/empty.world
[1.299s] -- Up-to-date symlink: /home/sebas/mbehu_restored_ws/install/mbehu_bot/share/mbehu_bot/worlds/world1.world
[1.312s] -- Up-to-date symlink: /home/sebas/mbehu_restored_ws/install/mbehu_bot/share/ament_index/resource_index/package_run_dependencies/mbehu_bot
[1.316s] -- Up-to-date symlink: /home/sebas/mbehu_restored_ws/install/mbehu_bot/share/ament_index/resource_index/parent_prefix_path/mbehu_bot
[1.317s] -- Up-to-date symlink: /home/sebas/mbehu_restored_ws/install/mbehu_bot/share/mbehu_bot/environment/ament_prefix_path.sh
[1.318s] -- Up-to-date symlink: /home/sebas/mbehu_restored_ws/install/mbehu_bot/share/mbehu_bot/environment/ament_prefix_path.dsv
[1.329s] -- Up-to-date symlink: /home/sebas/mbehu_restored_ws/install/mbehu_bot/share/mbehu_bot/environment/path.sh
[1.330s] -- Up-to-date symlink: /home/sebas/mbehu_restored_ws/install/mbehu_bot/share/mbehu_bot/environment/path.dsv
[1.339s] -- Up-to-date symlink: /home/sebas/mbehu_restored_ws/install/mbehu_bot/share/mbehu_bot/local_setup.bash
[1.343s] -- Up-to-date symlink: /home/sebas/mbehu_restored_ws/install/mbehu_bot/share/mbehu_bot/local_setup.sh
[1.344s] -- Up-to-date symlink: /home/sebas/mbehu_restored_ws/install/mbehu_bot/share/mbehu_bot/local_setup.zsh
[1.359s] -- Up-to-date symlink: /home/sebas/mbehu_restored_ws/install/mbehu_bot/share/mbehu_bot/local_setup.dsv
[1.361s] -- Symlinking: /home/sebas/mbehu_restored_ws/install/mbehu_bot/share/mbehu_bot/package.dsv
[1.507s] -- Up-to-date symlink: /home/sebas/mbehu_restored_ws/install/mbehu_bot/share/ament_index/resource_index/packages/mbehu_bot
[1.507s] -- Up-to-date symlink: /home/sebas/mbehu_restored_ws/install/mbehu_bot/share/mbehu_bot/cmake/mbehu_botConfig.cmake
[1.508s] -- Up-to-date symlink: /home/sebas/mbehu_restored_ws/install/mbehu_bot/share/mbehu_bot/cmake/mbehu_botConfig-version.cmake
[1.508s] -- Up-to-date symlink: /home/sebas/mbehu_restored_ws/install/mbehu_bot/share/mbehu_bot/package.xml
[1.543s] Invoked command in '/home/sebas/mbehu_restored_ws/build/mbehu_bot' returned '0': CMAKE_PREFIX_PATH=${CMAKE_PREFIX_PATH}:/home/sebas/mbehu_restored_ws/install/serial_motor_demo:/home/sebas/mbehu_ws/install/ultrasonico:/home/sebas/mbehu_ws/install/mpu6050_pkg:/home/sebas/mbehu_ws/install/mpu6050:/opt/ros/foxy /usr/bin/cmake --install /home/sebas/mbehu_restored_ws/build/mbehu_bot
