[0.200s] Invoking command in '/home/sebas/mbehu_restored_ws/build/mbehu_bot': CMAKE_PREFIX_PATH=${CMAKE_PREFIX_PATH}:/home/sebas/mbehu_restored_ws/install/serial_motor_demo:/home/sebas/mbehu_ws/install/ultrasonico:/home/sebas/mbehu_ws/install/mpu6050_pkg:/home/sebas/mbehu_ws/install/mpu6050:/opt/ros/foxy /usr/bin/cmake --build /home/sebas/mbehu_restored_ws/build/mbehu_bot -- -j4 -l4
[0.690s] Invoked command in '/home/sebas/mbehu_restored_ws/build/mbehu_bot' returned '0': CMAKE_PREFIX_PATH=${CMAKE_PREFIX_PATH}:/home/sebas/mbehu_restored_ws/install/serial_motor_demo:/home/sebas/mbehu_ws/install/ultrasonico:/home/sebas/mbehu_ws/install/mpu6050_pkg:/home/sebas/mbehu_ws/install/mpu6050:/opt/ros/foxy /usr/bin/cmake --build /home/sebas/mbehu_restored_ws/build/mbehu_bot -- -j4 -l4
[1.016s] Invoking command in '/home/sebas/mbehu_restored_ws/build/mbehu_bot': CMAKE_PREFIX_PATH=${CMAKE_PREFIX_PATH}:/home/sebas/mbehu_restored_ws/install/serial_motor_demo:/home/sebas/mbehu_ws/install/ultrasonico:/home/sebas/mbehu_ws/install/mpu6050_pkg:/home/sebas/mbehu_ws/install/mpu6050:/opt/ros/foxy /usr/bin/cmake --install /home/sebas/mbehu_restored_ws/build/mbehu_bot
[1.077s] -- Install configuration: ""
[1.084s] -- Execute custom install script
[1.089s] -- Up-to-date symlink: /home/sebas/mbehu_restored_ws/install/mbehu_bot/share/mbehu_bot/config/drive_mbehu.rviz
[1.091s] -- Up-to-date symlink: /home/sebas/mbehu_restored_ws/install/mbehu_bot/share/mbehu_bot/config/empty.yaml
[1.094s] -- Up-to-date symlink: /home/sebas/mbehu_restored_ws/install/mbehu_bot/share/mbehu_bot/config/gaz_ros2_ctl_use_sim.yaml
[1.097s] -- Up-to-date symlink: /home/sebas/mbehu_restored_ws/install/mbehu_bot/share/mbehu_bot/config/gazebo_params.yaml
[1.100s] -- Up-to-date symlink: /home/sebas/mbehu_restored_ws/install/mbehu_bot/share/mbehu_bot/config/joystick.yaml
[1.103s] -- Up-to-date symlink: /home/sebas/mbehu_restored_ws/install/mbehu_bot/share/mbehu_bot/config/mapper_params_online_async.yaml
[1.105s] -- Up-to-date symlink: /home/sebas/mbehu_restored_ws/install/mbehu_bot/share/mbehu_bot/config/my_controllers.yaml
[1.107s] -- Up-to-date symlink: /home/sebas/mbehu_restored_ws/install/mbehu_bot/share/mbehu_bot/config/nav2_params.yaml
[1.108s] -- Up-to-date symlink: /home/sebas/mbehu_restored_ws/install/mbehu_bot/share/mbehu_bot/config/twist_mux.yaml
[1.125s] -- Up-to-date symlink: /home/sebas/mbehu_restored_ws/install/mbehu_bot/share/mbehu_bot/description/gazebo_control.xacro
[1.126s] -- Up-to-date symlink: /home/sebas/mbehu_restored_ws/install/mbehu_bot/share/mbehu_bot/description/inertial_macros.xacro
[1.128s] -- Up-to-date symlink: /home/sebas/mbehu_restored_ws/install/mbehu_bot/share/mbehu_bot/description/lidar.xacro
[1.129s] -- Up-to-date symlink: /home/sebas/mbehu_restored_ws/install/mbehu_bot/share/mbehu_bot/description/robot.urdf.xacro
[1.129s] -- Up-to-date symlink: /home/sebas/mbehu_restored_ws/install/mbehu_bot/share/mbehu_bot/description/robot_core.xacro
[1.130s] -- Up-to-date symlink: /home/sebas/mbehu_restored_ws/install/mbehu_bot/share/mbehu_bot/description/ros2_control.xacro
[1.131s] -- Up-to-date symlink: /home/sebas/mbehu_restored_ws/install/mbehu_bot/share/mbehu_bot/launch/joystick.launch.py
[1.133s] -- Up-to-date symlink: /home/sebas/mbehu_restored_ws/install/mbehu_bot/share/mbehu_bot/launch/launch_robot.launch.py
[1.135s] -- Up-to-date symlink: /home/sebas/mbehu_restored_ws/install/mbehu_bot/share/mbehu_bot/launch/launch_sim.launch.py
[1.137s] -- Up-to-date symlink: /home/sebas/mbehu_restored_ws/install/mbehu_bot/share/mbehu_bot/launch/localization_launch.py
[1.139s] -- Up-to-date symlink: /home/sebas/mbehu_restored_ws/install/mbehu_bot/share/mbehu_bot/launch/navigation_launch.py
[1.141s] -- Up-to-date symlink: /home/sebas/mbehu_restored_ws/install/mbehu_bot/share/mbehu_bot/launch/rsp.launch.py
[1.143s] -- Up-to-date symlink: /home/sebas/mbehu_restored_ws/install/mbehu_bot/share/mbehu_bot/worlds/empty.world
[1.145s] -- Up-to-date symlink: /home/sebas/mbehu_restored_ws/install/mbehu_bot/share/mbehu_bot/worlds/world1.world
[1.147s] -- Up-to-date symlink: /home/sebas/mbehu_restored_ws/install/mbehu_bot/share/ament_index/resource_index/package_run_dependencies/mbehu_bot
[1.149s] -- Up-to-date symlink: /home/sebas/mbehu_restored_ws/install/mbehu_bot/share/ament_index/resource_index/parent_prefix_path/mbehu_bot
[1.151s] -- Up-to-date symlink: /home/sebas/mbehu_restored_ws/install/mbehu_bot/share/mbehu_bot/environment/ament_prefix_path.sh
[1.153s] -- Up-to-date symlink: /home/sebas/mbehu_restored_ws/install/mbehu_bot/share/mbehu_bot/environment/ament_prefix_path.dsv
[1.154s] -- Up-to-date symlink: /home/sebas/mbehu_restored_ws/install/mbehu_bot/share/mbehu_bot/environment/path.sh
[1.156s] -- Up-to-date symlink: /home/sebas/mbehu_restored_ws/install/mbehu_bot/share/mbehu_bot/environment/path.dsv
[1.161s] -- Up-to-date symlink: /home/sebas/mbehu_restored_ws/install/mbehu_bot/share/mbehu_bot/local_setup.bash
[1.164s] -- Up-to-date symlink: /home/sebas/mbehu_restored_ws/install/mbehu_bot/share/mbehu_bot/local_setup.sh
[1.166s] -- Up-to-date symlink: /home/sebas/mbehu_restored_ws/install/mbehu_bot/share/mbehu_bot/local_setup.zsh
[1.168s] -- Up-to-date symlink: /home/sebas/mbehu_restored_ws/install/mbehu_bot/share/mbehu_bot/local_setup.dsv
[1.171s] -- Symlinking: /home/sebas/mbehu_restored_ws/install/mbehu_bot/share/mbehu_bot/package.dsv
[1.274s] -- Up-to-date symlink: /home/sebas/mbehu_restored_ws/install/mbehu_bot/share/ament_index/resource_index/packages/mbehu_bot
[1.277s] -- Up-to-date symlink: /home/sebas/mbehu_restored_ws/install/mbehu_bot/share/mbehu_bot/cmake/mbehu_botConfig.cmake
[1.279s] -- Up-to-date symlink: /home/sebas/mbehu_restored_ws/install/mbehu_bot/share/mbehu_bot/cmake/mbehu_botConfig-version.cmake
[1.282s] -- Up-to-date symlink: /home/sebas/mbehu_restored_ws/install/mbehu_bot/share/mbehu_bot/package.xml
[1.306s] Invoked command in '/home/sebas/mbehu_restored_ws/build/mbehu_bot' returned '0': CMAKE_PREFIX_PATH=${CMAKE_PREFIX_PATH}:/home/sebas/mbehu_restored_ws/install/serial_motor_demo:/home/sebas/mbehu_ws/install/ultrasonico:/home/sebas/mbehu_ws/install/mpu6050_pkg:/home/sebas/mbehu_ws/install/mpu6050:/opt/ros/foxy /usr/bin/cmake --install /home/sebas/mbehu_restored_ws/build/mbehu_bot
