[0.213s] Invoking command in '/home/sebas/mbehu_restored_ws/build/serial': CMAKE_PREFIX_PATH=${CMAKE_PREFIX_PATH}:/home/sebas/mbehu_ws/install/ultrasonico:/home/sebas/mbehu_ws/install/mpu6050_pkg:/home/sebas/mbehu_ws/install/mpu6050:/opt/ros/foxy /usr/bin/cmake --build /home/sebas/mbehu_restored_ws/build/serial -- -j4 -l4
[0.897s] [ 28%] Built target serial
[1.038s] [ 42%] Built target gtest_main
[1.051s] [ 57%] Built target gtest
[1.504s] [ 71%] Built target serial_example
[1.589s] [ 85%] Built target serial-test
[1.613s] [100%] Built target serial-test-timer
[1.766s] Invoked command in '/home/sebas/mbehu_restored_ws/build/serial' returned '0': CMAKE_PREFIX_PATH=${CMAKE_PREFIX_PATH}:/home/sebas/mbehu_ws/install/ultrasonico:/home/sebas/mbehu_ws/install/mpu6050_pkg:/home/sebas/mbehu_ws/install/mpu6050:/opt/ros/foxy /usr/bin/cmake --build /home/sebas/mbehu_restored_ws/build/serial -- -j4 -l4
[2.477s] Invoking command in '/home/sebas/mbehu_restored_ws/build/serial': CMAKE_PREFIX_PATH=${CMAKE_PREFIX_PATH}:/home/sebas/mbehu_ws/install/ultrasonico:/home/sebas/mbehu_ws/install/mpu6050_pkg:/home/sebas/mbehu_ws/install/mpu6050:/opt/ros/foxy /usr/bin/cmake --install /home/sebas/mbehu_restored_ws/build/serial
[2.602s] -- Install configuration: ""
[2.614s] -- Execute custom install script
[2.617s] -- Up-to-date symlink: /home/sebas/mbehu_restored_ws/install/serial/lib/libserial.a
[2.619s] -- Up-to-date symlink: /home/sebas/mbehu_restored_ws/install/serial/include/serial/serial.h
[2.620s] -- Up-to-date symlink: /home/sebas/mbehu_restored_ws/install/serial/include/serial/v8stdint.h
[2.635s] -- Up-to-date symlink: /home/sebas/mbehu_restored_ws/install/serial/share/serial/environment/library_path.sh
[2.638s] -- Up-to-date symlink: /home/sebas/mbehu_restored_ws/install/serial/share/serial/environment/library_path.dsv
[2.640s] -- Up-to-date symlink: /home/sebas/mbehu_restored_ws/install/serial/share/ament_index/resource_index/package_run_dependencies/serial
[2.643s] -- Up-to-date symlink: /home/sebas/mbehu_restored_ws/install/serial/share/ament_index/resource_index/parent_prefix_path/serial
[2.645s] -- Up-to-date symlink: /home/sebas/mbehu_restored_ws/install/serial/share/serial/environment/ament_prefix_path.sh
[2.651s] -- Up-to-date symlink: /home/sebas/mbehu_restored_ws/install/serial/share/serial/environment/ament_prefix_path.dsv
[2.655s] -- Up-to-date symlink: /home/sebas/mbehu_restored_ws/install/serial/share/serial/environment/path.sh
[2.660s] -- Up-to-date symlink: /home/sebas/mbehu_restored_ws/install/serial/share/serial/environment/path.dsv
[2.666s] -- Up-to-date symlink: /home/sebas/mbehu_restored_ws/install/serial/share/serial/local_setup.bash
[2.672s] -- Up-to-date symlink: /home/sebas/mbehu_restored_ws/install/serial/share/serial/local_setup.sh
[2.677s] -- Up-to-date symlink: /home/sebas/mbehu_restored_ws/install/serial/share/serial/local_setup.zsh
[2.683s] -- Up-to-date symlink: /home/sebas/mbehu_restored_ws/install/serial/share/serial/local_setup.dsv
[2.689s] -- Symlinking: /home/sebas/mbehu_restored_ws/install/serial/share/serial/package.dsv
[2.813s] -- Up-to-date symlink: /home/sebas/mbehu_restored_ws/install/serial/share/ament_index/resource_index/packages/serial
[2.825s] -- Up-to-date symlink: /home/sebas/mbehu_restored_ws/install/serial/share/serial/cmake/ament_cmake_export_include_directories-extras.cmake
[2.827s] -- Up-to-date symlink: /home/sebas/mbehu_restored_ws/install/serial/share/serial/cmake/ament_cmake_export_libraries-extras.cmake
[2.830s] -- Up-to-date symlink: /home/sebas/mbehu_restored_ws/install/serial/share/serial/cmake/serialConfig.cmake
[2.832s] -- Up-to-date symlink: /home/sebas/mbehu_restored_ws/install/serial/share/serial/cmake/serialConfig-version.cmake
[2.854s] -- Up-to-date symlink: /home/sebas/mbehu_restored_ws/install/serial/share/serial/package.xml
[3.038s] Invoked command in '/home/sebas/mbehu_restored_ws/build/serial' returned '0': CMAKE_PREFIX_PATH=${CMAKE_PREFIX_PATH}:/home/sebas/mbehu_ws/install/ultrasonico:/home/sebas/mbehu_ws/install/mpu6050_pkg:/home/sebas/mbehu_ws/install/mpu6050:/opt/ros/foxy /usr/bin/cmake --install /home/sebas/mbehu_restored_ws/build/serial
