[0.215s] Invoking command in '/home/sebas/mbehu_restored_ws/build/diffdrive_arduino': CMAKE_PREFIX_PATH=/home/sebas/mbehu_restored_ws/install/serial:/home/sebas/mbehu_restored_ws/install/serial_motor_demo_msgs:/home/sebas/mbehu_restored_ws/install/diffdrive_arduino:/home/sebas/mbehu_restored_ws/install/mbehu_bot:/home/sebas/mbehu_restored_ws/install/ldlidar_sl_ros2:/home/sebas/mbehu_ws/install/diffdrive_arduino:/home/sebas/mbehu_ws/install/serial:/home/sebas/mbehu_ws/install/mbehu_bot:/home/sebas/mbehu_ws/install/ldlidar_sl_ros2:/home/sebas/mbehu_ws/install/imu_driver:/home/sebas/mbehu_restored_ws/install/serial_motor_demo:/home/sebas/mbehu_ws/install/ultrasonico:/home/sebas/mbehu_ws/install/mpu6050_pkg:/home/sebas/mbehu_ws/install/mpu6050:/opt/ros/foxy /usr/bin/cmake --build /home/sebas/mbehu_restored_ws/build/diffdrive_arduino -- -j4 -l4
[0.510s] [35m[1mScanning dependencies of target diffdrive_arduino[0m
[0.512s] [35m[1mScanning dependencies of target fake_robot[0m
[0.765s] [ 14%] [32mBuilding CXX object CMakeFiles/diffdrive_arduino.dir/src/diffdrive_arduino.cpp.o[0m
[0.817s] [ 28%] [32mBuilding CXX object CMakeFiles/fake_robot.dir/src/fake_robot.cpp.o[0m
[18.022s] [ 42%] [32m[1mLinking CXX shared library libfake_robot.so[0m
[18.025s] [ 57%] [32m[1mLinking CXX shared library libdiffdrive_arduino.so[0m
[19.732s] [ 71%] Built target fake_robot
[19.775s] [100%] Built target diffdrive_arduino
[19.831s] Invoked command in '/home/sebas/mbehu_restored_ws/build/diffdrive_arduino' returned '0': CMAKE_PREFIX_PATH=/home/sebas/mbehu_restored_ws/install/serial:/home/sebas/mbehu_restored_ws/install/serial_motor_demo_msgs:/home/sebas/mbehu_restored_ws/install/diffdrive_arduino:/home/sebas/mbehu_restored_ws/install/mbehu_bot:/home/sebas/mbehu_restored_ws/install/ldlidar_sl_ros2:/home/sebas/mbehu_ws/install/diffdrive_arduino:/home/sebas/mbehu_ws/install/serial:/home/sebas/mbehu_ws/install/mbehu_bot:/home/sebas/mbehu_ws/install/ldlidar_sl_ros2:/home/sebas/mbehu_ws/install/imu_driver:/home/sebas/mbehu_restored_ws/install/serial_motor_demo:/home/sebas/mbehu_ws/install/ultrasonico:/home/sebas/mbehu_ws/install/mpu6050_pkg:/home/sebas/mbehu_ws/install/mpu6050:/opt/ros/foxy /usr/bin/cmake --build /home/sebas/mbehu_restored_ws/build/diffdrive_arduino -- -j4 -l4
[20.048s] Invoking command in '/home/sebas/mbehu_restored_ws/build/diffdrive_arduino': CMAKE_PREFIX_PATH=/home/sebas/mbehu_restored_ws/install/serial:/home/sebas/mbehu_restored_ws/install/serial_motor_demo_msgs:/home/sebas/mbehu_restored_ws/install/diffdrive_arduino:/home/sebas/mbehu_restored_ws/install/mbehu_bot:/home/sebas/mbehu_restored_ws/install/ldlidar_sl_ros2:/home/sebas/mbehu_ws/install/diffdrive_arduino:/home/sebas/mbehu_ws/install/serial:/home/sebas/mbehu_ws/install/mbehu_bot:/home/sebas/mbehu_ws/install/ldlidar_sl_ros2:/home/sebas/mbehu_ws/install/imu_driver:/home/sebas/mbehu_restored_ws/install/serial_motor_demo:/home/sebas/mbehu_ws/install/ultrasonico:/home/sebas/mbehu_ws/install/mpu6050_pkg:/home/sebas/mbehu_ws/install/mpu6050:/opt/ros/foxy /usr/bin/cmake --install /home/sebas/mbehu_restored_ws/build/diffdrive_arduino
[20.104s] -- Install configuration: ""
[20.109s] -- Execute custom install script
[20.113s] -- Up-to-date symlink: /home/sebas/mbehu_restored_ws/install/diffdrive_arduino/share/diffdrive_arduino//robot_hardware.xml
[20.115s] -- Up-to-date symlink: /home/sebas/mbehu_restored_ws/install/diffdrive_arduino/share/diffdrive_arduino//fake_robot_hardware.xml
[20.121s] -- Up-to-date symlink: /home/sebas/mbehu_restored_ws/install/diffdrive_arduino/lib/libdiffdrive_arduino.so
[20.124s] -- Up-to-date symlink: /home/sebas/mbehu_restored_ws/install/diffdrive_arduino/lib/libfake_robot.so
[20.129s] -- Up-to-date symlink: /home/sebas/mbehu_restored_ws/install/diffdrive_arduino/share/diffdrive_arduino/controllers/robot_controller_example.yaml
[20.133s] -- Up-to-date symlink: /home/sebas/mbehu_restored_ws/install/diffdrive_arduino/share/diffdrive_arduino/fake_robot.launch.py
[20.136s] -- Up-to-date symlink: /home/sebas/mbehu_restored_ws/install/diffdrive_arduino/share/diffdrive_arduino/test_robot.launch.py
[20.141s] -- Up-to-date symlink: /home/sebas/mbehu_restored_ws/install/diffdrive_arduino/share/diffdrive_arduino/environment/library_path.sh
[20.146s] -- Up-to-date symlink: /home/sebas/mbehu_restored_ws/install/diffdrive_arduino/share/diffdrive_arduino/environment/library_path.dsv
[20.149s] -- Up-to-date symlink: /home/sebas/mbehu_restored_ws/install/diffdrive_arduino/share/ament_index/resource_index/package_run_dependencies/diffdrive_arduino
[20.151s] -- Up-to-date symlink: /home/sebas/mbehu_restored_ws/install/diffdrive_arduino/share/ament_index/resource_index/parent_prefix_path/diffdrive_arduino
[20.155s] -- Up-to-date symlink: /home/sebas/mbehu_restored_ws/install/diffdrive_arduino/share/diffdrive_arduino/environment/ament_prefix_path.sh
[20.157s] -- Up-to-date symlink: /home/sebas/mbehu_restored_ws/install/diffdrive_arduino/share/diffdrive_arduino/environment/ament_prefix_path.dsv
[20.161s] -- Up-to-date symlink: /home/sebas/mbehu_restored_ws/install/diffdrive_arduino/share/diffdrive_arduino/environment/path.sh
[20.164s] -- Up-to-date symlink: /home/sebas/mbehu_restored_ws/install/diffdrive_arduino/share/diffdrive_arduino/environment/path.dsv
[20.167s] -- Up-to-date symlink: /home/sebas/mbehu_restored_ws/install/diffdrive_arduino/share/diffdrive_arduino/local_setup.bash
[20.171s] -- Up-to-date symlink: /home/sebas/mbehu_restored_ws/install/diffdrive_arduino/share/diffdrive_arduino/local_setup.sh
[20.173s] -- Up-to-date symlink: /home/sebas/mbehu_restored_ws/install/diffdrive_arduino/share/diffdrive_arduino/local_setup.zsh
[20.176s] -- Up-to-date symlink: /home/sebas/mbehu_restored_ws/install/diffdrive_arduino/share/diffdrive_arduino/local_setup.dsv
[20.177s] -- Symlinking: /home/sebas/mbehu_restored_ws/install/diffdrive_arduino/share/diffdrive_arduino/package.dsv
[20.234s] -- Up-to-date symlink: /home/sebas/mbehu_restored_ws/install/diffdrive_arduino/share/ament_index/resource_index/packages/diffdrive_arduino
[20.236s] -- Up-to-date symlink: /home/sebas/mbehu_restored_ws/install/diffdrive_arduino/share/ament_index/resource_index/hardware_interface__pluginlib__plugin/diffdrive_arduino
[20.240s] -- Up-to-date symlink: /home/sebas/mbehu_restored_ws/install/diffdrive_arduino/share/diffdrive_arduino/cmake/ament_cmake_export_libraries-extras.cmake
[20.243s] -- Up-to-date symlink: /home/sebas/mbehu_restored_ws/install/diffdrive_arduino/share/diffdrive_arduino/cmake/ament_cmake_export_dependencies-extras.cmake
[20.245s] -- Up-to-date symlink: /home/sebas/mbehu_restored_ws/install/diffdrive_arduino/share/diffdrive_arduino/cmake/diffdrive_arduinoConfig.cmake
[20.248s] -- Up-to-date symlink: /home/sebas/mbehu_restored_ws/install/diffdrive_arduino/share/diffdrive_arduino/cmake/diffdrive_arduinoConfig-version.cmake
[20.250s] -- Up-to-date symlink: /home/sebas/mbehu_restored_ws/install/diffdrive_arduino/share/diffdrive_arduino/package.xml
[20.269s] Invoked command in '/home/sebas/mbehu_restored_ws/build/diffdrive_arduino' returned '0': CMAKE_PREFIX_PATH=/home/sebas/mbehu_restored_ws/install/serial:/home/sebas/mbehu_restored_ws/install/serial_motor_demo_msgs:/home/sebas/mbehu_restored_ws/install/diffdrive_arduino:/home/sebas/mbehu_restored_ws/install/mbehu_bot:/home/sebas/mbehu_restored_ws/install/ldlidar_sl_ros2:/home/sebas/mbehu_ws/install/diffdrive_arduino:/home/sebas/mbehu_ws/install/serial:/home/sebas/mbehu_ws/install/mbehu_bot:/home/sebas/mbehu_ws/install/ldlidar_sl_ros2:/home/sebas/mbehu_ws/install/imu_driver:/home/sebas/mbehu_restored_ws/install/serial_motor_demo:/home/sebas/mbehu_ws/install/ultrasonico:/home/sebas/mbehu_ws/install/mpu6050_pkg:/home/sebas/mbehu_ws/install/mpu6050:/opt/ros/foxy /usr/bin/cmake --install /home/sebas/mbehu_restored_ws/build/diffdrive_arduino
