[0.242s] Invoking command in '/home/sebas/mbehu_restored_ws/build/explore_lite': CMAKE_PREFIX_PATH=${CMAKE_PREFIX_PATH}:/home/sebas/mbehu_restored_ws/install/serial_motor_demo:/home/sebas/mbehu_ws/install/ultrasonico:/home/sebas/mbehu_ws/install/mpu6050_pkg:/home/sebas/mbehu_ws/install/mpu6050:/opt/ros/foxy /usr/bin/cmake --build /home/sebas/mbehu_restored_ws/build/explore_lite -- -j4 -l4
[1.495s] [ 20%] Built target gtest
[2.431s] [ 60%] Built target explore
[2.804s] [ 80%] Built target gtest_main
[3.443s] [100%] Built target test_explore
[3.633s] Invoked command in '/home/sebas/mbehu_restored_ws/build/explore_lite' returned '0': CMAKE_PREFIX_PATH=${CMAKE_PREFIX_PATH}:/home/sebas/mbehu_restored_ws/install/serial_motor_demo:/home/sebas/mbehu_ws/install/ultrasonico:/home/sebas/mbehu_ws/install/mpu6050_pkg:/home/sebas/mbehu_ws/install/mpu6050:/opt/ros/foxy /usr/bin/cmake --build /home/sebas/mbehu_restored_ws/build/explore_lite -- -j4 -l4
[4.569s] Invoking command in '/home/sebas/mbehu_restored_ws/build/explore_lite': CMAKE_PREFIX_PATH=${CMAKE_PREFIX_PATH}:/home/sebas/mbehu_restored_ws/install/serial_motor_demo:/home/sebas/mbehu_ws/install/ultrasonico:/home/sebas/mbehu_ws/install/mpu6050_pkg:/home/sebas/mbehu_ws/install/mpu6050:/opt/ros/foxy /usr/bin/cmake --install /home/sebas/mbehu_restored_ws/build/explore_lite
[4.958s] -- Install configuration: ""
[4.963s] -- Execute custom install script
[4.965s] -- Up-to-date symlink: /home/sebas/mbehu_restored_ws/install/explore_lite/include/explore//costmap_client.h
[4.967s] -- Up-to-date symlink: /home/sebas/mbehu_restored_ws/install/explore_lite/include/explore//costmap_tools.h
[4.978s] -- Up-to-date symlink: /home/sebas/mbehu_restored_ws/install/explore_lite/include/explore//explore.h
[4.990s] -- Up-to-date symlink: /home/sebas/mbehu_restored_ws/install/explore_lite/include/explore//frontier_search.h
[4.998s] -- Up-to-date symlink: /home/sebas/mbehu_restored_ws/install/explore_lite/share/explore_lite/config/params.yaml
[5.000s] -- Up-to-date symlink: /home/sebas/mbehu_restored_ws/install/explore_lite/share/explore_lite/config/params_costmap.yaml
[5.002s] -- Up-to-date symlink: /home/sebas/mbehu_restored_ws/install/explore_lite/share/explore_lite/launch/explore.launch.py
[5.003s] -- Up-to-date symlink: /home/sebas/mbehu_restored_ws/install/explore_lite/lib/explore_lite/explore
[5.005s] -- Up-to-date symlink: /home/sebas/mbehu_restored_ws/install/explore_lite/share/ament_index/resource_index/package_run_dependencies/explore_lite
[5.006s] -- Up-to-date symlink: /home/sebas/mbehu_restored_ws/install/explore_lite/share/ament_index/resource_index/parent_prefix_path/explore_lite
[5.014s] -- Up-to-date symlink: /home/sebas/mbehu_restored_ws/install/explore_lite/share/explore_lite/environment/ament_prefix_path.sh
[5.016s] -- Up-to-date symlink: /home/sebas/mbehu_restored_ws/install/explore_lite/share/explore_lite/environment/ament_prefix_path.dsv
[5.018s] -- Up-to-date symlink: /home/sebas/mbehu_restored_ws/install/explore_lite/share/explore_lite/environment/path.sh
[5.019s] -- Up-to-date symlink: /home/sebas/mbehu_restored_ws/install/explore_lite/share/explore_lite/environment/path.dsv
[5.024s] -- Up-to-date symlink: /home/sebas/mbehu_restored_ws/install/explore_lite/share/explore_lite/local_setup.bash
[5.026s] -- Up-to-date symlink: /home/sebas/mbehu_restored_ws/install/explore_lite/share/explore_lite/local_setup.sh
[5.028s] -- Up-to-date symlink: /home/sebas/mbehu_restored_ws/install/explore_lite/share/explore_lite/local_setup.zsh
[5.032s] -- Up-to-date symlink: /home/sebas/mbehu_restored_ws/install/explore_lite/share/explore_lite/local_setup.dsv
[5.034s] -- Symlinking: /home/sebas/mbehu_restored_ws/install/explore_lite/share/explore_lite/package.dsv
[5.047s] -- Up-to-date symlink: /home/sebas/mbehu_restored_ws/install/explore_lite/share/ament_index/resource_index/packages/explore_lite
[5.050s] -- Up-to-date symlink: /home/sebas/mbehu_restored_ws/install/explore_lite/share/explore_lite/cmake/ament_cmake_export_include_directories-extras.cmake
[5.052s] -- Up-to-date symlink: /home/sebas/mbehu_restored_ws/install/explore_lite/share/explore_lite/cmake/explore_liteConfig.cmake
[5.054s] -- Up-to-date symlink: /home/sebas/mbehu_restored_ws/install/explore_lite/share/explore_lite/cmake/explore_liteConfig-version.cmake
[5.057s] -- Up-to-date symlink: /home/sebas/mbehu_restored_ws/install/explore_lite/share/explore_lite/package.xml
[5.145s] Invoked command in '/home/sebas/mbehu_restored_ws/build/explore_lite' returned '0': CMAKE_PREFIX_PATH=${CMAKE_PREFIX_PATH}:/home/sebas/mbehu_restored_ws/install/serial_motor_demo:/home/sebas/mbehu_ws/install/ultrasonico:/home/sebas/mbehu_ws/install/mpu6050_pkg:/home/sebas/mbehu_ws/install/mpu6050:/opt/ros/foxy /usr/bin/cmake --install /home/sebas/mbehu_restored_ws/build/explore_lite
