[0.197s] Invoking command in '/home/sebas/mbehu_restored_ws/build/mbehu_bot': CMAKE_PREFIX_PATH=${CMAKE_PREFIX_PATH}:/home/sebas/mbehu_ws/install/ultrasonico:/home/sebas/mbehu_ws/install/mpu6050_pkg:/home/sebas/mbehu_ws/install/mpu6050:/opt/ros/foxy /usr/bin/cmake --build /home/sebas/mbehu_restored_ws/build/mbehu_bot -- -j4 -l4
[0.975s] Invoked command in '/home/sebas/mbehu_restored_ws/build/mbehu_bot' returned '0': CMAKE_PREFIX_PATH=${CMAKE_PREFIX_PATH}:/home/sebas/mbehu_ws/install/ultrasonico:/home/sebas/mbehu_ws/install/mpu6050_pkg:/home/sebas/mbehu_ws/install/mpu6050:/opt/ros/foxy /usr/bin/cmake --build /home/sebas/mbehu_restored_ws/build/mbehu_bot -- -j4 -l4
[1.905s] Invoking command in '/home/sebas/mbehu_restored_ws/build/mbehu_bot': CMAKE_PREFIX_PATH=${CMAKE_PREFIX_PATH}:/home/sebas/mbehu_ws/install/ultrasonico:/home/sebas/mbehu_ws/install/mpu6050_pkg:/home/sebas/mbehu_ws/install/mpu6050:/opt/ros/foxy /usr/bin/cmake --install /home/sebas/mbehu_restored_ws/build/mbehu_bot
[2.051s] -- Install configuration: ""
[2.054s] -- Up-to-date: /home/sebas/mbehu_restored_ws/install/mbehu_bot/share/mbehu_bot/config
[2.056s] -- Up-to-date: /home/sebas/mbehu_restored_ws/install/mbehu_bot/share/mbehu_bot/config/drive_mbehu.rviz
[2.058s] -- Up-to-date: /home/sebas/mbehu_restored_ws/install/mbehu_bot/share/mbehu_bot/config/nav2_params.yaml
[2.060s] -- Up-to-date: /home/sebas/mbehu_restored_ws/install/mbehu_bot/share/mbehu_bot/config/my_controllers.yaml
[2.061s] -- Up-to-date: /home/sebas/mbehu_restored_ws/install/mbehu_bot/share/mbehu_bot/config/empty.yaml
[2.063s] -- Up-to-date: /home/sebas/mbehu_restored_ws/install/mbehu_bot/share/mbehu_bot/config/mapper_params_online_async.yaml
[2.064s] -- Up-to-date: /home/sebas/mbehu_restored_ws/install/mbehu_bot/share/mbehu_bot/config/gazebo_params.yaml
[2.066s] -- Up-to-date: /home/sebas/mbehu_restored_ws/install/mbehu_bot/share/mbehu_bot/config/gaz_ros2_ctl_use_sim.yaml
[2.069s] -- Up-to-date: /home/sebas/mbehu_restored_ws/install/mbehu_bot/share/mbehu_bot/description
[2.071s] -- Up-to-date: /home/sebas/mbehu_restored_ws/install/mbehu_bot/share/mbehu_bot/description/robot.urdf.xacro
[2.072s] -- Up-to-date: /home/sebas/mbehu_restored_ws/install/mbehu_bot/share/mbehu_bot/description/lidar.xacro
[2.074s] -- Up-to-date: /home/sebas/mbehu_restored_ws/install/mbehu_bot/share/mbehu_bot/description/gazebo_control.xacro
[2.076s] -- Up-to-date: /home/sebas/mbehu_restored_ws/install/mbehu_bot/share/mbehu_bot/description/robot_core.xacro
[2.078s] -- Up-to-date: /home/sebas/mbehu_restored_ws/install/mbehu_bot/share/mbehu_bot/description/ros2_control.xacro
[2.090s] -- Up-to-date: /home/sebas/mbehu_restored_ws/install/mbehu_bot/share/mbehu_bot/description/inertial_macros.xacro
[2.092s] -- Up-to-date: /home/sebas/mbehu_restored_ws/install/mbehu_bot/share/mbehu_bot/launch
[2.095s] -- Up-to-date: /home/sebas/mbehu_restored_ws/install/mbehu_bot/share/mbehu_bot/launch/launch_sim.launch.py
[2.097s] -- Up-to-date: /home/sebas/mbehu_restored_ws/install/mbehu_bot/share/mbehu_bot/launch/rsp.launch.py
[2.099s] -- Installing: /home/sebas/mbehu_restored_ws/install/mbehu_bot/share/mbehu_bot/launch/joystick.launch.py
[2.100s] -- Up-to-date: /home/sebas/mbehu_restored_ws/install/mbehu_bot/share/mbehu_bot/launch/launch_robot.launch.py
[2.102s] -- Up-to-date: /home/sebas/mbehu_restored_ws/install/mbehu_bot/share/mbehu_bot/worlds
[2.104s] -- Up-to-date: /home/sebas/mbehu_restored_ws/install/mbehu_bot/share/mbehu_bot/worlds/world1.world
[2.107s] -- Up-to-date: /home/sebas/mbehu_restored_ws/install/mbehu_bot/share/mbehu_bot/worlds/empty.world
[2.109s] -- Up-to-date: /home/sebas/mbehu_restored_ws/install/mbehu_bot/share/ament_index/resource_index/package_run_dependencies/mbehu_bot
[2.112s] -- Up-to-date: /home/sebas/mbehu_restored_ws/install/mbehu_bot/share/ament_index/resource_index/parent_prefix_path/mbehu_bot
[2.114s] -- Up-to-date: /home/sebas/mbehu_restored_ws/install/mbehu_bot/share/mbehu_bot/environment/ament_prefix_path.sh
[2.116s] -- Up-to-date: /home/sebas/mbehu_restored_ws/install/mbehu_bot/share/mbehu_bot/environment/ament_prefix_path.dsv
[2.119s] -- Up-to-date: /home/sebas/mbehu_restored_ws/install/mbehu_bot/share/mbehu_bot/environment/path.sh
[2.121s] -- Up-to-date: /home/sebas/mbehu_restored_ws/install/mbehu_bot/share/mbehu_bot/environment/path.dsv
[2.125s] -- Up-to-date: /home/sebas/mbehu_restored_ws/install/mbehu_bot/share/mbehu_bot/local_setup.bash
[2.129s] -- Up-to-date: /home/sebas/mbehu_restored_ws/install/mbehu_bot/share/mbehu_bot/local_setup.sh
[2.140s] -- Up-to-date: /home/sebas/mbehu_restored_ws/install/mbehu_bot/share/mbehu_bot/local_setup.zsh
[2.156s] -- Up-to-date: /home/sebas/mbehu_restored_ws/install/mbehu_bot/share/mbehu_bot/local_setup.dsv
[2.160s] -- Installing: /home/sebas/mbehu_restored_ws/install/mbehu_bot/share/mbehu_bot/package.dsv
[2.163s] -- Up-to-date: /home/sebas/mbehu_restored_ws/install/mbehu_bot/share/ament_index/resource_index/packages/mbehu_bot
[2.167s] -- Up-to-date: /home/sebas/mbehu_restored_ws/install/mbehu_bot/share/mbehu_bot/cmake/mbehu_botConfig.cmake
[2.171s] -- Up-to-date: /home/sebas/mbehu_restored_ws/install/mbehu_bot/share/mbehu_bot/cmake/mbehu_botConfig-version.cmake
[2.180s] -- Up-to-date: /home/sebas/mbehu_restored_ws/install/mbehu_bot/share/mbehu_bot/package.xml
[2.184s] Invoked command in '/home/sebas/mbehu_restored_ws/build/mbehu_bot' returned '0': CMAKE_PREFIX_PATH=${CMAKE_PREFIX_PATH}:/home/sebas/mbehu_ws/install/ultrasonico:/home/sebas/mbehu_ws/install/mpu6050_pkg:/home/sebas/mbehu_ws/install/mpu6050:/opt/ros/foxy /usr/bin/cmake --install /home/sebas/mbehu_restored_ws/build/mbehu_bot
