[0.265s] Invoking command in '/home/sebas/mbehu_restored_ws/build/multirobot_map_merge': CMAKE_PREFIX_PATH=${CMAKE_PREFIX_PATH}:/home/sebas/mbehu_restored_ws/install/serial_motor_demo:/home/sebas/mbehu_ws/install/ultrasonico:/home/sebas/mbehu_ws/install/mpu6050_pkg:/home/sebas/mbehu_ws/install/mpu6050:/opt/ros/foxy /usr/bin/cmake --build /home/sebas/mbehu_restored_ws/build/multirobot_map_merge -- -j4 -l4
[0.711s] [ 33%] Built target combine_grids
[0.872s] [ 50%] Built target gtest_main
[1.203s] [ 66%] Built target map_merge
[1.357s] [ 83%] Built target gtest
[1.653s] [100%] Built target test_merging_pipeline
[1.747s] Invoked command in '/home/sebas/mbehu_restored_ws/build/multirobot_map_merge' returned '0': CMAKE_PREFIX_PATH=${CMAKE_PREFIX_PATH}:/home/sebas/mbehu_restored_ws/install/serial_motor_demo:/home/sebas/mbehu_ws/install/ultrasonico:/home/sebas/mbehu_ws/install/mpu6050_pkg:/home/sebas/mbehu_ws/install/mpu6050:/opt/ros/foxy /usr/bin/cmake --build /home/sebas/mbehu_restored_ws/build/multirobot_map_merge -- -j4 -l4
[2.056s] Invoking command in '/home/sebas/mbehu_restored_ws/build/multirobot_map_merge': CMAKE_PREFIX_PATH=${CMAKE_PREFIX_PATH}:/home/sebas/mbehu_restored_ws/install/serial_motor_demo:/home/sebas/mbehu_ws/install/ultrasonico:/home/sebas/mbehu_ws/install/mpu6050_pkg:/home/sebas/mbehu_ws/install/mpu6050:/opt/ros/foxy /usr/bin/cmake --install /home/sebas/mbehu_restored_ws/build/multirobot_map_merge
[2.102s] -- Install configuration: ""
[2.104s] -- Execute custom install script
[2.107s] -- Up-to-date symlink: /home/sebas/mbehu_restored_ws/install/multirobot_map_merge/include/map_merge//map_merge.h
[2.109s] -- Up-to-date symlink: /home/sebas/mbehu_restored_ws/install/multirobot_map_merge/include/map_merge//ros1_names.hpp
[2.114s] -- Up-to-date symlink: /home/sebas/mbehu_restored_ws/install/multirobot_map_merge/share/multirobot_map_merge/launch/from_map_server.launch.py
[2.115s] -- Up-to-date symlink: /home/sebas/mbehu_restored_ws/install/multirobot_map_merge/share/multirobot_map_merge/launch/map_merge.launch.py
[2.116s] -- Up-to-date symlink: /home/sebas/mbehu_restored_ws/install/multirobot_map_merge/share/multirobot_map_merge/launch/map_merge.rviz
[2.118s] -- Up-to-date symlink: /home/sebas/mbehu_restored_ws/install/multirobot_map_merge/share/multirobot_map_merge/launch/tb3_simulation/bringup_launch.py
[2.120s] -- Up-to-date symlink: /home/sebas/mbehu_restored_ws/install/multirobot_map_merge/share/multirobot_map_merge/launch/tb3_simulation/config/nav2_multirobot_params_1.yaml
[2.121s] -- Up-to-date symlink: /home/sebas/mbehu_restored_ws/install/multirobot_map_merge/share/multirobot_map_merge/launch/tb3_simulation/config/nav2_multirobot_params_2.yaml
[2.123s] -- Up-to-date symlink: /home/sebas/mbehu_restored_ws/install/multirobot_map_merge/share/multirobot_map_merge/launch/tb3_simulation/multi_tb3_simulation_launch.py
[2.124s] -- Up-to-date symlink: /home/sebas/mbehu_restored_ws/install/multirobot_map_merge/share/multirobot_map_merge/launch/tb3_simulation/slam_toolbox.py
[2.126s] -- Up-to-date symlink: /home/sebas/mbehu_restored_ws/install/multirobot_map_merge/share/multirobot_map_merge/launch/tb3_simulation/tb3_simulation_launch.py
[2.127s] -- Up-to-date symlink: /home/sebas/mbehu_restored_ws/install/multirobot_map_merge/share/multirobot_map_merge/launch/tb3_simulation/worlds/world_only.model
[2.131s] -- Up-to-date symlink: /home/sebas/mbehu_restored_ws/install/multirobot_map_merge/share/multirobot_map_merge/config/params.yaml
[2.132s] -- Up-to-date symlink: /home/sebas/mbehu_restored_ws/install/multirobot_map_merge/lib/multirobot_map_merge/map_merge
[2.134s] -- Up-to-date symlink: /home/sebas/mbehu_restored_ws/install/multirobot_map_merge/share/multirobot_map_merge/environment/library_path.sh
[2.136s] -- Up-to-date symlink: /home/sebas/mbehu_restored_ws/install/multirobot_map_merge/share/multirobot_map_merge/environment/library_path.dsv
[2.138s] -- Up-to-date symlink: /home/sebas/mbehu_restored_ws/install/multirobot_map_merge/share/ament_index/resource_index/package_run_dependencies/multirobot_map_merge
[2.141s] -- Up-to-date symlink: /home/sebas/mbehu_restored_ws/install/multirobot_map_merge/share/ament_index/resource_index/parent_prefix_path/multirobot_map_merge
[2.143s] -- Up-to-date symlink: /home/sebas/mbehu_restored_ws/install/multirobot_map_merge/share/multirobot_map_merge/environment/ament_prefix_path.sh
[2.146s] -- Up-to-date symlink: /home/sebas/mbehu_restored_ws/install/multirobot_map_merge/share/multirobot_map_merge/environment/ament_prefix_path.dsv
[2.153s] -- Up-to-date symlink: /home/sebas/mbehu_restored_ws/install/multirobot_map_merge/share/multirobot_map_merge/environment/path.sh
[2.155s] -- Up-to-date symlink: /home/sebas/mbehu_restored_ws/install/multirobot_map_merge/share/multirobot_map_merge/environment/path.dsv
[2.158s] -- Up-to-date symlink: /home/sebas/mbehu_restored_ws/install/multirobot_map_merge/share/multirobot_map_merge/local_setup.bash
[2.162s] -- Up-to-date symlink: /home/sebas/mbehu_restored_ws/install/multirobot_map_merge/share/multirobot_map_merge/local_setup.sh
[2.164s] -- Up-to-date symlink: /home/sebas/mbehu_restored_ws/install/multirobot_map_merge/share/multirobot_map_merge/local_setup.zsh
[2.165s] -- Up-to-date symlink: /home/sebas/mbehu_restored_ws/install/multirobot_map_merge/share/multirobot_map_merge/local_setup.dsv
[2.166s] -- Symlinking: /home/sebas/mbehu_restored_ws/install/multirobot_map_merge/share/multirobot_map_merge/package.dsv
[2.219s] -- Up-to-date symlink: /home/sebas/mbehu_restored_ws/install/multirobot_map_merge/share/ament_index/resource_index/packages/multirobot_map_merge
[2.222s] -- Up-to-date symlink: /home/sebas/mbehu_restored_ws/install/multirobot_map_merge/share/multirobot_map_merge/cmake/ament_cmake_export_include_directories-extras.cmake
[2.225s] -- Up-to-date symlink: /home/sebas/mbehu_restored_ws/install/multirobot_map_merge/share/multirobot_map_merge/cmake/ament_cmake_export_libraries-extras.cmake
[2.228s] -- Up-to-date symlink: /home/sebas/mbehu_restored_ws/install/multirobot_map_merge/share/multirobot_map_merge/cmake/multirobot_map_mergeConfig.cmake
[2.230s] -- Up-to-date symlink: /home/sebas/mbehu_restored_ws/install/multirobot_map_merge/share/multirobot_map_merge/cmake/multirobot_map_mergeConfig-version.cmake
[2.233s] -- Up-to-date symlink: /home/sebas/mbehu_restored_ws/install/multirobot_map_merge/share/multirobot_map_merge/package.xml
[2.235s] -- Up-to-date: /home/sebas/mbehu_restored_ws/install/multirobot_map_merge/lib/libcombine_grids.a
[2.247s] Invoked command in '/home/sebas/mbehu_restored_ws/build/multirobot_map_merge' returned '0': CMAKE_PREFIX_PATH=${CMAKE_PREFIX_PATH}:/home/sebas/mbehu_restored_ws/install/serial_motor_demo:/home/sebas/mbehu_ws/install/ultrasonico:/home/sebas/mbehu_ws/install/mpu6050_pkg:/home/sebas/mbehu_ws/install/mpu6050:/opt/ros/foxy /usr/bin/cmake --install /home/sebas/mbehu_restored_ws/build/multirobot_map_merge
