-- The C compiler identification is GNU 9.4.0
-- The CXX compiler identification is GNU 9.4.0
-- Check for working C compiler: /usr/bin/cc
-- Check for working C compiler: /usr/bin/cc -- works
-- Detecting C compiler ABI info
-- Detecting C compiler ABI info - done
-- Detecting C compile features
-- Detecting C compile features - done
-- Check for working CXX compiler: /usr/bin/c++
-- Check for working CXX compiler: /usr/bin/c++ -- works
-- Detecting CXX compiler ABI info
-- Detecting CXX compiler ABI info - done
-- Detecting CXX compile features
-- Detecting CXX compile features - done
-- BuilD for ROS2: foxy
-- Found ament_cmake: 0.9.11 (/opt/ros/foxy/share/ament_cmake/cmake)
-- Found PythonInterp: /usr/bin/python3 (found suitable version "3.8.10", minimum required is "3") 
-- Using PYTHON_EXECUTABLE: /usr/bin/python3
-- Found rclcpp: 2.4.2 (/opt/ros/foxy/share/rclcpp/cmake)
-- Using all available rosidl_typesupport_c: rosidl_typesupport_fastrtps_c;rosidl_typesupport_introspection_c
-- Found rosidl_adapter: 1.3.0 (/opt/ros/foxy/share/rosidl_adapter/cmake)
-- Found OpenSSL: /usr/lib/aarch64-linux-gnu/libcrypto.so (found version "1.1.1f")  
-- Found FastRTPS: /opt/ros/foxy/include  
-- Using all available rosidl_typesupport_cpp: rosidl_typesupport_fastrtps_cpp;rosidl_typesupport_introspection_cpp
-- Found rmw_implementation_cmake: 1.0.3 (/opt/ros/foxy/share/rmw_implementation_cmake/cmake)
-- Using RMW implementation 'rmw_fastrtps_cpp' as default
-- Looking for pthread.h
-- Looking for pthread.h - found
-- Performing Test CMAKE_HAVE_LIBC_PTHREAD
-- Performing Test CMAKE_HAVE_LIBC_PTHREAD - Failed
-- Looking for pthread_create in pthreads
-- Looking for pthread_create in pthreads - not found
-- Looking for pthread_create in pthread
-- Looking for pthread_create in pthread - found
-- Found Threads: TRUE  
-- Found sensor_msgs: 2.0.5 (/opt/ros/foxy/share/sensor_msgs/cmake)
-- Found tf2_ros: 0.13.13 (/opt/ros/foxy/share/tf2_ros/cmake)
-- Found tf2_geometry_msgs: 0.13.13 (/opt/ros/foxy/share/tf2_geometry_msgs/cmake)
-- Found eigen3_cmake_module: 0.1.1 (/opt/ros/foxy/share/eigen3_cmake_module/cmake)
-- Found Eigen3: TRUE (found version "3.3.7") 
-- Found nav2_msgs: 0.4.7 (/opt/ros/foxy/share/nav2_msgs/cmake)
-- Found map_msgs: 2.0.2 (/opt/ros/foxy/share/map_msgs/cmake)
-- Found visualization_msgs: 2.0.5 (/opt/ros/foxy/share/visualization_msgs/cmake)
-- Found nav2_costmap_2d: 0.4.7 (/opt/ros/foxy/share/nav2_costmap_2d/cmake)
-- Found ament_lint_auto: 0.9.7 (/opt/ros/foxy/share/ament_lint_auto/cmake)
-- Found ament_cmake_gtest: 0.9.11 (/opt/ros/foxy/share/ament_cmake_gtest/cmake)
-- Found gtest sources under '/opt/ros/foxy/src/gtest_vendor': C++ tests using 'Google Test' will be built
-- Check if compiler accepts -pthread
-- Check if compiler accepts -pthread - yes
-- Added test 'cppcheck' to perform static code analysis on C / C++ code
-- Configured cppcheck include dirs: /home/sebas/mbehu_restored_ws/src/m-explore-ros2/explore/include;$<BUILD_INTERFACE:/home/sebas/mbehu_restored_ws/src/m-explore-ros2/explore/include>
-- Configured cppcheck exclude dirs and/or files: 
-- Added test 'flake8' to check Python code syntax and style conventions
-- Added test 'lint_cmake' to check CMake code style
-- Added test 'pep257' to check Python code against some of the style conventions in PEP 257
-- Added test 'uncrustify' to check C / C++ code style
-- Configured uncrustify additional arguments: 
-- Added test 'xmllint' to check XML markup files
-- Configuring done
-- Generating done
-- Build files have been written to: /home/sebas/mbehu_restored_ws/build/explore_lite
[35m[1mScanning dependencies of target gtest[0m
[ 10%] [32mBuilding CXX object gtest/CMakeFiles/gtest.dir/src/gtest-all.cc.o[0m
[ 20%] [32m[1mLinking CXX static library libgtest.a[0m
[ 20%] Built target gtest
[35m[1mScanning dependencies of target explore[0m
[ 30%] [32mBuilding CXX object CMakeFiles/explore.dir/src/costmap_client.cpp.o[0m
[ 40%] [32mBuilding CXX object CMakeFiles/explore.dir/src/frontier_search.cpp.o[0m
[ 50%] [32mBuilding CXX object CMakeFiles/explore.dir/src/explore.cpp.o[0m
[ 60%] [32m[1mLinking CXX executable explore[0m
[ 60%] Built target explore
[35m[1mScanning dependencies of target gtest_main[0m
[ 70%] [32mBuilding CXX object gtest/CMakeFiles/gtest_main.dir/src/gtest_main.cc.o[0m
[ 80%] [32m[1mLinking CXX static library libgtest_main.a[0m
[ 80%] Built target gtest_main
[35m[1mScanning dependencies of target test_explore[0m
[ 90%] [32mBuilding CXX object CMakeFiles/test_explore.dir/test/test_explore.cpp.o[0m
[100%] [32m[1mLinking CXX executable test_explore[0m
[100%] Built target test_explore
-- Install configuration: ""
-- Installing: /home/sebas/mbehu_restored_ws/install/explore_lite/include/explore/
-- Installing: /home/sebas/mbehu_restored_ws/install/explore_lite/include/explore//costmap_client.h
-- Installing: /home/sebas/mbehu_restored_ws/install/explore_lite/include/explore//explore.h
-- Installing: /home/sebas/mbehu_restored_ws/install/explore_lite/include/explore//frontier_search.h
-- Installing: /home/sebas/mbehu_restored_ws/install/explore_lite/include/explore//costmap_tools.h
-- Installing: /home/sebas/mbehu_restored_ws/install/explore_lite/share/explore_lite/config
-- Installing: /home/sebas/mbehu_restored_ws/install/explore_lite/share/explore_lite/config/params.yaml
-- Installing: /home/sebas/mbehu_restored_ws/install/explore_lite/share/explore_lite/config/params_costmap.yaml
-- Installing: /home/sebas/mbehu_restored_ws/install/explore_lite/share/explore_lite/launch
-- Installing: /home/sebas/mbehu_restored_ws/install/explore_lite/share/explore_lite/launch/explore.launch.py
-- Installing: /home/sebas/mbehu_restored_ws/install/explore_lite/lib/explore_lite/explore
-- Set runtime path of "/home/sebas/mbehu_restored_ws/install/explore_lite/lib/explore_lite/explore" to ""
-- Installing: /home/sebas/mbehu_restored_ws/install/explore_lite/share/ament_index/resource_index/package_run_dependencies/explore_lite
-- Installing: /home/sebas/mbehu_restored_ws/install/explore_lite/share/ament_index/resource_index/parent_prefix_path/explore_lite
-- Installing: /home/sebas/mbehu_restored_ws/install/explore_lite/share/explore_lite/environment/ament_prefix_path.sh
-- Installing: /home/sebas/mbehu_restored_ws/install/explore_lite/share/explore_lite/environment/ament_prefix_path.dsv
-- Installing: /home/sebas/mbehu_restored_ws/install/explore_lite/share/explore_lite/environment/path.sh
-- Installing: /home/sebas/mbehu_restored_ws/install/explore_lite/share/explore_lite/environment/path.dsv
-- Installing: /home/sebas/mbehu_restored_ws/install/explore_lite/share/explore_lite/local_setup.bash
-- Installing: /home/sebas/mbehu_restored_ws/install/explore_lite/share/explore_lite/local_setup.sh
-- Installing: /home/sebas/mbehu_restored_ws/install/explore_lite/share/explore_lite/local_setup.zsh
-- Installing: /home/sebas/mbehu_restored_ws/install/explore_lite/share/explore_lite/local_setup.dsv
-- Installing: /home/sebas/mbehu_restored_ws/install/explore_lite/share/explore_lite/package.dsv
-- Installing: /home/sebas/mbehu_restored_ws/install/explore_lite/share/ament_index/resource_index/packages/explore_lite
-- Installing: /home/sebas/mbehu_restored_ws/install/explore_lite/share/explore_lite/cmake/ament_cmake_export_include_directories-extras.cmake
-- Installing: /home/sebas/mbehu_restored_ws/install/explore_lite/share/explore_lite/cmake/explore_liteConfig.cmake
-- Installing: /home/sebas/mbehu_restored_ws/install/explore_lite/share/explore_lite/cmake/explore_liteConfig-version.cmake
-- Installing: /home/sebas/mbehu_restored_ws/install/explore_lite/share/explore_lite/package.xml
