[0.205s] Invoking command in '/home/sebas/mbehu_restored_ws/build/ldlidar_sl_ros2': CMAKE_PREFIX_PATH=${CMAKE_PREFIX_PATH}:/home/sebas/mbehu_restored_ws/install/serial_motor_demo:/home/sebas/mbehu_ws/install/ultrasonico:/home/sebas/mbehu_ws/install/mpu6050_pkg:/home/sebas/mbehu_ws/install/mpu6050:/opt/ros/foxy /usr/bin/cmake --build /home/sebas/mbehu_restored_ws/build/ldlidar_sl_ros2 -- -j4 -l4
[1.417s] [100%] Built target ldlidar_sl_ros2_node
[1.558s] Invoked command in '/home/sebas/mbehu_restored_ws/build/ldlidar_sl_ros2' returned '0': CMAKE_PREFIX_PATH=${CMAKE_PREFIX_PATH}:/home/sebas/mbehu_restored_ws/install/serial_motor_demo:/home/sebas/mbehu_ws/install/ultrasonico:/home/sebas/mbehu_ws/install/mpu6050_pkg:/home/sebas/mbehu_ws/install/mpu6050:/opt/ros/foxy /usr/bin/cmake --build /home/sebas/mbehu_restored_ws/build/ldlidar_sl_ros2 -- -j4 -l4
[1.898s] Invoking command in '/home/sebas/mbehu_restored_ws/build/ldlidar_sl_ros2': CMAKE_PREFIX_PATH=${CMAKE_PREFIX_PATH}:/home/sebas/mbehu_restored_ws/install/serial_motor_demo:/home/sebas/mbehu_ws/install/ultrasonico:/home/sebas/mbehu_ws/install/mpu6050_pkg:/home/sebas/mbehu_ws/install/mpu6050:/opt/ros/foxy /usr/bin/cmake --install /home/sebas/mbehu_restored_ws/build/ldlidar_sl_ros2
[1.992s] -- Install configuration: ""
[1.996s] -- Execute custom install script
[2.005s] -- Up-to-date symlink: /home/sebas/mbehu_restored_ws/install/ldlidar_sl_ros2/lib/ldlidar_sl_ros2/ldlidar_sl_ros2_node
[2.014s] -- Up-to-date symlink: /home/sebas/mbehu_restored_ws/install/ldlidar_sl_ros2/share/ldlidar_sl_ros2//launch/ld14.launch.py
[2.018s] -- Up-to-date symlink: /home/sebas/mbehu_restored_ws/install/ldlidar_sl_ros2/share/ldlidar_sl_ros2//launch/viewer_ld14.launch.py
[2.023s] -- Up-to-date symlink: /home/sebas/mbehu_restored_ws/install/ldlidar_sl_ros2/share/ldlidar_sl_ros2//rviz2/ldlidar.rviz
[2.029s] -- Up-to-date symlink: /home/sebas/mbehu_restored_ws/install/ldlidar_sl_ros2/share/ldlidar_sl_ros2//scripts/create_udev_rules.sh
[2.032s] -- Up-to-date symlink: /home/sebas/mbehu_restored_ws/install/ldlidar_sl_ros2/share/ldlidar_sl_ros2//scripts/delete_udev_rules.sh
[2.035s] -- Up-to-date symlink: /home/sebas/mbehu_restored_ws/install/ldlidar_sl_ros2/share/ldlidar_sl_ros2//scripts/ldlidar.rules
[2.037s] -- Up-to-date symlink: /home/sebas/mbehu_restored_ws/install/ldlidar_sl_ros2/share/ament_index/resource_index/package_run_dependencies/ldlidar_sl_ros2
[2.041s] -- Up-to-date symlink: /home/sebas/mbehu_restored_ws/install/ldlidar_sl_ros2/share/ament_index/resource_index/parent_prefix_path/ldlidar_sl_ros2
[2.046s] -- Up-to-date symlink: /home/sebas/mbehu_restored_ws/install/ldlidar_sl_ros2/share/ldlidar_sl_ros2/environment/ament_prefix_path.sh
[2.049s] -- Up-to-date symlink: /home/sebas/mbehu_restored_ws/install/ldlidar_sl_ros2/share/ldlidar_sl_ros2/environment/ament_prefix_path.dsv
[2.055s] -- Up-to-date symlink: /home/sebas/mbehu_restored_ws/install/ldlidar_sl_ros2/share/ldlidar_sl_ros2/environment/path.sh
[2.059s] -- Up-to-date symlink: /home/sebas/mbehu_restored_ws/install/ldlidar_sl_ros2/share/ldlidar_sl_ros2/environment/path.dsv
[2.063s] -- Up-to-date symlink: /home/sebas/mbehu_restored_ws/install/ldlidar_sl_ros2/share/ldlidar_sl_ros2/local_setup.bash
[2.069s] -- Up-to-date symlink: /home/sebas/mbehu_restored_ws/install/ldlidar_sl_ros2/share/ldlidar_sl_ros2/local_setup.sh
[2.071s] -- Up-to-date symlink: /home/sebas/mbehu_restored_ws/install/ldlidar_sl_ros2/share/ldlidar_sl_ros2/local_setup.zsh
[2.074s] -- Up-to-date symlink: /home/sebas/mbehu_restored_ws/install/ldlidar_sl_ros2/share/ldlidar_sl_ros2/local_setup.dsv
[2.075s] -- Symlinking: /home/sebas/mbehu_restored_ws/install/ldlidar_sl_ros2/share/ldlidar_sl_ros2/package.dsv
[2.156s] -- Up-to-date symlink: /home/sebas/mbehu_restored_ws/install/ldlidar_sl_ros2/share/ament_index/resource_index/packages/ldlidar_sl_ros2
[2.161s] -- Up-to-date symlink: /home/sebas/mbehu_restored_ws/install/ldlidar_sl_ros2/share/ldlidar_sl_ros2/cmake/ldlidar_sl_ros2Config.cmake
[2.164s] -- Up-to-date symlink: /home/sebas/mbehu_restored_ws/install/ldlidar_sl_ros2/share/ldlidar_sl_ros2/cmake/ldlidar_sl_ros2Config-version.cmake
[2.166s] -- Up-to-date symlink: /home/sebas/mbehu_restored_ws/install/ldlidar_sl_ros2/share/ldlidar_sl_ros2/package.xml
[2.217s] Invoked command in '/home/sebas/mbehu_restored_ws/build/ldlidar_sl_ros2' returned '0': CMAKE_PREFIX_PATH=${CMAKE_PREFIX_PATH}:/home/sebas/mbehu_restored_ws/install/serial_motor_demo:/home/sebas/mbehu_ws/install/ultrasonico:/home/sebas/mbehu_ws/install/mpu6050_pkg:/home/sebas/mbehu_ws/install/mpu6050:/opt/ros/foxy /usr/bin/cmake --install /home/sebas/mbehu_restored_ws/build/ldlidar_sl_ros2
