[0.220s] Invoking command in '/home/sebas/mbehu_restored_ws/build/serial_motor_demo_msgs': CMAKE_PREFIX_PATH=${CMAKE_PREFIX_PATH}:/home/sebas/mbehu_restored_ws/install/serial_motor_demo:/home/sebas/mbehu_ws/install/ultrasonico:/home/sebas/mbehu_ws/install/mpu6050_pkg:/home/sebas/mbehu_ws/install/mpu6050:/opt/ros/foxy /usr/bin/cmake --build /home/sebas/mbehu_restored_ws/build/serial_motor_demo_msgs -- -j4 -l4
[0.766s] [  2%] Built target serial_motor_demo_msgs__cpp
[0.798s] [ 12%] Built target serial_motor_demo_msgs__rosidl_generator_c
[1.130s] [ 23%] Built target serial_motor_demo_msgs__rosidl_typesupport_cpp
[1.141s] [ 34%] Built target serial_motor_demo_msgs__rosidl_typesupport_introspection_c
[1.161s] [ 44%] Built target serial_motor_demo_msgs__rosidl_typesupport_introspection_cpp
[1.184s] [ 55%] Built target serial_motor_demo_msgs__rosidl_typesupport_fastrtps_cpp
[1.314s] [ 65%] Built target serial_motor_demo_msgs__rosidl_typesupport_c
[1.467s] [ 76%] Built target serial_motor_demo_msgs__rosidl_typesupport_fastrtps_c
[1.675s] [ 76%] Built target serial_motor_demo_msgs
[1.960s] [ 78%] Built target serial_motor_demo_msgs__py
[2.206s] [ 87%] Built target serial_motor_demo_msgs__python
[2.507s] [ 91%] Built target serial_motor_demo_msgs__rosidl_typesupport_fastrtps_c__pyext
[2.514s] [ 95%] Built target serial_motor_demo_msgs__rosidl_typesupport_introspection_c__pyext
[2.524s] [100%] Built target serial_motor_demo_msgs__rosidl_typesupport_c__pyext
[2.584s] Invoked command in '/home/sebas/mbehu_restored_ws/build/serial_motor_demo_msgs' returned '0': CMAKE_PREFIX_PATH=${CMAKE_PREFIX_PATH}:/home/sebas/mbehu_restored_ws/install/serial_motor_demo:/home/sebas/mbehu_ws/install/ultrasonico:/home/sebas/mbehu_ws/install/mpu6050_pkg:/home/sebas/mbehu_ws/install/mpu6050:/opt/ros/foxy /usr/bin/cmake --build /home/sebas/mbehu_restored_ws/build/serial_motor_demo_msgs -- -j4 -l4
[3.356s] Invoking command in '/home/sebas/mbehu_restored_ws/build/serial_motor_demo_msgs': CMAKE_PREFIX_PATH=${CMAKE_PREFIX_PATH}:/home/sebas/mbehu_restored_ws/install/serial_motor_demo:/home/sebas/mbehu_ws/install/ultrasonico:/home/sebas/mbehu_ws/install/mpu6050_pkg:/home/sebas/mbehu_ws/install/mpu6050:/opt/ros/foxy /usr/bin/cmake --install /home/sebas/mbehu_restored_ws/build/serial_motor_demo_msgs
[3.413s] -- Install configuration: ""
[3.416s] -- Execute custom install script
[3.419s] -- Up-to-date symlink: /home/sebas/mbehu_restored_ws/install/serial_motor_demo_msgs/share/ament_index/resource_index/rosidl_interfaces/serial_motor_demo_msgs
[3.424s] -- Up-to-date symlink: /home/sebas/mbehu_restored_ws/install/serial_motor_demo_msgs/include/serial_motor_demo_msgs/msg/detail/encoder_vals__functions.h
[3.425s] -- Up-to-date symlink: /home/sebas/mbehu_restored_ws/install/serial_motor_demo_msgs/include/serial_motor_demo_msgs/msg/detail/encoder_vals__struct.h
[3.427s] -- Up-to-date symlink: /home/sebas/mbehu_restored_ws/install/serial_motor_demo_msgs/include/serial_motor_demo_msgs/msg/detail/encoder_vals__type_support.h
[3.430s] -- Up-to-date symlink: /home/sebas/mbehu_restored_ws/install/serial_motor_demo_msgs/include/serial_motor_demo_msgs/msg/detail/motor_command__functions.h
[3.432s] -- Up-to-date symlink: /home/sebas/mbehu_restored_ws/install/serial_motor_demo_msgs/include/serial_motor_demo_msgs/msg/detail/motor_command__struct.h
[3.434s] -- Up-to-date symlink: /home/sebas/mbehu_restored_ws/install/serial_motor_demo_msgs/include/serial_motor_demo_msgs/msg/detail/motor_command__type_support.h
[3.435s] -- Up-to-date symlink: /home/sebas/mbehu_restored_ws/install/serial_motor_demo_msgs/include/serial_motor_demo_msgs/msg/detail/motor_vels__functions.h
[3.438s] -- Up-to-date symlink: /home/sebas/mbehu_restored_ws/install/serial_motor_demo_msgs/include/serial_motor_demo_msgs/msg/detail/motor_vels__struct.h
[3.440s] -- Up-to-date symlink: /home/sebas/mbehu_restored_ws/install/serial_motor_demo_msgs/include/serial_motor_demo_msgs/msg/detail/motor_vels__type_support.h
[3.442s] -- Up-to-date symlink: /home/sebas/mbehu_restored_ws/install/serial_motor_demo_msgs/include/serial_motor_demo_msgs/msg/encoder_vals.h
[3.444s] -- Up-to-date symlink: /home/sebas/mbehu_restored_ws/install/serial_motor_demo_msgs/include/serial_motor_demo_msgs/msg/motor_command.h
[3.445s] -- Up-to-date symlink: /home/sebas/mbehu_restored_ws/install/serial_motor_demo_msgs/include/serial_motor_demo_msgs/msg/motor_vels.h
[3.447s] -- Up-to-date symlink: /home/sebas/mbehu_restored_ws/install/serial_motor_demo_msgs/include/serial_motor_demo_msgs/msg/rosidl_generator_c__visibility_control.h
[3.449s] -- Up-to-date symlink: /home/sebas/mbehu_restored_ws/install/serial_motor_demo_msgs/share/serial_motor_demo_msgs/environment/library_path.sh
[3.451s] -- Up-to-date symlink: /home/sebas/mbehu_restored_ws/install/serial_motor_demo_msgs/share/serial_motor_demo_msgs/environment/library_path.dsv
[3.457s] -- Up-to-date symlink: /home/sebas/mbehu_restored_ws/install/serial_motor_demo_msgs/include/serial_motor_demo_msgs/msg/detail/encoder_vals__rosidl_typesupport_fastrtps_c.h
[3.458s] -- Up-to-date symlink: /home/sebas/mbehu_restored_ws/install/serial_motor_demo_msgs/include/serial_motor_demo_msgs/msg/detail/motor_command__rosidl_typesupport_fastrtps_c.h
[3.460s] -- Up-to-date symlink: /home/sebas/mbehu_restored_ws/install/serial_motor_demo_msgs/include/serial_motor_demo_msgs/msg/detail/motor_vels__rosidl_typesupport_fastrtps_c.h
[3.462s] -- Up-to-date symlink: /home/sebas/mbehu_restored_ws/install/serial_motor_demo_msgs/include/serial_motor_demo_msgs/msg/rosidl_typesupport_fastrtps_c__visibility_control.h
[3.465s] -- Up-to-date symlink: /home/sebas/mbehu_restored_ws/install/serial_motor_demo_msgs/lib/libserial_motor_demo_msgs__rosidl_typesupport_fastrtps_c.so
[3.471s] -- Up-to-date symlink: /home/sebas/mbehu_restored_ws/install/serial_motor_demo_msgs/include/serial_motor_demo_msgs/msg/detail/encoder_vals__rosidl_typesupport_fastrtps_cpp.hpp
[3.472s] -- Up-to-date symlink: /home/sebas/mbehu_restored_ws/install/serial_motor_demo_msgs/include/serial_motor_demo_msgs/msg/detail/motor_command__rosidl_typesupport_fastrtps_cpp.hpp
[3.474s] -- Up-to-date symlink: /home/sebas/mbehu_restored_ws/install/serial_motor_demo_msgs/include/serial_motor_demo_msgs/msg/detail/motor_vels__rosidl_typesupport_fastrtps_cpp.hpp
[3.476s] -- Up-to-date symlink: /home/sebas/mbehu_restored_ws/install/serial_motor_demo_msgs/include/serial_motor_demo_msgs/msg/rosidl_typesupport_fastrtps_cpp__visibility_control.h
[3.480s] -- Up-to-date symlink: /home/sebas/mbehu_restored_ws/install/serial_motor_demo_msgs/lib/libserial_motor_demo_msgs__rosidl_typesupport_fastrtps_cpp.so
[3.485s] -- Up-to-date symlink: /home/sebas/mbehu_restored_ws/install/serial_motor_demo_msgs/include/serial_motor_demo_msgs/msg/detail/encoder_vals__rosidl_typesupport_introspection_c.h
[3.486s] -- Up-to-date symlink: /home/sebas/mbehu_restored_ws/install/serial_motor_demo_msgs/include/serial_motor_demo_msgs/msg/detail/motor_command__rosidl_typesupport_introspection_c.h
[3.489s] -- Up-to-date symlink: /home/sebas/mbehu_restored_ws/install/serial_motor_demo_msgs/include/serial_motor_demo_msgs/msg/detail/motor_vels__rosidl_typesupport_introspection_c.h
[3.490s] -- Up-to-date symlink: /home/sebas/mbehu_restored_ws/install/serial_motor_demo_msgs/include/serial_motor_demo_msgs/msg/rosidl_typesupport_introspection_c__visibility_control.h
[3.495s] -- Up-to-date symlink: /home/sebas/mbehu_restored_ws/install/serial_motor_demo_msgs/include/serial_motor_demo_msgs/msg/detail/encoder_vals__builder.hpp
[3.497s] -- Up-to-date symlink: /home/sebas/mbehu_restored_ws/install/serial_motor_demo_msgs/include/serial_motor_demo_msgs/msg/detail/encoder_vals__struct.hpp
[3.498s] -- Up-to-date symlink: /home/sebas/mbehu_restored_ws/install/serial_motor_demo_msgs/include/serial_motor_demo_msgs/msg/detail/encoder_vals__traits.hpp
[3.500s] -- Up-to-date symlink: /home/sebas/mbehu_restored_ws/install/serial_motor_demo_msgs/include/serial_motor_demo_msgs/msg/detail/motor_command__builder.hpp
[3.502s] -- Up-to-date symlink: /home/sebas/mbehu_restored_ws/install/serial_motor_demo_msgs/include/serial_motor_demo_msgs/msg/detail/motor_command__struct.hpp
[3.504s] -- Up-to-date symlink: /home/sebas/mbehu_restored_ws/install/serial_motor_demo_msgs/include/serial_motor_demo_msgs/msg/detail/motor_command__traits.hpp
[3.505s] -- Up-to-date symlink: /home/sebas/mbehu_restored_ws/install/serial_motor_demo_msgs/include/serial_motor_demo_msgs/msg/detail/motor_vels__builder.hpp
[3.508s] -- Up-to-date symlink: /home/sebas/mbehu_restored_ws/install/serial_motor_demo_msgs/include/serial_motor_demo_msgs/msg/detail/motor_vels__struct.hpp
[3.509s] -- Up-to-date symlink: /home/sebas/mbehu_restored_ws/install/serial_motor_demo_msgs/include/serial_motor_demo_msgs/msg/detail/motor_vels__traits.hpp
[3.510s] -- Up-to-date symlink: /home/sebas/mbehu_restored_ws/install/serial_motor_demo_msgs/include/serial_motor_demo_msgs/msg/encoder_vals.hpp
[3.512s] -- Up-to-date symlink: /home/sebas/mbehu_restored_ws/install/serial_motor_demo_msgs/include/serial_motor_demo_msgs/msg/motor_command.hpp
[3.514s] -- Up-to-date symlink: /home/sebas/mbehu_restored_ws/install/serial_motor_demo_msgs/include/serial_motor_demo_msgs/msg/motor_vels.hpp
[3.518s] -- Up-to-date symlink: /home/sebas/mbehu_restored_ws/install/serial_motor_demo_msgs/include/serial_motor_demo_msgs/msg/detail/encoder_vals__rosidl_typesupport_introspection_cpp.hpp
[3.520s] -- Up-to-date symlink: /home/sebas/mbehu_restored_ws/install/serial_motor_demo_msgs/include/serial_motor_demo_msgs/msg/detail/motor_command__rosidl_typesupport_introspection_cpp.hpp
[3.522s] -- Up-to-date symlink: /home/sebas/mbehu_restored_ws/install/serial_motor_demo_msgs/include/serial_motor_demo_msgs/msg/detail/motor_vels__rosidl_typesupport_introspection_cpp.hpp
[3.524s] -- Up-to-date symlink: /home/sebas/mbehu_restored_ws/install/serial_motor_demo_msgs/share/serial_motor_demo_msgs/environment/pythonpath.sh
[3.526s] -- Up-to-date symlink: /home/sebas/mbehu_restored_ws/install/serial_motor_demo_msgs/share/serial_motor_demo_msgs/environment/pythonpath.dsv
[3.528s] -- Up-to-date symlink: /home/sebas/mbehu_restored_ws/install/serial_motor_demo_msgs/lib/python3.8/site-packages/serial_motor_demo_msgs/__init__.py
[3.532s] -- Up-to-date symlink: /home/sebas/mbehu_restored_ws/install/serial_motor_demo_msgs/lib/python3.8/site-packages/serial_motor_demo_msgs/msg/__init__.py
[3.534s] -- Up-to-date symlink: /home/sebas/mbehu_restored_ws/install/serial_motor_demo_msgs/lib/python3.8/site-packages/serial_motor_demo_msgs/msg/_encoder_vals.py
[3.535s] -- Up-to-date symlink: /home/sebas/mbehu_restored_ws/install/serial_motor_demo_msgs/lib/python3.8/site-packages/serial_motor_demo_msgs/msg/_motor_command.py
[3.537s] -- Up-to-date symlink: /home/sebas/mbehu_restored_ws/install/serial_motor_demo_msgs/lib/python3.8/site-packages/serial_motor_demo_msgs/msg/_motor_vels.py
[3.541s] -- Up-to-date symlink: /home/sebas/mbehu_restored_ws/install/serial_motor_demo_msgs/lib/python3.8/site-packages/serial_motor_demo_msgs/serial_motor_demo_msgs_s__rosidl_typesupport_fastrtps_c.cpython-38-aarch64-linux-gnu.so
[3.544s] -- Up-to-date symlink: /home/sebas/mbehu_restored_ws/install/serial_motor_demo_msgs/lib/python3.8/site-packages/serial_motor_demo_msgs/serial_motor_demo_msgs_s__rosidl_typesupport_introspection_c.cpython-38-aarch64-linux-gnu.so
[3.547s] -- Up-to-date symlink: /home/sebas/mbehu_restored_ws/install/serial_motor_demo_msgs/lib/python3.8/site-packages/serial_motor_demo_msgs/serial_motor_demo_msgs_s__rosidl_typesupport_c.cpython-38-aarch64-linux-gnu.so
[3.550s] -- Up-to-date symlink: /home/sebas/mbehu_restored_ws/install/serial_motor_demo_msgs/lib/libserial_motor_demo_msgs__python.so
[3.553s] -- Up-to-date symlink: /home/sebas/mbehu_restored_ws/install/serial_motor_demo_msgs/share/serial_motor_demo_msgs/msg/MotorCommand.idl
[3.554s] -- Up-to-date symlink: /home/sebas/mbehu_restored_ws/install/serial_motor_demo_msgs/share/serial_motor_demo_msgs/msg/MotorVels.idl
[3.557s] -- Up-to-date symlink: /home/sebas/mbehu_restored_ws/install/serial_motor_demo_msgs/share/serial_motor_demo_msgs/msg/EncoderVals.idl
[3.560s] -- Up-to-date symlink: /home/sebas/mbehu_restored_ws/install/serial_motor_demo_msgs/share/serial_motor_demo_msgs/msg/MotorCommand.msg
[3.562s] -- Up-to-date symlink: /home/sebas/mbehu_restored_ws/install/serial_motor_demo_msgs/share/serial_motor_demo_msgs/msg/MotorVels.msg
[3.564s] -- Up-to-date symlink: /home/sebas/mbehu_restored_ws/install/serial_motor_demo_msgs/share/serial_motor_demo_msgs/msg/EncoderVals.msg
[3.567s] -- Up-to-date symlink: /home/sebas/mbehu_restored_ws/install/serial_motor_demo_msgs/share/ament_index/resource_index/package_run_dependencies/serial_motor_demo_msgs
[3.569s] -- Up-to-date symlink: /home/sebas/mbehu_restored_ws/install/serial_motor_demo_msgs/share/ament_index/resource_index/parent_prefix_path/serial_motor_demo_msgs
[3.571s] -- Up-to-date symlink: /home/sebas/mbehu_restored_ws/install/serial_motor_demo_msgs/share/serial_motor_demo_msgs/environment/ament_prefix_path.sh
[3.574s] -- Up-to-date symlink: /home/sebas/mbehu_restored_ws/install/serial_motor_demo_msgs/share/serial_motor_demo_msgs/environment/ament_prefix_path.dsv
[3.577s] -- Up-to-date symlink: /home/sebas/mbehu_restored_ws/install/serial_motor_demo_msgs/share/serial_motor_demo_msgs/environment/path.sh
[3.579s] -- Up-to-date symlink: /home/sebas/mbehu_restored_ws/install/serial_motor_demo_msgs/share/serial_motor_demo_msgs/environment/path.dsv
[3.582s] -- Up-to-date symlink: /home/sebas/mbehu_restored_ws/install/serial_motor_demo_msgs/share/serial_motor_demo_msgs/local_setup.bash
[3.586s] -- Up-to-date symlink: /home/sebas/mbehu_restored_ws/install/serial_motor_demo_msgs/share/serial_motor_demo_msgs/local_setup.sh
[3.588s] -- Up-to-date symlink: /home/sebas/mbehu_restored_ws/install/serial_motor_demo_msgs/share/serial_motor_demo_msgs/local_setup.zsh
[3.591s] -- Up-to-date symlink: /home/sebas/mbehu_restored_ws/install/serial_motor_demo_msgs/share/serial_motor_demo_msgs/local_setup.dsv
[3.592s] -- Symlinking: /home/sebas/mbehu_restored_ws/install/serial_motor_demo_msgs/share/serial_motor_demo_msgs/package.dsv
[3.661s] -- Up-to-date symlink: /home/sebas/mbehu_restored_ws/install/serial_motor_demo_msgs/share/ament_index/resource_index/packages/serial_motor_demo_msgs
[3.665s] -- Up-to-date symlink: /home/sebas/mbehu_restored_ws/install/serial_motor_demo_msgs/share/serial_motor_demo_msgs/cmake/rosidl_cmake-extras.cmake
[3.670s] -- Up-to-date symlink: /home/sebas/mbehu_restored_ws/install/serial_motor_demo_msgs/share/serial_motor_demo_msgs/cmake/ament_cmake_export_dependencies-extras.cmake
[3.671s] -- Up-to-date symlink: /home/sebas/mbehu_restored_ws/install/serial_motor_demo_msgs/share/serial_motor_demo_msgs/cmake/ament_cmake_export_libraries-extras.cmake
[3.674s] -- Up-to-date symlink: /home/sebas/mbehu_restored_ws/install/serial_motor_demo_msgs/share/serial_motor_demo_msgs/cmake/ament_cmake_export_targets-extras.cmake
[3.679s] -- Up-to-date symlink: /home/sebas/mbehu_restored_ws/install/serial_motor_demo_msgs/share/serial_motor_demo_msgs/cmake/ament_cmake_export_include_directories-extras.cmake
[3.685s] -- Up-to-date symlink: /home/sebas/mbehu_restored_ws/install/serial_motor_demo_msgs/share/serial_motor_demo_msgs/cmake/rosidl_cmake_export_typesupport_libraries-extras.cmake
[3.695s] -- Up-to-date symlink: /home/sebas/mbehu_restored_ws/install/serial_motor_demo_msgs/share/serial_motor_demo_msgs/cmake/rosidl_cmake_export_typesupport_targets-extras.cmake
[3.710s] -- Up-to-date symlink: /home/sebas/mbehu_restored_ws/install/serial_motor_demo_msgs/share/serial_motor_demo_msgs/cmake/serial_motor_demo_msgsConfig.cmake
[3.713s] -- Up-to-date symlink: /home/sebas/mbehu_restored_ws/install/serial_motor_demo_msgs/share/serial_motor_demo_msgs/cmake/serial_motor_demo_msgsConfig-version.cmake
[3.723s] -- Up-to-date symlink: /home/sebas/mbehu_restored_ws/install/serial_motor_demo_msgs/share/serial_motor_demo_msgs/package.xml
[3.726s] -- Up-to-date: /home/sebas/mbehu_restored_ws/install/serial_motor_demo_msgs/lib/libserial_motor_demo_msgs__rosidl_generator_c.so
[3.729s] -- Up-to-date: /home/sebas/mbehu_restored_ws/install/serial_motor_demo_msgs/lib/libserial_motor_demo_msgs__rosidl_typesupport_introspection_c.so
[3.732s] -- Up-to-date: /home/sebas/mbehu_restored_ws/install/serial_motor_demo_msgs/lib/libserial_motor_demo_msgs__rosidl_typesupport_c.so
[3.736s] -- Up-to-date: /home/sebas/mbehu_restored_ws/install/serial_motor_demo_msgs/lib/libserial_motor_demo_msgs__rosidl_typesupport_introspection_cpp.so
[3.738s] -- Up-to-date: /home/sebas/mbehu_restored_ws/install/serial_motor_demo_msgs/lib/libserial_motor_demo_msgs__rosidl_typesupport_cpp.so
[3.965s] -- Up-to-date: /home/sebas/mbehu_restored_ws/install/serial_motor_demo_msgs/share/serial_motor_demo_msgs/cmake/serial_motor_demo_msgs__rosidl_generator_cExport.cmake
[3.971s] -- Up-to-date: /home/sebas/mbehu_restored_ws/install/serial_motor_demo_msgs/share/serial_motor_demo_msgs/cmake/serial_motor_demo_msgs__rosidl_generator_cExport-noconfig.cmake
[3.972s] -- Up-to-date: /home/sebas/mbehu_restored_ws/install/serial_motor_demo_msgs/share/serial_motor_demo_msgs/cmake/serial_motor_demo_msgs__rosidl_typesupport_introspection_cExport.cmake
[3.974s] -- Up-to-date: /home/sebas/mbehu_restored_ws/install/serial_motor_demo_msgs/share/serial_motor_demo_msgs/cmake/serial_motor_demo_msgs__rosidl_typesupport_introspection_cExport-noconfig.cmake
[3.975s] -- Up-to-date: /home/sebas/mbehu_restored_ws/install/serial_motor_demo_msgs/share/serial_motor_demo_msgs/cmake/serial_motor_demo_msgs__rosidl_typesupport_cExport.cmake
[3.981s] -- Up-to-date: /home/sebas/mbehu_restored_ws/install/serial_motor_demo_msgs/share/serial_motor_demo_msgs/cmake/serial_motor_demo_msgs__rosidl_typesupport_cExport-noconfig.cmake
[3.984s] -- Up-to-date: /home/sebas/mbehu_restored_ws/install/serial_motor_demo_msgs/share/serial_motor_demo_msgs/cmake/serial_motor_demo_msgs__rosidl_generator_cppExport.cmake
[3.985s] -- Up-to-date: /home/sebas/mbehu_restored_ws/install/serial_motor_demo_msgs/share/serial_motor_demo_msgs/cmake/serial_motor_demo_msgs__rosidl_typesupport_introspection_cppExport.cmake
[3.986s] -- Up-to-date: /home/sebas/mbehu_restored_ws/install/serial_motor_demo_msgs/share/serial_motor_demo_msgs/cmake/serial_motor_demo_msgs__rosidl_typesupport_introspection_cppExport-noconfig.cmake
[3.992s] -- Up-to-date: /home/sebas/mbehu_restored_ws/install/serial_motor_demo_msgs/share/serial_motor_demo_msgs/cmake/serial_motor_demo_msgs__rosidl_typesupport_cppExport.cmake
[3.994s] -- Up-to-date: /home/sebas/mbehu_restored_ws/install/serial_motor_demo_msgs/share/serial_motor_demo_msgs/cmake/serial_motor_demo_msgs__rosidl_typesupport_cppExport-noconfig.cmake
[4.028s] Invoked command in '/home/sebas/mbehu_restored_ws/build/serial_motor_demo_msgs' returned '0': CMAKE_PREFIX_PATH=${CMAKE_PREFIX_PATH}:/home/sebas/mbehu_restored_ws/install/serial_motor_demo:/home/sebas/mbehu_ws/install/ultrasonico:/home/sebas/mbehu_ws/install/mpu6050_pkg:/home/sebas/mbehu_ws/install/mpu6050:/opt/ros/foxy /usr/bin/cmake --install /home/sebas/mbehu_restored_ws/build/serial_motor_demo_msgs
