[0.488s] Invoking command in '/home/sebas/mbehu_restored_ws/build/diffdrive_arduino': CMAKE_PREFIX_PATH=/home/sebas/mbehu_restored_ws/install/serial:/home/sebas/mbehu_restored_ws/install/serial_motor_demo_msgs:/home/sebas/mbehu_restored_ws/install/diffdrive_arduino:/home/sebas/mbehu_restored_ws/install/mbehu_bot:/home/sebas/mbehu_restored_ws/install/ldlidar_sl_ros2:/home/sebas/mbehu_ws/install/diffdrive_arduino:/home/sebas/mbehu_ws/install/serial:/home/sebas/mbehu_ws/install/mbehu_bot:/home/sebas/mbehu_ws/install/ldlidar_sl_ros2:/home/sebas/mbehu_ws/install/imu_driver:/home/sebas/mbehu_restored_ws/install/serial_motor_demo:/home/sebas/mbehu_ws/install/ultrasonico:/home/sebas/mbehu_ws/install/mpu6050_pkg:/home/sebas/mbehu_ws/install/mpu6050:/opt/ros/foxy /usr/bin/cmake --build /home/sebas/mbehu_restored_ws/build/diffdrive_arduino -- -j4 -l4
[1.606s] [ 42%] Built target fake_robot
[1.748s] [100%] Built target diffdrive_arduino
[1.881s] Invoked command in '/home/sebas/mbehu_restored_ws/build/diffdrive_arduino' returned '0': CMAKE_PREFIX_PATH=/home/sebas/mbehu_restored_ws/install/serial:/home/sebas/mbehu_restored_ws/install/serial_motor_demo_msgs:/home/sebas/mbehu_restored_ws/install/diffdrive_arduino:/home/sebas/mbehu_restored_ws/install/mbehu_bot:/home/sebas/mbehu_restored_ws/install/ldlidar_sl_ros2:/home/sebas/mbehu_ws/install/diffdrive_arduino:/home/sebas/mbehu_ws/install/serial:/home/sebas/mbehu_ws/install/mbehu_bot:/home/sebas/mbehu_ws/install/ldlidar_sl_ros2:/home/sebas/mbehu_ws/install/imu_driver:/home/sebas/mbehu_restored_ws/install/serial_motor_demo:/home/sebas/mbehu_ws/install/ultrasonico:/home/sebas/mbehu_ws/install/mpu6050_pkg:/home/sebas/mbehu_ws/install/mpu6050:/opt/ros/foxy /usr/bin/cmake --build /home/sebas/mbehu_restored_ws/build/diffdrive_arduino -- -j4 -l4
[2.373s] Invoking command in '/home/sebas/mbehu_restored_ws/build/diffdrive_arduino': CMAKE_PREFIX_PATH=/home/sebas/mbehu_restored_ws/install/serial:/home/sebas/mbehu_restored_ws/install/serial_motor_demo_msgs:/home/sebas/mbehu_restored_ws/install/diffdrive_arduino:/home/sebas/mbehu_restored_ws/install/mbehu_bot:/home/sebas/mbehu_restored_ws/install/ldlidar_sl_ros2:/home/sebas/mbehu_ws/install/diffdrive_arduino:/home/sebas/mbehu_ws/install/serial:/home/sebas/mbehu_ws/install/mbehu_bot:/home/sebas/mbehu_ws/install/ldlidar_sl_ros2:/home/sebas/mbehu_ws/install/imu_driver:/home/sebas/mbehu_restored_ws/install/serial_motor_demo:/home/sebas/mbehu_ws/install/ultrasonico:/home/sebas/mbehu_ws/install/mpu6050_pkg:/home/sebas/mbehu_ws/install/mpu6050:/opt/ros/foxy /usr/bin/cmake --install /home/sebas/mbehu_restored_ws/build/diffdrive_arduino
[2.502s] -- Install configuration: ""
[2.512s] -- Execute custom install script
[2.520s] -- Up-to-date symlink: /home/sebas/mbehu_restored_ws/install/diffdrive_arduino/share/diffdrive_arduino//robot_hardware.xml
[2.536s] -- Up-to-date symlink: /home/sebas/mbehu_restored_ws/install/diffdrive_arduino/share/diffdrive_arduino//fake_robot_hardware.xml
[2.538s] -- Up-to-date symlink: /home/sebas/mbehu_restored_ws/install/diffdrive_arduino/lib/libdiffdrive_arduino.so
[2.540s] -- Up-to-date symlink: /home/sebas/mbehu_restored_ws/install/diffdrive_arduino/lib/libfake_robot.so
[2.551s] -- Up-to-date symlink: /home/sebas/mbehu_restored_ws/install/diffdrive_arduino/share/diffdrive_arduino/controllers/robot_controller_example.yaml
[2.552s] -- Up-to-date symlink: /home/sebas/mbehu_restored_ws/install/diffdrive_arduino/share/diffdrive_arduino/fake_robot.launch.py
[2.554s] -- Up-to-date symlink: /home/sebas/mbehu_restored_ws/install/diffdrive_arduino/share/diffdrive_arduino/test_robot.launch.py
[2.563s] -- Up-to-date symlink: /home/sebas/mbehu_restored_ws/install/diffdrive_arduino/share/diffdrive_arduino/environment/library_path.sh
[2.565s] -- Up-to-date symlink: /home/sebas/mbehu_restored_ws/install/diffdrive_arduino/share/diffdrive_arduino/environment/library_path.dsv
[2.567s] -- Up-to-date symlink: /home/sebas/mbehu_restored_ws/install/diffdrive_arduino/share/ament_index/resource_index/package_run_dependencies/diffdrive_arduino
[2.568s] -- Up-to-date symlink: /home/sebas/mbehu_restored_ws/install/diffdrive_arduino/share/ament_index/resource_index/parent_prefix_path/diffdrive_arduino
[2.570s] -- Up-to-date symlink: /home/sebas/mbehu_restored_ws/install/diffdrive_arduino/share/diffdrive_arduino/environment/ament_prefix_path.sh
[2.571s] -- Up-to-date symlink: /home/sebas/mbehu_restored_ws/install/diffdrive_arduino/share/diffdrive_arduino/environment/ament_prefix_path.dsv
[2.572s] -- Up-to-date symlink: /home/sebas/mbehu_restored_ws/install/diffdrive_arduino/share/diffdrive_arduino/environment/path.sh
[2.576s] -- Up-to-date symlink: /home/sebas/mbehu_restored_ws/install/diffdrive_arduino/share/diffdrive_arduino/environment/path.dsv
[2.582s] -- Up-to-date symlink: /home/sebas/mbehu_restored_ws/install/diffdrive_arduino/share/diffdrive_arduino/local_setup.bash
[2.588s] -- Up-to-date symlink: /home/sebas/mbehu_restored_ws/install/diffdrive_arduino/share/diffdrive_arduino/local_setup.sh
[2.594s] -- Up-to-date symlink: /home/sebas/mbehu_restored_ws/install/diffdrive_arduino/share/diffdrive_arduino/local_setup.zsh
[2.599s] -- Up-to-date symlink: /home/sebas/mbehu_restored_ws/install/diffdrive_arduino/share/diffdrive_arduino/local_setup.dsv
[2.604s] -- Symlinking: /home/sebas/mbehu_restored_ws/install/diffdrive_arduino/share/diffdrive_arduino/package.dsv
[2.739s] -- Up-to-date symlink: /home/sebas/mbehu_restored_ws/install/diffdrive_arduino/share/ament_index/resource_index/packages/diffdrive_arduino
[2.744s] -- Up-to-date symlink: /home/sebas/mbehu_restored_ws/install/diffdrive_arduino/share/ament_index/resource_index/hardware_interface__pluginlib__plugin/diffdrive_arduino
[2.750s] -- Up-to-date symlink: /home/sebas/mbehu_restored_ws/install/diffdrive_arduino/share/diffdrive_arduino/cmake/ament_cmake_export_libraries-extras.cmake
[2.756s] -- Up-to-date symlink: /home/sebas/mbehu_restored_ws/install/diffdrive_arduino/share/diffdrive_arduino/cmake/ament_cmake_export_dependencies-extras.cmake
[2.763s] -- Up-to-date symlink: /home/sebas/mbehu_restored_ws/install/diffdrive_arduino/share/diffdrive_arduino/cmake/diffdrive_arduinoConfig.cmake
[2.772s] -- Up-to-date symlink: /home/sebas/mbehu_restored_ws/install/diffdrive_arduino/share/diffdrive_arduino/cmake/diffdrive_arduinoConfig-version.cmake
[2.793s] -- Up-to-date symlink: /home/sebas/mbehu_restored_ws/install/diffdrive_arduino/share/diffdrive_arduino/package.xml
[2.813s] Invoked command in '/home/sebas/mbehu_restored_ws/build/diffdrive_arduino' returned '0': CMAKE_PREFIX_PATH=/home/sebas/mbehu_restored_ws/install/serial:/home/sebas/mbehu_restored_ws/install/serial_motor_demo_msgs:/home/sebas/mbehu_restored_ws/install/diffdrive_arduino:/home/sebas/mbehu_restored_ws/install/mbehu_bot:/home/sebas/mbehu_restored_ws/install/ldlidar_sl_ros2:/home/sebas/mbehu_ws/install/diffdrive_arduino:/home/sebas/mbehu_ws/install/serial:/home/sebas/mbehu_ws/install/mbehu_bot:/home/sebas/mbehu_ws/install/ldlidar_sl_ros2:/home/sebas/mbehu_ws/install/imu_driver:/home/sebas/mbehu_restored_ws/install/serial_motor_demo:/home/sebas/mbehu_ws/install/ultrasonico:/home/sebas/mbehu_ws/install/mpu6050_pkg:/home/sebas/mbehu_ws/install/mpu6050:/opt/ros/foxy /usr/bin/cmake --install /home/sebas/mbehu_restored_ws/build/diffdrive_arduino
