[0.193s] Invoking command in '/home/sebas/mbehu_restored_ws/build/explore_lite': CMAKE_PREFIX_PATH=${CMAKE_PREFIX_PATH}:/home/sebas/mbehu_restored_ws/install/serial_motor_demo:/home/sebas/mbehu_ws/install/ultrasonico:/home/sebas/mbehu_ws/install/mpu6050_pkg:/home/sebas/mbehu_ws/install/mpu6050:/opt/ros/foxy /usr/bin/cmake --build /home/sebas/mbehu_restored_ws/build/explore_lite -- -j4 -l4
[0.638s] [ 20%] Built target gtest
[1.039s] [ 60%] Built target explore
[1.227s] [ 80%] Built target gtest_main
[1.531s] [100%] Built target test_explore
[1.703s] Invoked command in '/home/sebas/mbehu_restored_ws/build/explore_lite' returned '0': CMAKE_PREFIX_PATH=${CMAKE_PREFIX_PATH}:/home/sebas/mbehu_restored_ws/install/serial_motor_demo:/home/sebas/mbehu_ws/install/ultrasonico:/home/sebas/mbehu_ws/install/mpu6050_pkg:/home/sebas/mbehu_ws/install/mpu6050:/opt/ros/foxy /usr/bin/cmake --build /home/sebas/mbehu_restored_ws/build/explore_lite -- -j4 -l4
[2.145s] Invoking command in '/home/sebas/mbehu_restored_ws/build/explore_lite': CMAKE_PREFIX_PATH=${CMAKE_PREFIX_PATH}:/home/sebas/mbehu_restored_ws/install/serial_motor_demo:/home/sebas/mbehu_ws/install/ultrasonico:/home/sebas/mbehu_ws/install/mpu6050_pkg:/home/sebas/mbehu_ws/install/mpu6050:/opt/ros/foxy /usr/bin/cmake --install /home/sebas/mbehu_restored_ws/build/explore_lite
[2.241s] -- Install configuration: ""
[2.243s] -- Execute custom install script
[2.247s] -- Up-to-date symlink: /home/sebas/mbehu_restored_ws/install/explore_lite/include/explore//costmap_client.h
[2.248s] -- Up-to-date symlink: /home/sebas/mbehu_restored_ws/install/explore_lite/include/explore//costmap_tools.h
[2.250s] -- Up-to-date symlink: /home/sebas/mbehu_restored_ws/install/explore_lite/include/explore//explore.h
[2.254s] -- Up-to-date symlink: /home/sebas/mbehu_restored_ws/install/explore_lite/include/explore//frontier_search.h
[2.259s] -- Up-to-date symlink: /home/sebas/mbehu_restored_ws/install/explore_lite/share/explore_lite/config/params.yaml
[2.263s] -- Up-to-date symlink: /home/sebas/mbehu_restored_ws/install/explore_lite/share/explore_lite/config/params_costmap.yaml
[2.307s] -- Up-to-date symlink: /home/sebas/mbehu_restored_ws/install/explore_lite/share/explore_lite/launch/explore.launch.py
[2.311s] -- Up-to-date symlink: /home/sebas/mbehu_restored_ws/install/explore_lite/lib/explore_lite/explore
[2.311s] -- Up-to-date symlink: /home/sebas/mbehu_restored_ws/install/explore_lite/share/ament_index/resource_index/package_run_dependencies/explore_lite
[2.312s] -- Up-to-date symlink: /home/sebas/mbehu_restored_ws/install/explore_lite/share/ament_index/resource_index/parent_prefix_path/explore_lite
[2.312s] -- Up-to-date symlink: /home/sebas/mbehu_restored_ws/install/explore_lite/share/explore_lite/environment/ament_prefix_path.sh
[2.314s] -- Up-to-date symlink: /home/sebas/mbehu_restored_ws/install/explore_lite/share/explore_lite/environment/ament_prefix_path.dsv
[2.318s] -- Up-to-date symlink: /home/sebas/mbehu_restored_ws/install/explore_lite/share/explore_lite/environment/path.sh
[2.320s] -- Up-to-date symlink: /home/sebas/mbehu_restored_ws/install/explore_lite/share/explore_lite/environment/path.dsv
[2.322s] -- Up-to-date symlink: /home/sebas/mbehu_restored_ws/install/explore_lite/share/explore_lite/local_setup.bash
[2.324s] -- Up-to-date symlink: /home/sebas/mbehu_restored_ws/install/explore_lite/share/explore_lite/local_setup.sh
[2.325s] -- Up-to-date symlink: /home/sebas/mbehu_restored_ws/install/explore_lite/share/explore_lite/local_setup.zsh
[2.326s] -- Up-to-date symlink: /home/sebas/mbehu_restored_ws/install/explore_lite/share/explore_lite/local_setup.dsv
[2.327s] -- Symlinking: /home/sebas/mbehu_restored_ws/install/explore_lite/share/explore_lite/package.dsv
[2.362s] -- Up-to-date symlink: /home/sebas/mbehu_restored_ws/install/explore_lite/share/ament_index/resource_index/packages/explore_lite
[2.364s] -- Up-to-date symlink: /home/sebas/mbehu_restored_ws/install/explore_lite/share/explore_lite/cmake/ament_cmake_export_include_directories-extras.cmake
[2.368s] -- Up-to-date symlink: /home/sebas/mbehu_restored_ws/install/explore_lite/share/explore_lite/cmake/explore_liteConfig.cmake
[2.370s] -- Up-to-date symlink: /home/sebas/mbehu_restored_ws/install/explore_lite/share/explore_lite/cmake/explore_liteConfig-version.cmake
[2.371s] -- Up-to-date symlink: /home/sebas/mbehu_restored_ws/install/explore_lite/share/explore_lite/package.xml
[2.436s] Invoked command in '/home/sebas/mbehu_restored_ws/build/explore_lite' returned '0': CMAKE_PREFIX_PATH=${CMAKE_PREFIX_PATH}:/home/sebas/mbehu_restored_ws/install/serial_motor_demo:/home/sebas/mbehu_ws/install/ultrasonico:/home/sebas/mbehu_ws/install/mpu6050_pkg:/home/sebas/mbehu_ws/install/mpu6050:/opt/ros/foxy /usr/bin/cmake --install /home/sebas/mbehu_restored_ws/build/explore_lite
