[0.287s] Invoking command in '/home/sebas/mbehu_restored_ws/build/serial': CMAKE_PREFIX_PATH=${CMAKE_PREFIX_PATH}:/home/sebas/mbehu_ws/install/ultrasonico:/home/sebas/mbehu_ws/install/mpu6050_pkg:/home/sebas/mbehu_ws/install/mpu6050:/opt/ros/foxy /usr/bin/cmake /home/sebas/mbehu_restored_ws/src/serial -DAMENT_CMAKE_SYMLINK_INSTALL=1 -DCMAKE_INSTALL_PREFIX=/home/sebas/mbehu_restored_ws/install/serial
[0.730s] -- Found ament_cmake: 0.9.11 (/opt/ros/foxy/share/ament_cmake/cmake)
[1.151s] -- Using PYTHON_EXECUTABLE: /usr/bin/python3
[4.394s] -- Override CMake install command with custom implementation using symlinks instead of copying resources
[4.509s] -- Found ament_cmake_gtest: 0.9.11 (/opt/ros/foxy/share/ament_cmake_gtest/cmake)
[4.593s] -- Found gtest sources under '/opt/ros/foxy/src/gtest_vendor': C++ tests using 'Google Test' will be built
[5.443s] -- Configuring done
[5.729s] -- Generating done
[5.754s] -- Build files have been written to: /home/sebas/mbehu_restored_ws/build/serial
[5.784s] Invoked command in '/home/sebas/mbehu_restored_ws/build/serial' returned '0': CMAKE_PREFIX_PATH=${CMAKE_PREFIX_PATH}:/home/sebas/mbehu_ws/install/ultrasonico:/home/sebas/mbehu_ws/install/mpu6050_pkg:/home/sebas/mbehu_ws/install/mpu6050:/opt/ros/foxy /usr/bin/cmake /home/sebas/mbehu_restored_ws/src/serial -DAMENT_CMAKE_SYMLINK_INSTALL=1 -DCMAKE_INSTALL_PREFIX=/home/sebas/mbehu_restored_ws/install/serial
[5.803s] Invoking command in '/home/sebas/mbehu_restored_ws/build/serial': CMAKE_PREFIX_PATH=${CMAKE_PREFIX_PATH}:/home/sebas/mbehu_ws/install/ultrasonico:/home/sebas/mbehu_ws/install/mpu6050_pkg:/home/sebas/mbehu_ws/install/mpu6050:/opt/ros/foxy /usr/bin/cmake --build /home/sebas/mbehu_restored_ws/build/serial -- -j4 -l4
[6.801s] [ 28%] Built target serial
[6.926s] [ 42%] Built target gtest_main
[6.968s] [ 57%] Built target gtest
[7.434s] [ 71%] Built target serial_example
[7.511s] [ 85%] Built target serial-test
[7.529s] [100%] Built target serial-test-timer
[7.677s] Invoked command in '/home/sebas/mbehu_restored_ws/build/serial' returned '0': CMAKE_PREFIX_PATH=${CMAKE_PREFIX_PATH}:/home/sebas/mbehu_ws/install/ultrasonico:/home/sebas/mbehu_ws/install/mpu6050_pkg:/home/sebas/mbehu_ws/install/mpu6050:/opt/ros/foxy /usr/bin/cmake --build /home/sebas/mbehu_restored_ws/build/serial -- -j4 -l4
[8.253s] Invoking command in '/home/sebas/mbehu_restored_ws/build/serial': CMAKE_PREFIX_PATH=${CMAKE_PREFIX_PATH}:/home/sebas/mbehu_ws/install/ultrasonico:/home/sebas/mbehu_ws/install/mpu6050_pkg:/home/sebas/mbehu_ws/install/mpu6050:/opt/ros/foxy /usr/bin/cmake --install /home/sebas/mbehu_restored_ws/build/serial
[8.395s] -- Install configuration: ""
[8.406s] -- Execute custom install script
[8.416s] -- Symlinking: /home/sebas/mbehu_restored_ws/install/serial/lib/libserial.a
[8.536s] -- Symlinking: /home/sebas/mbehu_restored_ws/install/serial/include/serial/serial.h
[8.681s] -- Symlinking: /home/sebas/mbehu_restored_ws/install/serial/include/serial/v8stdint.h
[8.781s] -- Symlinking: /home/sebas/mbehu_restored_ws/install/serial/share/serial/environment/library_path.sh
[8.838s] -- Symlinking: /home/sebas/mbehu_restored_ws/install/serial/share/serial/environment/library_path.dsv
[8.950s] -- Symlinking: /home/sebas/mbehu_restored_ws/install/serial/share/ament_index/resource_index/package_run_dependencies/serial
[9.068s] -- Symlinking: /home/sebas/mbehu_restored_ws/install/serial/share/ament_index/resource_index/parent_prefix_path/serial
[9.184s] -- Symlinking: /home/sebas/mbehu_restored_ws/install/serial/share/serial/environment/ament_prefix_path.sh
[9.305s] -- Symlinking: /home/sebas/mbehu_restored_ws/install/serial/share/serial/environment/ament_prefix_path.dsv
[9.436s] -- Symlinking: /home/sebas/mbehu_restored_ws/install/serial/share/serial/environment/path.sh
[9.560s] -- Symlinking: /home/sebas/mbehu_restored_ws/install/serial/share/serial/environment/path.dsv
[9.687s] -- Symlinking: /home/sebas/mbehu_restored_ws/install/serial/share/serial/local_setup.bash
[9.829s] -- Symlinking: /home/sebas/mbehu_restored_ws/install/serial/share/serial/local_setup.sh
[9.962s] -- Symlinking: /home/sebas/mbehu_restored_ws/install/serial/share/serial/local_setup.zsh
[10.100s] -- Symlinking: /home/sebas/mbehu_restored_ws/install/serial/share/serial/local_setup.dsv
[10.247s] -- Symlinking: /home/sebas/mbehu_restored_ws/install/serial/share/serial/package.dsv
[10.421s] -- Symlinking: /home/sebas/mbehu_restored_ws/install/serial/share/ament_index/resource_index/packages/serial
[10.558s] -- Symlinking: /home/sebas/mbehu_restored_ws/install/serial/share/serial/cmake/ament_cmake_export_include_directories-extras.cmake
[10.686s] -- Symlinking: /home/sebas/mbehu_restored_ws/install/serial/share/serial/cmake/ament_cmake_export_libraries-extras.cmake
[10.794s] -- Symlinking: /home/sebas/mbehu_restored_ws/install/serial/share/serial/cmake/serialConfig.cmake
[10.903s] -- Symlinking: /home/sebas/mbehu_restored_ws/install/serial/share/serial/cmake/serialConfig-version.cmake
[11.025s] -- Symlinking: /home/sebas/mbehu_restored_ws/install/serial/share/serial/package.xml
[11.168s] Invoked command in '/home/sebas/mbehu_restored_ws/build/serial' returned '0': CMAKE_PREFIX_PATH=${CMAKE_PREFIX_PATH}:/home/sebas/mbehu_ws/install/ultrasonico:/home/sebas/mbehu_ws/install/mpu6050_pkg:/home/sebas/mbehu_ws/install/mpu6050:/opt/ros/foxy /usr/bin/cmake --install /home/sebas/mbehu_restored_ws/build/serial
