[0.257s] Invoking command in '/home/sebas/mbehu_restored_ws/build/multirobot_map_merge': CMAKE_PREFIX_PATH=${CMAKE_PREFIX_PATH}:/home/sebas/mbehu_restored_ws/install/serial_motor_demo:/home/sebas/mbehu_ws/install/ultrasonico:/home/sebas/mbehu_ws/install/mpu6050_pkg:/home/sebas/mbehu_ws/install/mpu6050:/opt/ros/foxy /usr/bin/cmake --build /home/sebas/mbehu_restored_ws/build/multirobot_map_merge -- -j4 -l4
[0.749s] [ 16%] Built target gtest
[0.837s] [ 33%] Built target gtest_main
[0.996s] [ 66%] Built target combine_grids
[1.468s] [ 83%] Built target test_merging_pipeline
[1.515s] [100%] Built target map_merge
[1.590s] Invoked command in '/home/sebas/mbehu_restored_ws/build/multirobot_map_merge' returned '0': CMAKE_PREFIX_PATH=${CMAKE_PREFIX_PATH}:/home/sebas/mbehu_restored_ws/install/serial_motor_demo:/home/sebas/mbehu_ws/install/ultrasonico:/home/sebas/mbehu_ws/install/mpu6050_pkg:/home/sebas/mbehu_ws/install/mpu6050:/opt/ros/foxy /usr/bin/cmake --build /home/sebas/mbehu_restored_ws/build/multirobot_map_merge -- -j4 -l4
[1.991s] Invoking command in '/home/sebas/mbehu_restored_ws/build/multirobot_map_merge': CMAKE_PREFIX_PATH=${CMAKE_PREFIX_PATH}:/home/sebas/mbehu_restored_ws/install/serial_motor_demo:/home/sebas/mbehu_ws/install/ultrasonico:/home/sebas/mbehu_ws/install/mpu6050_pkg:/home/sebas/mbehu_ws/install/mpu6050:/opt/ros/foxy /usr/bin/cmake --install /home/sebas/mbehu_restored_ws/build/multirobot_map_merge
[2.041s] -- Install configuration: ""
[2.045s] -- Execute custom install script
[2.047s] -- Up-to-date symlink: /home/sebas/mbehu_restored_ws/install/multirobot_map_merge/include/map_merge//map_merge.h
[2.050s] -- Up-to-date symlink: /home/sebas/mbehu_restored_ws/install/multirobot_map_merge/include/map_merge//ros1_names.hpp
[2.063s] -- Up-to-date symlink: /home/sebas/mbehu_restored_ws/install/multirobot_map_merge/share/multirobot_map_merge/launch/from_map_server.launch.py
[2.065s] -- Up-to-date symlink: /home/sebas/mbehu_restored_ws/install/multirobot_map_merge/share/multirobot_map_merge/launch/map_merge.launch.py
[2.065s] -- Up-to-date symlink: /home/sebas/mbehu_restored_ws/install/multirobot_map_merge/share/multirobot_map_merge/launch/map_merge.rviz
[2.066s] -- Up-to-date symlink: /home/sebas/mbehu_restored_ws/install/multirobot_map_merge/share/multirobot_map_merge/launch/tb3_simulation/bringup_launch.py
[2.068s] -- Up-to-date symlink: /home/sebas/mbehu_restored_ws/install/multirobot_map_merge/share/multirobot_map_merge/launch/tb3_simulation/config/nav2_multirobot_params_1.yaml
[2.069s] -- Up-to-date symlink: /home/sebas/mbehu_restored_ws/install/multirobot_map_merge/share/multirobot_map_merge/launch/tb3_simulation/config/nav2_multirobot_params_2.yaml
[2.071s] -- Up-to-date symlink: /home/sebas/mbehu_restored_ws/install/multirobot_map_merge/share/multirobot_map_merge/launch/tb3_simulation/multi_tb3_simulation_launch.py
[2.073s] -- Up-to-date symlink: /home/sebas/mbehu_restored_ws/install/multirobot_map_merge/share/multirobot_map_merge/launch/tb3_simulation/slam_toolbox.py
[2.074s] -- Up-to-date symlink: /home/sebas/mbehu_restored_ws/install/multirobot_map_merge/share/multirobot_map_merge/launch/tb3_simulation/tb3_simulation_launch.py
[2.076s] -- Up-to-date symlink: /home/sebas/mbehu_restored_ws/install/multirobot_map_merge/share/multirobot_map_merge/launch/tb3_simulation/worlds/world_only.model
[2.078s] -- Up-to-date symlink: /home/sebas/mbehu_restored_ws/install/multirobot_map_merge/share/multirobot_map_merge/config/params.yaml
[2.081s] -- Up-to-date symlink: /home/sebas/mbehu_restored_ws/install/multirobot_map_merge/lib/multirobot_map_merge/map_merge
[2.084s] -- Up-to-date symlink: /home/sebas/mbehu_restored_ws/install/multirobot_map_merge/share/multirobot_map_merge/environment/library_path.sh
[2.088s] -- Up-to-date symlink: /home/sebas/mbehu_restored_ws/install/multirobot_map_merge/share/multirobot_map_merge/environment/library_path.dsv
[2.099s] -- Up-to-date symlink: /home/sebas/mbehu_restored_ws/install/multirobot_map_merge/share/ament_index/resource_index/package_run_dependencies/multirobot_map_merge
[2.100s] -- Up-to-date symlink: /home/sebas/mbehu_restored_ws/install/multirobot_map_merge/share/ament_index/resource_index/parent_prefix_path/multirobot_map_merge
[2.101s] -- Up-to-date symlink: /home/sebas/mbehu_restored_ws/install/multirobot_map_merge/share/multirobot_map_merge/environment/ament_prefix_path.sh
[2.102s] -- Up-to-date symlink: /home/sebas/mbehu_restored_ws/install/multirobot_map_merge/share/multirobot_map_merge/environment/ament_prefix_path.dsv
[2.103s] -- Up-to-date symlink: /home/sebas/mbehu_restored_ws/install/multirobot_map_merge/share/multirobot_map_merge/environment/path.sh
[2.103s] -- Up-to-date symlink: /home/sebas/mbehu_restored_ws/install/multirobot_map_merge/share/multirobot_map_merge/environment/path.dsv
[2.104s] -- Up-to-date symlink: /home/sebas/mbehu_restored_ws/install/multirobot_map_merge/share/multirobot_map_merge/local_setup.bash
[2.105s] -- Up-to-date symlink: /home/sebas/mbehu_restored_ws/install/multirobot_map_merge/share/multirobot_map_merge/local_setup.sh
[2.107s] -- Up-to-date symlink: /home/sebas/mbehu_restored_ws/install/multirobot_map_merge/share/multirobot_map_merge/local_setup.zsh
[2.110s] -- Up-to-date symlink: /home/sebas/mbehu_restored_ws/install/multirobot_map_merge/share/multirobot_map_merge/local_setup.dsv
[2.111s] -- Symlinking: /home/sebas/mbehu_restored_ws/install/multirobot_map_merge/share/multirobot_map_merge/package.dsv
[2.151s] -- Up-to-date symlink: /home/sebas/mbehu_restored_ws/install/multirobot_map_merge/share/ament_index/resource_index/packages/multirobot_map_merge
[2.152s] -- Up-to-date symlink: /home/sebas/mbehu_restored_ws/install/multirobot_map_merge/share/multirobot_map_merge/cmake/ament_cmake_export_include_directories-extras.cmake
[2.155s] -- Up-to-date symlink: /home/sebas/mbehu_restored_ws/install/multirobot_map_merge/share/multirobot_map_merge/cmake/ament_cmake_export_libraries-extras.cmake
[2.156s] -- Up-to-date symlink: /home/sebas/mbehu_restored_ws/install/multirobot_map_merge/share/multirobot_map_merge/cmake/multirobot_map_mergeConfig.cmake
[2.158s] -- Up-to-date symlink: /home/sebas/mbehu_restored_ws/install/multirobot_map_merge/share/multirobot_map_merge/cmake/multirobot_map_mergeConfig-version.cmake
[2.161s] -- Up-to-date symlink: /home/sebas/mbehu_restored_ws/install/multirobot_map_merge/share/multirobot_map_merge/package.xml
[2.163s] -- Up-to-date: /home/sebas/mbehu_restored_ws/install/multirobot_map_merge/lib/libcombine_grids.a
[2.183s] Invoked command in '/home/sebas/mbehu_restored_ws/build/multirobot_map_merge' returned '0': CMAKE_PREFIX_PATH=${CMAKE_PREFIX_PATH}:/home/sebas/mbehu_restored_ws/install/serial_motor_demo:/home/sebas/mbehu_ws/install/ultrasonico:/home/sebas/mbehu_ws/install/mpu6050_pkg:/home/sebas/mbehu_ws/install/mpu6050:/opt/ros/foxy /usr/bin/cmake --install /home/sebas/mbehu_restored_ws/build/multirobot_map_merge
