[0.207s] Invoking command in '/home/sebas/mbehu_restored_ws/build/mbehu_bot': CMAKE_PREFIX_PATH=${CMAKE_PREFIX_PATH}:/home/sebas/mbehu_ws/install/ultrasonico:/home/sebas/mbehu_ws/install/mpu6050_pkg:/home/sebas/mbehu_ws/install/mpu6050:/opt/ros/foxy /usr/bin/cmake --build /home/sebas/mbehu_restored_ws/build/mbehu_bot -- -j4 -l4
[0.626s] Invoked command in '/home/sebas/mbehu_restored_ws/build/mbehu_bot' returned '0': CMAKE_PREFIX_PATH=${CMAKE_PREFIX_PATH}:/home/sebas/mbehu_ws/install/ultrasonico:/home/sebas/mbehu_ws/install/mpu6050_pkg:/home/sebas/mbehu_ws/install/mpu6050:/opt/ros/foxy /usr/bin/cmake --build /home/sebas/mbehu_restored_ws/build/mbehu_bot -- -j4 -l4
[1.039s] Invoking command in '/home/sebas/mbehu_restored_ws/build/mbehu_bot': CMAKE_PREFIX_PATH=${CMAKE_PREFIX_PATH}:/home/sebas/mbehu_ws/install/ultrasonico:/home/sebas/mbehu_ws/install/mpu6050_pkg:/home/sebas/mbehu_ws/install/mpu6050:/opt/ros/foxy /usr/bin/cmake --install /home/sebas/mbehu_restored_ws/build/mbehu_bot
[1.166s] -- Install configuration: ""
[1.167s] -- Execute custom install script
[1.173s] -- Up-to-date symlink: /home/sebas/mbehu_restored_ws/install/mbehu_bot/share/mbehu_bot/config/drive_mbehu.rviz
[1.176s] -- Up-to-date symlink: /home/sebas/mbehu_restored_ws/install/mbehu_bot/share/mbehu_bot/config/empty.yaml
[1.179s] -- Up-to-date symlink: /home/sebas/mbehu_restored_ws/install/mbehu_bot/share/mbehu_bot/config/gaz_ros2_ctl_use_sim.yaml
[1.182s] -- Up-to-date symlink: /home/sebas/mbehu_restored_ws/install/mbehu_bot/share/mbehu_bot/config/gazebo_params.yaml
[1.185s] -- Up-to-date symlink: /home/sebas/mbehu_restored_ws/install/mbehu_bot/share/mbehu_bot/config/joystick.yaml
[1.192s] -- Up-to-date symlink: /home/sebas/mbehu_restored_ws/install/mbehu_bot/share/mbehu_bot/config/mapper_params_online_async.yaml
[1.208s] -- Up-to-date symlink: /home/sebas/mbehu_restored_ws/install/mbehu_bot/share/mbehu_bot/config/my_controllers.yaml
[1.211s] -- Up-to-date symlink: /home/sebas/mbehu_restored_ws/install/mbehu_bot/share/mbehu_bot/config/nav2_params.yaml
[1.215s] -- Up-to-date symlink: /home/sebas/mbehu_restored_ws/install/mbehu_bot/share/mbehu_bot/description/gazebo_control.xacro
[1.219s] -- Up-to-date symlink: /home/sebas/mbehu_restored_ws/install/mbehu_bot/share/mbehu_bot/description/inertial_macros.xacro
[1.222s] -- Up-to-date symlink: /home/sebas/mbehu_restored_ws/install/mbehu_bot/share/mbehu_bot/description/lidar.xacro
[1.226s] -- Up-to-date symlink: /home/sebas/mbehu_restored_ws/install/mbehu_bot/share/mbehu_bot/description/robot.urdf.xacro
[1.228s] -- Up-to-date symlink: /home/sebas/mbehu_restored_ws/install/mbehu_bot/share/mbehu_bot/description/robot_core.xacro
[1.230s] -- Up-to-date symlink: /home/sebas/mbehu_restored_ws/install/mbehu_bot/share/mbehu_bot/description/ros2_control.xacro
[1.232s] -- Up-to-date symlink: /home/sebas/mbehu_restored_ws/install/mbehu_bot/share/mbehu_bot/launch/joystick.launch.py
[1.239s] -- Up-to-date symlink: /home/sebas/mbehu_restored_ws/install/mbehu_bot/share/mbehu_bot/launch/launch_robot.launch.py
[1.243s] -- Up-to-date symlink: /home/sebas/mbehu_restored_ws/install/mbehu_bot/share/mbehu_bot/launch/launch_sim.launch.py
[1.245s] -- Up-to-date symlink: /home/sebas/mbehu_restored_ws/install/mbehu_bot/share/mbehu_bot/launch/rsp.launch.py
[1.247s] -- Up-to-date symlink: /home/sebas/mbehu_restored_ws/install/mbehu_bot/share/mbehu_bot/worlds/empty.world
[1.249s] -- Up-to-date symlink: /home/sebas/mbehu_restored_ws/install/mbehu_bot/share/mbehu_bot/worlds/world1.world
[1.251s] -- Up-to-date symlink: /home/sebas/mbehu_restored_ws/install/mbehu_bot/share/ament_index/resource_index/package_run_dependencies/mbehu_bot
[1.253s] -- Up-to-date symlink: /home/sebas/mbehu_restored_ws/install/mbehu_bot/share/ament_index/resource_index/parent_prefix_path/mbehu_bot
[1.255s] -- Up-to-date symlink: /home/sebas/mbehu_restored_ws/install/mbehu_bot/share/mbehu_bot/environment/ament_prefix_path.sh
[1.267s] -- Up-to-date symlink: /home/sebas/mbehu_restored_ws/install/mbehu_bot/share/mbehu_bot/environment/ament_prefix_path.dsv
[1.267s] -- Up-to-date symlink: /home/sebas/mbehu_restored_ws/install/mbehu_bot/share/mbehu_bot/environment/path.sh
[1.268s] -- Up-to-date symlink: /home/sebas/mbehu_restored_ws/install/mbehu_bot/share/mbehu_bot/environment/path.dsv
[1.269s] -- Up-to-date symlink: /home/sebas/mbehu_restored_ws/install/mbehu_bot/share/mbehu_bot/local_setup.bash
[1.270s] -- Up-to-date symlink: /home/sebas/mbehu_restored_ws/install/mbehu_bot/share/mbehu_bot/local_setup.sh
[1.271s] -- Up-to-date symlink: /home/sebas/mbehu_restored_ws/install/mbehu_bot/share/mbehu_bot/local_setup.zsh
[1.271s] -- Up-to-date symlink: /home/sebas/mbehu_restored_ws/install/mbehu_bot/share/mbehu_bot/local_setup.dsv
[1.272s] -- Symlinking: /home/sebas/mbehu_restored_ws/install/mbehu_bot/share/mbehu_bot/package.dsv
[1.341s] -- Up-to-date symlink: /home/sebas/mbehu_restored_ws/install/mbehu_bot/share/ament_index/resource_index/packages/mbehu_bot
[1.343s] -- Up-to-date symlink: /home/sebas/mbehu_restored_ws/install/mbehu_bot/share/mbehu_bot/cmake/mbehu_botConfig.cmake
[1.347s] -- Up-to-date symlink: /home/sebas/mbehu_restored_ws/install/mbehu_bot/share/mbehu_bot/cmake/mbehu_botConfig-version.cmake
[1.351s] -- Up-to-date symlink: /home/sebas/mbehu_restored_ws/install/mbehu_bot/share/mbehu_bot/package.xml
[1.363s] Invoked command in '/home/sebas/mbehu_restored_ws/build/mbehu_bot' returned '0': CMAKE_PREFIX_PATH=${CMAKE_PREFIX_PATH}:/home/sebas/mbehu_ws/install/ultrasonico:/home/sebas/mbehu_ws/install/mpu6050_pkg:/home/sebas/mbehu_ws/install/mpu6050:/opt/ros/foxy /usr/bin/cmake --install /home/sebas/mbehu_restored_ws/build/mbehu_bot
