[0.281s] Invoking command in '/home/sebas/mbehu_restored_ws/build/multirobot_map_merge': CMAKE_PREFIX_PATH=${CMAKE_PREFIX_PATH}:/home/sebas/mbehu_restored_ws/install/serial_motor_demo:/home/sebas/mbehu_ws/install/ultrasonico:/home/sebas/mbehu_ws/install/mpu6050_pkg:/home/sebas/mbehu_ws/install/mpu6050:/opt/ros/foxy /usr/bin/cmake --build /home/sebas/mbehu_restored_ws/build/multirobot_map_merge -- -j4 -l4
[0.839s] [ 33%] Built target combine_grids
[0.970s] [ 50%] Built target gtest_main
[1.266s] [ 66%] Built target map_merge
[1.395s] [ 83%] Built target gtest
[1.683s] [100%] Built target test_merging_pipeline
[1.885s] Invoked command in '/home/sebas/mbehu_restored_ws/build/multirobot_map_merge' returned '0': CMAKE_PREFIX_PATH=${CMAKE_PREFIX_PATH}:/home/sebas/mbehu_restored_ws/install/serial_motor_demo:/home/sebas/mbehu_ws/install/ultrasonico:/home/sebas/mbehu_ws/install/mpu6050_pkg:/home/sebas/mbehu_ws/install/mpu6050:/opt/ros/foxy /usr/bin/cmake --build /home/sebas/mbehu_restored_ws/build/multirobot_map_merge -- -j4 -l4
[2.303s] Invoking command in '/home/sebas/mbehu_restored_ws/build/multirobot_map_merge': CMAKE_PREFIX_PATH=${CMAKE_PREFIX_PATH}:/home/sebas/mbehu_restored_ws/install/serial_motor_demo:/home/sebas/mbehu_ws/install/ultrasonico:/home/sebas/mbehu_ws/install/mpu6050_pkg:/home/sebas/mbehu_ws/install/mpu6050:/opt/ros/foxy /usr/bin/cmake --install /home/sebas/mbehu_restored_ws/build/multirobot_map_merge
[2.351s] -- Install configuration: ""
[2.353s] -- Execute custom install script
[2.357s] -- Up-to-date symlink: /home/sebas/mbehu_restored_ws/install/multirobot_map_merge/include/map_merge//map_merge.h
[2.359s] -- Up-to-date symlink: /home/sebas/mbehu_restored_ws/install/multirobot_map_merge/include/map_merge//ros1_names.hpp
[2.362s] -- Up-to-date symlink: /home/sebas/mbehu_restored_ws/install/multirobot_map_merge/share/multirobot_map_merge/launch/from_map_server.launch.py
[2.364s] -- Up-to-date symlink: /home/sebas/mbehu_restored_ws/install/multirobot_map_merge/share/multirobot_map_merge/launch/map_merge.launch.py
[2.366s] -- Up-to-date symlink: /home/sebas/mbehu_restored_ws/install/multirobot_map_merge/share/multirobot_map_merge/launch/map_merge.rviz
[2.369s] -- Up-to-date symlink: /home/sebas/mbehu_restored_ws/install/multirobot_map_merge/share/multirobot_map_merge/launch/tb3_simulation/bringup_launch.py
[2.370s] -- Up-to-date symlink: /home/sebas/mbehu_restored_ws/install/multirobot_map_merge/share/multirobot_map_merge/launch/tb3_simulation/config/nav2_multirobot_params_1.yaml
[2.373s] -- Up-to-date symlink: /home/sebas/mbehu_restored_ws/install/multirobot_map_merge/share/multirobot_map_merge/launch/tb3_simulation/config/nav2_multirobot_params_2.yaml
[2.376s] -- Up-to-date symlink: /home/sebas/mbehu_restored_ws/install/multirobot_map_merge/share/multirobot_map_merge/launch/tb3_simulation/multi_tb3_simulation_launch.py
[2.378s] -- Up-to-date symlink: /home/sebas/mbehu_restored_ws/install/multirobot_map_merge/share/multirobot_map_merge/launch/tb3_simulation/slam_toolbox.py
[2.380s] -- Up-to-date symlink: /home/sebas/mbehu_restored_ws/install/multirobot_map_merge/share/multirobot_map_merge/launch/tb3_simulation/tb3_simulation_launch.py
[2.382s] -- Up-to-date symlink: /home/sebas/mbehu_restored_ws/install/multirobot_map_merge/share/multirobot_map_merge/launch/tb3_simulation/worlds/world_only.model
[2.384s] -- Up-to-date symlink: /home/sebas/mbehu_restored_ws/install/multirobot_map_merge/share/multirobot_map_merge/config/params.yaml
[2.387s] -- Up-to-date symlink: /home/sebas/mbehu_restored_ws/install/multirobot_map_merge/lib/multirobot_map_merge/map_merge
[2.389s] -- Up-to-date symlink: /home/sebas/mbehu_restored_ws/install/multirobot_map_merge/share/multirobot_map_merge/environment/library_path.sh
[2.391s] -- Up-to-date symlink: /home/sebas/mbehu_restored_ws/install/multirobot_map_merge/share/multirobot_map_merge/environment/library_path.dsv
[2.393s] -- Up-to-date symlink: /home/sebas/mbehu_restored_ws/install/multirobot_map_merge/share/ament_index/resource_index/package_run_dependencies/multirobot_map_merge
[2.395s] -- Up-to-date symlink: /home/sebas/mbehu_restored_ws/install/multirobot_map_merge/share/ament_index/resource_index/parent_prefix_path/multirobot_map_merge
[2.398s] -- Up-to-date symlink: /home/sebas/mbehu_restored_ws/install/multirobot_map_merge/share/multirobot_map_merge/environment/ament_prefix_path.sh
[2.400s] -- Up-to-date symlink: /home/sebas/mbehu_restored_ws/install/multirobot_map_merge/share/multirobot_map_merge/environment/ament_prefix_path.dsv
[2.403s] -- Up-to-date symlink: /home/sebas/mbehu_restored_ws/install/multirobot_map_merge/share/multirobot_map_merge/environment/path.sh
[2.405s] -- Up-to-date symlink: /home/sebas/mbehu_restored_ws/install/multirobot_map_merge/share/multirobot_map_merge/environment/path.dsv
[2.406s] -- Up-to-date symlink: /home/sebas/mbehu_restored_ws/install/multirobot_map_merge/share/multirobot_map_merge/local_setup.bash
[2.407s] -- Up-to-date symlink: /home/sebas/mbehu_restored_ws/install/multirobot_map_merge/share/multirobot_map_merge/local_setup.sh
[2.408s] -- Up-to-date symlink: /home/sebas/mbehu_restored_ws/install/multirobot_map_merge/share/multirobot_map_merge/local_setup.zsh
[2.409s] -- Up-to-date symlink: /home/sebas/mbehu_restored_ws/install/multirobot_map_merge/share/multirobot_map_merge/local_setup.dsv
[2.410s] -- Symlinking: /home/sebas/mbehu_restored_ws/install/multirobot_map_merge/share/multirobot_map_merge/package.dsv
[2.459s] -- Up-to-date symlink: /home/sebas/mbehu_restored_ws/install/multirobot_map_merge/share/ament_index/resource_index/packages/multirobot_map_merge
[2.461s] -- Up-to-date symlink: /home/sebas/mbehu_restored_ws/install/multirobot_map_merge/share/multirobot_map_merge/cmake/ament_cmake_export_include_directories-extras.cmake
[2.463s] -- Up-to-date symlink: /home/sebas/mbehu_restored_ws/install/multirobot_map_merge/share/multirobot_map_merge/cmake/ament_cmake_export_libraries-extras.cmake
[2.466s] -- Up-to-date symlink: /home/sebas/mbehu_restored_ws/install/multirobot_map_merge/share/multirobot_map_merge/cmake/multirobot_map_mergeConfig.cmake
[2.467s] -- Up-to-date symlink: /home/sebas/mbehu_restored_ws/install/multirobot_map_merge/share/multirobot_map_merge/cmake/multirobot_map_mergeConfig-version.cmake
[2.470s] -- Up-to-date symlink: /home/sebas/mbehu_restored_ws/install/multirobot_map_merge/share/multirobot_map_merge/package.xml
[2.487s] -- Up-to-date: /home/sebas/mbehu_restored_ws/install/multirobot_map_merge/lib/libcombine_grids.a
[2.488s] Invoked command in '/home/sebas/mbehu_restored_ws/build/multirobot_map_merge' returned '0': CMAKE_PREFIX_PATH=${CMAKE_PREFIX_PATH}:/home/sebas/mbehu_restored_ws/install/serial_motor_demo:/home/sebas/mbehu_ws/install/ultrasonico:/home/sebas/mbehu_ws/install/mpu6050_pkg:/home/sebas/mbehu_ws/install/mpu6050:/opt/ros/foxy /usr/bin/cmake --install /home/sebas/mbehu_restored_ws/build/multirobot_map_merge
