[0.294s] Invoking command in '/home/sebas/mbehu_restored_ws/build/ldlidar_sl_ros2': CMAKE_PREFIX_PATH=${CMAKE_PREFIX_PATH}:/home/sebas/mbehu_ws/install/ultrasonico:/home/sebas/mbehu_ws/install/mpu6050_pkg:/home/sebas/mbehu_ws/install/mpu6050:/opt/ros/foxy /usr/bin/cmake /home/sebas/mbehu_restored_ws/src/ldlidar_sl_ros2 -DAMENT_CMAKE_SYMLINK_INSTALL=1 -DCMAKE_INSTALL_PREFIX=/home/sebas/mbehu_restored_ws/install/ldlidar_sl_ros2
[0.649s] -- Found ament_cmake: 0.9.11 (/opt/ros/foxy/share/ament_cmake/cmake)
[1.107s] -- Using PYTHON_EXECUTABLE: /usr/bin/python3
[3.847s] -- Override CMake install command with custom implementation using symlinks instead of copying resources
[4.126s] -- Found rclcpp: 2.4.2 (/opt/ros/foxy/share/rclcpp/cmake)
[5.004s] -- Using all available rosidl_typesupport_c: rosidl_typesupport_fastrtps_c;rosidl_typesupport_introspection_c
[5.084s] -- Found rosidl_adapter: 1.3.0 (/opt/ros/foxy/share/rosidl_adapter/cmake)
[9.014s] -- Using all available rosidl_typesupport_cpp: rosidl_typesupport_fastrtps_cpp;rosidl_typesupport_introspection_cpp
[10.000s] -- Found rmw_implementation_cmake: 1.0.3 (/opt/ros/foxy/share/rmw_implementation_cmake/cmake)
[10.056s] -- Using RMW implementation 'rmw_fastrtps_cpp' as default
[12.164s] -- Found sensor_msgs: 2.0.5 (/opt/ros/foxy/share/sensor_msgs/cmake)
[13.656s] -- Found ament_lint_auto: 0.9.7 (/opt/ros/foxy/share/ament_lint_auto/cmake)
[14.523s] -- Added test 'copyright' to check source files copyright and LICENSE
[14.658s] -- Added test 'cppcheck' to perform static code analysis on C / C++ code
[14.667s] -- Configured cppcheck include dirs: /home/sebas/mbehu_restored_ws/src/ldlidar_sl_ros2/include;/home/sebas/mbehu_restored_ws/src/ldlidar_sl_ros2/ldlidar_driver/include/core;/home/sebas/mbehu_restored_ws/src/ldlidar_sl_ros2/ldlidar_driver/include/dataprocess;/home/sebas/mbehu_restored_ws/src/ldlidar_sl_ros2/ldlidar_driver/include/filter;/home/sebas/mbehu_restored_ws/src/ldlidar_sl_ros2/ldlidar_driver/include/logger;/home/sebas/mbehu_restored_ws/src/ldlidar_sl_ros2/ldlidar_driver/include/serialcom
[14.671s] -- Configured cppcheck exclude dirs and/or files: 
[14.798s] -- Added test 'cpplint' to check C / C++ code against the Google style
[14.801s] -- Configured cpplint exclude dirs and/or files: 
[14.818s] -- Added test 'flake8' to check Python code syntax and style conventions
[14.855s] -- Added test 'lint_cmake' to check CMake code style
[14.878s] -- Added test 'pep257' to check Python code against some of the style conventions in PEP 257
[15.005s] -- Added test 'uncrustify' to check C / C++ code style
[15.006s] -- Configured uncrustify additional arguments: 
[15.023s] -- Added test 'xmllint' to check XML markup files
[15.092s] -- Configuring done
[15.222s] -- Generating done
[15.246s] -- Build files have been written to: /home/sebas/mbehu_restored_ws/build/ldlidar_sl_ros2
[15.331s] Invoked command in '/home/sebas/mbehu_restored_ws/build/ldlidar_sl_ros2' returned '0': CMAKE_PREFIX_PATH=${CMAKE_PREFIX_PATH}:/home/sebas/mbehu_ws/install/ultrasonico:/home/sebas/mbehu_ws/install/mpu6050_pkg:/home/sebas/mbehu_ws/install/mpu6050:/opt/ros/foxy /usr/bin/cmake /home/sebas/mbehu_restored_ws/src/ldlidar_sl_ros2 -DAMENT_CMAKE_SYMLINK_INSTALL=1 -DCMAKE_INSTALL_PREFIX=/home/sebas/mbehu_restored_ws/install/ldlidar_sl_ros2
[15.346s] Invoking command in '/home/sebas/mbehu_restored_ws/build/ldlidar_sl_ros2': CMAKE_PREFIX_PATH=${CMAKE_PREFIX_PATH}:/home/sebas/mbehu_ws/install/ultrasonico:/home/sebas/mbehu_ws/install/mpu6050_pkg:/home/sebas/mbehu_ws/install/mpu6050:/opt/ros/foxy /usr/bin/cmake --build /home/sebas/mbehu_restored_ws/build/ldlidar_sl_ros2 -- -j4 -l4
[16.103s] [ 12%] [32m[1mLinking CXX executable ldlidar_sl_ros2_node[0m
[17.963s] [100%] Built target ldlidar_sl_ros2_node
[18.114s] Invoked command in '/home/sebas/mbehu_restored_ws/build/ldlidar_sl_ros2' returned '0': CMAKE_PREFIX_PATH=${CMAKE_PREFIX_PATH}:/home/sebas/mbehu_ws/install/ultrasonico:/home/sebas/mbehu_ws/install/mpu6050_pkg:/home/sebas/mbehu_ws/install/mpu6050:/opt/ros/foxy /usr/bin/cmake --build /home/sebas/mbehu_restored_ws/build/ldlidar_sl_ros2 -- -j4 -l4
[18.689s] Invoking command in '/home/sebas/mbehu_restored_ws/build/ldlidar_sl_ros2': CMAKE_PREFIX_PATH=${CMAKE_PREFIX_PATH}:/home/sebas/mbehu_ws/install/ultrasonico:/home/sebas/mbehu_ws/install/mpu6050_pkg:/home/sebas/mbehu_ws/install/mpu6050:/opt/ros/foxy /usr/bin/cmake --install /home/sebas/mbehu_restored_ws/build/ldlidar_sl_ros2
[18.818s] -- Install configuration: ""
[18.820s] -- Execute custom install script
[18.834s] -- Symlinking: /home/sebas/mbehu_restored_ws/install/ldlidar_sl_ros2/lib/ldlidar_sl_ros2/ldlidar_sl_ros2_node
[18.953s] -- Symlinking: /home/sebas/mbehu_restored_ws/install/ldlidar_sl_ros2/share/ldlidar_sl_ros2//launch/ld14.launch.py
[19.058s] -- Symlinking: /home/sebas/mbehu_restored_ws/install/ldlidar_sl_ros2/share/ldlidar_sl_ros2//launch/viewer_ld14.launch.py
[19.166s] -- Symlinking: /home/sebas/mbehu_restored_ws/install/ldlidar_sl_ros2/share/ldlidar_sl_ros2//rviz2/ldlidar.rviz
[19.273s] -- Symlinking: /home/sebas/mbehu_restored_ws/install/ldlidar_sl_ros2/share/ldlidar_sl_ros2//scripts/create_udev_rules.sh
[19.380s] -- Symlinking: /home/sebas/mbehu_restored_ws/install/ldlidar_sl_ros2/share/ldlidar_sl_ros2//scripts/delete_udev_rules.sh
[19.485s] -- Symlinking: /home/sebas/mbehu_restored_ws/install/ldlidar_sl_ros2/share/ldlidar_sl_ros2//scripts/ldlidar.rules
[19.590s] -- Symlinking: /home/sebas/mbehu_restored_ws/install/ldlidar_sl_ros2/share/ament_index/resource_index/package_run_dependencies/ldlidar_sl_ros2
[19.704s] -- Symlinking: /home/sebas/mbehu_restored_ws/install/ldlidar_sl_ros2/share/ament_index/resource_index/parent_prefix_path/ldlidar_sl_ros2
[19.809s] -- Symlinking: /home/sebas/mbehu_restored_ws/install/ldlidar_sl_ros2/share/ldlidar_sl_ros2/environment/ament_prefix_path.sh
[19.922s] -- Symlinking: /home/sebas/mbehu_restored_ws/install/ldlidar_sl_ros2/share/ldlidar_sl_ros2/environment/ament_prefix_path.dsv
[20.036s] -- Symlinking: /home/sebas/mbehu_restored_ws/install/ldlidar_sl_ros2/share/ldlidar_sl_ros2/environment/path.sh
[20.142s] -- Symlinking: /home/sebas/mbehu_restored_ws/install/ldlidar_sl_ros2/share/ldlidar_sl_ros2/environment/path.dsv
[20.195s] -- Symlinking: /home/sebas/mbehu_restored_ws/install/ldlidar_sl_ros2/share/ldlidar_sl_ros2/local_setup.bash
[20.248s] -- Symlinking: /home/sebas/mbehu_restored_ws/install/ldlidar_sl_ros2/share/ldlidar_sl_ros2/local_setup.sh
[20.295s] -- Symlinking: /home/sebas/mbehu_restored_ws/install/ldlidar_sl_ros2/share/ldlidar_sl_ros2/local_setup.zsh
[20.360s] -- Symlinking: /home/sebas/mbehu_restored_ws/install/ldlidar_sl_ros2/share/ldlidar_sl_ros2/local_setup.dsv
[20.475s] -- Symlinking: /home/sebas/mbehu_restored_ws/install/ldlidar_sl_ros2/share/ldlidar_sl_ros2/package.dsv
[20.593s] -- Symlinking: /home/sebas/mbehu_restored_ws/install/ldlidar_sl_ros2/share/ament_index/resource_index/packages/ldlidar_sl_ros2
[20.713s] -- Symlinking: /home/sebas/mbehu_restored_ws/install/ldlidar_sl_ros2/share/ldlidar_sl_ros2/cmake/ldlidar_sl_ros2Config.cmake
[20.831s] -- Symlinking: /home/sebas/mbehu_restored_ws/install/ldlidar_sl_ros2/share/ldlidar_sl_ros2/cmake/ldlidar_sl_ros2Config-version.cmake
[20.954s] -- Symlinking: /home/sebas/mbehu_restored_ws/install/ldlidar_sl_ros2/share/ldlidar_sl_ros2/package.xml
[21.090s] Invoked command in '/home/sebas/mbehu_restored_ws/build/ldlidar_sl_ros2' returned '0': CMAKE_PREFIX_PATH=${CMAKE_PREFIX_PATH}:/home/sebas/mbehu_ws/install/ultrasonico:/home/sebas/mbehu_ws/install/mpu6050_pkg:/home/sebas/mbehu_ws/install/mpu6050:/opt/ros/foxy /usr/bin/cmake --install /home/sebas/mbehu_restored_ws/build/ldlidar_sl_ros2
