[0.263s] Invoking command in '/home/sebas/mbehu_restored_ws/build/serial': CMAKE_PREFIX_PATH=${CMAKE_PREFIX_PATH}:/home/sebas/mbehu_restored_ws/install/serial_motor_demo:/home/sebas/mbehu_ws/install/ultrasonico:/home/sebas/mbehu_ws/install/mpu6050_pkg:/home/sebas/mbehu_ws/install/mpu6050:/opt/ros/foxy /usr/bin/cmake --build /home/sebas/mbehu_restored_ws/build/serial -- -j4 -l4
[0.751s] [ 28%] Built target serial
[0.881s] [ 42%] Built target gtest_main
[1.038s] [ 57%] Built target serial_example
[1.236s] [ 71%] Built target gtest
[1.394s] [ 85%] Built target serial-test-timer
[1.555s] [100%] Built target serial-test
[1.622s] Invoked command in '/home/sebas/mbehu_restored_ws/build/serial' returned '0': CMAKE_PREFIX_PATH=${CMAKE_PREFIX_PATH}:/home/sebas/mbehu_restored_ws/install/serial_motor_demo:/home/sebas/mbehu_ws/install/ultrasonico:/home/sebas/mbehu_ws/install/mpu6050_pkg:/home/sebas/mbehu_ws/install/mpu6050:/opt/ros/foxy /usr/bin/cmake --build /home/sebas/mbehu_restored_ws/build/serial -- -j4 -l4
[2.060s] Invoking command in '/home/sebas/mbehu_restored_ws/build/serial': CMAKE_PREFIX_PATH=${CMAKE_PREFIX_PATH}:/home/sebas/mbehu_restored_ws/install/serial_motor_demo:/home/sebas/mbehu_ws/install/ultrasonico:/home/sebas/mbehu_ws/install/mpu6050_pkg:/home/sebas/mbehu_ws/install/mpu6050:/opt/ros/foxy /usr/bin/cmake --install /home/sebas/mbehu_restored_ws/build/serial
[2.131s] -- Install configuration: ""
[2.136s] -- Execute custom install script
[2.142s] -- Up-to-date symlink: /home/sebas/mbehu_restored_ws/install/serial/lib/libserial.a
[2.148s] -- Up-to-date symlink: /home/sebas/mbehu_restored_ws/install/serial/include/serial/serial.h
[2.151s] -- Up-to-date symlink: /home/sebas/mbehu_restored_ws/install/serial/include/serial/v8stdint.h
[2.156s] -- Up-to-date symlink: /home/sebas/mbehu_restored_ws/install/serial/share/serial/environment/library_path.sh
[2.159s] -- Up-to-date symlink: /home/sebas/mbehu_restored_ws/install/serial/share/serial/environment/library_path.dsv
[2.161s] -- Up-to-date symlink: /home/sebas/mbehu_restored_ws/install/serial/share/ament_index/resource_index/package_run_dependencies/serial
[2.163s] -- Up-to-date symlink: /home/sebas/mbehu_restored_ws/install/serial/share/ament_index/resource_index/parent_prefix_path/serial
[2.165s] -- Up-to-date symlink: /home/sebas/mbehu_restored_ws/install/serial/share/serial/environment/ament_prefix_path.sh
[2.168s] -- Up-to-date symlink: /home/sebas/mbehu_restored_ws/install/serial/share/serial/environment/ament_prefix_path.dsv
[2.171s] -- Up-to-date symlink: /home/sebas/mbehu_restored_ws/install/serial/share/serial/environment/path.sh
[2.174s] -- Up-to-date symlink: /home/sebas/mbehu_restored_ws/install/serial/share/serial/environment/path.dsv
[2.177s] -- Up-to-date symlink: /home/sebas/mbehu_restored_ws/install/serial/share/serial/local_setup.bash
[2.180s] -- Up-to-date symlink: /home/sebas/mbehu_restored_ws/install/serial/share/serial/local_setup.sh
[2.183s] -- Up-to-date symlink: /home/sebas/mbehu_restored_ws/install/serial/share/serial/local_setup.zsh
[2.187s] -- Up-to-date symlink: /home/sebas/mbehu_restored_ws/install/serial/share/serial/local_setup.dsv
[2.190s] -- Symlinking: /home/sebas/mbehu_restored_ws/install/serial/share/serial/package.dsv
[2.263s] -- Up-to-date symlink: /home/sebas/mbehu_restored_ws/install/serial/share/ament_index/resource_index/packages/serial
[2.266s] -- Up-to-date symlink: /home/sebas/mbehu_restored_ws/install/serial/share/serial/cmake/ament_cmake_export_include_directories-extras.cmake
[2.269s] -- Up-to-date symlink: /home/sebas/mbehu_restored_ws/install/serial/share/serial/cmake/ament_cmake_export_libraries-extras.cmake
[2.272s] -- Up-to-date symlink: /home/sebas/mbehu_restored_ws/install/serial/share/serial/cmake/serialConfig.cmake
[2.274s] -- Up-to-date symlink: /home/sebas/mbehu_restored_ws/install/serial/share/serial/cmake/serialConfig-version.cmake
[2.277s] -- Up-to-date symlink: /home/sebas/mbehu_restored_ws/install/serial/share/serial/package.xml
[2.296s] Invoked command in '/home/sebas/mbehu_restored_ws/build/serial' returned '0': CMAKE_PREFIX_PATH=${CMAKE_PREFIX_PATH}:/home/sebas/mbehu_restored_ws/install/serial_motor_demo:/home/sebas/mbehu_ws/install/ultrasonico:/home/sebas/mbehu_ws/install/mpu6050_pkg:/home/sebas/mbehu_ws/install/mpu6050:/opt/ros/foxy /usr/bin/cmake --install /home/sebas/mbehu_restored_ws/build/serial
