[0.777s] DEBUG:colcon:Command line arguments: ['/usr/bin/colcon', 'build', '--symlink-install']
[0.778s] DEBUG:colcon:Parsed command line arguments: Namespace(allow_overriding=[], ament_cmake_args=None, base_paths=['.'], build_base='build', catkin_cmake_args=None, catkin_skip_building_tests=False, cmake_args=None, cmake_clean_cache=False, cmake_clean_first=False, cmake_force_configure=False, cmake_target=None, cmake_target_skip_unavailable=False, continue_on_error=False, event_handlers=None, executor='parallel', ignore_user_meta=False, install_base='install', log_base=None, log_level=None, main=<bound method BuildVerb.main of <colcon_core.verb.build.BuildVerb object at 0xffff886a7b20>>, merge_install=False, metas=['./colcon.meta'], packages_above=None, packages_above_and_dependencies=None, packages_above_depth=None, packages_end=None, packages_ignore=None, packages_ignore_regex=None, packages_select=None, packages_select_build_failed=False, packages_select_by_dep=None, packages_select_regex=None, packages_select_test_failures=False, packages_skip=None, packages_skip_build_finished=False, packages_skip_by_dep=None, packages_skip_regex=None, packages_skip_test_passed=False, packages_skip_up_to=None, packages_start=None, packages_up_to=None, packages_up_to_regex=None, parallel_workers=4, paths=None, symlink_install=True, test_result_base=None, verb_extension=<colcon_core.verb.build.BuildVerb object at 0xffff886a7b20>, verb_name='build', verb_parser=<colcon_defaults.argument_parser.defaults.DefaultArgumentsDecorator object at 0xffff886b10d0>)
[0.938s] Level 1:colcon.colcon_core.package_discovery:discover_packages(colcon_meta) check parameters
[0.939s] Level 1:colcon.colcon_core.package_discovery:discover_packages(recursive) check parameters
[0.939s] Level 1:colcon.colcon_core.package_discovery:discover_packages(ignore) check parameters
[0.939s] Level 1:colcon.colcon_core.package_discovery:discover_packages(path) check parameters
[0.939s] Level 1:colcon.colcon_core.package_discovery:discover_packages(colcon_meta) discover
[0.940s] Level 1:colcon.colcon_core.package_discovery:discover_packages(recursive) discover
[0.940s] INFO:colcon.colcon_core.package_discovery:Crawling recursively for packages in '/home/sebas/mbehu_restored_ws'
[0.940s] Level 1:colcon.colcon_core.package_identification:_identify(.) by extensions ['ignore', 'ignore_ament_install']
[0.941s] Level 1:colcon.colcon_core.package_identification:_identify(.) by extension 'ignore'
[0.941s] Level 1:colcon.colcon_core.package_identification:_identify(.) by extension 'ignore_ament_install'
[0.942s] Level 1:colcon.colcon_core.package_identification:_identify(.) by extensions ['colcon_pkg']
[0.942s] Level 1:colcon.colcon_core.package_identification:_identify(.) by extension 'colcon_pkg'
[0.942s] Level 1:colcon.colcon_core.package_identification:_identify(.) by extensions ['colcon_meta']
[0.942s] Level 1:colcon.colcon_core.package_identification:_identify(.) by extension 'colcon_meta'
[0.942s] Level 1:colcon.colcon_core.package_identification:_identify(.) by extensions ['ros']
[0.943s] Level 1:colcon.colcon_core.package_identification:_identify(.) by extension 'ros'
[0.992s] Level 1:colcon.colcon_core.package_identification:_identify(.) by extensions ['cmake', 'python']
[0.993s] Level 1:colcon.colcon_core.package_identification:_identify(.) by extension 'cmake'
[0.993s] Level 1:colcon.colcon_core.package_identification:_identify(.) by extension 'python'
[0.993s] Level 1:colcon.colcon_core.package_identification:_identify(.) by extensions ['python_setup_py']
[0.994s] Level 1:colcon.colcon_core.package_identification:_identify(.) by extension 'python_setup_py'
[0.994s] Level 1:colcon.colcon_core.package_identification:_identify(build) by extensions ['ignore', 'ignore_ament_install']
[0.995s] Level 1:colcon.colcon_core.package_identification:_identify(build) by extension 'ignore'
[0.995s] Level 1:colcon.colcon_core.package_identification:_identify(build) ignored
[0.996s] Level 1:colcon.colcon_core.package_identification:_identify(install) by extensions ['ignore', 'ignore_ament_install']
[0.996s] Level 1:colcon.colcon_core.package_identification:_identify(install) by extension 'ignore'
[0.997s] Level 1:colcon.colcon_core.package_identification:_identify(install) ignored
[0.998s] Level 1:colcon.colcon_core.package_identification:_identify(log) by extensions ['ignore', 'ignore_ament_install']
[0.998s] Level 1:colcon.colcon_core.package_identification:_identify(log) by extension 'ignore'
[0.998s] Level 1:colcon.colcon_core.package_identification:_identify(log) ignored
[0.999s] Level 1:colcon.colcon_core.package_identification:_identify(src) by extensions ['ignore', 'ignore_ament_install']
[1.000s] Level 1:colcon.colcon_core.package_identification:_identify(src) by extension 'ignore'
[1.000s] Level 1:colcon.colcon_core.package_identification:_identify(src) by extension 'ignore_ament_install'
[1.001s] Level 1:colcon.colcon_core.package_identification:_identify(src) by extensions ['colcon_pkg']
[1.001s] Level 1:colcon.colcon_core.package_identification:_identify(src) by extension 'colcon_pkg'
[1.001s] Level 1:colcon.colcon_core.package_identification:_identify(src) by extensions ['colcon_meta']
[1.002s] Level 1:colcon.colcon_core.package_identification:_identify(src) by extension 'colcon_meta'
[1.002s] Level 1:colcon.colcon_core.package_identification:_identify(src) by extensions ['ros']
[1.002s] Level 1:colcon.colcon_core.package_identification:_identify(src) by extension 'ros'
[1.003s] Level 1:colcon.colcon_core.package_identification:_identify(src) by extensions ['cmake', 'python']
[1.003s] Level 1:colcon.colcon_core.package_identification:_identify(src) by extension 'cmake'
[1.003s] Level 1:colcon.colcon_core.package_identification:_identify(src) by extension 'python'
[1.003s] Level 1:colcon.colcon_core.package_identification:_identify(src) by extensions ['python_setup_py']
[1.004s] Level 1:colcon.colcon_core.package_identification:_identify(src) by extension 'python_setup_py'
[1.004s] Level 1:colcon.colcon_core.package_identification:_identify(src/diffdrive_arduino) by extensions ['ignore', 'ignore_ament_install']
[1.005s] Level 1:colcon.colcon_core.package_identification:_identify(src/diffdrive_arduino) by extension 'ignore'
[1.005s] Level 1:colcon.colcon_core.package_identification:_identify(src/diffdrive_arduino) by extension 'ignore_ament_install'
[1.006s] Level 1:colcon.colcon_core.package_identification:_identify(src/diffdrive_arduino) by extensions ['colcon_pkg']
[1.006s] Level 1:colcon.colcon_core.package_identification:_identify(src/diffdrive_arduino) by extension 'colcon_pkg'
[1.006s] Level 1:colcon.colcon_core.package_identification:_identify(src/diffdrive_arduino) by extensions ['colcon_meta']
[1.006s] Level 1:colcon.colcon_core.package_identification:_identify(src/diffdrive_arduino) by extension 'colcon_meta'
[1.007s] Level 1:colcon.colcon_core.package_identification:_identify(src/diffdrive_arduino) by extensions ['ros']
[1.007s] Level 1:colcon.colcon_core.package_identification:_identify(src/diffdrive_arduino) by extension 'ros'
[1.019s] DEBUG:colcon.colcon_core.package_identification:Package 'src/diffdrive_arduino' with type 'ros.ament_cmake' and name 'diffdrive_arduino'
[1.020s] Level 1:colcon.colcon_core.package_identification:_identify(src/ldlidar_sl_ros2) by extensions ['ignore', 'ignore_ament_install']
[1.020s] Level 1:colcon.colcon_core.package_identification:_identify(src/ldlidar_sl_ros2) by extension 'ignore'
[1.021s] Level 1:colcon.colcon_core.package_identification:_identify(src/ldlidar_sl_ros2) by extension 'ignore_ament_install'
[1.021s] Level 1:colcon.colcon_core.package_identification:_identify(src/ldlidar_sl_ros2) by extensions ['colcon_pkg']
[1.021s] Level 1:colcon.colcon_core.package_identification:_identify(src/ldlidar_sl_ros2) by extension 'colcon_pkg'
[1.022s] Level 1:colcon.colcon_core.package_identification:_identify(src/ldlidar_sl_ros2) by extensions ['colcon_meta']
[1.022s] Level 1:colcon.colcon_core.package_identification:_identify(src/ldlidar_sl_ros2) by extension 'colcon_meta'
[1.022s] Level 1:colcon.colcon_core.package_identification:_identify(src/ldlidar_sl_ros2) by extensions ['ros']
[1.022s] Level 1:colcon.colcon_core.package_identification:_identify(src/ldlidar_sl_ros2) by extension 'ros'
[1.026s] DEBUG:colcon.colcon_core.package_identification:Package 'src/ldlidar_sl_ros2' with type 'ros.ament_cmake' and name 'ldlidar_sl_ros2'
[1.027s] Level 1:colcon.colcon_core.package_identification:_identify(src/mbehu_bot) by extensions ['ignore', 'ignore_ament_install']
[1.027s] Level 1:colcon.colcon_core.package_identification:_identify(src/mbehu_bot) by extension 'ignore'
[1.028s] Level 1:colcon.colcon_core.package_identification:_identify(src/mbehu_bot) by extension 'ignore_ament_install'
[1.028s] Level 1:colcon.colcon_core.package_identification:_identify(src/mbehu_bot) by extensions ['colcon_pkg']
[1.028s] Level 1:colcon.colcon_core.package_identification:_identify(src/mbehu_bot) by extension 'colcon_pkg'
[1.028s] Level 1:colcon.colcon_core.package_identification:_identify(src/mbehu_bot) by extensions ['colcon_meta']
[1.029s] Level 1:colcon.colcon_core.package_identification:_identify(src/mbehu_bot) by extension 'colcon_meta'
[1.029s] Level 1:colcon.colcon_core.package_identification:_identify(src/mbehu_bot) by extensions ['ros']
[1.029s] Level 1:colcon.colcon_core.package_identification:_identify(src/mbehu_bot) by extension 'ros'
[1.031s] DEBUG:colcon.colcon_core.package_identification:Package 'src/mbehu_bot' with type 'ros.ament_cmake' and name 'mbehu_bot'
[1.032s] Level 1:colcon.colcon_core.package_identification:_identify(src/serial) by extensions ['ignore', 'ignore_ament_install']
[1.033s] Level 1:colcon.colcon_core.package_identification:_identify(src/serial) by extension 'ignore'
[1.033s] Level 1:colcon.colcon_core.package_identification:_identify(src/serial) by extension 'ignore_ament_install'
[1.034s] Level 1:colcon.colcon_core.package_identification:_identify(src/serial) by extensions ['colcon_pkg']
[1.034s] Level 1:colcon.colcon_core.package_identification:_identify(src/serial) by extension 'colcon_pkg'
[1.034s] Level 1:colcon.colcon_core.package_identification:_identify(src/serial) by extensions ['colcon_meta']
[1.034s] Level 1:colcon.colcon_core.package_identification:_identify(src/serial) by extension 'colcon_meta'
[1.035s] Level 1:colcon.colcon_core.package_identification:_identify(src/serial) by extensions ['ros']
[1.035s] Level 1:colcon.colcon_core.package_identification:_identify(src/serial) by extension 'ros'
[1.037s] DEBUG:colcon.colcon_core.package_identification:Package 'src/serial' with type 'ros.ament_cmake' and name 'serial'
[1.038s] Level 1:colcon.colcon_core.package_discovery:discover_packages(recursive) using defaults
[1.038s] Level 1:colcon.colcon_core.package_discovery:discover_packages(ignore) discover
[1.038s] Level 1:colcon.colcon_core.package_discovery:discover_packages(ignore) using defaults
[1.038s] Level 1:colcon.colcon_core.package_discovery:discover_packages(path) discover
[1.038s] Level 1:colcon.colcon_core.package_discovery:discover_packages(path) using defaults
[1.142s] Level 1:colcon.colcon_core.package_discovery:discover_packages(prefix_path) check parameters
[1.142s] Level 1:colcon.colcon_core.package_discovery:discover_packages(prefix_path) discover
[1.165s] DEBUG:colcon.colcon_installed_package_information.package_discovery:Found 4 installed packages in /home/sebas/mbehu_restored_ws/install
[1.173s] DEBUG:colcon.colcon_installed_package_information.package_discovery:Found 8 installed packages in /home/sebas/mbehu_ws/install
[1.190s] DEBUG:colcon.colcon_installed_package_information.package_discovery:Found 339 installed packages in /opt/ros/foxy
[1.201s] Level 1:colcon.colcon_core.package_discovery:discover_packages(prefix_path) using defaults
[1.646s] Level 5:colcon.colcon_core.verb:set package 'ldlidar_sl_ros2' build argument 'cmake_args' from command line to 'None'
[1.646s] Level 5:colcon.colcon_core.verb:set package 'ldlidar_sl_ros2' build argument 'cmake_target' from command line to 'None'
[1.646s] Level 5:colcon.colcon_core.verb:set package 'ldlidar_sl_ros2' build argument 'cmake_target_skip_unavailable' from command line to 'False'
[1.646s] Level 5:colcon.colcon_core.verb:set package 'ldlidar_sl_ros2' build argument 'cmake_clean_cache' from command line to 'False'
[1.646s] Level 5:colcon.colcon_core.verb:set package 'ldlidar_sl_ros2' build argument 'cmake_clean_first' from command line to 'False'
[1.646s] Level 5:colcon.colcon_core.verb:set package 'ldlidar_sl_ros2' build argument 'cmake_force_configure' from command line to 'False'
[1.647s] Level 5:colcon.colcon_core.verb:set package 'ldlidar_sl_ros2' build argument 'ament_cmake_args' from command line to 'None'
[1.647s] Level 5:colcon.colcon_core.verb:set package 'ldlidar_sl_ros2' build argument 'catkin_cmake_args' from command line to 'None'
[1.647s] Level 5:colcon.colcon_core.verb:set package 'ldlidar_sl_ros2' build argument 'catkin_skip_building_tests' from command line to 'False'
[1.647s] DEBUG:colcon.colcon_core.verb:Building package 'ldlidar_sl_ros2' with the following arguments: {'ament_cmake_args': None, 'build_base': '/home/sebas/mbehu_restored_ws/build/ldlidar_sl_ros2', 'catkin_cmake_args': None, 'catkin_skip_building_tests': False, 'cmake_args': None, 'cmake_clean_cache': False, 'cmake_clean_first': False, 'cmake_force_configure': False, 'cmake_target': None, 'cmake_target_skip_unavailable': False, 'install_base': '/home/sebas/mbehu_restored_ws/install/ldlidar_sl_ros2', 'merge_install': False, 'path': '/home/sebas/mbehu_restored_ws/src/ldlidar_sl_ros2', 'symlink_install': True, 'test_result_base': None}
[1.652s] Level 5:colcon.colcon_core.verb:set package 'mbehu_bot' build argument 'cmake_args' from command line to 'None'
[1.652s] Level 5:colcon.colcon_core.verb:set package 'mbehu_bot' build argument 'cmake_target' from command line to 'None'
[1.652s] Level 5:colcon.colcon_core.verb:set package 'mbehu_bot' build argument 'cmake_target_skip_unavailable' from command line to 'False'
[1.652s] Level 5:colcon.colcon_core.verb:set package 'mbehu_bot' build argument 'cmake_clean_cache' from command line to 'False'
[1.653s] Level 5:colcon.colcon_core.verb:set package 'mbehu_bot' build argument 'cmake_clean_first' from command line to 'False'
[1.653s] Level 5:colcon.colcon_core.verb:set package 'mbehu_bot' build argument 'cmake_force_configure' from command line to 'False'
[1.653s] Level 5:colcon.colcon_core.verb:set package 'mbehu_bot' build argument 'ament_cmake_args' from command line to 'None'
[1.653s] Level 5:colcon.colcon_core.verb:set package 'mbehu_bot' build argument 'catkin_cmake_args' from command line to 'None'
[1.653s] Level 5:colcon.colcon_core.verb:set package 'mbehu_bot' build argument 'catkin_skip_building_tests' from command line to 'False'
[1.653s] DEBUG:colcon.colcon_core.verb:Building package 'mbehu_bot' with the following arguments: {'ament_cmake_args': None, 'build_base': '/home/sebas/mbehu_restored_ws/build/mbehu_bot', 'catkin_cmake_args': None, 'catkin_skip_building_tests': False, 'cmake_args': None, 'cmake_clean_cache': False, 'cmake_clean_first': False, 'cmake_force_configure': False, 'cmake_target': None, 'cmake_target_skip_unavailable': False, 'install_base': '/home/sebas/mbehu_restored_ws/install/mbehu_bot', 'merge_install': False, 'path': '/home/sebas/mbehu_restored_ws/src/mbehu_bot', 'symlink_install': True, 'test_result_base': None}
[1.659s] Level 5:colcon.colcon_core.verb:set package 'serial' build argument 'cmake_args' from command line to 'None'
[1.660s] Level 5:colcon.colcon_core.verb:set package 'serial' build argument 'cmake_target' from command line to 'None'
[1.660s] Level 5:colcon.colcon_core.verb:set package 'serial' build argument 'cmake_target_skip_unavailable' from command line to 'False'
[1.660s] Level 5:colcon.colcon_core.verb:set package 'serial' build argument 'cmake_clean_cache' from command line to 'False'
[1.661s] Level 5:colcon.colcon_core.verb:set package 'serial' build argument 'cmake_clean_first' from command line to 'False'
[1.661s] Level 5:colcon.colcon_core.verb:set package 'serial' build argument 'cmake_force_configure' from command line to 'False'
[1.661s] Level 5:colcon.colcon_core.verb:set package 'serial' build argument 'ament_cmake_args' from command line to 'None'
[1.662s] Level 5:colcon.colcon_core.verb:set package 'serial' build argument 'catkin_cmake_args' from command line to 'None'
[1.662s] Level 5:colcon.colcon_core.verb:set package 'serial' build argument 'catkin_skip_building_tests' from command line to 'False'
[1.662s] DEBUG:colcon.colcon_core.verb:Building package 'serial' with the following arguments: {'ament_cmake_args': None, 'build_base': '/home/sebas/mbehu_restored_ws/build/serial', 'catkin_cmake_args': None, 'catkin_skip_building_tests': False, 'cmake_args': None, 'cmake_clean_cache': False, 'cmake_clean_first': False, 'cmake_force_configure': False, 'cmake_target': None, 'cmake_target_skip_unavailable': False, 'install_base': '/home/sebas/mbehu_restored_ws/install/serial', 'merge_install': False, 'path': '/home/sebas/mbehu_restored_ws/src/serial', 'symlink_install': True, 'test_result_base': None}
[1.668s] Level 5:colcon.colcon_core.verb:set package 'diffdrive_arduino' build argument 'cmake_args' from command line to 'None'
[1.668s] Level 5:colcon.colcon_core.verb:set package 'diffdrive_arduino' build argument 'cmake_target' from command line to 'None'
[1.668s] Level 5:colcon.colcon_core.verb:set package 'diffdrive_arduino' build argument 'cmake_target_skip_unavailable' from command line to 'False'
[1.668s] Level 5:colcon.colcon_core.verb:set package 'diffdrive_arduino' build argument 'cmake_clean_cache' from command line to 'False'
[1.669s] Level 5:colcon.colcon_core.verb:set package 'diffdrive_arduino' build argument 'cmake_clean_first' from command line to 'False'
[1.669s] Level 5:colcon.colcon_core.verb:set package 'diffdrive_arduino' build argument 'cmake_force_configure' from command line to 'False'
[1.669s] Level 5:colcon.colcon_core.verb:set package 'diffdrive_arduino' build argument 'ament_cmake_args' from command line to 'None'
[1.669s] Level 5:colcon.colcon_core.verb:set package 'diffdrive_arduino' build argument 'catkin_cmake_args' from command line to 'None'
[1.669s] Level 5:colcon.colcon_core.verb:set package 'diffdrive_arduino' build argument 'catkin_skip_building_tests' from command line to 'False'
[1.670s] DEBUG:colcon.colcon_core.verb:Building package 'diffdrive_arduino' with the following arguments: {'ament_cmake_args': None, 'build_base': '/home/sebas/mbehu_restored_ws/build/diffdrive_arduino', 'catkin_cmake_args': None, 'catkin_skip_building_tests': False, 'cmake_args': None, 'cmake_clean_cache': False, 'cmake_clean_first': False, 'cmake_force_configure': False, 'cmake_target': None, 'cmake_target_skip_unavailable': False, 'install_base': '/home/sebas/mbehu_restored_ws/install/diffdrive_arduino', 'merge_install': False, 'path': '/home/sebas/mbehu_restored_ws/src/diffdrive_arduino', 'symlink_install': True, 'test_result_base': None}
[1.673s] INFO:colcon.colcon_core.executor:Executing jobs using 'parallel' executor
[1.697s] DEBUG:colcon.colcon_parallel_executor.executor.parallel:run_until_complete
[1.699s] INFO:colcon.colcon_ros.task.ament_cmake.build:Building ROS package in '/home/sebas/mbehu_restored_ws/src/serial' with build type 'ament_cmake'
[1.700s] INFO:colcon.colcon_cmake.task.cmake.build:Building CMake package in '/home/sebas/mbehu_restored_ws/src/serial'
[1.724s] INFO:colcon.colcon_core.plugin_system:Skipping extension 'colcon_core.shell.bat': Not used on non-Windows systems
[1.725s] INFO:colcon.colcon_core.shell:Skip shell extension 'powershell' for command environment: Not usable outside of PowerShell
[1.726s] DEBUG:colcon.colcon_core.shell:Skip shell extension 'dsv' for command environment
[1.772s] INFO:colcon.colcon_ros.task.ament_cmake.build:Building ROS package in '/home/sebas/mbehu_restored_ws/src/ldlidar_sl_ros2' with build type 'ament_cmake'
[1.773s] INFO:colcon.colcon_cmake.task.cmake.build:Building CMake package in '/home/sebas/mbehu_restored_ws/src/ldlidar_sl_ros2'
[1.789s] INFO:colcon.colcon_core.shell:Skip shell extension 'powershell' for command environment: Not usable outside of PowerShell
[1.789s] DEBUG:colcon.colcon_core.shell:Skip shell extension 'dsv' for command environment
[1.842s] INFO:colcon.colcon_ros.task.ament_cmake.build:Building ROS package in '/home/sebas/mbehu_restored_ws/src/mbehu_bot' with build type 'ament_cmake'
[1.844s] INFO:colcon.colcon_cmake.task.cmake.build:Building CMake package in '/home/sebas/mbehu_restored_ws/src/mbehu_bot'
[1.852s] INFO:colcon.colcon_core.shell:Skip shell extension 'powershell' for command environment: Not usable outside of PowerShell
[1.853s] DEBUG:colcon.colcon_core.shell:Skip shell extension 'dsv' for command environment
[1.912s] DEBUG:colcon.colcon_core.event_handler.log_command:Invoking command in '/home/sebas/mbehu_restored_ws/build/serial': CMAKE_PREFIX_PATH=${CMAKE_PREFIX_PATH}:/home/sebas/mbehu_ws/install/ultrasonico:/home/sebas/mbehu_ws/install/mpu6050_pkg:/home/sebas/mbehu_ws/install/mpu6050:/opt/ros/foxy /usr/bin/cmake --build /home/sebas/mbehu_restored_ws/build/serial -- -j4 -l4
[1.948s] DEBUG:colcon.colcon_core.event_handler.log_command:Invoking command in '/home/sebas/mbehu_restored_ws/build/ldlidar_sl_ros2': CMAKE_PREFIX_PATH=${CMAKE_PREFIX_PATH}:/home/sebas/mbehu_ws/install/ultrasonico:/home/sebas/mbehu_ws/install/mpu6050_pkg:/home/sebas/mbehu_ws/install/mpu6050:/opt/ros/foxy /usr/bin/cmake --build /home/sebas/mbehu_restored_ws/build/ldlidar_sl_ros2 -- -j4 -l4
[1.998s] DEBUG:colcon.colcon_core.event_handler.log_command:Invoking command in '/home/sebas/mbehu_restored_ws/build/mbehu_bot': CMAKE_PREFIX_PATH=${CMAKE_PREFIX_PATH}:/home/sebas/mbehu_ws/install/ultrasonico:/home/sebas/mbehu_ws/install/mpu6050_pkg:/home/sebas/mbehu_ws/install/mpu6050:/opt/ros/foxy /usr/bin/cmake --build /home/sebas/mbehu_restored_ws/build/mbehu_bot -- -j4 -l4
[2.523s] DEBUG:colcon.colcon_core.event_handler.log_command:Invoked command in '/home/sebas/mbehu_restored_ws/build/mbehu_bot' returned '0': CMAKE_PREFIX_PATH=${CMAKE_PREFIX_PATH}:/home/sebas/mbehu_ws/install/ultrasonico:/home/sebas/mbehu_ws/install/mpu6050_pkg:/home/sebas/mbehu_ws/install/mpu6050:/opt/ros/foxy /usr/bin/cmake --build /home/sebas/mbehu_restored_ws/build/mbehu_bot -- -j4 -l4
[3.058s] DEBUG:colcon.colcon_core.event_handler.log_command:Invoked command in '/home/sebas/mbehu_restored_ws/build/ldlidar_sl_ros2' returned '0': CMAKE_PREFIX_PATH=${CMAKE_PREFIX_PATH}:/home/sebas/mbehu_ws/install/ultrasonico:/home/sebas/mbehu_ws/install/mpu6050_pkg:/home/sebas/mbehu_ws/install/mpu6050:/opt/ros/foxy /usr/bin/cmake --build /home/sebas/mbehu_restored_ws/build/ldlidar_sl_ros2 -- -j4 -l4
[3.236s] DEBUG:colcon.colcon_core.event_handler.log_command:Invoking command in '/home/sebas/mbehu_restored_ws/build/mbehu_bot': CMAKE_PREFIX_PATH=${CMAKE_PREFIX_PATH}:/home/sebas/mbehu_ws/install/ultrasonico:/home/sebas/mbehu_ws/install/mpu6050_pkg:/home/sebas/mbehu_ws/install/mpu6050:/opt/ros/foxy /usr/bin/cmake --install /home/sebas/mbehu_restored_ws/build/mbehu_bot
[3.264s] DEBUG:colcon.colcon_core.event_handler.log_command:Invoked command in '/home/sebas/mbehu_restored_ws/build/serial' returned '0': CMAKE_PREFIX_PATH=${CMAKE_PREFIX_PATH}:/home/sebas/mbehu_ws/install/ultrasonico:/home/sebas/mbehu_ws/install/mpu6050_pkg:/home/sebas/mbehu_ws/install/mpu6050:/opt/ros/foxy /usr/bin/cmake --build /home/sebas/mbehu_restored_ws/build/serial -- -j4 -l4
[3.703s] Level 1:colcon.colcon_core.environment:create_environment_scripts_only(mbehu_bot)
[3.708s] DEBUG:colcon.colcon_core.event_handler.log_command:Invoked command in '/home/sebas/mbehu_restored_ws/build/mbehu_bot' returned '0': CMAKE_PREFIX_PATH=${CMAKE_PREFIX_PATH}:/home/sebas/mbehu_ws/install/ultrasonico:/home/sebas/mbehu_ws/install/mpu6050_pkg:/home/sebas/mbehu_ws/install/mpu6050:/opt/ros/foxy /usr/bin/cmake --install /home/sebas/mbehu_restored_ws/build/mbehu_bot
[3.790s] Level 1:colcon.colcon_core.environment:checking '/home/sebas/mbehu_restored_ws/install/mbehu_bot' for CMake module files
[3.797s] Level 1:colcon.colcon_core.environment:checking '/home/sebas/mbehu_restored_ws/install/mbehu_bot' for CMake config files
[3.803s] Level 1:colcon.colcon_core.shell:create_environment_hook('mbehu_bot', 'cmake_prefix_path')
[3.822s] INFO:colcon.colcon_core.shell:Creating environment hook '/home/sebas/mbehu_restored_ws/install/mbehu_bot/share/mbehu_bot/hook/cmake_prefix_path.ps1'
[3.831s] INFO:colcon.colcon_core.shell:Creating environment descriptor '/home/sebas/mbehu_restored_ws/install/mbehu_bot/share/mbehu_bot/hook/cmake_prefix_path.dsv'
[3.838s] INFO:colcon.colcon_core.shell:Creating environment hook '/home/sebas/mbehu_restored_ws/install/mbehu_bot/share/mbehu_bot/hook/cmake_prefix_path.sh'
[3.849s] Level 1:colcon.colcon_core.environment:checking '/home/sebas/mbehu_restored_ws/install/mbehu_bot/bin'
[3.851s] Level 1:colcon.colcon_core.environment:checking '/home/sebas/mbehu_restored_ws/install/mbehu_bot/lib/pkgconfig/mbehu_bot.pc'
[3.853s] Level 1:colcon.colcon_core.environment:checking '/home/sebas/mbehu_restored_ws/install/mbehu_bot/lib/python3.8/site-packages'
[3.856s] Level 1:colcon.colcon_core.environment:checking '/home/sebas/mbehu_restored_ws/install/mbehu_bot/bin'
[3.879s] INFO:colcon.colcon_core.shell:Creating package script '/home/sebas/mbehu_restored_ws/install/mbehu_bot/share/mbehu_bot/package.ps1'
[3.888s] INFO:colcon.colcon_core.shell:Creating package descriptor '/home/sebas/mbehu_restored_ws/install/mbehu_bot/share/mbehu_bot/package.dsv'
[3.893s] INFO:colcon.colcon_core.shell:Creating package script '/home/sebas/mbehu_restored_ws/install/mbehu_bot/share/mbehu_bot/package.sh'
[3.901s] INFO:colcon.colcon_core.shell:Creating package script '/home/sebas/mbehu_restored_ws/install/mbehu_bot/share/mbehu_bot/package.bash'
[3.909s] INFO:colcon.colcon_core.shell:Creating package script '/home/sebas/mbehu_restored_ws/install/mbehu_bot/share/mbehu_bot/package.zsh'
[3.916s] Level 1:colcon.colcon_core.environment:create_file_with_runtime_dependencies(/home/sebas/mbehu_restored_ws/install/mbehu_bot/share/colcon-core/packages/mbehu_bot)
[3.968s] DEBUG:colcon.colcon_core.event_handler.log_command:Invoking command in '/home/sebas/mbehu_restored_ws/build/serial': CMAKE_PREFIX_PATH=${CMAKE_PREFIX_PATH}:/home/sebas/mbehu_ws/install/ultrasonico:/home/sebas/mbehu_ws/install/mpu6050_pkg:/home/sebas/mbehu_ws/install/mpu6050:/opt/ros/foxy /usr/bin/cmake --install /home/sebas/mbehu_restored_ws/build/serial
[3.991s] DEBUG:colcon.colcon_core.event_handler.log_command:Invoking command in '/home/sebas/mbehu_restored_ws/build/ldlidar_sl_ros2': CMAKE_PREFIX_PATH=${CMAKE_PREFIX_PATH}:/home/sebas/mbehu_ws/install/ultrasonico:/home/sebas/mbehu_ws/install/mpu6050_pkg:/home/sebas/mbehu_ws/install/mpu6050:/opt/ros/foxy /usr/bin/cmake --install /home/sebas/mbehu_restored_ws/build/ldlidar_sl_ros2
[4.314s] Level 1:colcon.colcon_core.environment:create_environment_scripts_only(mbehu_bot)
[4.378s] Level 1:colcon.colcon_core.environment:checking '/home/sebas/mbehu_restored_ws/install/mbehu_bot' for CMake module files
[4.418s] Level 1:colcon.colcon_core.environment:checking '/home/sebas/mbehu_restored_ws/install/mbehu_bot' for CMake config files
[4.434s] Level 1:colcon.colcon_core.shell:create_environment_hook('mbehu_bot', 'cmake_prefix_path')
[4.456s] INFO:colcon.colcon_core.shell:Creating environment hook '/home/sebas/mbehu_restored_ws/install/mbehu_bot/share/mbehu_bot/hook/cmake_prefix_path.ps1'
[4.465s] INFO:colcon.colcon_core.shell:Creating environment descriptor '/home/sebas/mbehu_restored_ws/install/mbehu_bot/share/mbehu_bot/hook/cmake_prefix_path.dsv'
[4.472s] INFO:colcon.colcon_core.shell:Creating environment hook '/home/sebas/mbehu_restored_ws/install/mbehu_bot/share/mbehu_bot/hook/cmake_prefix_path.sh'
[4.477s] Level 1:colcon.colcon_core.environment:checking '/home/sebas/mbehu_restored_ws/install/mbehu_bot/bin'
[4.478s] Level 1:colcon.colcon_core.environment:checking '/home/sebas/mbehu_restored_ws/install/mbehu_bot/lib/pkgconfig/mbehu_bot.pc'
[4.480s] Level 1:colcon.colcon_core.environment:checking '/home/sebas/mbehu_restored_ws/install/mbehu_bot/lib/python3.8/site-packages'
[4.483s] Level 1:colcon.colcon_core.environment:checking '/home/sebas/mbehu_restored_ws/install/mbehu_bot/bin'
[4.501s] INFO:colcon.colcon_core.shell:Creating package script '/home/sebas/mbehu_restored_ws/install/mbehu_bot/share/mbehu_bot/package.ps1'
[4.507s] INFO:colcon.colcon_core.shell:Creating package descriptor '/home/sebas/mbehu_restored_ws/install/mbehu_bot/share/mbehu_bot/package.dsv'
[4.512s] INFO:colcon.colcon_core.shell:Creating package script '/home/sebas/mbehu_restored_ws/install/mbehu_bot/share/mbehu_bot/package.sh'
[4.517s] INFO:colcon.colcon_core.shell:Creating package script '/home/sebas/mbehu_restored_ws/install/mbehu_bot/share/mbehu_bot/package.bash'
[4.522s] INFO:colcon.colcon_core.shell:Creating package script '/home/sebas/mbehu_restored_ws/install/mbehu_bot/share/mbehu_bot/package.zsh'
[4.526s] Level 1:colcon.colcon_core.environment:create_file_with_runtime_dependencies(/home/sebas/mbehu_restored_ws/install/mbehu_bot/share/colcon-core/packages/mbehu_bot)
[4.536s] Level 1:colcon.colcon_core.environment:create_environment_scripts_only(serial)
[4.567s] Level 1:colcon.colcon_core.environment:checking '/home/sebas/mbehu_restored_ws/install/serial' for CMake module files
[4.568s] DEBUG:colcon.colcon_core.event_handler.log_command:Invoked command in '/home/sebas/mbehu_restored_ws/build/serial' returned '0': CMAKE_PREFIX_PATH=${CMAKE_PREFIX_PATH}:/home/sebas/mbehu_ws/install/ultrasonico:/home/sebas/mbehu_ws/install/mpu6050_pkg:/home/sebas/mbehu_ws/install/mpu6050:/opt/ros/foxy /usr/bin/cmake --install /home/sebas/mbehu_restored_ws/build/serial
[4.578s] Level 1:colcon.colcon_core.environment:checking '/home/sebas/mbehu_restored_ws/install/serial' for CMake config files
[4.584s] Level 1:colcon.colcon_core.shell:create_environment_hook('serial', 'cmake_prefix_path')
[4.603s] INFO:colcon.colcon_core.shell:Creating environment hook '/home/sebas/mbehu_restored_ws/install/serial/share/serial/hook/cmake_prefix_path.ps1'
[4.607s] INFO:colcon.colcon_core.shell:Creating environment descriptor '/home/sebas/mbehu_restored_ws/install/serial/share/serial/hook/cmake_prefix_path.dsv'
[4.611s] INFO:colcon.colcon_core.shell:Creating environment hook '/home/sebas/mbehu_restored_ws/install/serial/share/serial/hook/cmake_prefix_path.sh'
[4.617s] Level 1:colcon.colcon_core.environment:checking '/home/sebas/mbehu_restored_ws/install/serial/lib'
[4.619s] Level 1:colcon.colcon_core.environment:checking '/home/sebas/mbehu_restored_ws/install/serial/bin'
[4.620s] Level 1:colcon.colcon_core.environment:checking '/home/sebas/mbehu_restored_ws/install/serial/lib/pkgconfig/serial.pc'
[4.622s] Level 1:colcon.colcon_core.environment:checking '/home/sebas/mbehu_restored_ws/install/serial/lib/python3.8/site-packages'
[4.624s] Level 1:colcon.colcon_core.environment:checking '/home/sebas/mbehu_restored_ws/install/serial/bin'
[4.641s] INFO:colcon.colcon_core.shell:Creating package script '/home/sebas/mbehu_restored_ws/install/serial/share/serial/package.ps1'
[4.646s] INFO:colcon.colcon_core.shell:Creating package descriptor '/home/sebas/mbehu_restored_ws/install/serial/share/serial/package.dsv'
[4.651s] INFO:colcon.colcon_core.shell:Creating package script '/home/sebas/mbehu_restored_ws/install/serial/share/serial/package.sh'
[4.655s] INFO:colcon.colcon_core.shell:Creating package script '/home/sebas/mbehu_restored_ws/install/serial/share/serial/package.bash'
[4.659s] INFO:colcon.colcon_core.shell:Creating package script '/home/sebas/mbehu_restored_ws/install/serial/share/serial/package.zsh'
[4.663s] Level 1:colcon.colcon_core.environment:create_file_with_runtime_dependencies(/home/sebas/mbehu_restored_ws/install/serial/share/colcon-core/packages/serial)
[4.685s] Level 1:colcon.colcon_core.environment:create_environment_scripts_only(ldlidar_sl_ros2)
[4.714s] DEBUG:colcon.colcon_core.event_handler.log_command:Invoked command in '/home/sebas/mbehu_restored_ws/build/ldlidar_sl_ros2' returned '0': CMAKE_PREFIX_PATH=${CMAKE_PREFIX_PATH}:/home/sebas/mbehu_ws/install/ultrasonico:/home/sebas/mbehu_ws/install/mpu6050_pkg:/home/sebas/mbehu_ws/install/mpu6050:/opt/ros/foxy /usr/bin/cmake --install /home/sebas/mbehu_restored_ws/build/ldlidar_sl_ros2
[4.716s] Level 1:colcon.colcon_core.environment:checking '/home/sebas/mbehu_restored_ws/install/ldlidar_sl_ros2' for CMake module files
[4.726s] Level 1:colcon.colcon_core.environment:checking '/home/sebas/mbehu_restored_ws/install/ldlidar_sl_ros2' for CMake config files
[4.730s] Level 1:colcon.colcon_core.shell:create_environment_hook('ldlidar_sl_ros2', 'cmake_prefix_path')
[4.747s] INFO:colcon.colcon_core.shell:Creating environment hook '/home/sebas/mbehu_restored_ws/install/ldlidar_sl_ros2/share/ldlidar_sl_ros2/hook/cmake_prefix_path.ps1'
[4.752s] INFO:colcon.colcon_core.shell:Creating environment descriptor '/home/sebas/mbehu_restored_ws/install/ldlidar_sl_ros2/share/ldlidar_sl_ros2/hook/cmake_prefix_path.dsv'
[4.756s] INFO:colcon.colcon_core.shell:Creating environment hook '/home/sebas/mbehu_restored_ws/install/ldlidar_sl_ros2/share/ldlidar_sl_ros2/hook/cmake_prefix_path.sh'
[4.762s] Level 1:colcon.colcon_core.environment:checking '/home/sebas/mbehu_restored_ws/install/ldlidar_sl_ros2/lib'
[4.764s] Level 1:colcon.colcon_core.environment:checking '/home/sebas/mbehu_restored_ws/install/ldlidar_sl_ros2/bin'
[4.764s] Level 1:colcon.colcon_core.environment:checking '/home/sebas/mbehu_restored_ws/install/ldlidar_sl_ros2/lib/pkgconfig/ldlidar_sl_ros2.pc'
[4.767s] Level 1:colcon.colcon_core.environment:checking '/home/sebas/mbehu_restored_ws/install/ldlidar_sl_ros2/lib/python3.8/site-packages'
[4.769s] Level 1:colcon.colcon_core.environment:checking '/home/sebas/mbehu_restored_ws/install/ldlidar_sl_ros2/bin'
[4.785s] INFO:colcon.colcon_core.shell:Creating package script '/home/sebas/mbehu_restored_ws/install/ldlidar_sl_ros2/share/ldlidar_sl_ros2/package.ps1'
[4.789s] INFO:colcon.colcon_core.shell:Creating package descriptor '/home/sebas/mbehu_restored_ws/install/ldlidar_sl_ros2/share/ldlidar_sl_ros2/package.dsv'
[4.794s] INFO:colcon.colcon_core.shell:Creating package script '/home/sebas/mbehu_restored_ws/install/ldlidar_sl_ros2/share/ldlidar_sl_ros2/package.sh'
[4.799s] INFO:colcon.colcon_core.shell:Creating package script '/home/sebas/mbehu_restored_ws/install/ldlidar_sl_ros2/share/ldlidar_sl_ros2/package.bash'
[4.803s] INFO:colcon.colcon_core.shell:Creating package script '/home/sebas/mbehu_restored_ws/install/ldlidar_sl_ros2/share/ldlidar_sl_ros2/package.zsh'
[4.806s] Level 1:colcon.colcon_core.environment:create_file_with_runtime_dependencies(/home/sebas/mbehu_restored_ws/install/ldlidar_sl_ros2/share/colcon-core/packages/ldlidar_sl_ros2)
[5.167s] Level 1:colcon.colcon_core.environment:create_environment_scripts_only(serial)
[5.179s] Level 1:colcon.colcon_core.environment:checking '/home/sebas/mbehu_restored_ws/install/serial' for CMake module files
[5.183s] Level 1:colcon.colcon_core.environment:checking '/home/sebas/mbehu_restored_ws/install/serial' for CMake config files
[5.185s] Level 1:colcon.colcon_core.shell:create_environment_hook('serial', 'cmake_prefix_path')
[5.192s] INFO:colcon.colcon_core.shell:Creating environment hook '/home/sebas/mbehu_restored_ws/install/serial/share/serial/hook/cmake_prefix_path.ps1'
[5.195s] INFO:colcon.colcon_core.shell:Creating environment descriptor '/home/sebas/mbehu_restored_ws/install/serial/share/serial/hook/cmake_prefix_path.dsv'
[5.196s] INFO:colcon.colcon_core.shell:Creating environment hook '/home/sebas/mbehu_restored_ws/install/serial/share/serial/hook/cmake_prefix_path.sh'
[5.200s] Level 1:colcon.colcon_core.environment:checking '/home/sebas/mbehu_restored_ws/install/serial/lib'
[5.200s] Level 1:colcon.colcon_core.environment:checking '/home/sebas/mbehu_restored_ws/install/serial/bin'
[5.201s] Level 1:colcon.colcon_core.environment:checking '/home/sebas/mbehu_restored_ws/install/serial/lib/pkgconfig/serial.pc'
[5.202s] Level 1:colcon.colcon_core.environment:checking '/home/sebas/mbehu_restored_ws/install/serial/lib/python3.8/site-packages'
[5.202s] Level 1:colcon.colcon_core.environment:checking '/home/sebas/mbehu_restored_ws/install/serial/bin'
[5.209s] INFO:colcon.colcon_core.shell:Creating package script '/home/sebas/mbehu_restored_ws/install/serial/share/serial/package.ps1'
[5.212s] INFO:colcon.colcon_core.shell:Creating package descriptor '/home/sebas/mbehu_restored_ws/install/serial/share/serial/package.dsv'
[5.215s] INFO:colcon.colcon_core.shell:Creating package script '/home/sebas/mbehu_restored_ws/install/serial/share/serial/package.sh'
[5.217s] INFO:colcon.colcon_core.shell:Creating package script '/home/sebas/mbehu_restored_ws/install/serial/share/serial/package.bash'
[5.220s] INFO:colcon.colcon_core.shell:Creating package script '/home/sebas/mbehu_restored_ws/install/serial/share/serial/package.zsh'
[5.222s] Level 1:colcon.colcon_core.environment:create_file_with_runtime_dependencies(/home/sebas/mbehu_restored_ws/install/serial/share/colcon-core/packages/serial)
[5.224s] INFO:colcon.colcon_ros.task.ament_cmake.build:Building ROS package in '/home/sebas/mbehu_restored_ws/src/diffdrive_arduino' with build type 'ament_cmake'
[5.225s] INFO:colcon.colcon_cmake.task.cmake.build:Building CMake package in '/home/sebas/mbehu_restored_ws/src/diffdrive_arduino'
[5.233s] INFO:colcon.colcon_core.shell:Skip shell extension 'powershell' for command environment: Not usable outside of PowerShell
[5.233s] DEBUG:colcon.colcon_core.shell:Skip shell extension 'dsv' for command environment
[5.293s] Level 1:colcon.colcon_core.environment:create_environment_scripts_only(ldlidar_sl_ros2)
[5.304s] Level 1:colcon.colcon_core.environment:checking '/home/sebas/mbehu_restored_ws/install/ldlidar_sl_ros2' for CMake module files
[5.307s] Level 1:colcon.colcon_core.environment:checking '/home/sebas/mbehu_restored_ws/install/ldlidar_sl_ros2' for CMake config files
[5.309s] Level 1:colcon.colcon_core.shell:create_environment_hook('ldlidar_sl_ros2', 'cmake_prefix_path')
[5.316s] INFO:colcon.colcon_core.shell:Creating environment hook '/home/sebas/mbehu_restored_ws/install/ldlidar_sl_ros2/share/ldlidar_sl_ros2/hook/cmake_prefix_path.ps1'
[5.319s] INFO:colcon.colcon_core.shell:Creating environment descriptor '/home/sebas/mbehu_restored_ws/install/ldlidar_sl_ros2/share/ldlidar_sl_ros2/hook/cmake_prefix_path.dsv'
[5.322s] INFO:colcon.colcon_core.shell:Creating environment hook '/home/sebas/mbehu_restored_ws/install/ldlidar_sl_ros2/share/ldlidar_sl_ros2/hook/cmake_prefix_path.sh'
[5.326s] Level 1:colcon.colcon_core.environment:checking '/home/sebas/mbehu_restored_ws/install/ldlidar_sl_ros2/lib'
[5.327s] Level 1:colcon.colcon_core.environment:checking '/home/sebas/mbehu_restored_ws/install/ldlidar_sl_ros2/bin'
[5.327s] Level 1:colcon.colcon_core.environment:checking '/home/sebas/mbehu_restored_ws/install/ldlidar_sl_ros2/lib/pkgconfig/ldlidar_sl_ros2.pc'
[5.328s] Level 1:colcon.colcon_core.environment:checking '/home/sebas/mbehu_restored_ws/install/ldlidar_sl_ros2/lib/python3.8/site-packages'
[5.329s] Level 1:colcon.colcon_core.environment:checking '/home/sebas/mbehu_restored_ws/install/ldlidar_sl_ros2/bin'
[5.337s] INFO:colcon.colcon_core.shell:Creating package script '/home/sebas/mbehu_restored_ws/install/ldlidar_sl_ros2/share/ldlidar_sl_ros2/package.ps1'
[5.341s] INFO:colcon.colcon_core.shell:Creating package descriptor '/home/sebas/mbehu_restored_ws/install/ldlidar_sl_ros2/share/ldlidar_sl_ros2/package.dsv'
[5.344s] INFO:colcon.colcon_core.shell:Creating package script '/home/sebas/mbehu_restored_ws/install/ldlidar_sl_ros2/share/ldlidar_sl_ros2/package.sh'
[5.347s] INFO:colcon.colcon_core.shell:Creating package script '/home/sebas/mbehu_restored_ws/install/ldlidar_sl_ros2/share/ldlidar_sl_ros2/package.bash'
[5.350s] INFO:colcon.colcon_core.shell:Creating package script '/home/sebas/mbehu_restored_ws/install/ldlidar_sl_ros2/share/ldlidar_sl_ros2/package.zsh'
[5.353s] Level 1:colcon.colcon_core.environment:create_file_with_runtime_dependencies(/home/sebas/mbehu_restored_ws/install/ldlidar_sl_ros2/share/colcon-core/packages/ldlidar_sl_ros2)
[5.379s] DEBUG:colcon.colcon_core.event_handler.log_command:Invoking command in '/home/sebas/mbehu_restored_ws/build/diffdrive_arduino': CMAKE_PREFIX_PATH=/home/sebas/mbehu_restored_ws/install/serial:/home/sebas/mbehu_restored_ws/install/diffdrive_arduino:/home/sebas/mbehu_restored_ws/install/mbehu_bot:/home/sebas/mbehu_restored_ws/install/ldlidar_sl_ros2:/home/sebas/mbehu_ws/install/diffdrive_arduino:/home/sebas/mbehu_ws/install/serial:/home/sebas/mbehu_ws/install/mbehu_bot:/home/sebas/mbehu_ws/install/ldlidar_sl_ros2:/home/sebas/mbehu_ws/install/imu_driver:/home/sebas/mbehu_ws/install/ultrasonico:/home/sebas/mbehu_ws/install/mpu6050_pkg:/home/sebas/mbehu_ws/install/mpu6050:/opt/ros/foxy /usr/bin/cmake --build /home/sebas/mbehu_restored_ws/build/diffdrive_arduino -- -j4 -l4
[6.418s] DEBUG:colcon.colcon_core.event_handler.log_command:Invoked command in '/home/sebas/mbehu_restored_ws/build/diffdrive_arduino' returned '0': CMAKE_PREFIX_PATH=/home/sebas/mbehu_restored_ws/install/serial:/home/sebas/mbehu_restored_ws/install/diffdrive_arduino:/home/sebas/mbehu_restored_ws/install/mbehu_bot:/home/sebas/mbehu_restored_ws/install/ldlidar_sl_ros2:/home/sebas/mbehu_ws/install/diffdrive_arduino:/home/sebas/mbehu_ws/install/serial:/home/sebas/mbehu_ws/install/mbehu_bot:/home/sebas/mbehu_ws/install/ldlidar_sl_ros2:/home/sebas/mbehu_ws/install/imu_driver:/home/sebas/mbehu_ws/install/ultrasonico:/home/sebas/mbehu_ws/install/mpu6050_pkg:/home/sebas/mbehu_ws/install/mpu6050:/opt/ros/foxy /usr/bin/cmake --build /home/sebas/mbehu_restored_ws/build/diffdrive_arduino -- -j4 -l4
[6.884s] DEBUG:colcon.colcon_core.event_handler.log_command:Invoking command in '/home/sebas/mbehu_restored_ws/build/diffdrive_arduino': CMAKE_PREFIX_PATH=/home/sebas/mbehu_restored_ws/install/serial:/home/sebas/mbehu_restored_ws/install/diffdrive_arduino:/home/sebas/mbehu_restored_ws/install/mbehu_bot:/home/sebas/mbehu_restored_ws/install/ldlidar_sl_ros2:/home/sebas/mbehu_ws/install/diffdrive_arduino:/home/sebas/mbehu_ws/install/serial:/home/sebas/mbehu_ws/install/mbehu_bot:/home/sebas/mbehu_ws/install/ldlidar_sl_ros2:/home/sebas/mbehu_ws/install/imu_driver:/home/sebas/mbehu_ws/install/ultrasonico:/home/sebas/mbehu_ws/install/mpu6050_pkg:/home/sebas/mbehu_ws/install/mpu6050:/opt/ros/foxy /usr/bin/cmake --install /home/sebas/mbehu_restored_ws/build/diffdrive_arduino
[7.216s] Level 1:colcon.colcon_core.environment:create_environment_scripts_only(diffdrive_arduino)
[7.235s] DEBUG:colcon.colcon_core.event_handler.log_command:Invoked command in '/home/sebas/mbehu_restored_ws/build/diffdrive_arduino' returned '0': CMAKE_PREFIX_PATH=/home/sebas/mbehu_restored_ws/install/serial:/home/sebas/mbehu_restored_ws/install/diffdrive_arduino:/home/sebas/mbehu_restored_ws/install/mbehu_bot:/home/sebas/mbehu_restored_ws/install/ldlidar_sl_ros2:/home/sebas/mbehu_ws/install/diffdrive_arduino:/home/sebas/mbehu_ws/install/serial:/home/sebas/mbehu_ws/install/mbehu_bot:/home/sebas/mbehu_ws/install/ldlidar_sl_ros2:/home/sebas/mbehu_ws/install/imu_driver:/home/sebas/mbehu_ws/install/ultrasonico:/home/sebas/mbehu_ws/install/mpu6050_pkg:/home/sebas/mbehu_ws/install/mpu6050:/opt/ros/foxy /usr/bin/cmake --install /home/sebas/mbehu_restored_ws/build/diffdrive_arduino
[7.249s] Level 1:colcon.colcon_core.environment:checking '/home/sebas/mbehu_restored_ws/install/diffdrive_arduino' for CMake module files
[7.258s] Level 1:colcon.colcon_core.environment:checking '/home/sebas/mbehu_restored_ws/install/diffdrive_arduino' for CMake config files
[7.263s] Level 1:colcon.colcon_core.shell:create_environment_hook('diffdrive_arduino', 'cmake_prefix_path')
[7.281s] INFO:colcon.colcon_core.shell:Creating environment hook '/home/sebas/mbehu_restored_ws/install/diffdrive_arduino/share/diffdrive_arduino/hook/cmake_prefix_path.ps1'
[7.286s] INFO:colcon.colcon_core.shell:Creating environment descriptor '/home/sebas/mbehu_restored_ws/install/diffdrive_arduino/share/diffdrive_arduino/hook/cmake_prefix_path.dsv'
[7.290s] INFO:colcon.colcon_core.shell:Creating environment hook '/home/sebas/mbehu_restored_ws/install/diffdrive_arduino/share/diffdrive_arduino/hook/cmake_prefix_path.sh'
[7.297s] Level 1:colcon.colcon_core.environment:checking '/home/sebas/mbehu_restored_ws/install/diffdrive_arduino/lib'
[7.300s] Level 1:colcon.colcon_core.shell:create_environment_hook('diffdrive_arduino', 'ld_library_path_lib')
[7.319s] INFO:colcon.colcon_core.shell:Creating environment hook '/home/sebas/mbehu_restored_ws/install/diffdrive_arduino/share/diffdrive_arduino/hook/ld_library_path_lib.ps1'
[7.324s] INFO:colcon.colcon_core.shell:Creating environment descriptor '/home/sebas/mbehu_restored_ws/install/diffdrive_arduino/share/diffdrive_arduino/hook/ld_library_path_lib.dsv'
[7.328s] INFO:colcon.colcon_core.shell:Creating environment hook '/home/sebas/mbehu_restored_ws/install/diffdrive_arduino/share/diffdrive_arduino/hook/ld_library_path_lib.sh'
[7.333s] Level 1:colcon.colcon_core.environment:checking '/home/sebas/mbehu_restored_ws/install/diffdrive_arduino/bin'
[7.335s] Level 1:colcon.colcon_core.environment:checking '/home/sebas/mbehu_restored_ws/install/diffdrive_arduino/lib/pkgconfig/diffdrive_arduino.pc'
[7.337s] Level 1:colcon.colcon_core.environment:checking '/home/sebas/mbehu_restored_ws/install/diffdrive_arduino/lib/python3.8/site-packages'
[7.339s] Level 1:colcon.colcon_core.environment:checking '/home/sebas/mbehu_restored_ws/install/diffdrive_arduino/bin'
[7.357s] INFO:colcon.colcon_core.shell:Creating package script '/home/sebas/mbehu_restored_ws/install/diffdrive_arduino/share/diffdrive_arduino/package.ps1'
[7.363s] INFO:colcon.colcon_core.shell:Creating package descriptor '/home/sebas/mbehu_restored_ws/install/diffdrive_arduino/share/diffdrive_arduino/package.dsv'
[7.368s] INFO:colcon.colcon_core.shell:Creating package script '/home/sebas/mbehu_restored_ws/install/diffdrive_arduino/share/diffdrive_arduino/package.sh'
[7.373s] INFO:colcon.colcon_core.shell:Creating package script '/home/sebas/mbehu_restored_ws/install/diffdrive_arduino/share/diffdrive_arduino/package.bash'
[7.378s] INFO:colcon.colcon_core.shell:Creating package script '/home/sebas/mbehu_restored_ws/install/diffdrive_arduino/share/diffdrive_arduino/package.zsh'
[7.382s] Level 1:colcon.colcon_core.environment:create_file_with_runtime_dependencies(/home/sebas/mbehu_restored_ws/install/diffdrive_arduino/share/colcon-core/packages/diffdrive_arduino)
[7.730s] Level 1:colcon.colcon_core.environment:create_environment_scripts_only(diffdrive_arduino)
[7.741s] Level 1:colcon.colcon_core.environment:checking '/home/sebas/mbehu_restored_ws/install/diffdrive_arduino' for CMake module files
[7.744s] Level 1:colcon.colcon_core.environment:checking '/home/sebas/mbehu_restored_ws/install/diffdrive_arduino' for CMake config files
[7.746s] Level 1:colcon.colcon_core.shell:create_environment_hook('diffdrive_arduino', 'cmake_prefix_path')
[7.752s] INFO:colcon.colcon_core.shell:Creating environment hook '/home/sebas/mbehu_restored_ws/install/diffdrive_arduino/share/diffdrive_arduino/hook/cmake_prefix_path.ps1'
[7.754s] INFO:colcon.colcon_core.shell:Creating environment descriptor '/home/sebas/mbehu_restored_ws/install/diffdrive_arduino/share/diffdrive_arduino/hook/cmake_prefix_path.dsv'
[7.756s] INFO:colcon.colcon_core.shell:Creating environment hook '/home/sebas/mbehu_restored_ws/install/diffdrive_arduino/share/diffdrive_arduino/hook/cmake_prefix_path.sh'
[7.759s] Level 1:colcon.colcon_core.environment:checking '/home/sebas/mbehu_restored_ws/install/diffdrive_arduino/lib'
[7.759s] Level 1:colcon.colcon_core.shell:create_environment_hook('diffdrive_arduino', 'ld_library_path_lib')
[7.766s] INFO:colcon.colcon_core.shell:Creating environment hook '/home/sebas/mbehu_restored_ws/install/diffdrive_arduino/share/diffdrive_arduino/hook/ld_library_path_lib.ps1'
[7.768s] INFO:colcon.colcon_core.shell:Creating environment descriptor '/home/sebas/mbehu_restored_ws/install/diffdrive_arduino/share/diffdrive_arduino/hook/ld_library_path_lib.dsv'
[7.769s] INFO:colcon.colcon_core.shell:Creating environment hook '/home/sebas/mbehu_restored_ws/install/diffdrive_arduino/share/diffdrive_arduino/hook/ld_library_path_lib.sh'
[7.771s] Level 1:colcon.colcon_core.environment:checking '/home/sebas/mbehu_restored_ws/install/diffdrive_arduino/bin'
[7.772s] Level 1:colcon.colcon_core.environment:checking '/home/sebas/mbehu_restored_ws/install/diffdrive_arduino/lib/pkgconfig/diffdrive_arduino.pc'
[7.773s] Level 1:colcon.colcon_core.environment:checking '/home/sebas/mbehu_restored_ws/install/diffdrive_arduino/lib/python3.8/site-packages'
[7.774s] Level 1:colcon.colcon_core.environment:checking '/home/sebas/mbehu_restored_ws/install/diffdrive_arduino/bin'
[7.780s] INFO:colcon.colcon_core.shell:Creating package script '/home/sebas/mbehu_restored_ws/install/diffdrive_arduino/share/diffdrive_arduino/package.ps1'
[7.783s] INFO:colcon.colcon_core.shell:Creating package descriptor '/home/sebas/mbehu_restored_ws/install/diffdrive_arduino/share/diffdrive_arduino/package.dsv'
[7.785s] INFO:colcon.colcon_core.shell:Creating package script '/home/sebas/mbehu_restored_ws/install/diffdrive_arduino/share/diffdrive_arduino/package.sh'
[7.788s] INFO:colcon.colcon_core.shell:Creating package script '/home/sebas/mbehu_restored_ws/install/diffdrive_arduino/share/diffdrive_arduino/package.bash'
[7.790s] INFO:colcon.colcon_core.shell:Creating package script '/home/sebas/mbehu_restored_ws/install/diffdrive_arduino/share/diffdrive_arduino/package.zsh'
[7.792s] Level 1:colcon.colcon_core.environment:create_file_with_runtime_dependencies(/home/sebas/mbehu_restored_ws/install/diffdrive_arduino/share/colcon-core/packages/diffdrive_arduino)
[7.794s] DEBUG:colcon.colcon_parallel_executor.executor.parallel:closing loop
[7.795s] DEBUG:colcon.colcon_parallel_executor.executor.parallel:loop closed
[7.796s] DEBUG:colcon.colcon_parallel_executor.executor.parallel:run_until_complete finished with '0'
[7.796s] DEBUG:colcon.colcon_core.event_reactor:joining thread
[7.830s] INFO:colcon.colcon_core.plugin_system:Skipping extension 'colcon_notification.desktop_notification.terminal_notifier': Not used on non-Darwin systems
[7.831s] INFO:colcon.colcon_core.plugin_system:Skipping extension 'colcon_notification.desktop_notification.win32': Not used on non-Windows systems
[7.831s] INFO:colcon.colcon_notification.desktop_notification:Sending desktop notification using 'notify2'
[7.873s] DEBUG:colcon.colcon_notification.desktop_notification.notify2:Failed to initialize notify2: org.freedesktop.DBus.Error.Spawn.ChildExited: Process org.freedesktop.Notifications exited with status 1
[7.873s] DEBUG:colcon.colcon_core.event_reactor:joined thread
[7.880s] INFO:colcon.colcon_core.shell:Creating prefix script '/home/sebas/mbehu_restored_ws/install/local_setup.ps1'
[7.885s] INFO:colcon.colcon_core.shell:Creating prefix util module '/home/sebas/mbehu_restored_ws/install/_local_setup_util_ps1.py'
[7.891s] INFO:colcon.colcon_core.shell:Creating prefix chain script '/home/sebas/mbehu_restored_ws/install/setup.ps1'
[7.900s] INFO:colcon.colcon_core.shell:Creating prefix script '/home/sebas/mbehu_restored_ws/install/local_setup.sh'
[7.903s] INFO:colcon.colcon_core.shell:Creating prefix util module '/home/sebas/mbehu_restored_ws/install/_local_setup_util_sh.py'
[7.905s] INFO:colcon.colcon_core.shell:Creating prefix chain script '/home/sebas/mbehu_restored_ws/install/setup.sh'
[7.915s] INFO:colcon.colcon_core.shell:Creating prefix script '/home/sebas/mbehu_restored_ws/install/local_setup.bash'
[7.918s] INFO:colcon.colcon_core.shell:Creating prefix chain script '/home/sebas/mbehu_restored_ws/install/setup.bash'
[7.927s] INFO:colcon.colcon_core.shell:Creating prefix script '/home/sebas/mbehu_restored_ws/install/local_setup.zsh'
[7.930s] INFO:colcon.colcon_core.shell:Creating prefix chain script '/home/sebas/mbehu_restored_ws/install/setup.zsh'
