[0.863s] DEBUG:colcon:Command line arguments: ['/usr/bin/colcon', 'build', '--symlink-install']
[0.864s] DEBUG:colcon:Parsed command line arguments: Namespace(allow_overriding=[], ament_cmake_args=None, base_paths=['.'], build_base='build', catkin_cmake_args=None, catkin_skip_building_tests=False, cmake_args=None, cmake_clean_cache=False, cmake_clean_first=False, cmake_force_configure=False, cmake_target=None, cmake_target_skip_unavailable=False, continue_on_error=False, event_handlers=None, executor='parallel', ignore_user_meta=False, install_base='install', log_base=None, log_level=None, main=<bound method BuildVerb.main of <colcon_core.verb.build.BuildVerb object at 0xffffab0b9d90>>, merge_install=False, metas=['./colcon.meta'], packages_above=None, packages_above_and_dependencies=None, packages_above_depth=None, packages_end=None, packages_ignore=None, packages_ignore_regex=None, packages_select=None, packages_select_build_failed=False, packages_select_by_dep=None, packages_select_regex=None, packages_select_test_failures=False, packages_skip=None, packages_skip_build_finished=False, packages_skip_by_dep=None, packages_skip_regex=None, packages_skip_test_passed=False, packages_skip_up_to=None, packages_start=None, packages_up_to=None, packages_up_to_regex=None, parallel_workers=4, paths=None, symlink_install=True, test_result_base=None, verb_extension=<colcon_core.verb.build.BuildVerb object at 0xffffab0b9d90>, verb_name='build', verb_parser=<colcon_defaults.argument_parser.defaults.DefaultArgumentsDecorator object at 0xffffab0bf340>)
[1.007s] Level 1:colcon.colcon_core.package_discovery:discover_packages(colcon_meta) check parameters
[1.008s] Level 1:colcon.colcon_core.package_discovery:discover_packages(recursive) check parameters
[1.008s] Level 1:colcon.colcon_core.package_discovery:discover_packages(ignore) check parameters
[1.008s] Level 1:colcon.colcon_core.package_discovery:discover_packages(path) check parameters
[1.008s] Level 1:colcon.colcon_core.package_discovery:discover_packages(colcon_meta) discover
[1.009s] Level 1:colcon.colcon_core.package_discovery:discover_packages(recursive) discover
[1.009s] INFO:colcon.colcon_core.package_discovery:Crawling recursively for packages in '/home/sebas/mbehu_restored_ws'
[1.009s] Level 1:colcon.colcon_core.package_identification:_identify(.) by extensions ['ignore', 'ignore_ament_install']
[1.010s] Level 1:colcon.colcon_core.package_identification:_identify(.) by extension 'ignore'
[1.010s] Level 1:colcon.colcon_core.package_identification:_identify(.) by extension 'ignore_ament_install'
[1.010s] Level 1:colcon.colcon_core.package_identification:_identify(.) by extensions ['colcon_pkg']
[1.011s] Level 1:colcon.colcon_core.package_identification:_identify(.) by extension 'colcon_pkg'
[1.011s] Level 1:colcon.colcon_core.package_identification:_identify(.) by extensions ['colcon_meta']
[1.011s] Level 1:colcon.colcon_core.package_identification:_identify(.) by extension 'colcon_meta'
[1.011s] Level 1:colcon.colcon_core.package_identification:_identify(.) by extensions ['ros']
[1.011s] Level 1:colcon.colcon_core.package_identification:_identify(.) by extension 'ros'
[1.062s] Level 1:colcon.colcon_core.package_identification:_identify(.) by extensions ['cmake', 'python']
[1.062s] Level 1:colcon.colcon_core.package_identification:_identify(.) by extension 'cmake'
[1.063s] Level 1:colcon.colcon_core.package_identification:_identify(.) by extension 'python'
[1.063s] Level 1:colcon.colcon_core.package_identification:_identify(.) by extensions ['python_setup_py']
[1.063s] Level 1:colcon.colcon_core.package_identification:_identify(.) by extension 'python_setup_py'
[1.064s] Level 1:colcon.colcon_core.package_identification:_identify(build) by extensions ['ignore', 'ignore_ament_install']
[1.065s] Level 1:colcon.colcon_core.package_identification:_identify(build) by extension 'ignore'
[1.065s] Level 1:colcon.colcon_core.package_identification:_identify(build) ignored
[1.066s] Level 1:colcon.colcon_core.package_identification:_identify(install) by extensions ['ignore', 'ignore_ament_install']
[1.067s] Level 1:colcon.colcon_core.package_identification:_identify(install) by extension 'ignore'
[1.067s] Level 1:colcon.colcon_core.package_identification:_identify(install) ignored
[1.068s] Level 1:colcon.colcon_core.package_identification:_identify(log) by extensions ['ignore', 'ignore_ament_install']
[1.069s] Level 1:colcon.colcon_core.package_identification:_identify(log) by extension 'ignore'
[1.069s] Level 1:colcon.colcon_core.package_identification:_identify(log) ignored
[1.070s] Level 1:colcon.colcon_core.package_identification:_identify(src) by extensions ['ignore', 'ignore_ament_install']
[1.071s] Level 1:colcon.colcon_core.package_identification:_identify(src) by extension 'ignore'
[1.071s] Level 1:colcon.colcon_core.package_identification:_identify(src) by extension 'ignore_ament_install'
[1.071s] Level 1:colcon.colcon_core.package_identification:_identify(src) by extensions ['colcon_pkg']
[1.072s] Level 1:colcon.colcon_core.package_identification:_identify(src) by extension 'colcon_pkg'
[1.072s] Level 1:colcon.colcon_core.package_identification:_identify(src) by extensions ['colcon_meta']
[1.072s] Level 1:colcon.colcon_core.package_identification:_identify(src) by extension 'colcon_meta'
[1.073s] Level 1:colcon.colcon_core.package_identification:_identify(src) by extensions ['ros']
[1.073s] Level 1:colcon.colcon_core.package_identification:_identify(src) by extension 'ros'
[1.073s] Level 1:colcon.colcon_core.package_identification:_identify(src) by extensions ['cmake', 'python']
[1.074s] Level 1:colcon.colcon_core.package_identification:_identify(src) by extension 'cmake'
[1.074s] Level 1:colcon.colcon_core.package_identification:_identify(src) by extension 'python'
[1.074s] Level 1:colcon.colcon_core.package_identification:_identify(src) by extensions ['python_setup_py']
[1.075s] Level 1:colcon.colcon_core.package_identification:_identify(src) by extension 'python_setup_py'
[1.075s] Level 1:colcon.colcon_core.package_identification:_identify(src/diffdrive_arduino) by extensions ['ignore', 'ignore_ament_install']
[1.076s] Level 1:colcon.colcon_core.package_identification:_identify(src/diffdrive_arduino) by extension 'ignore'
[1.076s] Level 1:colcon.colcon_core.package_identification:_identify(src/diffdrive_arduino) by extension 'ignore_ament_install'
[1.077s] Level 1:colcon.colcon_core.package_identification:_identify(src/diffdrive_arduino) by extensions ['colcon_pkg']
[1.077s] Level 1:colcon.colcon_core.package_identification:_identify(src/diffdrive_arduino) by extension 'colcon_pkg'
[1.077s] Level 1:colcon.colcon_core.package_identification:_identify(src/diffdrive_arduino) by extensions ['colcon_meta']
[1.078s] Level 1:colcon.colcon_core.package_identification:_identify(src/diffdrive_arduino) by extension 'colcon_meta'
[1.078s] Level 1:colcon.colcon_core.package_identification:_identify(src/diffdrive_arduino) by extensions ['ros']
[1.078s] Level 1:colcon.colcon_core.package_identification:_identify(src/diffdrive_arduino) by extension 'ros'
[1.090s] DEBUG:colcon.colcon_core.package_identification:Package 'src/diffdrive_arduino' with type 'ros.ament_cmake' and name 'diffdrive_arduino'
[1.091s] Level 1:colcon.colcon_core.package_identification:_identify(src/ldlidar_sl_ros2) by extensions ['ignore', 'ignore_ament_install']
[1.092s] Level 1:colcon.colcon_core.package_identification:_identify(src/ldlidar_sl_ros2) by extension 'ignore'
[1.092s] Level 1:colcon.colcon_core.package_identification:_identify(src/ldlidar_sl_ros2) by extension 'ignore_ament_install'
[1.092s] Level 1:colcon.colcon_core.package_identification:_identify(src/ldlidar_sl_ros2) by extensions ['colcon_pkg']
[1.093s] Level 1:colcon.colcon_core.package_identification:_identify(src/ldlidar_sl_ros2) by extension 'colcon_pkg'
[1.093s] Level 1:colcon.colcon_core.package_identification:_identify(src/ldlidar_sl_ros2) by extensions ['colcon_meta']
[1.093s] Level 1:colcon.colcon_core.package_identification:_identify(src/ldlidar_sl_ros2) by extension 'colcon_meta'
[1.094s] Level 1:colcon.colcon_core.package_identification:_identify(src/ldlidar_sl_ros2) by extensions ['ros']
[1.094s] Level 1:colcon.colcon_core.package_identification:_identify(src/ldlidar_sl_ros2) by extension 'ros'
[1.098s] DEBUG:colcon.colcon_core.package_identification:Package 'src/ldlidar_sl_ros2' with type 'ros.ament_cmake' and name 'ldlidar_sl_ros2'
[1.099s] Level 1:colcon.colcon_core.package_identification:_identify(src/mbehu_bot) by extensions ['ignore', 'ignore_ament_install']
[1.099s] Level 1:colcon.colcon_core.package_identification:_identify(src/mbehu_bot) by extension 'ignore'
[1.100s] Level 1:colcon.colcon_core.package_identification:_identify(src/mbehu_bot) by extension 'ignore_ament_install'
[1.100s] Level 1:colcon.colcon_core.package_identification:_identify(src/mbehu_bot) by extensions ['colcon_pkg']
[1.100s] Level 1:colcon.colcon_core.package_identification:_identify(src/mbehu_bot) by extension 'colcon_pkg'
[1.100s] Level 1:colcon.colcon_core.package_identification:_identify(src/mbehu_bot) by extensions ['colcon_meta']
[1.101s] Level 1:colcon.colcon_core.package_identification:_identify(src/mbehu_bot) by extension 'colcon_meta'
[1.101s] Level 1:colcon.colcon_core.package_identification:_identify(src/mbehu_bot) by extensions ['ros']
[1.101s] Level 1:colcon.colcon_core.package_identification:_identify(src/mbehu_bot) by extension 'ros'
[1.104s] DEBUG:colcon.colcon_core.package_identification:Package 'src/mbehu_bot' with type 'ros.ament_cmake' and name 'mbehu_bot'
[1.106s] Level 1:colcon.colcon_core.package_identification:_identify(src/serial) by extensions ['ignore', 'ignore_ament_install']
[1.106s] Level 1:colcon.colcon_core.package_identification:_identify(src/serial) by extension 'ignore'
[1.107s] Level 1:colcon.colcon_core.package_identification:_identify(src/serial) by extension 'ignore_ament_install'
[1.107s] Level 1:colcon.colcon_core.package_identification:_identify(src/serial) by extensions ['colcon_pkg']
[1.107s] Level 1:colcon.colcon_core.package_identification:_identify(src/serial) by extension 'colcon_pkg'
[1.108s] Level 1:colcon.colcon_core.package_identification:_identify(src/serial) by extensions ['colcon_meta']
[1.108s] Level 1:colcon.colcon_core.package_identification:_identify(src/serial) by extension 'colcon_meta'
[1.108s] Level 1:colcon.colcon_core.package_identification:_identify(src/serial) by extensions ['ros']
[1.109s] Level 1:colcon.colcon_core.package_identification:_identify(src/serial) by extension 'ros'
[1.111s] DEBUG:colcon.colcon_core.package_identification:Package 'src/serial' with type 'ros.ament_cmake' and name 'serial'
[1.112s] Level 1:colcon.colcon_core.package_identification:_identify(src/serial_motor_demo) by extensions ['ignore', 'ignore_ament_install']
[1.113s] Level 1:colcon.colcon_core.package_identification:_identify(src/serial_motor_demo) by extension 'ignore'
[1.113s] Level 1:colcon.colcon_core.package_identification:_identify(src/serial_motor_demo) by extension 'ignore_ament_install'
[1.114s] Level 1:colcon.colcon_core.package_identification:_identify(src/serial_motor_demo) by extensions ['colcon_pkg']
[1.114s] Level 1:colcon.colcon_core.package_identification:_identify(src/serial_motor_demo) by extension 'colcon_pkg'
[1.114s] Level 1:colcon.colcon_core.package_identification:_identify(src/serial_motor_demo) by extensions ['colcon_meta']
[1.114s] Level 1:colcon.colcon_core.package_identification:_identify(src/serial_motor_demo) by extension 'colcon_meta'
[1.114s] Level 1:colcon.colcon_core.package_identification:_identify(src/serial_motor_demo) by extensions ['ros']
[1.115s] Level 1:colcon.colcon_core.package_identification:_identify(src/serial_motor_demo) by extension 'ros'
[1.115s] Level 1:colcon.colcon_core.package_identification:_identify(src/serial_motor_demo) by extensions ['cmake', 'python']
[1.115s] Level 1:colcon.colcon_core.package_identification:_identify(src/serial_motor_demo) by extension 'cmake'
[1.115s] Level 1:colcon.colcon_core.package_identification:_identify(src/serial_motor_demo) by extension 'python'
[1.116s] Level 1:colcon.colcon_core.package_identification:_identify(src/serial_motor_demo) by extensions ['python_setup_py']
[1.116s] Level 1:colcon.colcon_core.package_identification:_identify(src/serial_motor_demo) by extension 'python_setup_py'
[1.116s] Level 1:colcon.colcon_core.package_identification:_identify(src/serial_motor_demo/serial_motor_demo) by extensions ['ignore', 'ignore_ament_install']
[1.117s] Level 1:colcon.colcon_core.package_identification:_identify(src/serial_motor_demo/serial_motor_demo) by extension 'ignore'
[1.117s] Level 1:colcon.colcon_core.package_identification:_identify(src/serial_motor_demo/serial_motor_demo) by extension 'ignore_ament_install'
[1.118s] Level 1:colcon.colcon_core.package_identification:_identify(src/serial_motor_demo/serial_motor_demo) by extensions ['colcon_pkg']
[1.118s] Level 1:colcon.colcon_core.package_identification:_identify(src/serial_motor_demo/serial_motor_demo) by extension 'colcon_pkg'
[1.118s] Level 1:colcon.colcon_core.package_identification:_identify(src/serial_motor_demo/serial_motor_demo) by extensions ['colcon_meta']
[1.118s] Level 1:colcon.colcon_core.package_identification:_identify(src/serial_motor_demo/serial_motor_demo) by extension 'colcon_meta'
[1.119s] Level 1:colcon.colcon_core.package_identification:_identify(src/serial_motor_demo/serial_motor_demo) by extensions ['ros']
[1.119s] Level 1:colcon.colcon_core.package_identification:_identify(src/serial_motor_demo/serial_motor_demo) by extension 'ros'
[1.122s] DEBUG:colcon.colcon_core.package_identification:Package 'src/serial_motor_demo/serial_motor_demo' with type 'ros.ament_python' and name 'serial_motor_demo'
[1.123s] Level 1:colcon.colcon_core.package_identification:_identify(src/serial_motor_demo/serial_motor_demo_msgs) by extensions ['ignore', 'ignore_ament_install']
[1.123s] Level 1:colcon.colcon_core.package_identification:_identify(src/serial_motor_demo/serial_motor_demo_msgs) by extension 'ignore'
[1.124s] Level 1:colcon.colcon_core.package_identification:_identify(src/serial_motor_demo/serial_motor_demo_msgs) by extension 'ignore_ament_install'
[1.124s] Level 1:colcon.colcon_core.package_identification:_identify(src/serial_motor_demo/serial_motor_demo_msgs) by extensions ['colcon_pkg']
[1.124s] Level 1:colcon.colcon_core.package_identification:_identify(src/serial_motor_demo/serial_motor_demo_msgs) by extension 'colcon_pkg'
[1.125s] Level 1:colcon.colcon_core.package_identification:_identify(src/serial_motor_demo/serial_motor_demo_msgs) by extensions ['colcon_meta']
[1.125s] Level 1:colcon.colcon_core.package_identification:_identify(src/serial_motor_demo/serial_motor_demo_msgs) by extension 'colcon_meta'
[1.125s] Level 1:colcon.colcon_core.package_identification:_identify(src/serial_motor_demo/serial_motor_demo_msgs) by extensions ['ros']
[1.126s] Level 1:colcon.colcon_core.package_identification:_identify(src/serial_motor_demo/serial_motor_demo_msgs) by extension 'ros'
[1.128s] DEBUG:colcon.colcon_core.package_identification:Package 'src/serial_motor_demo/serial_motor_demo_msgs' with type 'ros.ament_cmake' and name 'serial_motor_demo_msgs'
[1.129s] Level 1:colcon.colcon_core.package_discovery:discover_packages(recursive) using defaults
[1.129s] Level 1:colcon.colcon_core.package_discovery:discover_packages(ignore) discover
[1.129s] Level 1:colcon.colcon_core.package_discovery:discover_packages(ignore) using defaults
[1.129s] Level 1:colcon.colcon_core.package_discovery:discover_packages(path) discover
[1.130s] Level 1:colcon.colcon_core.package_discovery:discover_packages(path) using defaults
[1.238s] Level 1:colcon.colcon_core.package_discovery:discover_packages(prefix_path) check parameters
[1.239s] Level 1:colcon.colcon_core.package_discovery:discover_packages(prefix_path) discover
[1.258s] DEBUG:colcon.colcon_installed_package_information.package_discovery:Found 6 installed packages in /home/sebas/mbehu_restored_ws/install
[1.265s] DEBUG:colcon.colcon_installed_package_information.package_discovery:Found 8 installed packages in /home/sebas/mbehu_ws/install
[1.281s] DEBUG:colcon.colcon_installed_package_information.package_discovery:Found 340 installed packages in /opt/ros/foxy
[1.291s] Level 1:colcon.colcon_core.package_discovery:discover_packages(prefix_path) using defaults
[1.748s] Level 5:colcon.colcon_core.verb:set package 'ldlidar_sl_ros2' build argument 'cmake_args' from command line to 'None'
[1.748s] Level 5:colcon.colcon_core.verb:set package 'ldlidar_sl_ros2' build argument 'cmake_target' from command line to 'None'
[1.748s] Level 5:colcon.colcon_core.verb:set package 'ldlidar_sl_ros2' build argument 'cmake_target_skip_unavailable' from command line to 'False'
[1.748s] Level 5:colcon.colcon_core.verb:set package 'ldlidar_sl_ros2' build argument 'cmake_clean_cache' from command line to 'False'
[1.749s] Level 5:colcon.colcon_core.verb:set package 'ldlidar_sl_ros2' build argument 'cmake_clean_first' from command line to 'False'
[1.749s] Level 5:colcon.colcon_core.verb:set package 'ldlidar_sl_ros2' build argument 'cmake_force_configure' from command line to 'False'
[1.749s] Level 5:colcon.colcon_core.verb:set package 'ldlidar_sl_ros2' build argument 'ament_cmake_args' from command line to 'None'
[1.749s] Level 5:colcon.colcon_core.verb:set package 'ldlidar_sl_ros2' build argument 'catkin_cmake_args' from command line to 'None'
[1.749s] Level 5:colcon.colcon_core.verb:set package 'ldlidar_sl_ros2' build argument 'catkin_skip_building_tests' from command line to 'False'
[1.750s] DEBUG:colcon.colcon_core.verb:Building package 'ldlidar_sl_ros2' with the following arguments: {'ament_cmake_args': None, 'build_base': '/home/sebas/mbehu_restored_ws/build/ldlidar_sl_ros2', 'catkin_cmake_args': None, 'catkin_skip_building_tests': False, 'cmake_args': None, 'cmake_clean_cache': False, 'cmake_clean_first': False, 'cmake_force_configure': False, 'cmake_target': None, 'cmake_target_skip_unavailable': False, 'install_base': '/home/sebas/mbehu_restored_ws/install/ldlidar_sl_ros2', 'merge_install': False, 'path': '/home/sebas/mbehu_restored_ws/src/ldlidar_sl_ros2', 'symlink_install': True, 'test_result_base': None}
[1.755s] Level 5:colcon.colcon_core.verb:set package 'mbehu_bot' build argument 'cmake_args' from command line to 'None'
[1.755s] Level 5:colcon.colcon_core.verb:set package 'mbehu_bot' build argument 'cmake_target' from command line to 'None'
[1.756s] Level 5:colcon.colcon_core.verb:set package 'mbehu_bot' build argument 'cmake_target_skip_unavailable' from command line to 'False'
[1.756s] Level 5:colcon.colcon_core.verb:set package 'mbehu_bot' build argument 'cmake_clean_cache' from command line to 'False'
[1.756s] Level 5:colcon.colcon_core.verb:set package 'mbehu_bot' build argument 'cmake_clean_first' from command line to 'False'
[1.756s] Level 5:colcon.colcon_core.verb:set package 'mbehu_bot' build argument 'cmake_force_configure' from command line to 'False'
[1.757s] Level 5:colcon.colcon_core.verb:set package 'mbehu_bot' build argument 'ament_cmake_args' from command line to 'None'
[1.757s] Level 5:colcon.colcon_core.verb:set package 'mbehu_bot' build argument 'catkin_cmake_args' from command line to 'None'
[1.757s] Level 5:colcon.colcon_core.verb:set package 'mbehu_bot' build argument 'catkin_skip_building_tests' from command line to 'False'
[1.757s] DEBUG:colcon.colcon_core.verb:Building package 'mbehu_bot' with the following arguments: {'ament_cmake_args': None, 'build_base': '/home/sebas/mbehu_restored_ws/build/mbehu_bot', 'catkin_cmake_args': None, 'catkin_skip_building_tests': False, 'cmake_args': None, 'cmake_clean_cache': False, 'cmake_clean_first': False, 'cmake_force_configure': False, 'cmake_target': None, 'cmake_target_skip_unavailable': False, 'install_base': '/home/sebas/mbehu_restored_ws/install/mbehu_bot', 'merge_install': False, 'path': '/home/sebas/mbehu_restored_ws/src/mbehu_bot', 'symlink_install': True, 'test_result_base': None}
[1.762s] Level 5:colcon.colcon_core.verb:set package 'serial' build argument 'cmake_args' from command line to 'None'
[1.763s] Level 5:colcon.colcon_core.verb:set package 'serial' build argument 'cmake_target' from command line to 'None'
[1.763s] Level 5:colcon.colcon_core.verb:set package 'serial' build argument 'cmake_target_skip_unavailable' from command line to 'False'
[1.763s] Level 5:colcon.colcon_core.verb:set package 'serial' build argument 'cmake_clean_cache' from command line to 'False'
[1.763s] Level 5:colcon.colcon_core.verb:set package 'serial' build argument 'cmake_clean_first' from command line to 'False'
[1.763s] Level 5:colcon.colcon_core.verb:set package 'serial' build argument 'cmake_force_configure' from command line to 'False'
[1.764s] Level 5:colcon.colcon_core.verb:set package 'serial' build argument 'ament_cmake_args' from command line to 'None'
[1.764s] Level 5:colcon.colcon_core.verb:set package 'serial' build argument 'catkin_cmake_args' from command line to 'None'
[1.764s] Level 5:colcon.colcon_core.verb:set package 'serial' build argument 'catkin_skip_building_tests' from command line to 'False'
[1.764s] DEBUG:colcon.colcon_core.verb:Building package 'serial' with the following arguments: {'ament_cmake_args': None, 'build_base': '/home/sebas/mbehu_restored_ws/build/serial', 'catkin_cmake_args': None, 'catkin_skip_building_tests': False, 'cmake_args': None, 'cmake_clean_cache': False, 'cmake_clean_first': False, 'cmake_force_configure': False, 'cmake_target': None, 'cmake_target_skip_unavailable': False, 'install_base': '/home/sebas/mbehu_restored_ws/install/serial', 'merge_install': False, 'path': '/home/sebas/mbehu_restored_ws/src/serial', 'symlink_install': True, 'test_result_base': None}
[1.770s] Level 5:colcon.colcon_core.verb:set package 'serial_motor_demo_msgs' build argument 'cmake_args' from command line to 'None'
[1.770s] Level 5:colcon.colcon_core.verb:set package 'serial_motor_demo_msgs' build argument 'cmake_target' from command line to 'None'
[1.770s] Level 5:colcon.colcon_core.verb:set package 'serial_motor_demo_msgs' build argument 'cmake_target_skip_unavailable' from command line to 'False'
[1.770s] Level 5:colcon.colcon_core.verb:set package 'serial_motor_demo_msgs' build argument 'cmake_clean_cache' from command line to 'False'
[1.770s] Level 5:colcon.colcon_core.verb:set package 'serial_motor_demo_msgs' build argument 'cmake_clean_first' from command line to 'False'
[1.771s] Level 5:colcon.colcon_core.verb:set package 'serial_motor_demo_msgs' build argument 'cmake_force_configure' from command line to 'False'
[1.771s] Level 5:colcon.colcon_core.verb:set package 'serial_motor_demo_msgs' build argument 'ament_cmake_args' from command line to 'None'
[1.771s] Level 5:colcon.colcon_core.verb:set package 'serial_motor_demo_msgs' build argument 'catkin_cmake_args' from command line to 'None'
[1.771s] Level 5:colcon.colcon_core.verb:set package 'serial_motor_demo_msgs' build argument 'catkin_skip_building_tests' from command line to 'False'
[1.771s] DEBUG:colcon.colcon_core.verb:Building package 'serial_motor_demo_msgs' with the following arguments: {'ament_cmake_args': None, 'build_base': '/home/sebas/mbehu_restored_ws/build/serial_motor_demo_msgs', 'catkin_cmake_args': None, 'catkin_skip_building_tests': False, 'cmake_args': None, 'cmake_clean_cache': False, 'cmake_clean_first': False, 'cmake_force_configure': False, 'cmake_target': None, 'cmake_target_skip_unavailable': False, 'install_base': '/home/sebas/mbehu_restored_ws/install/serial_motor_demo_msgs', 'merge_install': False, 'path': '/home/sebas/mbehu_restored_ws/src/serial_motor_demo/serial_motor_demo_msgs', 'symlink_install': True, 'test_result_base': None}
[1.776s] Level 5:colcon.colcon_core.verb:set package 'diffdrive_arduino' build argument 'cmake_args' from command line to 'None'
[1.777s] Level 5:colcon.colcon_core.verb:set package 'diffdrive_arduino' build argument 'cmake_target' from command line to 'None'
[1.777s] Level 5:colcon.colcon_core.verb:set package 'diffdrive_arduino' build argument 'cmake_target_skip_unavailable' from command line to 'False'
[1.777s] Level 5:colcon.colcon_core.verb:set package 'diffdrive_arduino' build argument 'cmake_clean_cache' from command line to 'False'
[1.777s] Level 5:colcon.colcon_core.verb:set package 'diffdrive_arduino' build argument 'cmake_clean_first' from command line to 'False'
[1.777s] Level 5:colcon.colcon_core.verb:set package 'diffdrive_arduino' build argument 'cmake_force_configure' from command line to 'False'
[1.778s] Level 5:colcon.colcon_core.verb:set package 'diffdrive_arduino' build argument 'ament_cmake_args' from command line to 'None'
[1.778s] Level 5:colcon.colcon_core.verb:set package 'diffdrive_arduino' build argument 'catkin_cmake_args' from command line to 'None'
[1.778s] Level 5:colcon.colcon_core.verb:set package 'diffdrive_arduino' build argument 'catkin_skip_building_tests' from command line to 'False'
[1.778s] DEBUG:colcon.colcon_core.verb:Building package 'diffdrive_arduino' with the following arguments: {'ament_cmake_args': None, 'build_base': '/home/sebas/mbehu_restored_ws/build/diffdrive_arduino', 'catkin_cmake_args': None, 'catkin_skip_building_tests': False, 'cmake_args': None, 'cmake_clean_cache': False, 'cmake_clean_first': False, 'cmake_force_configure': False, 'cmake_target': None, 'cmake_target_skip_unavailable': False, 'install_base': '/home/sebas/mbehu_restored_ws/install/diffdrive_arduino', 'merge_install': False, 'path': '/home/sebas/mbehu_restored_ws/src/diffdrive_arduino', 'symlink_install': True, 'test_result_base': None}
[1.784s] Level 5:colcon.colcon_core.verb:set package 'serial_motor_demo' build argument 'cmake_args' from command line to 'None'
[1.785s] Level 5:colcon.colcon_core.verb:set package 'serial_motor_demo' build argument 'cmake_target' from command line to 'None'
[1.785s] Level 5:colcon.colcon_core.verb:set package 'serial_motor_demo' build argument 'cmake_target_skip_unavailable' from command line to 'False'
[1.785s] Level 5:colcon.colcon_core.verb:set package 'serial_motor_demo' build argument 'cmake_clean_cache' from command line to 'False'
[1.786s] Level 5:colcon.colcon_core.verb:set package 'serial_motor_demo' build argument 'cmake_clean_first' from command line to 'False'
[1.786s] Level 5:colcon.colcon_core.verb:set package 'serial_motor_demo' build argument 'cmake_force_configure' from command line to 'False'
[1.786s] Level 5:colcon.colcon_core.verb:set package 'serial_motor_demo' build argument 'ament_cmake_args' from command line to 'None'
[1.786s] Level 5:colcon.colcon_core.verb:set package 'serial_motor_demo' build argument 'catkin_cmake_args' from command line to 'None'
[1.786s] Level 5:colcon.colcon_core.verb:set package 'serial_motor_demo' build argument 'catkin_skip_building_tests' from command line to 'False'
[1.787s] DEBUG:colcon.colcon_core.verb:Building package 'serial_motor_demo' with the following arguments: {'ament_cmake_args': None, 'build_base': '/home/sebas/mbehu_restored_ws/build/serial_motor_demo', 'catkin_cmake_args': None, 'catkin_skip_building_tests': False, 'cmake_args': None, 'cmake_clean_cache': False, 'cmake_clean_first': False, 'cmake_force_configure': False, 'cmake_target': None, 'cmake_target_skip_unavailable': False, 'install_base': '/home/sebas/mbehu_restored_ws/install/serial_motor_demo', 'merge_install': False, 'path': '/home/sebas/mbehu_restored_ws/src/serial_motor_demo/serial_motor_demo', 'symlink_install': True, 'test_result_base': None}
[1.791s] INFO:colcon.colcon_core.executor:Executing jobs using 'parallel' executor
[1.816s] DEBUG:colcon.colcon_parallel_executor.executor.parallel:run_until_complete
[1.818s] INFO:colcon.colcon_ros.task.ament_cmake.build:Building ROS package in '/home/sebas/mbehu_restored_ws/src/serial' with build type 'ament_cmake'
[1.820s] INFO:colcon.colcon_cmake.task.cmake.build:Building CMake package in '/home/sebas/mbehu_restored_ws/src/serial'
[1.849s] INFO:colcon.colcon_core.plugin_system:Skipping extension 'colcon_core.shell.bat': Not used on non-Windows systems
[1.850s] INFO:colcon.colcon_core.shell:Skip shell extension 'powershell' for command environment: Not usable outside of PowerShell
[1.850s] DEBUG:colcon.colcon_core.shell:Skip shell extension 'dsv' for command environment
[1.911s] INFO:colcon.colcon_ros.task.ament_cmake.build:Building ROS package in '/home/sebas/mbehu_restored_ws/src/serial_motor_demo/serial_motor_demo_msgs' with build type 'ament_cmake'
[1.914s] INFO:colcon.colcon_cmake.task.cmake.build:Building CMake package in '/home/sebas/mbehu_restored_ws/src/serial_motor_demo/serial_motor_demo_msgs'
[1.929s] INFO:colcon.colcon_core.shell:Skip shell extension 'powershell' for command environment: Not usable outside of PowerShell
[1.930s] DEBUG:colcon.colcon_core.shell:Skip shell extension 'dsv' for command environment
[1.985s] INFO:colcon.colcon_ros.task.ament_cmake.build:Building ROS package in '/home/sebas/mbehu_restored_ws/src/ldlidar_sl_ros2' with build type 'ament_cmake'
[1.987s] INFO:colcon.colcon_cmake.task.cmake.build:Building CMake package in '/home/sebas/mbehu_restored_ws/src/ldlidar_sl_ros2'
[1.996s] INFO:colcon.colcon_core.shell:Skip shell extension 'powershell' for command environment: Not usable outside of PowerShell
[1.997s] DEBUG:colcon.colcon_core.shell:Skip shell extension 'dsv' for command environment
[2.041s] INFO:colcon.colcon_ros.task.ament_cmake.build:Building ROS package in '/home/sebas/mbehu_restored_ws/src/mbehu_bot' with build type 'ament_cmake'
[2.042s] INFO:colcon.colcon_cmake.task.cmake.build:Building CMake package in '/home/sebas/mbehu_restored_ws/src/mbehu_bot'
[2.050s] INFO:colcon.colcon_core.shell:Skip shell extension 'powershell' for command environment: Not usable outside of PowerShell
[2.051s] DEBUG:colcon.colcon_core.shell:Skip shell extension 'dsv' for command environment
[2.123s] DEBUG:colcon.colcon_core.event_handler.log_command:Invoking command in '/home/sebas/mbehu_restored_ws/build/serial': CMAKE_PREFIX_PATH=${CMAKE_PREFIX_PATH}:/home/sebas/mbehu_restored_ws/install/serial_motor_demo:/home/sebas/mbehu_ws/install/ultrasonico:/home/sebas/mbehu_ws/install/mpu6050_pkg:/home/sebas/mbehu_ws/install/mpu6050:/opt/ros/foxy /usr/bin/cmake --build /home/sebas/mbehu_restored_ws/build/serial -- -j4 -l4
[2.162s] DEBUG:colcon.colcon_core.event_handler.log_command:Invoking command in '/home/sebas/mbehu_restored_ws/build/serial_motor_demo_msgs': CMAKE_PREFIX_PATH=${CMAKE_PREFIX_PATH}:/home/sebas/mbehu_restored_ws/install/serial_motor_demo:/home/sebas/mbehu_ws/install/ultrasonico:/home/sebas/mbehu_ws/install/mpu6050_pkg:/home/sebas/mbehu_ws/install/mpu6050:/opt/ros/foxy /usr/bin/cmake --build /home/sebas/mbehu_restored_ws/build/serial_motor_demo_msgs -- -j4 -l4
[2.178s] DEBUG:colcon.colcon_core.event_handler.log_command:Invoking command in '/home/sebas/mbehu_restored_ws/build/ldlidar_sl_ros2': CMAKE_PREFIX_PATH=${CMAKE_PREFIX_PATH}:/home/sebas/mbehu_restored_ws/install/serial_motor_demo:/home/sebas/mbehu_ws/install/ultrasonico:/home/sebas/mbehu_ws/install/mpu6050_pkg:/home/sebas/mbehu_ws/install/mpu6050:/opt/ros/foxy /usr/bin/cmake --build /home/sebas/mbehu_restored_ws/build/ldlidar_sl_ros2 -- -j4 -l4
[2.249s] DEBUG:colcon.colcon_core.event_handler.log_command:Invoking command in '/home/sebas/mbehu_restored_ws/build/mbehu_bot': CMAKE_PREFIX_PATH=${CMAKE_PREFIX_PATH}:/home/sebas/mbehu_restored_ws/install/serial_motor_demo:/home/sebas/mbehu_ws/install/ultrasonico:/home/sebas/mbehu_ws/install/mpu6050_pkg:/home/sebas/mbehu_ws/install/mpu6050:/opt/ros/foxy /usr/bin/cmake --build /home/sebas/mbehu_restored_ws/build/mbehu_bot -- -j4 -l4
[2.696s] DEBUG:colcon.colcon_core.event_handler.log_command:Invoked command in '/home/sebas/mbehu_restored_ws/build/mbehu_bot' returned '0': CMAKE_PREFIX_PATH=${CMAKE_PREFIX_PATH}:/home/sebas/mbehu_restored_ws/install/serial_motor_demo:/home/sebas/mbehu_ws/install/ultrasonico:/home/sebas/mbehu_ws/install/mpu6050_pkg:/home/sebas/mbehu_ws/install/mpu6050:/opt/ros/foxy /usr/bin/cmake --build /home/sebas/mbehu_restored_ws/build/mbehu_bot -- -j4 -l4
[3.121s] DEBUG:colcon.colcon_core.event_handler.log_command:Invoked command in '/home/sebas/mbehu_restored_ws/build/ldlidar_sl_ros2' returned '0': CMAKE_PREFIX_PATH=${CMAKE_PREFIX_PATH}:/home/sebas/mbehu_restored_ws/install/serial_motor_demo:/home/sebas/mbehu_ws/install/ultrasonico:/home/sebas/mbehu_ws/install/mpu6050_pkg:/home/sebas/mbehu_ws/install/mpu6050:/opt/ros/foxy /usr/bin/cmake --build /home/sebas/mbehu_restored_ws/build/ldlidar_sl_ros2 -- -j4 -l4
[3.190s] DEBUG:colcon.colcon_core.event_handler.log_command:Invoked command in '/home/sebas/mbehu_restored_ws/build/serial' returned '0': CMAKE_PREFIX_PATH=${CMAKE_PREFIX_PATH}:/home/sebas/mbehu_restored_ws/install/serial_motor_demo:/home/sebas/mbehu_ws/install/ultrasonico:/home/sebas/mbehu_ws/install/mpu6050_pkg:/home/sebas/mbehu_ws/install/mpu6050:/opt/ros/foxy /usr/bin/cmake --build /home/sebas/mbehu_restored_ws/build/serial -- -j4 -l4
[3.359s] DEBUG:colcon.colcon_core.event_handler.log_command:Invoking command in '/home/sebas/mbehu_restored_ws/build/mbehu_bot': CMAKE_PREFIX_PATH=${CMAKE_PREFIX_PATH}:/home/sebas/mbehu_restored_ws/install/serial_motor_demo:/home/sebas/mbehu_ws/install/ultrasonico:/home/sebas/mbehu_ws/install/mpu6050_pkg:/home/sebas/mbehu_ws/install/mpu6050:/opt/ros/foxy /usr/bin/cmake --install /home/sebas/mbehu_restored_ws/build/mbehu_bot
[3.509s] DEBUG:colcon.colcon_core.event_handler.log_command:Invoking command in '/home/sebas/mbehu_restored_ws/build/serial': CMAKE_PREFIX_PATH=${CMAKE_PREFIX_PATH}:/home/sebas/mbehu_restored_ws/install/serial_motor_demo:/home/sebas/mbehu_ws/install/ultrasonico:/home/sebas/mbehu_ws/install/mpu6050_pkg:/home/sebas/mbehu_ws/install/mpu6050:/opt/ros/foxy /usr/bin/cmake --install /home/sebas/mbehu_restored_ws/build/serial
[3.673s] Level 1:colcon.colcon_core.environment:create_environment_scripts_only(mbehu_bot)
[3.697s] DEBUG:colcon.colcon_core.event_handler.log_command:Invoking command in '/home/sebas/mbehu_restored_ws/build/ldlidar_sl_ros2': CMAKE_PREFIX_PATH=${CMAKE_PREFIX_PATH}:/home/sebas/mbehu_restored_ws/install/serial_motor_demo:/home/sebas/mbehu_ws/install/ultrasonico:/home/sebas/mbehu_ws/install/mpu6050_pkg:/home/sebas/mbehu_ws/install/mpu6050:/opt/ros/foxy /usr/bin/cmake --install /home/sebas/mbehu_restored_ws/build/ldlidar_sl_ros2
[3.723s] DEBUG:colcon.colcon_core.event_handler.log_command:Invoked command in '/home/sebas/mbehu_restored_ws/build/mbehu_bot' returned '0': CMAKE_PREFIX_PATH=${CMAKE_PREFIX_PATH}:/home/sebas/mbehu_restored_ws/install/serial_motor_demo:/home/sebas/mbehu_ws/install/ultrasonico:/home/sebas/mbehu_ws/install/mpu6050_pkg:/home/sebas/mbehu_ws/install/mpu6050:/opt/ros/foxy /usr/bin/cmake --install /home/sebas/mbehu_restored_ws/build/mbehu_bot
[3.765s] Level 1:colcon.colcon_core.environment:checking '/home/sebas/mbehu_restored_ws/install/mbehu_bot' for CMake module files
[3.776s] Level 1:colcon.colcon_core.environment:checking '/home/sebas/mbehu_restored_ws/install/mbehu_bot' for CMake config files
[3.787s] Level 1:colcon.colcon_core.shell:create_environment_hook('mbehu_bot', 'cmake_prefix_path')
[3.800s] INFO:colcon.colcon_core.shell:Creating environment hook '/home/sebas/mbehu_restored_ws/install/mbehu_bot/share/mbehu_bot/hook/cmake_prefix_path.ps1'
[3.809s] INFO:colcon.colcon_core.shell:Creating environment descriptor '/home/sebas/mbehu_restored_ws/install/mbehu_bot/share/mbehu_bot/hook/cmake_prefix_path.dsv'
[3.818s] INFO:colcon.colcon_core.shell:Creating environment hook '/home/sebas/mbehu_restored_ws/install/mbehu_bot/share/mbehu_bot/hook/cmake_prefix_path.sh'
[3.827s] Level 1:colcon.colcon_core.environment:checking '/home/sebas/mbehu_restored_ws/install/mbehu_bot/bin'
[3.828s] Level 1:colcon.colcon_core.environment:checking '/home/sebas/mbehu_restored_ws/install/mbehu_bot/lib/pkgconfig/mbehu_bot.pc'
[3.830s] Level 1:colcon.colcon_core.environment:checking '/home/sebas/mbehu_restored_ws/install/mbehu_bot/lib/python3.8/site-packages'
[3.831s] Level 1:colcon.colcon_core.environment:checking '/home/sebas/mbehu_restored_ws/install/mbehu_bot/bin'
[3.842s] INFO:colcon.colcon_core.shell:Creating package script '/home/sebas/mbehu_restored_ws/install/mbehu_bot/share/mbehu_bot/package.ps1'
[3.848s] INFO:colcon.colcon_core.shell:Creating package descriptor '/home/sebas/mbehu_restored_ws/install/mbehu_bot/share/mbehu_bot/package.dsv'
[3.854s] INFO:colcon.colcon_core.shell:Creating package script '/home/sebas/mbehu_restored_ws/install/mbehu_bot/share/mbehu_bot/package.sh'
[3.858s] INFO:colcon.colcon_core.shell:Creating package script '/home/sebas/mbehu_restored_ws/install/mbehu_bot/share/mbehu_bot/package.bash'
[3.863s] INFO:colcon.colcon_core.shell:Creating package script '/home/sebas/mbehu_restored_ws/install/mbehu_bot/share/mbehu_bot/package.zsh'
[3.868s] Level 1:colcon.colcon_core.environment:create_file_with_runtime_dependencies(/home/sebas/mbehu_restored_ws/install/mbehu_bot/share/colcon-core/packages/mbehu_bot)
[3.890s] Level 1:colcon.colcon_core.environment:create_environment_scripts_only(serial)
[3.892s] DEBUG:colcon.colcon_core.event_handler.log_command:Invoked command in '/home/sebas/mbehu_restored_ws/build/serial' returned '0': CMAKE_PREFIX_PATH=${CMAKE_PREFIX_PATH}:/home/sebas/mbehu_restored_ws/install/serial_motor_demo:/home/sebas/mbehu_ws/install/ultrasonico:/home/sebas/mbehu_ws/install/mpu6050_pkg:/home/sebas/mbehu_ws/install/mpu6050:/opt/ros/foxy /usr/bin/cmake --install /home/sebas/mbehu_restored_ws/build/serial
[3.913s] Level 1:colcon.colcon_core.environment:checking '/home/sebas/mbehu_restored_ws/install/serial' for CMake module files
[3.924s] Level 1:colcon.colcon_core.environment:checking '/home/sebas/mbehu_restored_ws/install/serial' for CMake config files
[3.928s] Level 1:colcon.colcon_core.shell:create_environment_hook('serial', 'cmake_prefix_path')
[3.941s] INFO:colcon.colcon_core.shell:Creating environment hook '/home/sebas/mbehu_restored_ws/install/serial/share/serial/hook/cmake_prefix_path.ps1'
[3.950s] INFO:colcon.colcon_core.shell:Creating environment descriptor '/home/sebas/mbehu_restored_ws/install/serial/share/serial/hook/cmake_prefix_path.dsv'
[3.954s] INFO:colcon.colcon_core.shell:Creating environment hook '/home/sebas/mbehu_restored_ws/install/serial/share/serial/hook/cmake_prefix_path.sh'
[3.961s] Level 1:colcon.colcon_core.environment:checking '/home/sebas/mbehu_restored_ws/install/serial/lib'
[3.963s] Level 1:colcon.colcon_core.environment:checking '/home/sebas/mbehu_restored_ws/install/serial/bin'
[3.963s] Level 1:colcon.colcon_core.environment:checking '/home/sebas/mbehu_restored_ws/install/serial/lib/pkgconfig/serial.pc'
[3.965s] Level 1:colcon.colcon_core.environment:checking '/home/sebas/mbehu_restored_ws/install/serial/lib/python3.8/site-packages'
[3.967s] Level 1:colcon.colcon_core.environment:checking '/home/sebas/mbehu_restored_ws/install/serial/bin'
[3.987s] INFO:colcon.colcon_core.shell:Creating package script '/home/sebas/mbehu_restored_ws/install/serial/share/serial/package.ps1'
[3.992s] INFO:colcon.colcon_core.shell:Creating package descriptor '/home/sebas/mbehu_restored_ws/install/serial/share/serial/package.dsv'
[3.997s] INFO:colcon.colcon_core.shell:Creating package script '/home/sebas/mbehu_restored_ws/install/serial/share/serial/package.sh'
[4.002s] INFO:colcon.colcon_core.shell:Creating package script '/home/sebas/mbehu_restored_ws/install/serial/share/serial/package.bash'
[4.007s] INFO:colcon.colcon_core.shell:Creating package script '/home/sebas/mbehu_restored_ws/install/serial/share/serial/package.zsh'
[4.012s] Level 1:colcon.colcon_core.environment:create_file_with_runtime_dependencies(/home/sebas/mbehu_restored_ws/install/serial/share/colcon-core/packages/serial)
[4.044s] Level 1:colcon.colcon_core.environment:create_environment_scripts_only(ldlidar_sl_ros2)
[4.048s] DEBUG:colcon.colcon_core.event_handler.log_command:Invoked command in '/home/sebas/mbehu_restored_ws/build/ldlidar_sl_ros2' returned '0': CMAKE_PREFIX_PATH=${CMAKE_PREFIX_PATH}:/home/sebas/mbehu_restored_ws/install/serial_motor_demo:/home/sebas/mbehu_ws/install/ultrasonico:/home/sebas/mbehu_ws/install/mpu6050_pkg:/home/sebas/mbehu_ws/install/mpu6050:/opt/ros/foxy /usr/bin/cmake --install /home/sebas/mbehu_restored_ws/build/ldlidar_sl_ros2
[4.084s] Level 1:colcon.colcon_core.environment:checking '/home/sebas/mbehu_restored_ws/install/ldlidar_sl_ros2' for CMake module files
[4.090s] Level 1:colcon.colcon_core.environment:checking '/home/sebas/mbehu_restored_ws/install/ldlidar_sl_ros2' for CMake config files
[4.093s] Level 1:colcon.colcon_core.shell:create_environment_hook('ldlidar_sl_ros2', 'cmake_prefix_path')
[4.105s] INFO:colcon.colcon_core.shell:Creating environment hook '/home/sebas/mbehu_restored_ws/install/ldlidar_sl_ros2/share/ldlidar_sl_ros2/hook/cmake_prefix_path.ps1'
[4.108s] INFO:colcon.colcon_core.shell:Creating environment descriptor '/home/sebas/mbehu_restored_ws/install/ldlidar_sl_ros2/share/ldlidar_sl_ros2/hook/cmake_prefix_path.dsv'
[4.112s] INFO:colcon.colcon_core.shell:Creating environment hook '/home/sebas/mbehu_restored_ws/install/ldlidar_sl_ros2/share/ldlidar_sl_ros2/hook/cmake_prefix_path.sh'
[4.116s] Level 1:colcon.colcon_core.environment:checking '/home/sebas/mbehu_restored_ws/install/ldlidar_sl_ros2/lib'
[4.117s] Level 1:colcon.colcon_core.environment:checking '/home/sebas/mbehu_restored_ws/install/ldlidar_sl_ros2/bin'
[4.118s] Level 1:colcon.colcon_core.environment:checking '/home/sebas/mbehu_restored_ws/install/ldlidar_sl_ros2/lib/pkgconfig/ldlidar_sl_ros2.pc'
[4.120s] Level 1:colcon.colcon_core.environment:checking '/home/sebas/mbehu_restored_ws/install/ldlidar_sl_ros2/lib/python3.8/site-packages'
[4.122s] Level 1:colcon.colcon_core.environment:checking '/home/sebas/mbehu_restored_ws/install/ldlidar_sl_ros2/bin'
[4.133s] INFO:colcon.colcon_core.shell:Creating package script '/home/sebas/mbehu_restored_ws/install/ldlidar_sl_ros2/share/ldlidar_sl_ros2/package.ps1'
[4.136s] INFO:colcon.colcon_core.shell:Creating package descriptor '/home/sebas/mbehu_restored_ws/install/ldlidar_sl_ros2/share/ldlidar_sl_ros2/package.dsv'
[4.139s] INFO:colcon.colcon_core.shell:Creating package script '/home/sebas/mbehu_restored_ws/install/ldlidar_sl_ros2/share/ldlidar_sl_ros2/package.sh'
[4.143s] INFO:colcon.colcon_core.shell:Creating package script '/home/sebas/mbehu_restored_ws/install/ldlidar_sl_ros2/share/ldlidar_sl_ros2/package.bash'
[4.146s] INFO:colcon.colcon_core.shell:Creating package script '/home/sebas/mbehu_restored_ws/install/ldlidar_sl_ros2/share/ldlidar_sl_ros2/package.zsh'
[4.149s] Level 1:colcon.colcon_core.environment:create_file_with_runtime_dependencies(/home/sebas/mbehu_restored_ws/install/ldlidar_sl_ros2/share/colcon-core/packages/ldlidar_sl_ros2)
[4.199s] Level 1:colcon.colcon_core.environment:create_environment_scripts_only(mbehu_bot)
[4.222s] Level 1:colcon.colcon_core.environment:checking '/home/sebas/mbehu_restored_ws/install/mbehu_bot' for CMake module files
[4.225s] Level 1:colcon.colcon_core.environment:checking '/home/sebas/mbehu_restored_ws/install/mbehu_bot' for CMake config files
[4.228s] Level 1:colcon.colcon_core.shell:create_environment_hook('mbehu_bot', 'cmake_prefix_path')
[4.236s] INFO:colcon.colcon_core.shell:Creating environment hook '/home/sebas/mbehu_restored_ws/install/mbehu_bot/share/mbehu_bot/hook/cmake_prefix_path.ps1'
[4.239s] INFO:colcon.colcon_core.shell:Creating environment descriptor '/home/sebas/mbehu_restored_ws/install/mbehu_bot/share/mbehu_bot/hook/cmake_prefix_path.dsv'
[4.244s] INFO:colcon.colcon_core.shell:Creating environment hook '/home/sebas/mbehu_restored_ws/install/mbehu_bot/share/mbehu_bot/hook/cmake_prefix_path.sh'
[4.248s] Level 1:colcon.colcon_core.environment:checking '/home/sebas/mbehu_restored_ws/install/mbehu_bot/bin'
[4.248s] Level 1:colcon.colcon_core.environment:checking '/home/sebas/mbehu_restored_ws/install/mbehu_bot/lib/pkgconfig/mbehu_bot.pc'
[4.250s] Level 1:colcon.colcon_core.environment:checking '/home/sebas/mbehu_restored_ws/install/mbehu_bot/lib/python3.8/site-packages'
[4.251s] Level 1:colcon.colcon_core.environment:checking '/home/sebas/mbehu_restored_ws/install/mbehu_bot/bin'
[4.260s] INFO:colcon.colcon_core.shell:Creating package script '/home/sebas/mbehu_restored_ws/install/mbehu_bot/share/mbehu_bot/package.ps1'
[4.265s] INFO:colcon.colcon_core.shell:Creating package descriptor '/home/sebas/mbehu_restored_ws/install/mbehu_bot/share/mbehu_bot/package.dsv'
[4.268s] INFO:colcon.colcon_core.shell:Creating package script '/home/sebas/mbehu_restored_ws/install/mbehu_bot/share/mbehu_bot/package.sh'
[4.271s] INFO:colcon.colcon_core.shell:Creating package script '/home/sebas/mbehu_restored_ws/install/mbehu_bot/share/mbehu_bot/package.bash'
[4.274s] INFO:colcon.colcon_core.shell:Creating package script '/home/sebas/mbehu_restored_ws/install/mbehu_bot/share/mbehu_bot/package.zsh'
[4.276s] Level 1:colcon.colcon_core.environment:create_file_with_runtime_dependencies(/home/sebas/mbehu_restored_ws/install/mbehu_bot/share/colcon-core/packages/mbehu_bot)
[4.474s] Level 1:colcon.colcon_core.environment:create_environment_scripts_only(serial)
[4.490s] Level 1:colcon.colcon_core.environment:checking '/home/sebas/mbehu_restored_ws/install/serial' for CMake module files
[4.494s] Level 1:colcon.colcon_core.environment:checking '/home/sebas/mbehu_restored_ws/install/serial' for CMake config files
[4.496s] Level 1:colcon.colcon_core.shell:create_environment_hook('serial', 'cmake_prefix_path')
[4.508s] INFO:colcon.colcon_core.shell:Creating environment hook '/home/sebas/mbehu_restored_ws/install/serial/share/serial/hook/cmake_prefix_path.ps1'
[4.511s] INFO:colcon.colcon_core.shell:Creating environment descriptor '/home/sebas/mbehu_restored_ws/install/serial/share/serial/hook/cmake_prefix_path.dsv'
[4.514s] INFO:colcon.colcon_core.shell:Creating environment hook '/home/sebas/mbehu_restored_ws/install/serial/share/serial/hook/cmake_prefix_path.sh'
[4.518s] Level 1:colcon.colcon_core.environment:checking '/home/sebas/mbehu_restored_ws/install/serial/lib'
[4.519s] Level 1:colcon.colcon_core.environment:checking '/home/sebas/mbehu_restored_ws/install/serial/bin'
[4.521s] Level 1:colcon.colcon_core.environment:checking '/home/sebas/mbehu_restored_ws/install/serial/lib/pkgconfig/serial.pc'
[4.525s] Level 1:colcon.colcon_core.environment:checking '/home/sebas/mbehu_restored_ws/install/serial/lib/python3.8/site-packages'
[4.526s] Level 1:colcon.colcon_core.environment:checking '/home/sebas/mbehu_restored_ws/install/serial/bin'
[4.536s] INFO:colcon.colcon_core.shell:Creating package script '/home/sebas/mbehu_restored_ws/install/serial/share/serial/package.ps1'
[4.542s] INFO:colcon.colcon_core.shell:Creating package descriptor '/home/sebas/mbehu_restored_ws/install/serial/share/serial/package.dsv'
[4.548s] INFO:colcon.colcon_core.shell:Creating package script '/home/sebas/mbehu_restored_ws/install/serial/share/serial/package.sh'
[4.551s] INFO:colcon.colcon_core.shell:Creating package script '/home/sebas/mbehu_restored_ws/install/serial/share/serial/package.bash'
[4.555s] INFO:colcon.colcon_core.shell:Creating package script '/home/sebas/mbehu_restored_ws/install/serial/share/serial/package.zsh'
[4.558s] Level 1:colcon.colcon_core.environment:create_file_with_runtime_dependencies(/home/sebas/mbehu_restored_ws/install/serial/share/colcon-core/packages/serial)
[4.565s] INFO:colcon.colcon_ros.task.ament_cmake.build:Building ROS package in '/home/sebas/mbehu_restored_ws/src/diffdrive_arduino' with build type 'ament_cmake'
[4.567s] INFO:colcon.colcon_cmake.task.cmake.build:Building CMake package in '/home/sebas/mbehu_restored_ws/src/diffdrive_arduino'
[4.575s] INFO:colcon.colcon_core.shell:Skip shell extension 'powershell' for command environment: Not usable outside of PowerShell
[4.576s] DEBUG:colcon.colcon_core.shell:Skip shell extension 'dsv' for command environment
[4.643s] Level 1:colcon.colcon_core.environment:create_environment_scripts_only(ldlidar_sl_ros2)
[4.655s] Level 1:colcon.colcon_core.environment:checking '/home/sebas/mbehu_restored_ws/install/ldlidar_sl_ros2' for CMake module files
[4.659s] Level 1:colcon.colcon_core.environment:checking '/home/sebas/mbehu_restored_ws/install/ldlidar_sl_ros2' for CMake config files
[4.661s] Level 1:colcon.colcon_core.shell:create_environment_hook('ldlidar_sl_ros2', 'cmake_prefix_path')
[4.667s] INFO:colcon.colcon_core.shell:Creating environment hook '/home/sebas/mbehu_restored_ws/install/ldlidar_sl_ros2/share/ldlidar_sl_ros2/hook/cmake_prefix_path.ps1'
[4.671s] INFO:colcon.colcon_core.shell:Creating environment descriptor '/home/sebas/mbehu_restored_ws/install/ldlidar_sl_ros2/share/ldlidar_sl_ros2/hook/cmake_prefix_path.dsv'
[4.672s] INFO:colcon.colcon_core.shell:Creating environment hook '/home/sebas/mbehu_restored_ws/install/ldlidar_sl_ros2/share/ldlidar_sl_ros2/hook/cmake_prefix_path.sh'
[4.675s] Level 1:colcon.colcon_core.environment:checking '/home/sebas/mbehu_restored_ws/install/ldlidar_sl_ros2/lib'
[4.676s] Level 1:colcon.colcon_core.environment:checking '/home/sebas/mbehu_restored_ws/install/ldlidar_sl_ros2/bin'
[4.676s] Level 1:colcon.colcon_core.environment:checking '/home/sebas/mbehu_restored_ws/install/ldlidar_sl_ros2/lib/pkgconfig/ldlidar_sl_ros2.pc'
[4.678s] Level 1:colcon.colcon_core.environment:checking '/home/sebas/mbehu_restored_ws/install/ldlidar_sl_ros2/lib/python3.8/site-packages'
[4.678s] Level 1:colcon.colcon_core.environment:checking '/home/sebas/mbehu_restored_ws/install/ldlidar_sl_ros2/bin'
[4.685s] INFO:colcon.colcon_core.shell:Creating package script '/home/sebas/mbehu_restored_ws/install/ldlidar_sl_ros2/share/ldlidar_sl_ros2/package.ps1'
[4.688s] INFO:colcon.colcon_core.shell:Creating package descriptor '/home/sebas/mbehu_restored_ws/install/ldlidar_sl_ros2/share/ldlidar_sl_ros2/package.dsv'
[4.691s] INFO:colcon.colcon_core.shell:Creating package script '/home/sebas/mbehu_restored_ws/install/ldlidar_sl_ros2/share/ldlidar_sl_ros2/package.sh'
[4.694s] INFO:colcon.colcon_core.shell:Creating package script '/home/sebas/mbehu_restored_ws/install/ldlidar_sl_ros2/share/ldlidar_sl_ros2/package.bash'
[4.696s] INFO:colcon.colcon_core.shell:Creating package script '/home/sebas/mbehu_restored_ws/install/ldlidar_sl_ros2/share/ldlidar_sl_ros2/package.zsh'
[4.699s] Level 1:colcon.colcon_core.environment:create_file_with_runtime_dependencies(/home/sebas/mbehu_restored_ws/install/ldlidar_sl_ros2/share/colcon-core/packages/ldlidar_sl_ros2)
[4.708s] DEBUG:colcon.colcon_core.event_handler.log_command:Invoked command in '/home/sebas/mbehu_restored_ws/build/serial_motor_demo_msgs' returned '0': CMAKE_PREFIX_PATH=${CMAKE_PREFIX_PATH}:/home/sebas/mbehu_restored_ws/install/serial_motor_demo:/home/sebas/mbehu_ws/install/ultrasonico:/home/sebas/mbehu_ws/install/mpu6050_pkg:/home/sebas/mbehu_ws/install/mpu6050:/opt/ros/foxy /usr/bin/cmake --build /home/sebas/mbehu_restored_ws/build/serial_motor_demo_msgs -- -j4 -l4
[4.743s] DEBUG:colcon.colcon_core.event_handler.log_command:Invoking command in '/home/sebas/mbehu_restored_ws/build/diffdrive_arduino': CMAKE_PREFIX_PATH=/home/sebas/mbehu_restored_ws/install/serial:/home/sebas/mbehu_restored_ws/install/serial_motor_demo_msgs:/home/sebas/mbehu_restored_ws/install/diffdrive_arduino:/home/sebas/mbehu_restored_ws/install/mbehu_bot:/home/sebas/mbehu_restored_ws/install/ldlidar_sl_ros2:/home/sebas/mbehu_ws/install/diffdrive_arduino:/home/sebas/mbehu_ws/install/serial:/home/sebas/mbehu_ws/install/mbehu_bot:/home/sebas/mbehu_ws/install/ldlidar_sl_ros2:/home/sebas/mbehu_ws/install/imu_driver:/home/sebas/mbehu_restored_ws/install/serial_motor_demo:/home/sebas/mbehu_ws/install/ultrasonico:/home/sebas/mbehu_ws/install/mpu6050_pkg:/home/sebas/mbehu_ws/install/mpu6050:/opt/ros/foxy /usr/bin/cmake --build /home/sebas/mbehu_restored_ws/build/diffdrive_arduino -- -j4 -l4
[5.520s] DEBUG:colcon.colcon_core.event_handler.log_command:Invoking command in '/home/sebas/mbehu_restored_ws/build/serial_motor_demo_msgs': CMAKE_PREFIX_PATH=${CMAKE_PREFIX_PATH}:/home/sebas/mbehu_restored_ws/install/serial_motor_demo:/home/sebas/mbehu_ws/install/ultrasonico:/home/sebas/mbehu_ws/install/mpu6050_pkg:/home/sebas/mbehu_ws/install/mpu6050:/opt/ros/foxy /usr/bin/cmake --install /home/sebas/mbehu_restored_ws/build/serial_motor_demo_msgs
[6.089s] Level 1:colcon.colcon_core.environment:create_environment_scripts_only(serial_motor_demo_msgs)
[6.107s] Level 1:colcon.colcon_core.environment:checking '/home/sebas/mbehu_restored_ws/install/serial_motor_demo_msgs' for CMake module files
[6.116s] DEBUG:colcon.colcon_core.event_handler.log_command:Invoked command in '/home/sebas/mbehu_restored_ws/build/serial_motor_demo_msgs' returned '0': CMAKE_PREFIX_PATH=${CMAKE_PREFIX_PATH}:/home/sebas/mbehu_restored_ws/install/serial_motor_demo:/home/sebas/mbehu_ws/install/ultrasonico:/home/sebas/mbehu_ws/install/mpu6050_pkg:/home/sebas/mbehu_ws/install/mpu6050:/opt/ros/foxy /usr/bin/cmake --install /home/sebas/mbehu_restored_ws/build/serial_motor_demo_msgs
[6.121s] Level 1:colcon.colcon_core.environment:checking '/home/sebas/mbehu_restored_ws/install/serial_motor_demo_msgs' for CMake config files
[6.128s] Level 1:colcon.colcon_core.shell:create_environment_hook('serial_motor_demo_msgs', 'cmake_prefix_path')
[6.141s] INFO:colcon.colcon_core.shell:Creating environment hook '/home/sebas/mbehu_restored_ws/install/serial_motor_demo_msgs/share/serial_motor_demo_msgs/hook/cmake_prefix_path.ps1'
[6.146s] INFO:colcon.colcon_core.shell:Creating environment descriptor '/home/sebas/mbehu_restored_ws/install/serial_motor_demo_msgs/share/serial_motor_demo_msgs/hook/cmake_prefix_path.dsv'
[6.149s] INFO:colcon.colcon_core.shell:Creating environment hook '/home/sebas/mbehu_restored_ws/install/serial_motor_demo_msgs/share/serial_motor_demo_msgs/hook/cmake_prefix_path.sh'
[6.153s] Level 1:colcon.colcon_core.environment:checking '/home/sebas/mbehu_restored_ws/install/serial_motor_demo_msgs/lib'
[6.153s] Level 1:colcon.colcon_core.shell:create_environment_hook('serial_motor_demo_msgs', 'ld_library_path_lib')
[6.162s] INFO:colcon.colcon_core.shell:Creating environment hook '/home/sebas/mbehu_restored_ws/install/serial_motor_demo_msgs/share/serial_motor_demo_msgs/hook/ld_library_path_lib.ps1'
[6.165s] INFO:colcon.colcon_core.shell:Creating environment descriptor '/home/sebas/mbehu_restored_ws/install/serial_motor_demo_msgs/share/serial_motor_demo_msgs/hook/ld_library_path_lib.dsv'
[6.167s] INFO:colcon.colcon_core.shell:Creating environment hook '/home/sebas/mbehu_restored_ws/install/serial_motor_demo_msgs/share/serial_motor_demo_msgs/hook/ld_library_path_lib.sh'
[6.170s] Level 1:colcon.colcon_core.environment:checking '/home/sebas/mbehu_restored_ws/install/serial_motor_demo_msgs/bin'
[6.170s] Level 1:colcon.colcon_core.environment:checking '/home/sebas/mbehu_restored_ws/install/serial_motor_demo_msgs/lib/pkgconfig/serial_motor_demo_msgs.pc'
[6.172s] Level 1:colcon.colcon_core.environment:checking '/home/sebas/mbehu_restored_ws/install/serial_motor_demo_msgs/lib/python3.8/site-packages'
[6.172s] Level 1:colcon.colcon_core.shell:create_environment_hook('serial_motor_demo_msgs', 'pythonpath')
[6.180s] INFO:colcon.colcon_core.shell:Creating environment hook '/home/sebas/mbehu_restored_ws/install/serial_motor_demo_msgs/share/serial_motor_demo_msgs/hook/pythonpath.ps1'
[6.184s] INFO:colcon.colcon_core.shell:Creating environment descriptor '/home/sebas/mbehu_restored_ws/install/serial_motor_demo_msgs/share/serial_motor_demo_msgs/hook/pythonpath.dsv'
[6.187s] INFO:colcon.colcon_core.shell:Creating environment hook '/home/sebas/mbehu_restored_ws/install/serial_motor_demo_msgs/share/serial_motor_demo_msgs/hook/pythonpath.sh'
[6.190s] Level 1:colcon.colcon_core.environment:checking '/home/sebas/mbehu_restored_ws/install/serial_motor_demo_msgs/bin'
[6.202s] INFO:colcon.colcon_core.shell:Creating package script '/home/sebas/mbehu_restored_ws/install/serial_motor_demo_msgs/share/serial_motor_demo_msgs/package.ps1'
[6.205s] INFO:colcon.colcon_core.shell:Creating package descriptor '/home/sebas/mbehu_restored_ws/install/serial_motor_demo_msgs/share/serial_motor_demo_msgs/package.dsv'
[6.209s] INFO:colcon.colcon_core.shell:Creating package script '/home/sebas/mbehu_restored_ws/install/serial_motor_demo_msgs/share/serial_motor_demo_msgs/package.sh'
[6.215s] INFO:colcon.colcon_core.shell:Creating package script '/home/sebas/mbehu_restored_ws/install/serial_motor_demo_msgs/share/serial_motor_demo_msgs/package.bash'
[6.220s] INFO:colcon.colcon_core.shell:Creating package script '/home/sebas/mbehu_restored_ws/install/serial_motor_demo_msgs/share/serial_motor_demo_msgs/package.zsh'
[6.224s] Level 1:colcon.colcon_core.environment:create_file_with_runtime_dependencies(/home/sebas/mbehu_restored_ws/install/serial_motor_demo_msgs/share/colcon-core/packages/serial_motor_demo_msgs)
[6.907s] Level 1:colcon.colcon_core.environment:create_environment_scripts_only(serial_motor_demo_msgs)
[6.920s] Level 1:colcon.colcon_core.environment:checking '/home/sebas/mbehu_restored_ws/install/serial_motor_demo_msgs' for CMake module files
[6.926s] Level 1:colcon.colcon_core.environment:checking '/home/sebas/mbehu_restored_ws/install/serial_motor_demo_msgs' for CMake config files
[6.933s] Level 1:colcon.colcon_core.shell:create_environment_hook('serial_motor_demo_msgs', 'cmake_prefix_path')
[6.942s] INFO:colcon.colcon_core.shell:Creating environment hook '/home/sebas/mbehu_restored_ws/install/serial_motor_demo_msgs/share/serial_motor_demo_msgs/hook/cmake_prefix_path.ps1'
[6.945s] INFO:colcon.colcon_core.shell:Creating environment descriptor '/home/sebas/mbehu_restored_ws/install/serial_motor_demo_msgs/share/serial_motor_demo_msgs/hook/cmake_prefix_path.dsv'
[6.948s] INFO:colcon.colcon_core.shell:Creating environment hook '/home/sebas/mbehu_restored_ws/install/serial_motor_demo_msgs/share/serial_motor_demo_msgs/hook/cmake_prefix_path.sh'
[6.952s] Level 1:colcon.colcon_core.environment:checking '/home/sebas/mbehu_restored_ws/install/serial_motor_demo_msgs/lib'
[6.953s] Level 1:colcon.colcon_core.shell:create_environment_hook('serial_motor_demo_msgs', 'ld_library_path_lib')
[6.962s] INFO:colcon.colcon_core.shell:Creating environment hook '/home/sebas/mbehu_restored_ws/install/serial_motor_demo_msgs/share/serial_motor_demo_msgs/hook/ld_library_path_lib.ps1'
[6.965s] INFO:colcon.colcon_core.shell:Creating environment descriptor '/home/sebas/mbehu_restored_ws/install/serial_motor_demo_msgs/share/serial_motor_demo_msgs/hook/ld_library_path_lib.dsv'
[6.967s] INFO:colcon.colcon_core.shell:Creating environment hook '/home/sebas/mbehu_restored_ws/install/serial_motor_demo_msgs/share/serial_motor_demo_msgs/hook/ld_library_path_lib.sh'
[6.972s] Level 1:colcon.colcon_core.environment:checking '/home/sebas/mbehu_restored_ws/install/serial_motor_demo_msgs/bin'
[6.972s] Level 1:colcon.colcon_core.environment:checking '/home/sebas/mbehu_restored_ws/install/serial_motor_demo_msgs/lib/pkgconfig/serial_motor_demo_msgs.pc'
[6.974s] Level 1:colcon.colcon_core.environment:checking '/home/sebas/mbehu_restored_ws/install/serial_motor_demo_msgs/lib/python3.8/site-packages'
[6.974s] Level 1:colcon.colcon_core.shell:create_environment_hook('serial_motor_demo_msgs', 'pythonpath')
[6.984s] INFO:colcon.colcon_core.shell:Creating environment hook '/home/sebas/mbehu_restored_ws/install/serial_motor_demo_msgs/share/serial_motor_demo_msgs/hook/pythonpath.ps1'
[6.986s] INFO:colcon.colcon_core.shell:Creating environment descriptor '/home/sebas/mbehu_restored_ws/install/serial_motor_demo_msgs/share/serial_motor_demo_msgs/hook/pythonpath.dsv'
[6.989s] INFO:colcon.colcon_core.shell:Creating environment hook '/home/sebas/mbehu_restored_ws/install/serial_motor_demo_msgs/share/serial_motor_demo_msgs/hook/pythonpath.sh'
[6.994s] Level 1:colcon.colcon_core.environment:checking '/home/sebas/mbehu_restored_ws/install/serial_motor_demo_msgs/bin'
[7.005s] INFO:colcon.colcon_core.shell:Creating package script '/home/sebas/mbehu_restored_ws/install/serial_motor_demo_msgs/share/serial_motor_demo_msgs/package.ps1'
[7.009s] INFO:colcon.colcon_core.shell:Creating package descriptor '/home/sebas/mbehu_restored_ws/install/serial_motor_demo_msgs/share/serial_motor_demo_msgs/package.dsv'
[7.013s] INFO:colcon.colcon_core.shell:Creating package script '/home/sebas/mbehu_restored_ws/install/serial_motor_demo_msgs/share/serial_motor_demo_msgs/package.sh'
[7.017s] INFO:colcon.colcon_core.shell:Creating package script '/home/sebas/mbehu_restored_ws/install/serial_motor_demo_msgs/share/serial_motor_demo_msgs/package.bash'
[7.020s] INFO:colcon.colcon_core.shell:Creating package script '/home/sebas/mbehu_restored_ws/install/serial_motor_demo_msgs/share/serial_motor_demo_msgs/package.zsh'
[7.023s] Level 1:colcon.colcon_core.environment:create_file_with_runtime_dependencies(/home/sebas/mbehu_restored_ws/install/serial_motor_demo_msgs/share/colcon-core/packages/serial_motor_demo_msgs)
[7.027s] INFO:colcon.colcon_ros.task.ament_python.build:Building ROS package in '/home/sebas/mbehu_restored_ws/src/serial_motor_demo/serial_motor_demo' with build type 'ament_python'
[7.028s] Level 1:colcon.colcon_core.shell:create_environment_hook('serial_motor_demo', 'ament_prefix_path')
[7.037s] INFO:colcon.colcon_core.shell:Creating environment hook '/home/sebas/mbehu_restored_ws/install/serial_motor_demo/share/serial_motor_demo/hook/ament_prefix_path.ps1'
[7.044s] INFO:colcon.colcon_core.shell:Creating environment descriptor '/home/sebas/mbehu_restored_ws/install/serial_motor_demo/share/serial_motor_demo/hook/ament_prefix_path.dsv'
[7.047s] INFO:colcon.colcon_core.shell:Creating environment hook '/home/sebas/mbehu_restored_ws/install/serial_motor_demo/share/serial_motor_demo/hook/ament_prefix_path.sh'
[7.058s] INFO:colcon.colcon_core.shell:Skip shell extension 'powershell' for command environment: Not usable outside of PowerShell
[7.059s] DEBUG:colcon.colcon_core.shell:Skip shell extension 'dsv' for command environment
[8.983s] INFO:colcon.colcon_core.task.python.build:Building Python package in '/home/sebas/mbehu_restored_ws/src/serial_motor_demo/serial_motor_demo'
[9.000s] INFO:colcon.colcon_core.shell:Skip shell extension 'powershell' for command environment: Not usable outside of PowerShell
[9.001s] DEBUG:colcon.colcon_core.shell:Skip shell extension 'dsv' for command environment
[11.872s] DEBUG:colcon.colcon_core.event_handler.log_command:Invoking command in '/home/sebas/mbehu_restored_ws/build/serial_motor_demo': PYTHONPATH=/home/sebas/mbehu_restored_ws/build/serial_motor_demo/prefix_override:/home/sebas/mbehu_restored_ws/install/serial_motor_demo/lib/python3.8/site-packages:/home/sebas/mbehu_restored_ws/install/serial_motor_demo_msgs/lib/python3.8/site-packages:/home/sebas/mbehu_restored_ws/build/serial_motor_demo:/home/sebas/mbehu_restored_ws/install/serial_motor_demo/lib/python3.8/site-packages:/home/sebas/mbehu_ws/build/ultrasonico:/home/sebas/mbehu_ws/install/ultrasonico/lib/python3.8/site-packages:/home/sebas/mbehu_ws/build/mpu6050_pkg:/home/sebas/mbehu_ws/install/mpu6050_pkg/lib/python3.8/site-packages:/home/sebas/mbehu_ws/build/mpu6050:/home/sebas/mbehu_ws/install/mpu6050/lib/python3.8/site-packages:/opt/ros/foxy/lib/python3.8/site-packages /usr/bin/python3 setup.py develop --editable --build-directory /home/sebas/mbehu_restored_ws/build/serial_motor_demo/build --no-deps install_data
[15.557s] Level 1:colcon.colcon_core.shell:create_environment_hook('serial_motor_demo', 'pythonpath_develop')
[15.567s] INFO:colcon.colcon_core.shell:Creating environment hook '/home/sebas/mbehu_restored_ws/build/serial_motor_demo/share/serial_motor_demo/hook/pythonpath_develop.ps1'
[15.568s] DEBUG:colcon.colcon_core.event_handler.log_command:Invoked command in '/home/sebas/mbehu_restored_ws/build/serial_motor_demo' returned '0': PYTHONPATH=/home/sebas/mbehu_restored_ws/build/serial_motor_demo/prefix_override:/home/sebas/mbehu_restored_ws/install/serial_motor_demo/lib/python3.8/site-packages:/home/sebas/mbehu_restored_ws/install/serial_motor_demo_msgs/lib/python3.8/site-packages:/home/sebas/mbehu_restored_ws/build/serial_motor_demo:/home/sebas/mbehu_restored_ws/install/serial_motor_demo/lib/python3.8/site-packages:/home/sebas/mbehu_ws/build/ultrasonico:/home/sebas/mbehu_ws/install/ultrasonico/lib/python3.8/site-packages:/home/sebas/mbehu_ws/build/mpu6050_pkg:/home/sebas/mbehu_ws/install/mpu6050_pkg/lib/python3.8/site-packages:/home/sebas/mbehu_ws/build/mpu6050:/home/sebas/mbehu_ws/install/mpu6050/lib/python3.8/site-packages:/opt/ros/foxy/lib/python3.8/site-packages /usr/bin/python3 setup.py develop --editable --build-directory /home/sebas/mbehu_restored_ws/build/serial_motor_demo/build --no-deps install_data
[15.571s] INFO:colcon.colcon_core.shell:Creating environment descriptor '/home/sebas/mbehu_restored_ws/build/serial_motor_demo/share/serial_motor_demo/hook/pythonpath_develop.dsv'
[15.574s] INFO:colcon.colcon_core.shell:Creating environment hook '/home/sebas/mbehu_restored_ws/build/serial_motor_demo/share/serial_motor_demo/hook/pythonpath_develop.sh'
[15.588s] Level 1:colcon.colcon_core.environment:checking '/home/sebas/mbehu_restored_ws/install/serial_motor_demo' for CMake module files
[15.591s] Level 1:colcon.colcon_core.environment:checking '/home/sebas/mbehu_restored_ws/install/serial_motor_demo' for CMake config files
[15.597s] Level 1:colcon.colcon_core.environment:checking '/home/sebas/mbehu_restored_ws/install/serial_motor_demo/lib'
[15.597s] Level 1:colcon.colcon_core.environment:checking '/home/sebas/mbehu_restored_ws/install/serial_motor_demo/bin'
[15.598s] Level 1:colcon.colcon_core.environment:checking '/home/sebas/mbehu_restored_ws/install/serial_motor_demo/lib/pkgconfig/serial_motor_demo.pc'
[15.599s] Level 1:colcon.colcon_core.environment:checking '/home/sebas/mbehu_restored_ws/install/serial_motor_demo/lib/python3.8/site-packages'
[15.600s] Level 1:colcon.colcon_core.shell:create_environment_hook('serial_motor_demo', 'pythonpath')
[15.607s] INFO:colcon.colcon_core.shell:Creating environment hook '/home/sebas/mbehu_restored_ws/install/serial_motor_demo/share/serial_motor_demo/hook/pythonpath.ps1'
[15.610s] INFO:colcon.colcon_core.shell:Creating environment descriptor '/home/sebas/mbehu_restored_ws/install/serial_motor_demo/share/serial_motor_demo/hook/pythonpath.dsv'
[15.612s] INFO:colcon.colcon_core.shell:Creating environment hook '/home/sebas/mbehu_restored_ws/install/serial_motor_demo/share/serial_motor_demo/hook/pythonpath.sh'
[15.616s] Level 1:colcon.colcon_core.environment:checking '/home/sebas/mbehu_restored_ws/install/serial_motor_demo/bin'
[15.616s] Level 1:colcon.colcon_core.environment:create_environment_scripts_only(serial_motor_demo)
[15.625s] INFO:colcon.colcon_core.shell:Creating package script '/home/sebas/mbehu_restored_ws/install/serial_motor_demo/share/serial_motor_demo/package.ps1'
[15.629s] INFO:colcon.colcon_core.shell:Creating package descriptor '/home/sebas/mbehu_restored_ws/install/serial_motor_demo/share/serial_motor_demo/package.dsv'
[15.632s] INFO:colcon.colcon_core.shell:Creating package script '/home/sebas/mbehu_restored_ws/install/serial_motor_demo/share/serial_motor_demo/package.sh'
[15.635s] INFO:colcon.colcon_core.shell:Creating package script '/home/sebas/mbehu_restored_ws/install/serial_motor_demo/share/serial_motor_demo/package.bash'
[15.638s] INFO:colcon.colcon_core.shell:Creating package script '/home/sebas/mbehu_restored_ws/install/serial_motor_demo/share/serial_motor_demo/package.zsh'
[15.640s] Level 1:colcon.colcon_core.environment:create_file_with_runtime_dependencies(/home/sebas/mbehu_restored_ws/install/serial_motor_demo/share/colcon-core/packages/serial_motor_demo)
[21.014s] DEBUG:colcon.colcon_core.event_handler.log_command:Invoked command in '/home/sebas/mbehu_restored_ws/build/diffdrive_arduino' returned '0': CMAKE_PREFIX_PATH=/home/sebas/mbehu_restored_ws/install/serial:/home/sebas/mbehu_restored_ws/install/serial_motor_demo_msgs:/home/sebas/mbehu_restored_ws/install/diffdrive_arduino:/home/sebas/mbehu_restored_ws/install/mbehu_bot:/home/sebas/mbehu_restored_ws/install/ldlidar_sl_ros2:/home/sebas/mbehu_ws/install/diffdrive_arduino:/home/sebas/mbehu_ws/install/serial:/home/sebas/mbehu_ws/install/mbehu_bot:/home/sebas/mbehu_ws/install/ldlidar_sl_ros2:/home/sebas/mbehu_ws/install/imu_driver:/home/sebas/mbehu_restored_ws/install/serial_motor_demo:/home/sebas/mbehu_ws/install/ultrasonico:/home/sebas/mbehu_ws/install/mpu6050_pkg:/home/sebas/mbehu_ws/install/mpu6050:/opt/ros/foxy /usr/bin/cmake --build /home/sebas/mbehu_restored_ws/build/diffdrive_arduino -- -j4 -l4
[21.229s] DEBUG:colcon.colcon_core.event_handler.log_command:Invoking command in '/home/sebas/mbehu_restored_ws/build/diffdrive_arduino': CMAKE_PREFIX_PATH=/home/sebas/mbehu_restored_ws/install/serial:/home/sebas/mbehu_restored_ws/install/serial_motor_demo_msgs:/home/sebas/mbehu_restored_ws/install/diffdrive_arduino:/home/sebas/mbehu_restored_ws/install/mbehu_bot:/home/sebas/mbehu_restored_ws/install/ldlidar_sl_ros2:/home/sebas/mbehu_ws/install/diffdrive_arduino:/home/sebas/mbehu_ws/install/serial:/home/sebas/mbehu_ws/install/mbehu_bot:/home/sebas/mbehu_ws/install/ldlidar_sl_ros2:/home/sebas/mbehu_ws/install/imu_driver:/home/sebas/mbehu_restored_ws/install/serial_motor_demo:/home/sebas/mbehu_ws/install/ultrasonico:/home/sebas/mbehu_ws/install/mpu6050_pkg:/home/sebas/mbehu_ws/install/mpu6050:/opt/ros/foxy /usr/bin/cmake --install /home/sebas/mbehu_restored_ws/build/diffdrive_arduino
[21.382s] Level 1:colcon.colcon_core.environment:create_environment_scripts_only(diffdrive_arduino)
[21.395s] Level 1:colcon.colcon_core.environment:checking '/home/sebas/mbehu_restored_ws/install/diffdrive_arduino' for CMake module files
[21.396s] DEBUG:colcon.colcon_core.event_handler.log_command:Invoked command in '/home/sebas/mbehu_restored_ws/build/diffdrive_arduino' returned '0': CMAKE_PREFIX_PATH=/home/sebas/mbehu_restored_ws/install/serial:/home/sebas/mbehu_restored_ws/install/serial_motor_demo_msgs:/home/sebas/mbehu_restored_ws/install/diffdrive_arduino:/home/sebas/mbehu_restored_ws/install/mbehu_bot:/home/sebas/mbehu_restored_ws/install/ldlidar_sl_ros2:/home/sebas/mbehu_ws/install/diffdrive_arduino:/home/sebas/mbehu_ws/install/serial:/home/sebas/mbehu_ws/install/mbehu_bot:/home/sebas/mbehu_ws/install/ldlidar_sl_ros2:/home/sebas/mbehu_ws/install/imu_driver:/home/sebas/mbehu_restored_ws/install/serial_motor_demo:/home/sebas/mbehu_ws/install/ultrasonico:/home/sebas/mbehu_ws/install/mpu6050_pkg:/home/sebas/mbehu_ws/install/mpu6050:/opt/ros/foxy /usr/bin/cmake --install /home/sebas/mbehu_restored_ws/build/diffdrive_arduino
[21.400s] Level 1:colcon.colcon_core.environment:checking '/home/sebas/mbehu_restored_ws/install/diffdrive_arduino' for CMake config files
[21.402s] Level 1:colcon.colcon_core.shell:create_environment_hook('diffdrive_arduino', 'cmake_prefix_path')
[21.410s] INFO:colcon.colcon_core.shell:Creating environment hook '/home/sebas/mbehu_restored_ws/install/diffdrive_arduino/share/diffdrive_arduino/hook/cmake_prefix_path.ps1'
[21.412s] INFO:colcon.colcon_core.shell:Creating environment descriptor '/home/sebas/mbehu_restored_ws/install/diffdrive_arduino/share/diffdrive_arduino/hook/cmake_prefix_path.dsv'
[21.415s] INFO:colcon.colcon_core.shell:Creating environment hook '/home/sebas/mbehu_restored_ws/install/diffdrive_arduino/share/diffdrive_arduino/hook/cmake_prefix_path.sh'
[21.418s] Level 1:colcon.colcon_core.environment:checking '/home/sebas/mbehu_restored_ws/install/diffdrive_arduino/lib'
[21.419s] Level 1:colcon.colcon_core.shell:create_environment_hook('diffdrive_arduino', 'ld_library_path_lib')
[21.427s] INFO:colcon.colcon_core.shell:Creating environment hook '/home/sebas/mbehu_restored_ws/install/diffdrive_arduino/share/diffdrive_arduino/hook/ld_library_path_lib.ps1'
[21.430s] INFO:colcon.colcon_core.shell:Creating environment descriptor '/home/sebas/mbehu_restored_ws/install/diffdrive_arduino/share/diffdrive_arduino/hook/ld_library_path_lib.dsv'
[21.432s] INFO:colcon.colcon_core.shell:Creating environment hook '/home/sebas/mbehu_restored_ws/install/diffdrive_arduino/share/diffdrive_arduino/hook/ld_library_path_lib.sh'
[21.435s] Level 1:colcon.colcon_core.environment:checking '/home/sebas/mbehu_restored_ws/install/diffdrive_arduino/bin'
[21.435s] Level 1:colcon.colcon_core.environment:checking '/home/sebas/mbehu_restored_ws/install/diffdrive_arduino/lib/pkgconfig/diffdrive_arduino.pc'
[21.436s] Level 1:colcon.colcon_core.environment:checking '/home/sebas/mbehu_restored_ws/install/diffdrive_arduino/lib/python3.8/site-packages'
[21.437s] Level 1:colcon.colcon_core.environment:checking '/home/sebas/mbehu_restored_ws/install/diffdrive_arduino/bin'
[21.446s] INFO:colcon.colcon_core.shell:Creating package script '/home/sebas/mbehu_restored_ws/install/diffdrive_arduino/share/diffdrive_arduino/package.ps1'
[21.449s] INFO:colcon.colcon_core.shell:Creating package descriptor '/home/sebas/mbehu_restored_ws/install/diffdrive_arduino/share/diffdrive_arduino/package.dsv'
[21.452s] INFO:colcon.colcon_core.shell:Creating package script '/home/sebas/mbehu_restored_ws/install/diffdrive_arduino/share/diffdrive_arduino/package.sh'
[21.454s] INFO:colcon.colcon_core.shell:Creating package script '/home/sebas/mbehu_restored_ws/install/diffdrive_arduino/share/diffdrive_arduino/package.bash'
[21.457s] INFO:colcon.colcon_core.shell:Creating package script '/home/sebas/mbehu_restored_ws/install/diffdrive_arduino/share/diffdrive_arduino/package.zsh'
[21.459s] Level 1:colcon.colcon_core.environment:create_file_with_runtime_dependencies(/home/sebas/mbehu_restored_ws/install/diffdrive_arduino/share/colcon-core/packages/diffdrive_arduino)
[21.670s] Level 1:colcon.colcon_core.environment:create_environment_scripts_only(diffdrive_arduino)
[21.683s] Level 1:colcon.colcon_core.environment:checking '/home/sebas/mbehu_restored_ws/install/diffdrive_arduino' for CMake module files
[21.687s] Level 1:colcon.colcon_core.environment:checking '/home/sebas/mbehu_restored_ws/install/diffdrive_arduino' for CMake config files
[21.689s] Level 1:colcon.colcon_core.shell:create_environment_hook('diffdrive_arduino', 'cmake_prefix_path')
[21.696s] INFO:colcon.colcon_core.shell:Creating environment hook '/home/sebas/mbehu_restored_ws/install/diffdrive_arduino/share/diffdrive_arduino/hook/cmake_prefix_path.ps1'
[21.699s] INFO:colcon.colcon_core.shell:Creating environment descriptor '/home/sebas/mbehu_restored_ws/install/diffdrive_arduino/share/diffdrive_arduino/hook/cmake_prefix_path.dsv'
[21.701s] INFO:colcon.colcon_core.shell:Creating environment hook '/home/sebas/mbehu_restored_ws/install/diffdrive_arduino/share/diffdrive_arduino/hook/cmake_prefix_path.sh'
[21.704s] Level 1:colcon.colcon_core.environment:checking '/home/sebas/mbehu_restored_ws/install/diffdrive_arduino/lib'
[21.706s] Level 1:colcon.colcon_core.shell:create_environment_hook('diffdrive_arduino', 'ld_library_path_lib')
[21.713s] INFO:colcon.colcon_core.shell:Creating environment hook '/home/sebas/mbehu_restored_ws/install/diffdrive_arduino/share/diffdrive_arduino/hook/ld_library_path_lib.ps1'
[21.715s] INFO:colcon.colcon_core.shell:Creating environment descriptor '/home/sebas/mbehu_restored_ws/install/diffdrive_arduino/share/diffdrive_arduino/hook/ld_library_path_lib.dsv'
[21.717s] INFO:colcon.colcon_core.shell:Creating environment hook '/home/sebas/mbehu_restored_ws/install/diffdrive_arduino/share/diffdrive_arduino/hook/ld_library_path_lib.sh'
[21.719s] Level 1:colcon.colcon_core.environment:checking '/home/sebas/mbehu_restored_ws/install/diffdrive_arduino/bin'
[21.720s] Level 1:colcon.colcon_core.environment:checking '/home/sebas/mbehu_restored_ws/install/diffdrive_arduino/lib/pkgconfig/diffdrive_arduino.pc'
[21.721s] Level 1:colcon.colcon_core.environment:checking '/home/sebas/mbehu_restored_ws/install/diffdrive_arduino/lib/python3.8/site-packages'
[21.722s] Level 1:colcon.colcon_core.environment:checking '/home/sebas/mbehu_restored_ws/install/diffdrive_arduino/bin'
[21.730s] INFO:colcon.colcon_core.shell:Creating package script '/home/sebas/mbehu_restored_ws/install/diffdrive_arduino/share/diffdrive_arduino/package.ps1'
[21.732s] INFO:colcon.colcon_core.shell:Creating package descriptor '/home/sebas/mbehu_restored_ws/install/diffdrive_arduino/share/diffdrive_arduino/package.dsv'
[21.735s] INFO:colcon.colcon_core.shell:Creating package script '/home/sebas/mbehu_restored_ws/install/diffdrive_arduino/share/diffdrive_arduino/package.sh'
[21.738s] INFO:colcon.colcon_core.shell:Creating package script '/home/sebas/mbehu_restored_ws/install/diffdrive_arduino/share/diffdrive_arduino/package.bash'
[21.740s] INFO:colcon.colcon_core.shell:Creating package script '/home/sebas/mbehu_restored_ws/install/diffdrive_arduino/share/diffdrive_arduino/package.zsh'
[21.743s] Level 1:colcon.colcon_core.environment:create_file_with_runtime_dependencies(/home/sebas/mbehu_restored_ws/install/diffdrive_arduino/share/colcon-core/packages/diffdrive_arduino)
[21.745s] DEBUG:colcon.colcon_parallel_executor.executor.parallel:closing loop
[21.746s] DEBUG:colcon.colcon_parallel_executor.executor.parallel:loop closed
[21.747s] DEBUG:colcon.colcon_parallel_executor.executor.parallel:run_until_complete finished with '0'
[21.748s] DEBUG:colcon.colcon_core.event_reactor:joining thread
[21.784s] INFO:colcon.colcon_core.plugin_system:Skipping extension 'colcon_notification.desktop_notification.terminal_notifier': Not used on non-Darwin systems
[21.785s] INFO:colcon.colcon_core.plugin_system:Skipping extension 'colcon_notification.desktop_notification.win32': Not used on non-Windows systems
[21.785s] INFO:colcon.colcon_notification.desktop_notification:Sending desktop notification using 'notify2'
[21.833s] DEBUG:colcon.colcon_notification.desktop_notification.notify2:Failed to initialize notify2: org.freedesktop.DBus.Error.Spawn.ChildExited: Process org.freedesktop.Notifications exited with status 1
[21.834s] DEBUG:colcon.colcon_core.event_reactor:joined thread
[21.842s] INFO:colcon.colcon_core.shell:Creating prefix script '/home/sebas/mbehu_restored_ws/install/local_setup.ps1'
[21.846s] INFO:colcon.colcon_core.shell:Creating prefix util module '/home/sebas/mbehu_restored_ws/install/_local_setup_util_ps1.py'
[21.852s] INFO:colcon.colcon_core.shell:Creating prefix chain script '/home/sebas/mbehu_restored_ws/install/setup.ps1'
[21.864s] INFO:colcon.colcon_core.shell:Creating prefix script '/home/sebas/mbehu_restored_ws/install/local_setup.sh'
[21.867s] INFO:colcon.colcon_core.shell:Creating prefix util module '/home/sebas/mbehu_restored_ws/install/_local_setup_util_sh.py'
[21.870s] INFO:colcon.colcon_core.shell:Creating prefix chain script '/home/sebas/mbehu_restored_ws/install/setup.sh'
[21.881s] INFO:colcon.colcon_core.shell:Creating prefix script '/home/sebas/mbehu_restored_ws/install/local_setup.bash'
[21.884s] INFO:colcon.colcon_core.shell:Creating prefix chain script '/home/sebas/mbehu_restored_ws/install/setup.bash'
[21.896s] INFO:colcon.colcon_core.shell:Creating prefix script '/home/sebas/mbehu_restored_ws/install/local_setup.zsh'
[21.900s] INFO:colcon.colcon_core.shell:Creating prefix chain script '/home/sebas/mbehu_restored_ws/install/setup.zsh'
