[0.150s] Invoking command in '/home/sebas/mbehu_restored_ws/build/diffdrive_arduino': CMAKE_PREFIX_PATH=/home/sebas/mbehu_restored_ws/install/serial:/home/sebas/mbehu_restored_ws/install/serial_motor_demo_msgs:/home/sebas/mbehu_restored_ws/install/diffdrive_arduino:/home/sebas/mbehu_restored_ws/install/multirobot_map_merge:/home/sebas/mbehu_restored_ws/install/mbehu_bot:/home/sebas/mbehu_restored_ws/install/ldlidar_sl_ros2:/home/sebas/mbehu_restored_ws/install/explore_lite:/home/sebas/mbehu_ws/install/diffdrive_arduino:/home/sebas/mbehu_ws/install/serial:/home/sebas/mbehu_ws/install/mbehu_bot:/home/sebas/mbehu_ws/install/ldlidar_sl_ros2:/home/sebas/mbehu_ws/install/imu_driver:/home/sebas/mbehu_restored_ws/install/serial_motor_demo:/home/sebas/mbehu_ws/install/ultrasonico:/home/sebas/mbehu_ws/install/mpu6050_pkg:/home/sebas/mbehu_ws/install/mpu6050:/opt/ros/foxy /usr/bin/cmake --build /home/sebas/mbehu_restored_ws/build/diffdrive_arduino -- -j4 -l4
[0.767s] [ 42%] Built target fake_robot
[1.039s] [100%] Built target diffdrive_arduino
[1.319s] Invoked command in '/home/sebas/mbehu_restored_ws/build/diffdrive_arduino' returned '0': CMAKE_PREFIX_PATH=/home/sebas/mbehu_restored_ws/install/serial:/home/sebas/mbehu_restored_ws/install/serial_motor_demo_msgs:/home/sebas/mbehu_restored_ws/install/diffdrive_arduino:/home/sebas/mbehu_restored_ws/install/multirobot_map_merge:/home/sebas/mbehu_restored_ws/install/mbehu_bot:/home/sebas/mbehu_restored_ws/install/ldlidar_sl_ros2:/home/sebas/mbehu_restored_ws/install/explore_lite:/home/sebas/mbehu_ws/install/diffdrive_arduino:/home/sebas/mbehu_ws/install/serial:/home/sebas/mbehu_ws/install/mbehu_bot:/home/sebas/mbehu_ws/install/ldlidar_sl_ros2:/home/sebas/mbehu_ws/install/imu_driver:/home/sebas/mbehu_restored_ws/install/serial_motor_demo:/home/sebas/mbehu_ws/install/ultrasonico:/home/sebas/mbehu_ws/install/mpu6050_pkg:/home/sebas/mbehu_ws/install/mpu6050:/opt/ros/foxy /usr/bin/cmake --build /home/sebas/mbehu_restored_ws/build/diffdrive_arduino -- -j4 -l4
[1.683s] Invoking command in '/home/sebas/mbehu_restored_ws/build/diffdrive_arduino': CMAKE_PREFIX_PATH=/home/sebas/mbehu_restored_ws/install/serial:/home/sebas/mbehu_restored_ws/install/serial_motor_demo_msgs:/home/sebas/mbehu_restored_ws/install/diffdrive_arduino:/home/sebas/mbehu_restored_ws/install/multirobot_map_merge:/home/sebas/mbehu_restored_ws/install/mbehu_bot:/home/sebas/mbehu_restored_ws/install/ldlidar_sl_ros2:/home/sebas/mbehu_restored_ws/install/explore_lite:/home/sebas/mbehu_ws/install/diffdrive_arduino:/home/sebas/mbehu_ws/install/serial:/home/sebas/mbehu_ws/install/mbehu_bot:/home/sebas/mbehu_ws/install/ldlidar_sl_ros2:/home/sebas/mbehu_ws/install/imu_driver:/home/sebas/mbehu_restored_ws/install/serial_motor_demo:/home/sebas/mbehu_ws/install/ultrasonico:/home/sebas/mbehu_ws/install/mpu6050_pkg:/home/sebas/mbehu_ws/install/mpu6050:/opt/ros/foxy /usr/bin/cmake --install /home/sebas/mbehu_restored_ws/build/diffdrive_arduino
[1.763s] -- Install configuration: ""
[1.776s] -- Execute custom install script
[1.780s] -- Up-to-date symlink: /home/sebas/mbehu_restored_ws/install/diffdrive_arduino/share/diffdrive_arduino//robot_hardware.xml
[1.782s] -- Up-to-date symlink: /home/sebas/mbehu_restored_ws/install/diffdrive_arduino/share/diffdrive_arduino//fake_robot_hardware.xml
[1.783s] -- Up-to-date symlink: /home/sebas/mbehu_restored_ws/install/diffdrive_arduino/lib/libdiffdrive_arduino.so
[1.784s] -- Up-to-date symlink: /home/sebas/mbehu_restored_ws/install/diffdrive_arduino/lib/libfake_robot.so
[1.785s] -- Up-to-date symlink: /home/sebas/mbehu_restored_ws/install/diffdrive_arduino/share/diffdrive_arduino/controllers/robot_controller_example.yaml
[1.790s] -- Up-to-date symlink: /home/sebas/mbehu_restored_ws/install/diffdrive_arduino/share/diffdrive_arduino/fake_robot.launch.py
[1.790s] -- Up-to-date symlink: /home/sebas/mbehu_restored_ws/install/diffdrive_arduino/share/diffdrive_arduino/test_robot.launch.py
[1.791s] -- Up-to-date symlink: /home/sebas/mbehu_restored_ws/install/diffdrive_arduino/share/diffdrive_arduino/environment/library_path.sh
[1.791s] -- Up-to-date symlink: /home/sebas/mbehu_restored_ws/install/diffdrive_arduino/share/diffdrive_arduino/environment/library_path.dsv
[1.792s] -- Up-to-date symlink: /home/sebas/mbehu_restored_ws/install/diffdrive_arduino/share/ament_index/resource_index/package_run_dependencies/diffdrive_arduino
[1.793s] -- Up-to-date symlink: /home/sebas/mbehu_restored_ws/install/diffdrive_arduino/share/ament_index/resource_index/parent_prefix_path/diffdrive_arduino
[1.793s] -- Up-to-date symlink: /home/sebas/mbehu_restored_ws/install/diffdrive_arduino/share/diffdrive_arduino/environment/ament_prefix_path.sh
[1.794s] -- Up-to-date symlink: /home/sebas/mbehu_restored_ws/install/diffdrive_arduino/share/diffdrive_arduino/environment/ament_prefix_path.dsv
[1.794s] -- Up-to-date symlink: /home/sebas/mbehu_restored_ws/install/diffdrive_arduino/share/diffdrive_arduino/environment/path.sh
[1.795s] -- Up-to-date symlink: /home/sebas/mbehu_restored_ws/install/diffdrive_arduino/share/diffdrive_arduino/environment/path.dsv
[1.795s] -- Up-to-date symlink: /home/sebas/mbehu_restored_ws/install/diffdrive_arduino/share/diffdrive_arduino/local_setup.bash
[1.796s] -- Up-to-date symlink: /home/sebas/mbehu_restored_ws/install/diffdrive_arduino/share/diffdrive_arduino/local_setup.sh
[1.796s] -- Up-to-date symlink: /home/sebas/mbehu_restored_ws/install/diffdrive_arduino/share/diffdrive_arduino/local_setup.zsh
[1.797s] -- Up-to-date symlink: /home/sebas/mbehu_restored_ws/install/diffdrive_arduino/share/diffdrive_arduino/local_setup.dsv
[1.797s] -- Symlinking: /home/sebas/mbehu_restored_ws/install/diffdrive_arduino/share/diffdrive_arduino/package.dsv
[1.841s] -- Up-to-date symlink: /home/sebas/mbehu_restored_ws/install/diffdrive_arduino/share/ament_index/resource_index/packages/diffdrive_arduino
[1.844s] -- Up-to-date symlink: /home/sebas/mbehu_restored_ws/install/diffdrive_arduino/share/ament_index/resource_index/hardware_interface__pluginlib__plugin/diffdrive_arduino
[1.854s] -- Up-to-date symlink: /home/sebas/mbehu_restored_ws/install/diffdrive_arduino/share/diffdrive_arduino/cmake/ament_cmake_export_libraries-extras.cmake
[1.856s] -- Up-to-date symlink: /home/sebas/mbehu_restored_ws/install/diffdrive_arduino/share/diffdrive_arduino/cmake/ament_cmake_export_dependencies-extras.cmake
[1.856s] -- Up-to-date symlink: /home/sebas/mbehu_restored_ws/install/diffdrive_arduino/share/diffdrive_arduino/cmake/diffdrive_arduinoConfig.cmake
[1.857s] -- Up-to-date symlink: /home/sebas/mbehu_restored_ws/install/diffdrive_arduino/share/diffdrive_arduino/cmake/diffdrive_arduinoConfig-version.cmake
[1.858s] -- Up-to-date symlink: /home/sebas/mbehu_restored_ws/install/diffdrive_arduino/share/diffdrive_arduino/package.xml
[1.931s] Invoked command in '/home/sebas/mbehu_restored_ws/build/diffdrive_arduino' returned '0': CMAKE_PREFIX_PATH=/home/sebas/mbehu_restored_ws/install/serial:/home/sebas/mbehu_restored_ws/install/serial_motor_demo_msgs:/home/sebas/mbehu_restored_ws/install/diffdrive_arduino:/home/sebas/mbehu_restored_ws/install/multirobot_map_merge:/home/sebas/mbehu_restored_ws/install/mbehu_bot:/home/sebas/mbehu_restored_ws/install/ldlidar_sl_ros2:/home/sebas/mbehu_restored_ws/install/explore_lite:/home/sebas/mbehu_ws/install/diffdrive_arduino:/home/sebas/mbehu_ws/install/serial:/home/sebas/mbehu_ws/install/mbehu_bot:/home/sebas/mbehu_ws/install/ldlidar_sl_ros2:/home/sebas/mbehu_ws/install/imu_driver:/home/sebas/mbehu_restored_ws/install/serial_motor_demo:/home/sebas/mbehu_ws/install/ultrasonico:/home/sebas/mbehu_ws/install/mpu6050_pkg:/home/sebas/mbehu_ws/install/mpu6050:/opt/ros/foxy /usr/bin/cmake --install /home/sebas/mbehu_restored_ws/build/diffdrive_arduino
