running develop
running egg_info
writing ../../../build/serial_motor_demo/serial_motor_demo.egg-info/PKG-INFO
writing dependency_links to ../../../build/serial_motor_demo/serial_motor_demo.egg-info/dependency_links.txt
writing entry points to ../../../build/serial_motor_demo/serial_motor_demo.egg-info/entry_points.txt
writing requirements to ../../../build/serial_motor_demo/serial_motor_demo.egg-info/requires.txt
writing top-level names to ../../../build/serial_motor_demo/serial_motor_demo.egg-info/top_level.txt
reading manifest file '../../../build/serial_motor_demo/serial_motor_demo.egg-info/SOURCES.txt'
writing manifest file '../../../build/serial_motor_demo/serial_motor_demo.egg-info/SOURCES.txt'
running build
running build_py
running install
running install_lib
running install_data
running install_egg_info
removing '/home/sebas/mbehu_restored_ws/install/serial_motor_demo/lib/python3.8/site-packages/serial_motor_demo-0.0.0-py3.8.egg-info' (and everything under it)
Copying ../../../build/serial_motor_demo/serial_motor_demo.egg-info to /home/sebas/mbehu_restored_ws/install/serial_motor_demo/lib/python3.8/site-packages/serial_motor_demo-0.0.0-py3.8.egg-info
running install_scripts
Installing driver script to /home/sebas/mbehu_restored_ws/install/serial_motor_demo/lib/serial_motor_demo
Installing gui script to /home/sebas/mbehu_restored_ws/install/serial_motor_demo/lib/serial_motor_demo
writing list of installed files to '/home/sebas/mbehu_restored_ws/build/serial_motor_demo/install.log'
