[0.223s] Invoking command in '/home/sebas/mbehu_restored_ws/build/serial_motor_demo_msgs': CMAKE_PREFIX_PATH=${CMAKE_PREFIX_PATH}:/home/sebas/mbehu_restored_ws/install/serial_motor_demo:/home/sebas/mbehu_ws/install/ultrasonico:/home/sebas/mbehu_ws/install/mpu6050_pkg:/home/sebas/mbehu_ws/install/mpu6050:/opt/ros/foxy /usr/bin/cmake --build /home/sebas/mbehu_restored_ws/build/serial_motor_demo_msgs -- -j4 -l4
[0.654s] [  2%] Built target serial_motor_demo_msgs__cpp
[0.853s] [ 12%] Built target serial_motor_demo_msgs__rosidl_generator_c
[1.027s] [ 23%] Built target serial_motor_demo_msgs__rosidl_typesupport_introspection_cpp
[1.203s] [ 34%] Built target serial_motor_demo_msgs__rosidl_typesupport_introspection_c
[1.356s] [ 44%] Built target serial_motor_demo_msgs__rosidl_typesupport_c
[1.589s] [ 55%] Built target serial_motor_demo_msgs__rosidl_typesupport_fastrtps_cpp
[1.781s] [ 65%] Built target serial_motor_demo_msgs__rosidl_typesupport_cpp
[2.092s] [ 76%] Built target serial_motor_demo_msgs__rosidl_typesupport_fastrtps_c
[2.260s] [ 76%] Built target serial_motor_demo_msgs
[2.415s] [ 78%] Built target serial_motor_demo_msgs__py
[2.632s] [ 87%] Built target serial_motor_demo_msgs__python
[2.890s] [ 91%] Built target serial_motor_demo_msgs__rosidl_typesupport_introspection_c__pyext
[3.094s] [ 95%] Built target serial_motor_demo_msgs__rosidl_typesupport_c__pyext
[3.319s] [100%] Built target serial_motor_demo_msgs__rosidl_typesupport_fastrtps_c__pyext
[3.392s] Invoked command in '/home/sebas/mbehu_restored_ws/build/serial_motor_demo_msgs' returned '0': CMAKE_PREFIX_PATH=${CMAKE_PREFIX_PATH}:/home/sebas/mbehu_restored_ws/install/serial_motor_demo:/home/sebas/mbehu_ws/install/ultrasonico:/home/sebas/mbehu_ws/install/mpu6050_pkg:/home/sebas/mbehu_ws/install/mpu6050:/opt/ros/foxy /usr/bin/cmake --build /home/sebas/mbehu_restored_ws/build/serial_motor_demo_msgs -- -j4 -l4
[4.366s] Invoking command in '/home/sebas/mbehu_restored_ws/build/serial_motor_demo_msgs': CMAKE_PREFIX_PATH=${CMAKE_PREFIX_PATH}:/home/sebas/mbehu_restored_ws/install/serial_motor_demo:/home/sebas/mbehu_ws/install/ultrasonico:/home/sebas/mbehu_ws/install/mpu6050_pkg:/home/sebas/mbehu_ws/install/mpu6050:/opt/ros/foxy /usr/bin/cmake --install /home/sebas/mbehu_restored_ws/build/serial_motor_demo_msgs
[4.415s] -- Install configuration: ""
[4.418s] -- Execute custom install script
[4.420s] -- Up-to-date symlink: /home/sebas/mbehu_restored_ws/install/serial_motor_demo_msgs/share/ament_index/resource_index/rosidl_interfaces/serial_motor_demo_msgs
[4.422s] -- Up-to-date symlink: /home/sebas/mbehu_restored_ws/install/serial_motor_demo_msgs/include/serial_motor_demo_msgs/msg/detail/encoder_vals__functions.h
[4.424s] -- Up-to-date symlink: /home/sebas/mbehu_restored_ws/install/serial_motor_demo_msgs/include/serial_motor_demo_msgs/msg/detail/encoder_vals__struct.h
[4.425s] -- Up-to-date symlink: /home/sebas/mbehu_restored_ws/install/serial_motor_demo_msgs/include/serial_motor_demo_msgs/msg/detail/encoder_vals__type_support.h
[4.426s] -- Up-to-date symlink: /home/sebas/mbehu_restored_ws/install/serial_motor_demo_msgs/include/serial_motor_demo_msgs/msg/detail/motor_command__functions.h
[4.428s] -- Up-to-date symlink: /home/sebas/mbehu_restored_ws/install/serial_motor_demo_msgs/include/serial_motor_demo_msgs/msg/detail/motor_command__struct.h
[4.434s] -- Up-to-date symlink: /home/sebas/mbehu_restored_ws/install/serial_motor_demo_msgs/include/serial_motor_demo_msgs/msg/detail/motor_command__type_support.h
[4.437s] -- Up-to-date symlink: /home/sebas/mbehu_restored_ws/install/serial_motor_demo_msgs/include/serial_motor_demo_msgs/msg/detail/motor_vels__functions.h
[4.437s] -- Up-to-date symlink: /home/sebas/mbehu_restored_ws/install/serial_motor_demo_msgs/include/serial_motor_demo_msgs/msg/detail/motor_vels__struct.h
[4.441s] -- Up-to-date symlink: /home/sebas/mbehu_restored_ws/install/serial_motor_demo_msgs/include/serial_motor_demo_msgs/msg/detail/motor_vels__type_support.h
[4.442s] -- Up-to-date symlink: /home/sebas/mbehu_restored_ws/install/serial_motor_demo_msgs/include/serial_motor_demo_msgs/msg/encoder_vals.h
[4.443s] -- Up-to-date symlink: /home/sebas/mbehu_restored_ws/install/serial_motor_demo_msgs/include/serial_motor_demo_msgs/msg/motor_command.h
[4.444s] -- Up-to-date symlink: /home/sebas/mbehu_restored_ws/install/serial_motor_demo_msgs/include/serial_motor_demo_msgs/msg/motor_vels.h
[4.446s] -- Up-to-date symlink: /home/sebas/mbehu_restored_ws/install/serial_motor_demo_msgs/include/serial_motor_demo_msgs/msg/rosidl_generator_c__visibility_control.h
[4.447s] -- Up-to-date symlink: /home/sebas/mbehu_restored_ws/install/serial_motor_demo_msgs/share/serial_motor_demo_msgs/environment/library_path.sh
[4.448s] -- Up-to-date symlink: /home/sebas/mbehu_restored_ws/install/serial_motor_demo_msgs/share/serial_motor_demo_msgs/environment/library_path.dsv
[4.451s] -- Up-to-date symlink: /home/sebas/mbehu_restored_ws/install/serial_motor_demo_msgs/include/serial_motor_demo_msgs/msg/detail/encoder_vals__rosidl_typesupport_fastrtps_c.h
[4.454s] -- Up-to-date symlink: /home/sebas/mbehu_restored_ws/install/serial_motor_demo_msgs/include/serial_motor_demo_msgs/msg/detail/motor_command__rosidl_typesupport_fastrtps_c.h
[4.455s] -- Up-to-date symlink: /home/sebas/mbehu_restored_ws/install/serial_motor_demo_msgs/include/serial_motor_demo_msgs/msg/detail/motor_vels__rosidl_typesupport_fastrtps_c.h
[4.456s] -- Up-to-date symlink: /home/sebas/mbehu_restored_ws/install/serial_motor_demo_msgs/include/serial_motor_demo_msgs/msg/rosidl_typesupport_fastrtps_c__visibility_control.h
[4.461s] -- Up-to-date symlink: /home/sebas/mbehu_restored_ws/install/serial_motor_demo_msgs/lib/libserial_motor_demo_msgs__rosidl_typesupport_fastrtps_c.so
[4.466s] -- Up-to-date symlink: /home/sebas/mbehu_restored_ws/install/serial_motor_demo_msgs/include/serial_motor_demo_msgs/msg/detail/encoder_vals__rosidl_typesupport_fastrtps_cpp.hpp
[4.469s] -- Up-to-date symlink: /home/sebas/mbehu_restored_ws/install/serial_motor_demo_msgs/include/serial_motor_demo_msgs/msg/detail/motor_command__rosidl_typesupport_fastrtps_cpp.hpp
[4.471s] -- Up-to-date symlink: /home/sebas/mbehu_restored_ws/install/serial_motor_demo_msgs/include/serial_motor_demo_msgs/msg/detail/motor_vels__rosidl_typesupport_fastrtps_cpp.hpp
[4.473s] -- Up-to-date symlink: /home/sebas/mbehu_restored_ws/install/serial_motor_demo_msgs/include/serial_motor_demo_msgs/msg/rosidl_typesupport_fastrtps_cpp__visibility_control.h
[4.475s] -- Up-to-date symlink: /home/sebas/mbehu_restored_ws/install/serial_motor_demo_msgs/lib/libserial_motor_demo_msgs__rosidl_typesupport_fastrtps_cpp.so
[4.477s] -- Up-to-date symlink: /home/sebas/mbehu_restored_ws/install/serial_motor_demo_msgs/include/serial_motor_demo_msgs/msg/detail/encoder_vals__rosidl_typesupport_introspection_c.h
[4.478s] -- Up-to-date symlink: /home/sebas/mbehu_restored_ws/install/serial_motor_demo_msgs/include/serial_motor_demo_msgs/msg/detail/motor_command__rosidl_typesupport_introspection_c.h
[4.480s] -- Up-to-date symlink: /home/sebas/mbehu_restored_ws/install/serial_motor_demo_msgs/include/serial_motor_demo_msgs/msg/detail/motor_vels__rosidl_typesupport_introspection_c.h
[4.482s] -- Up-to-date symlink: /home/sebas/mbehu_restored_ws/install/serial_motor_demo_msgs/include/serial_motor_demo_msgs/msg/rosidl_typesupport_introspection_c__visibility_control.h
[4.486s] -- Up-to-date symlink: /home/sebas/mbehu_restored_ws/install/serial_motor_demo_msgs/include/serial_motor_demo_msgs/msg/detail/encoder_vals__builder.hpp
[4.489s] -- Up-to-date symlink: /home/sebas/mbehu_restored_ws/install/serial_motor_demo_msgs/include/serial_motor_demo_msgs/msg/detail/encoder_vals__struct.hpp
[4.491s] -- Up-to-date symlink: /home/sebas/mbehu_restored_ws/install/serial_motor_demo_msgs/include/serial_motor_demo_msgs/msg/detail/encoder_vals__traits.hpp
[4.492s] -- Up-to-date symlink: /home/sebas/mbehu_restored_ws/install/serial_motor_demo_msgs/include/serial_motor_demo_msgs/msg/detail/motor_command__builder.hpp
[4.492s] -- Up-to-date symlink: /home/sebas/mbehu_restored_ws/install/serial_motor_demo_msgs/include/serial_motor_demo_msgs/msg/detail/motor_command__struct.hpp
[4.493s] -- Up-to-date symlink: /home/sebas/mbehu_restored_ws/install/serial_motor_demo_msgs/include/serial_motor_demo_msgs/msg/detail/motor_command__traits.hpp
[4.494s] -- Up-to-date symlink: /home/sebas/mbehu_restored_ws/install/serial_motor_demo_msgs/include/serial_motor_demo_msgs/msg/detail/motor_vels__builder.hpp
[4.495s] -- Up-to-date symlink: /home/sebas/mbehu_restored_ws/install/serial_motor_demo_msgs/include/serial_motor_demo_msgs/msg/detail/motor_vels__struct.hpp
[4.498s] -- Up-to-date symlink: /home/sebas/mbehu_restored_ws/install/serial_motor_demo_msgs/include/serial_motor_demo_msgs/msg/detail/motor_vels__traits.hpp
[4.500s] -- Up-to-date symlink: /home/sebas/mbehu_restored_ws/install/serial_motor_demo_msgs/include/serial_motor_demo_msgs/msg/encoder_vals.hpp
[4.501s] -- Up-to-date symlink: /home/sebas/mbehu_restored_ws/install/serial_motor_demo_msgs/include/serial_motor_demo_msgs/msg/motor_command.hpp
[4.504s] -- Up-to-date symlink: /home/sebas/mbehu_restored_ws/install/serial_motor_demo_msgs/include/serial_motor_demo_msgs/msg/motor_vels.hpp
[4.507s] -- Up-to-date symlink: /home/sebas/mbehu_restored_ws/install/serial_motor_demo_msgs/include/serial_motor_demo_msgs/msg/detail/encoder_vals__rosidl_typesupport_introspection_cpp.hpp
[4.511s] -- Up-to-date symlink: /home/sebas/mbehu_restored_ws/install/serial_motor_demo_msgs/include/serial_motor_demo_msgs/msg/detail/motor_command__rosidl_typesupport_introspection_cpp.hpp
[4.513s] -- Up-to-date symlink: /home/sebas/mbehu_restored_ws/install/serial_motor_demo_msgs/include/serial_motor_demo_msgs/msg/detail/motor_vels__rosidl_typesupport_introspection_cpp.hpp
[4.516s] -- Up-to-date symlink: /home/sebas/mbehu_restored_ws/install/serial_motor_demo_msgs/share/serial_motor_demo_msgs/environment/pythonpath.sh
[4.518s] -- Up-to-date symlink: /home/sebas/mbehu_restored_ws/install/serial_motor_demo_msgs/share/serial_motor_demo_msgs/environment/pythonpath.dsv
[4.526s] -- Up-to-date symlink: /home/sebas/mbehu_restored_ws/install/serial_motor_demo_msgs/lib/python3.8/site-packages/serial_motor_demo_msgs/__init__.py
[4.539s] -- Up-to-date symlink: /home/sebas/mbehu_restored_ws/install/serial_motor_demo_msgs/lib/python3.8/site-packages/serial_motor_demo_msgs/msg/__init__.py
[4.542s] -- Up-to-date symlink: /home/sebas/mbehu_restored_ws/install/serial_motor_demo_msgs/lib/python3.8/site-packages/serial_motor_demo_msgs/msg/_encoder_vals.py
[4.545s] -- Up-to-date symlink: /home/sebas/mbehu_restored_ws/install/serial_motor_demo_msgs/lib/python3.8/site-packages/serial_motor_demo_msgs/msg/_motor_command.py
[4.547s] -- Up-to-date symlink: /home/sebas/mbehu_restored_ws/install/serial_motor_demo_msgs/lib/python3.8/site-packages/serial_motor_demo_msgs/msg/_motor_vels.py
[4.549s] -- Up-to-date symlink: /home/sebas/mbehu_restored_ws/install/serial_motor_demo_msgs/lib/python3.8/site-packages/serial_motor_demo_msgs/serial_motor_demo_msgs_s__rosidl_typesupport_fastrtps_c.cpython-38-aarch64-linux-gnu.so
[4.558s] -- Up-to-date symlink: /home/sebas/mbehu_restored_ws/install/serial_motor_demo_msgs/lib/python3.8/site-packages/serial_motor_demo_msgs/serial_motor_demo_msgs_s__rosidl_typesupport_introspection_c.cpython-38-aarch64-linux-gnu.so
[4.560s] -- Up-to-date symlink: /home/sebas/mbehu_restored_ws/install/serial_motor_demo_msgs/lib/python3.8/site-packages/serial_motor_demo_msgs/serial_motor_demo_msgs_s__rosidl_typesupport_c.cpython-38-aarch64-linux-gnu.so
[4.562s] -- Up-to-date symlink: /home/sebas/mbehu_restored_ws/install/serial_motor_demo_msgs/lib/libserial_motor_demo_msgs__python.so
[4.563s] -- Up-to-date symlink: /home/sebas/mbehu_restored_ws/install/serial_motor_demo_msgs/share/serial_motor_demo_msgs/msg/MotorCommand.idl
[4.565s] -- Up-to-date symlink: /home/sebas/mbehu_restored_ws/install/serial_motor_demo_msgs/share/serial_motor_demo_msgs/msg/MotorVels.idl
[4.566s] -- Up-to-date symlink: /home/sebas/mbehu_restored_ws/install/serial_motor_demo_msgs/share/serial_motor_demo_msgs/msg/EncoderVals.idl
[4.567s] -- Up-to-date symlink: /home/sebas/mbehu_restored_ws/install/serial_motor_demo_msgs/share/serial_motor_demo_msgs/msg/MotorCommand.msg
[4.569s] -- Up-to-date symlink: /home/sebas/mbehu_restored_ws/install/serial_motor_demo_msgs/share/serial_motor_demo_msgs/msg/MotorVels.msg
[4.571s] -- Up-to-date symlink: /home/sebas/mbehu_restored_ws/install/serial_motor_demo_msgs/share/serial_motor_demo_msgs/msg/EncoderVals.msg
[4.573s] -- Up-to-date symlink: /home/sebas/mbehu_restored_ws/install/serial_motor_demo_msgs/share/ament_index/resource_index/package_run_dependencies/serial_motor_demo_msgs
[4.574s] -- Up-to-date symlink: /home/sebas/mbehu_restored_ws/install/serial_motor_demo_msgs/share/ament_index/resource_index/parent_prefix_path/serial_motor_demo_msgs
[4.576s] -- Up-to-date symlink: /home/sebas/mbehu_restored_ws/install/serial_motor_demo_msgs/share/serial_motor_demo_msgs/environment/ament_prefix_path.sh
[4.578s] -- Up-to-date symlink: /home/sebas/mbehu_restored_ws/install/serial_motor_demo_msgs/share/serial_motor_demo_msgs/environment/ament_prefix_path.dsv
[4.579s] -- Up-to-date symlink: /home/sebas/mbehu_restored_ws/install/serial_motor_demo_msgs/share/serial_motor_demo_msgs/environment/path.sh
[4.581s] -- Up-to-date symlink: /home/sebas/mbehu_restored_ws/install/serial_motor_demo_msgs/share/serial_motor_demo_msgs/environment/path.dsv
[4.583s] -- Up-to-date symlink: /home/sebas/mbehu_restored_ws/install/serial_motor_demo_msgs/share/serial_motor_demo_msgs/local_setup.bash
[4.585s] -- Up-to-date symlink: /home/sebas/mbehu_restored_ws/install/serial_motor_demo_msgs/share/serial_motor_demo_msgs/local_setup.sh
[4.586s] -- Up-to-date symlink: /home/sebas/mbehu_restored_ws/install/serial_motor_demo_msgs/share/serial_motor_demo_msgs/local_setup.zsh
[4.588s] -- Up-to-date symlink: /home/sebas/mbehu_restored_ws/install/serial_motor_demo_msgs/share/serial_motor_demo_msgs/local_setup.dsv
[4.590s] -- Symlinking: /home/sebas/mbehu_restored_ws/install/serial_motor_demo_msgs/share/serial_motor_demo_msgs/package.dsv
[4.672s] -- Up-to-date symlink: /home/sebas/mbehu_restored_ws/install/serial_motor_demo_msgs/share/ament_index/resource_index/packages/serial_motor_demo_msgs
[4.673s] -- Up-to-date symlink: /home/sebas/mbehu_restored_ws/install/serial_motor_demo_msgs/share/serial_motor_demo_msgs/cmake/rosidl_cmake-extras.cmake
[4.674s] -- Up-to-date symlink: /home/sebas/mbehu_restored_ws/install/serial_motor_demo_msgs/share/serial_motor_demo_msgs/cmake/ament_cmake_export_dependencies-extras.cmake
[4.676s] -- Up-to-date symlink: /home/sebas/mbehu_restored_ws/install/serial_motor_demo_msgs/share/serial_motor_demo_msgs/cmake/ament_cmake_export_libraries-extras.cmake
[4.677s] -- Up-to-date symlink: /home/sebas/mbehu_restored_ws/install/serial_motor_demo_msgs/share/serial_motor_demo_msgs/cmake/ament_cmake_export_targets-extras.cmake
[4.703s] -- Up-to-date symlink: /home/sebas/mbehu_restored_ws/install/serial_motor_demo_msgs/share/serial_motor_demo_msgs/cmake/ament_cmake_export_include_directories-extras.cmake
[4.721s] -- Up-to-date symlink: /home/sebas/mbehu_restored_ws/install/serial_motor_demo_msgs/share/serial_motor_demo_msgs/cmake/rosidl_cmake_export_typesupport_libraries-extras.cmake
[4.733s] -- Up-to-date symlink: /home/sebas/mbehu_restored_ws/install/serial_motor_demo_msgs/share/serial_motor_demo_msgs/cmake/rosidl_cmake_export_typesupport_targets-extras.cmake
[4.734s] -- Up-to-date symlink: /home/sebas/mbehu_restored_ws/install/serial_motor_demo_msgs/share/serial_motor_demo_msgs/cmake/serial_motor_demo_msgsConfig.cmake
[4.735s] -- Up-to-date symlink: /home/sebas/mbehu_restored_ws/install/serial_motor_demo_msgs/share/serial_motor_demo_msgs/cmake/serial_motor_demo_msgsConfig-version.cmake
[4.736s] -- Up-to-date symlink: /home/sebas/mbehu_restored_ws/install/serial_motor_demo_msgs/share/serial_motor_demo_msgs/package.xml
[4.763s] -- Up-to-date: /home/sebas/mbehu_restored_ws/install/serial_motor_demo_msgs/lib/libserial_motor_demo_msgs__rosidl_generator_c.so
[4.769s] -- Up-to-date: /home/sebas/mbehu_restored_ws/install/serial_motor_demo_msgs/lib/libserial_motor_demo_msgs__rosidl_typesupport_introspection_c.so
[4.771s] -- Up-to-date: /home/sebas/mbehu_restored_ws/install/serial_motor_demo_msgs/lib/libserial_motor_demo_msgs__rosidl_typesupport_c.so
[4.772s] -- Up-to-date: /home/sebas/mbehu_restored_ws/install/serial_motor_demo_msgs/lib/libserial_motor_demo_msgs__rosidl_typesupport_introspection_cpp.so
[4.775s] -- Up-to-date: /home/sebas/mbehu_restored_ws/install/serial_motor_demo_msgs/lib/libserial_motor_demo_msgs__rosidl_typesupport_cpp.so
[4.989s] -- Up-to-date: /home/sebas/mbehu_restored_ws/install/serial_motor_demo_msgs/share/serial_motor_demo_msgs/cmake/serial_motor_demo_msgs__rosidl_generator_cExport.cmake
[4.990s] -- Up-to-date: /home/sebas/mbehu_restored_ws/install/serial_motor_demo_msgs/share/serial_motor_demo_msgs/cmake/serial_motor_demo_msgs__rosidl_generator_cExport-noconfig.cmake
[4.991s] -- Up-to-date: /home/sebas/mbehu_restored_ws/install/serial_motor_demo_msgs/share/serial_motor_demo_msgs/cmake/serial_motor_demo_msgs__rosidl_typesupport_introspection_cExport.cmake
[4.992s] -- Up-to-date: /home/sebas/mbehu_restored_ws/install/serial_motor_demo_msgs/share/serial_motor_demo_msgs/cmake/serial_motor_demo_msgs__rosidl_typesupport_introspection_cExport-noconfig.cmake
[4.995s] -- Up-to-date: /home/sebas/mbehu_restored_ws/install/serial_motor_demo_msgs/share/serial_motor_demo_msgs/cmake/serial_motor_demo_msgs__rosidl_typesupport_cExport.cmake
[4.996s] -- Up-to-date: /home/sebas/mbehu_restored_ws/install/serial_motor_demo_msgs/share/serial_motor_demo_msgs/cmake/serial_motor_demo_msgs__rosidl_typesupport_cExport-noconfig.cmake
[4.997s] -- Up-to-date: /home/sebas/mbehu_restored_ws/install/serial_motor_demo_msgs/share/serial_motor_demo_msgs/cmake/serial_motor_demo_msgs__rosidl_generator_cppExport.cmake
[4.999s] -- Up-to-date: /home/sebas/mbehu_restored_ws/install/serial_motor_demo_msgs/share/serial_motor_demo_msgs/cmake/serial_motor_demo_msgs__rosidl_typesupport_introspection_cppExport.cmake
[5.000s] -- Up-to-date: /home/sebas/mbehu_restored_ws/install/serial_motor_demo_msgs/share/serial_motor_demo_msgs/cmake/serial_motor_demo_msgs__rosidl_typesupport_introspection_cppExport-noconfig.cmake
[5.011s] -- Up-to-date: /home/sebas/mbehu_restored_ws/install/serial_motor_demo_msgs/share/serial_motor_demo_msgs/cmake/serial_motor_demo_msgs__rosidl_typesupport_cppExport.cmake
[5.019s] -- Up-to-date: /home/sebas/mbehu_restored_ws/install/serial_motor_demo_msgs/share/serial_motor_demo_msgs/cmake/serial_motor_demo_msgs__rosidl_typesupport_cppExport-noconfig.cmake
[5.031s] Invoked command in '/home/sebas/mbehu_restored_ws/build/serial_motor_demo_msgs' returned '0': CMAKE_PREFIX_PATH=${CMAKE_PREFIX_PATH}:/home/sebas/mbehu_restored_ws/install/serial_motor_demo:/home/sebas/mbehu_ws/install/ultrasonico:/home/sebas/mbehu_ws/install/mpu6050_pkg:/home/sebas/mbehu_ws/install/mpu6050:/opt/ros/foxy /usr/bin/cmake --install /home/sebas/mbehu_restored_ws/build/serial_motor_demo_msgs
